[INFO] 2018-03-30 16:52:18,238 ExtentManager setUp - Running Mobile banking API Automation testing on mPAY 4.0

[INFO] 2018-03-30 16:52:18,379 ExtentManager sendReqAppLogin - ******************************START******************************
[INFO] 2018-03-30 16:52:18,380 ExtentManager sendReqAppLogin - Request : App Login
[INFO] 2018-03-30 16:52:18,994 ExtentManager sendReqAppLogin - Hmaced Request : aae1d7024174cfd26ca1ec0fd101b0eea1e49272a0b324cd28835533ae62d1c6*!9894060407APGC;BVD:4.0.9%23ANDROID7.1.1%23H1920W1080%23LENOVO+Lenovo+K8+Plus%2310.175.117.48%2312.8354858%2C80.2235916%3B463795;123457;4.0;0;85795738890840818473892492419230297405
[INFO] 2018-03-30 16:52:19,973 ExtentManager sendReqAppLogin - Response received from Server : GC00;N; ; ;N; ; ;Y;7ffffffffffff0ef;ffffffffffffffff;ffffffffffffffff;N;N;N;0508;http://www.freshersopenings.in/wp-content/uploads/2013/08/fss-logo.jpg;BID:C463795
[INFO] 2018-03-30 16:52:19,975 ExtentManager sendReqAppLogin - ******************************END********************************

[INFO] 2018-03-30 16:52:19,985 ExtentManager sendReq - ******************************START******************************
[INFO] 2018-03-30 16:52:19,985 ExtentManager sendReq - Request : Balance Enquiry
[INFO] 2018-03-30 16:52:19,986 ExtentManager sendReq - Hmaced Request : f6666df2ea7886a54162e3ef8e4f730f16e48666a8495511bd32dba57e08bda3*!9894060407APBE;Y;15316170605690416310253121025515855714;463795;123457;4.0;2478623864983269;142775599648893445592415983488519813184
[INFO] 2018-03-30 16:52:21,483 ExtentManager sendReq - Response received from Server : BE00;2,080.88;2,065.13; ;30/03/2018 16:53;TXNID:808916245984;BID:C463795
[INFO] 2018-03-30 16:52:21,484 ExtentManager sendReq - Transaction ID : 808916245984
[INFO] 2018-03-30 16:52:21,888 ExtentManager sendReq - ******************************END********************************

[INFO] 2018-03-30 16:52:21,890 ExtentManager sendReq - ******************************START******************************
[INFO] 2018-03-30 16:52:21,891 ExtentManager sendReq - Request : Mini statement
[INFO] 2018-03-30 16:52:21,891 ExtentManager sendReq - Hmaced Request : 22efb998c7527e5311ca48dcd58857dc40b34c2f7b39aba11d05dde70ba63da9*!9894060407APMS;Y;15316170605690416310253121025515855714;463795;123457;4.0;2478623864983269;137996193447939039731277765801639650552
[INFO] 2018-03-30 16:52:23,187 ExtentManager sendReq - Response received from Server : MS00;08/11/17 D NEFT/SUBRAMANIAN-VELRAJAN 103.00#08/11/17 D NEFT/VGN-Facility-Mgmt-Se 107.00#08/11/17 D eBank/Tr-To-S.ANISH-KUMAR 201.00#08/11/17 D RTGS/TATA-CARD/TMBLH17312 216000.00#08/11/17 D eBank/Tr-To-SAROJINI.C 204.00#08/11/17 D NEFT/testaudit/TMBLH17312 108.00#08/11/17 D NEFT/Shanmugavel/TMBLH173 102.00#08/11/17 D NEFT/ing-vysys-test3/TMBL 109.00#08/11/17 D NEFT/ANNA-NAGAR-OWNER/TMB 100.00;2,080.88;TXNID:808916245985;BID:C463795
[INFO] 2018-03-30 16:52:23,188 ExtentManager sendReq - Transaction ID : 808916245985
[INFO] 2018-03-30 16:52:23,249 ExtentManager sendReq - ******************************END********************************

[INFO] 2018-03-30 16:52:23,253 ExtentManager sendReq - ******************************START******************************
[INFO] 2018-03-30 16:52:23,254 ExtentManager sendReq - Request : Transaction History
[INFO] 2018-03-30 16:52:23,255 ExtentManager sendReq - Hmaced Request : 9908875423d8c9c688be6b15462b506ac9bb089eba288c026bd93e293f52fd96*!9894060407APTH;Y;15316170605690416310253121025515855714;001;463795;123457;4.0;2478623864983269;5374791659942022448826556731747406937
[INFO] 2018-03-30 16:52:25,850 ExtentManager sendReq - Response received from Server : TH00;Mini Statement*30/03/18 16:49*S*.0*-*-*MOB*808916245985#Balance enquiry*30/03/18 16:49*S*.0*-*-*MOB*808916245984#Mini Statement*30/03/18 16:48*S*.0*-*-*MOB*808916245969#Balance enquiry*30/03/18 16:48*S*.0*-*-*MOB*808916245968#Mini Statement*30/03/18 16:43*S*.0*-*-*MOB*808916245953#Balance enquiry*30/03/18 16:43*S*.0*-*-*MOB*808916245952#Mini Statement*30/03/18 16:33*S*.0*-*-*MOB*808916245950#Balance enquiry*30/03/18 16:32*S*.0*-*-*MOB*808916245949#NEFT*30/03/18 15:04*F*30.0*2478XXXXXX983269*NeftBeneficiary*MOB*808915245944#M2A*30/03/18 15:04*S*10.0*2478XXXXXX983269*FTBeneficiary*MOB*808915245935#M2A*30/03/18 15:04*S*10.0*2478XXXXXX983269*-*MOB*808915245931#M2M*30/03/18 15:03*S*10.0*2478XXXXXX983269*FTBeneficiary*MOB*808915245925#M2M*30/03/18 15:03*S*11.0*2478XXXXXX983269*-*MOB*808915245921#P2U*30/03/18 15:03*S*20.0*2478XXXXXX983269*IMPSBenenficiary*MOB*808915245915#P2U*30/03/18 15:03*S*20.0*2478XXXXXX983269*-*MOB*808915245910#IMPS*30/03/18 15:03*S*20.0*2478XXXXXX983269*IMPSBenenficiary*MOB*808915245905#IMPS*30/03/18 15:03*S*20.0*2478XXXXXX983269*-*MOB*808915245900#IMPS*30/03/18 15:03*S*20.0*2478XXXXXX983269*IMPSBenenficiary*MOB*808915245893#IMPS*30/03/18 15:03*S*20.0*2478XXXXXX983269*-*MOB*808915245888#Mini Statement*30/03/18 15:02*S*.0*-*-*MOB*808915245873#Balance enquiry*30/03/18 15:02*S*.0*-*-*MOB*808915245872#NEFT*30/03/18 14:46*F*30.0*2478XXXXXX983269*NeftBeneficiary*MOB*808914245867#M2A*30/03/18 14:46*S*10.0*2478XXXXXX983269*FTBeneficiary*MOB*808914245858#M2A*30/03/18 14:46*S*10.0*2478XXXXXX983269*-*MOB*808914245854#M2M*30/03/18 14:46*S*10.0*2478XXXXXX983269*FTBeneficiary*MOB*808914245848#M2M*30/03/18 14:45*S*11.0*2478XXXXXX983269*-*MOB*808914245844#P2U*30/03/18 14:45*S*20.0*2478XXXXXX983269*IMPSBenenficiary*MOB*808914245838#P2U*30/03/18 14:45*S*20.0*2478XXXXXX983269*-*MOB*808914245833#IMPS*30/03/18 14:45*S*20.0*2478XXXXXX983269*IMPSBenenficiary*MOB*808914245828#IMPS*30/03/18 14:45*S*20.0*2478XXXXXX983269*-*MOB*808914245823;1;Y;TXNID:808916245986;BID:C463795
[INFO] 2018-03-30 16:52:25,850 ExtentManager sendReq - Transaction ID : 808916245986
[INFO] 2018-03-30 16:52:25,906 ExtentManager sendReq - ******************************END********************************

[INFO] 2018-03-30 16:52:25,908 ExtentManager sendReq - ******************************START******************************
[INFO] 2018-03-30 16:52:25,908 ExtentManager sendReq - Request : Generate MMID
[INFO] 2018-03-30 16:52:25,909 ExtentManager sendReq - Hmaced Request : d57c45a6d14d330e4412dc6536a1ba5d7d6bdd7296adf3f0d9017e41c76ccf9e*!9894060407APIM;Y;15316170605690416310253121025515855714;001;463795;123457;4.0;2478623864983269;37423929975125378485061127298346516100
[INFO] 2018-03-30 16:52:29,465 ExtentManager sendReq - Response received from Server : IM00;5012XXXXXX349283*9060001#5012XXXXXX849800*9060033#5012XXXXXX849862*9060067#5012XXXXXX849822*9060087#5012XXXXXX000000*9060193#5012XXXXXX349826*9060484#2011XXXXX800005*9060778#2011XXXXX800065*9060820#5012XXXXXX849860*9060865#2478XXXXXX983269*9060480;1;N;30/03/2018 16:53;TXNID:808916245987;BID:C463795
[INFO] 2018-03-30 16:52:29,466 ExtentManager sendReq - Transaction ID : 808916245987
[INFO] 2018-03-30 16:52:29,530 ExtentManager sendReq - ******************************END********************************

[INFO] 2018-03-30 16:52:29,533 ExtentManager sendReq - ******************************START******************************
[INFO] 2018-03-30 16:52:29,534 ExtentManager sendReq - Request : Retrieve MMID
[INFO] 2018-03-30 16:52:29,535 ExtentManager sendReq - Hmaced Request : 53b40bbbb1b1d1bde860340e4c6f1c0d22da49e08857d9ab2b2f18f2bf288536*!9894060407APS6;Y;15316170605690416310253121025515855714;2478623864983269;463795;123457;4.0;2478623864983269;150622114285547681187331809552323084027
[INFO] 2018-03-30 16:52:30,265 ExtentManager sendReq - Response received from Server : S600;Your MMID allotted for the A/C No. XXXXXXXX3269 is 9060480.You can Send and Receive Money through IMPS option in Mobile Banking.;30/03/2018 16:53;TXNID:808916245988;BID:C463795
[INFO] 2018-03-30 16:52:30,266 ExtentManager sendReq - Transaction ID : 808916245988
[INFO] 2018-03-30 16:52:30,317 ExtentManager sendReq - ******************************END********************************

[INFO] 2018-03-30 16:52:30,319 ExtentManager sendReq - ******************************START******************************
[INFO] 2018-03-30 16:52:30,319 ExtentManager sendReq - Request : Generate MMID
[INFO] 2018-03-30 16:52:30,319 ExtentManager sendReq - Hmaced Request : 28e9dd4ba4bf1fe0ce68f2dfc8fa1c0c6bf9fb4f998ae2713b09e08e3f8ef077*!9894060407APIM;Y;15316170605690416310253121025515855714;001;463795;123457;4.0;2478623864983269;160713844002335628046438896117087233653
[INFO] 2018-03-30 16:52:31,156 ExtentManager sendReq - Response received from Server : IM00;5012XXXXXX349283*9060001#5012XXXXXX849800*9060033#5012XXXXXX849862*9060067#5012XXXXXX849822*9060087#5012XXXXXX000000*9060193#2478XXXXXX983269*9060480#5012XXXXXX349826*9060484#2011XXXXX800005*9060778#2011XXXXX800065*9060820#5012XXXXXX849860*9060865;1;N;30/03/2018 16:53;TXNID:808916245989;BID:C463795
[INFO] 2018-03-30 16:52:31,163 ExtentManager sendReq - Transaction ID : 808916245989
[INFO] 2018-03-30 16:52:31,223 ExtentManager sendReq - ******************************END********************************

[INFO] 2018-03-30 16:52:31,223 ExtentManager sendReq - ******************************START******************************
[INFO] 2018-03-30 16:52:31,223 ExtentManager sendReq - Request : Cancel MMID All
[INFO] 2018-03-30 16:52:31,224 ExtentManager sendReq - Hmaced Request : e9129c878061ce551e7cce1014f8522d4901e9d2f2a887e75888dcaefa714ae2*!9894060407APRC;Y;15316170605690416310253121025515855714;ALL;463795;123457;4.0;2478623864983269;735666201299600669944713537182498577
[INFO] 2018-03-30 16:52:32,186 ExtentManager sendReq - Response received from Server : RC00;IMPS Cancelled successfully;30/03/2018 16:53;TXNID:808916245990;BID:C463795
[INFO] 2018-03-30 16:52:32,186 ExtentManager sendReq - Transaction ID : 808916245990
[INFO] 2018-03-30 16:52:32,247 ExtentManager sendReq - ******************************END********************************

[INFO] 2018-03-30 16:52:32,252 ExtentManager sendReq - ******************************START******************************
[INFO] 2018-03-30 16:52:32,253 ExtentManager sendReq - Request : Generate MMID
[INFO] 2018-03-30 16:52:32,254 ExtentManager sendReq - Hmaced Request : f80309ce17a6de4ddb40c0f041eda497673c0c73c286fa2dcd2976960cdb460c*!9894060407APIM;Y;15316170605690416310253121025515855714;001;463795;123457;4.0;2478623864983269;157478337051144910435310968974317624221
[INFO] 2018-03-30 16:52:33,415 ExtentManager sendReq - Response received from Server : IM00;2478XXXXXX983269*9060199#5012XXXXXX000000*9060162#5012XXXXXX349283*9060383#5012XXXXXX349826*9060037#2011XXXXX800005*9060045#5012XXXXXX849862*9060224#2011XXXXX800065*9060473#5012XXXXXX849800*9060104#5012XXXXXX849822*9060441#5012XXXXXX849860*9060343;1;N;30/03/2018 16:53;TXNID:808916245991;BID:C463795
[INFO] 2018-03-30 16:52:33,416 ExtentManager sendReq - Transaction ID : 808916245991
[INFO] 2018-03-30 16:52:33,479 ExtentManager sendReq - ******************************END********************************

[INFO] 2018-03-30 16:52:33,480 ExtentManager sendReq - ******************************START******************************
[INFO] 2018-03-30 16:52:33,481 ExtentManager sendReq - Request : Cancel MMID Single
[INFO] 2018-03-30 16:52:33,483 ExtentManager sendReq - Hmaced Request : ae0d790f75fa1992506c3c3be0b3b6a2aa622ed4c39b97c65df3a8bbe1c43676*!9894060407APRC;Y;15316170605690416310253121025515855714;2478623864983269;463795;123457;4.0;2478623864983269;113539778086474850750980414221025025035
[INFO] 2018-03-30 16:52:34,429 ExtentManager sendReq - Response received from Server : RC00;Your MMID 9060199 allotted for the A/C No. XXXXXXXX3269 is cancelled.;30/03/2018 16:53;TXNID:808916245992;BID:C463795
[INFO] 2018-03-30 16:52:34,430 ExtentManager sendReq - Transaction ID : 808916245992
[INFO] 2018-03-30 16:52:34,487 ExtentManager sendReq - ******************************END********************************

[INFO] 2018-03-30 16:52:34,494 ExtentManager sendReq - ******************************START******************************
[INFO] 2018-03-30 16:52:34,495 ExtentManager sendReq - Request : Email ID fetch
[INFO] 2018-03-30 16:52:34,497 ExtentManager sendReq - Hmaced Request : b8fcab686a6d1030200371da0527353af30d6ce09ae979e217b7006db5997a8f*!9894060407APZ6;Y;15316170605690416310253121025515855714;463795;123457;4.0;2478623864983269;67625456160102601130015480377753781680
[INFO] 2018-03-30 16:52:35,257 ExtentManager sendReq - Response received from Server : Z600;abc@fss.com;30/03/2018 16:53;TXNID:808916245993;BID:C463795
[INFO] 2018-03-30 16:52:35,257 ExtentManager sendReq - Transaction ID : 808916245993
[INFO] 2018-03-30 16:52:35,313 ExtentManager sendReq - ******************************END********************************

[INFO] 2018-03-30 16:52:35,315 ExtentManager sendReq - ******************************START******************************
[INFO] 2018-03-30 16:52:35,315 ExtentManager sendReq - Request : Email ID Fetch
[INFO] 2018-03-30 16:52:35,316 ExtentManager sendReq - Hmaced Request : dfc8f9cddbfd3efb4c182e9d3c5caeb0d9456abf2a230fa5c0270780eaabe1d8*!9894060407APZ3;Y;15316170605690416310253121025515855714;abc@fss.com;463795;123457;4.0;2478623864983269;113558882358579077412411677773556051883
[INFO] 2018-03-30 16:52:36,364 ExtentManager sendReq - Response received from Server : Z300;Your E-mail ID configured successfully;30/03/2018 16:53;TXNID:808916245994;BID:C463795
[INFO] 2018-03-30 16:52:36,364 ExtentManager sendReq - Transaction ID : 808916245994
[INFO] 2018-03-30 16:52:36,432 ExtentManager sendReq - ******************************END********************************

[INFO] 2018-03-30 16:52:36,435 ExtentManager sendReq - ******************************START******************************
[INFO] 2018-03-30 16:52:36,436 ExtentManager sendReq - Request : Cheque status
[INFO] 2018-03-30 16:52:36,437 ExtentManager sendReq - Hmaced Request : 1cea5d0e065719618f3a4cb26af0a8b9759092404098c58b8eb409ef607b7c92*!9894060407APLW;Y;15316170605690416310253121025515855714;123456;463795;123457;4.0;2478623864983269;77012299691834809687151123523016968282
[INFO] 2018-03-30 16:52:38,135 ExtentManager sendReq - Response received from Server : LW00;Your cheque (123456) has been ;30/03/2018 16:53;TXNID:808916245995;BID:C463795
[INFO] 2018-03-30 16:52:38,136 ExtentManager sendReq - Transaction ID : 808916245995
[INFO] 2018-03-30 16:52:38,210 ExtentManager sendReq - ******************************END********************************

[INFO] 2018-03-30 16:52:38,216 ExtentManager sendReq - ******************************START******************************
[INFO] 2018-03-30 16:52:38,217 ExtentManager sendReq - Request : Account Fetch
[INFO] 2018-03-30 16:52:38,220 ExtentManager sendReq - Hmaced Request : f67b081518ff3ab97368fe53025ef779ddaf9b4749a377b86c23ca08b0c7d6ff*!9894060407APSY;2;463795;123457;4.0;0;52951081129448632214712482566980282864
[INFO] 2018-03-30 16:52:41,184 ExtentManager sendReq - Response received from Server : SY00;N;test;2;6;201150050800005*20#5012432476849800*10#5012432470000000*10#5012432476849862*10#5012432476849860*10#5012432472349283*10;Y;TXNID:808916245996;BID:C463795
[INFO] 2018-03-30 16:52:41,185 ExtentManager sendReq - Transaction ID : 808916245996
[INFO] 2018-03-30 16:52:41,250 ExtentManager sendReq - ******************************END********************************

[INFO] 2018-03-30 16:52:41,254 ExtentManager sendReq - ******************************START******************************
[INFO] 2018-03-30 16:52:41,255 ExtentManager sendReq - Request : Stop Cheque
[INFO] 2018-03-30 16:52:41,257 ExtentManager sendReq - Hmaced Request : d5020d3396e08189be8364003acd5c47402297fbc5bd6c216e5c83b7599b3a6b*!9894060407APL4;Y;15316170605690416310253121025515855714;123456;463795;123457;4.0;2478623864983269;42663050513324634697621777046210998987
[INFO] 2018-03-30 16:52:42,997 ExtentManager sendReq - Response received from Server : L400;Stop Payment request issued for Cheque no. 123456 (a/c no. XXXXXXXX3269) has been executed successfully.;30/03/2018 16:53;TXNID:808916245997;BID:C463795
[INFO] 2018-03-30 16:52:42,998 ExtentManager sendReq - Transaction ID : 808916245997
[INFO] 2018-03-30 16:52:43,067 ExtentManager sendReq - ******************************END********************************

[INFO] 2018-03-30 16:52:43,072 ExtentManager sendReq - ******************************START******************************
[INFO] 2018-03-30 16:52:43,073 ExtentManager sendReq - Request : Change Login Password
[INFO] 2018-03-30 16:52:43,076 ExtentManager sendReq - Hmaced Request : f00835a07b455f290b5ef02afef4c414b4b5f6707c82a8c2f90b611b05d20a36*!9894060407APP5;8609547570776098518502128580812621291;463795;123457;4.0;0;69973014343860765034856008759746450522
[INFO] 2018-03-30 16:52:43,821 ExtentManager sendReq - Response received from Server : P500;Login password has been changed successfully;1234;30/03/2018 16:53;TXNID:808916245998;BID:C463795
[INFO] 2018-03-30 16:52:43,821 ExtentManager sendReq - Transaction ID : 808916245998
[INFO] 2018-03-30 16:52:43,886 ExtentManager sendReq - ******************************END********************************

[INFO] 2018-03-30 16:52:43,949 ExtentManager sendReq - ******************************START******************************
[INFO] 2018-03-30 16:52:43,950 ExtentManager sendReq - Request : Generate MMID
[INFO] 2018-03-30 16:52:43,950 ExtentManager sendReq - Hmaced Request : fc3667eb449074dca36fcd632898329918b70189a5122aee5110d113ed5f970a*!9894060407APIM;Y;15316170605690416310253121025515855714;001;463795;123457;4.0;2478623864983269;63386033446075551825385097340450050954
[INFO] 2018-03-30 16:52:44,992 ExtentManager sendReq - Response received from Server : IM00;5012XXXXXX349826*9060037#2011XXXXX800005*9060045#5012XXXXXX849800*9060104#5012XXXXXX000000*9060162#5012XXXXXX849862*9060224#5012XXXXXX849860*9060343#5012XXXXXX349283*9060383#5012XXXXXX849822*9060441#2011XXXXX800065*9060473#2478XXXXXX983269*9060114;1;N;30/03/2018 16:53;TXNID:808916245999;BID:C463795
[INFO] 2018-03-30 16:52:44,992 ExtentManager sendReq - Transaction ID : 808916245999
[INFO] 2018-03-30 16:52:45,063 ExtentManager sendReq - ******************************END********************************

[INFO] 2018-03-30 16:52:45,064 ExtentManager sendReq - ******************************START******************************
[INFO] 2018-03-30 16:52:45,065 ExtentManager sendReq - Request : IMPSP2PInstantPayment
[INFO] 2018-03-30 16:52:45,067 ExtentManager sendReq - Hmaced Request : 61d6e3fee05f13deee9982ab42cb91e8dd89953a41e346ef40ce82a0a2cea32f*!9894060407APQI;Y;15316170605690416310253121025515855714;9894011000;9240123;20;IMPSTest;463795;123457;4.0;2478623864983269;95193407661751781940018559247926373410
[INFO] 2018-03-30 16:52:48,501 ExtentManager sendReq - Response received from Server : QI00;Your a/c no. XXXXXXXX3269 is debited for Rs. 25.00 on 30-03-18 and a/c linked to mobile 9XXXXXX000 credited (IMPS Ref no 808916246000);30/03/2018 16:53;TXNID:808916246000;BID:C463795
[INFO] 2018-03-30 16:52:48,501 ExtentManager sendReq - Transaction ID : 808916246000
[INFO] 2018-03-30 16:52:48,578 ExtentManager sendReq - ******************************END********************************

[INFO] 2018-03-30 16:52:48,586 ExtentManager sendReq - ******************************START******************************
[INFO] 2018-03-30 16:52:48,587 ExtentManager sendReq - Request : IMPSP2PAddBeneficiaryPreConfirmation
[INFO] 2018-03-30 16:52:48,589 ExtentManager sendReq - Hmaced Request : 219146e34f3540ac78184414d6de4913f488b2c56f61d6019efe7423a2c890ee*!9894060407APW1;Y;15316170605690416310253121025515855714;9240123;9894011000;IMPSBenenficiary;463795;123457;4.0;2478623864983269;172752130571033031304148063403372536862
[INFO] 2018-03-30 16:52:49,324 ExtentManager sendReq - Response received from Server : W100;HDFC Bank;9240123;9894011000;IMPSBenenficiary;30/03/2018 16:53;TXNID:808916246001;BID:C463795
[INFO] 2018-03-30 16:52:49,325 ExtentManager sendReq - Transaction ID : 808916246001
[INFO] 2018-03-30 16:52:49,388 ExtentManager sendReq - ******************************END********************************

[INFO] 2018-03-30 16:52:49,395 ExtentManager sendReq - ******************************START******************************
[INFO] 2018-03-30 16:52:49,396 ExtentManager sendReq - Request : IMPSP2PAddBeneficiaryconfirmation
[INFO] 2018-03-30 16:52:49,398 ExtentManager sendReq - Hmaced Request : 1924d1b0b98ea316bce4e9c8b364a7b092307b2e404262e86faf1fe170fc50c0*!9894060407APW2;Y;15316170605690416310253121025515855714;9240123;9894011000;IMPSBenenficiary;463795;123457;4.0;2478623864983269;199072438943321302186535902464844012828
[INFO] 2018-03-30 16:52:50,248 ExtentManager sendReq - Response received from Server : W200;Beneficiary IMPSBenenficiary added successfully;30/03/2018 16:53;TXNID:808916246002;BID:C463795
[INFO] 2018-03-30 16:52:50,249 ExtentManager sendReq - Transaction ID : 808916246002
[INFO] 2018-03-30 16:52:50,313 ExtentManager sendReq - ******************************END********************************

[INFO] 2018-03-30 16:52:50,319 ExtentManager sendReq - ******************************START******************************
[INFO] 2018-03-30 16:52:50,320 ExtentManager sendReq - Request : IMPSP2PBeneficiaryPaymentListenquiry
[INFO] 2018-03-30 16:52:50,322 ExtentManager sendReq - Hmaced Request : 404639b88565da725302457692d44947453435af2bc35323fed7ab084641d793*!9894060407APW3;Y;15316170605690416310253121025515855714;P;IMPSBenenficiary;001;463795;123457;4.0;2478623864983269;203248494318086508415779455255846456607
[INFO] 2018-03-30 16:52:51,075 ExtentManager sendReq - Response received from Server : W300;P;IMPSBenenficiary;impsbenenficiary;1;N;TXNID:808916246003;BID:C463795
[INFO] 2018-03-30 16:52:51,076 ExtentManager sendReq - Transaction ID : 808916246003
[INFO] 2018-03-30 16:52:51,136 ExtentManager sendReq - ******************************END********************************

[INFO] 2018-03-30 16:52:51,138 ExtentManager sendReq - ******************************START******************************
[INFO] 2018-03-30 16:52:51,138 ExtentManager sendReq - Request : IMPSP2PBeneficiaryPaymentListenquiry
[INFO] 2018-03-30 16:52:51,139 ExtentManager sendReq - Hmaced Request : 75a2d600ae6c0fd5067255520ef55f4c32f4a4d61eef7df8191977d463a1c373*!9894060407APW3;Y;15316170605690416310253121025515855714;P;;001;463795;123457;4.0;2478623864983269;175886995604796280937557684952224094248
[INFO] 2018-03-30 16:52:52,006 ExtentManager sendReq - Response received from Server : W300;P; ;impsbenenficiary;1;N;TXNID:808916246004;BID:C463795
[INFO] 2018-03-30 16:52:52,007 ExtentManager sendReq - Transaction ID : 808916246004
[INFO] 2018-03-30 16:52:52,069 ExtentManager sendReq - ******************************END********************************

[INFO] 2018-03-30 16:52:52,075 ExtentManager sendReq - ******************************START******************************
[INFO] 2018-03-30 16:52:52,075 ExtentManager sendReq - Request : IMPSP2PBeneficiaryPaymentConfirmation
[INFO] 2018-03-30 16:52:52,078 ExtentManager sendReq - Hmaced Request : e66f8d48cde9d8ce80625d39b537766a2024dd1f70e225d27b547aed594c3a38*!9894060407APW4;Y;15316170605690416310253121025515855714;20;IMPSTest;IMPSBenenficiary;463795;123457;4.0;2478623864983269;143027007204593353918937736176814603185
[INFO] 2018-03-30 16:52:55,615 ExtentManager sendReq - Response received from Server : W400;Your a/c no. XXXXXXXX3269 is debited for Rs. 20.00 on 30-03-18 and a/c linked to mobile 9XXXXXX000 credited (IMPS Ref no 808916246005);30/03/2018 16:54;TXNID:808916246005;BID:C463795
[INFO] 2018-03-30 16:52:55,615 ExtentManager sendReq - Transaction ID : 808916246005
[INFO] 2018-03-30 16:52:55,684 ExtentManager sendReq - ******************************END********************************

[INFO] 2018-03-30 16:52:55,690 ExtentManager sendReq - ******************************START******************************
[INFO] 2018-03-30 16:52:55,690 ExtentManager sendReq - Request : IMPSP2PBeneficiarySearchListenquiryWKw
[INFO] 2018-03-30 16:52:55,692 ExtentManager sendReq - Hmaced Request : ec219f2aad753207fea0f3d54f2bc6cbb5e1bd780d70a19cd3d571e9cdf58492*!9894060407APD9;Y;15316170605690416310253121025515855714;IMPSBenenficiary;001;463795;123457;4.0;2478623864983269;36403684367602553005422764839997788355
[INFO] 2018-03-30 16:52:59,474 ExtentManager sendReq - Response received from Server : D900;IMPSBenenficiary;impsbenenficiary*HDFC Bank*9240123*9894011000;1;N;TXNID:808916246006;BID:C463795
[INFO] 2018-03-30 16:52:59,475 ExtentManager sendReq - Transaction ID : 808916246006
[INFO] 2018-03-30 16:52:59,538 ExtentManager sendReq - ******************************END********************************

[INFO] 2018-03-30 16:52:59,542 ExtentManager sendReq - ******************************START******************************
[INFO] 2018-03-30 16:52:59,542 ExtentManager sendReq - Request : IMPSP2PBeneficiarySearchListenquiryWoKw
[INFO] 2018-03-30 16:52:59,543 ExtentManager sendReq - Hmaced Request : 1e113952a59998b4d3cd4c5260100a904a3c51f299ec80fdcd8fd31ddc21fcce*!9894060407APD9;Y;15316170605690416310253121025515855714;;001;463795;123457;4.0;2478623864983269;132470400263443032860321830295023241052
[INFO] 2018-03-30 16:53:01,018 ExtentManager sendReq - Response received from Server : D900; ;impsbenenficiary*HDFC Bank*9240123*9894011000;1;N;TXNID:808916246007;BID:C463795
[INFO] 2018-03-30 16:53:01,019 ExtentManager sendReq - Transaction ID : 808916246007
[INFO] 2018-03-30 16:53:01,084 ExtentManager sendReq - ******************************END********************************

[INFO] 2018-03-30 16:53:01,087 ExtentManager sendReq - ******************************START******************************
[INFO] 2018-03-30 16:53:01,088 ExtentManager sendReq - Request : IMPSP2PDeleteBeneficiaryListenquiry
[INFO] 2018-03-30 16:53:01,089 ExtentManager sendReq - Hmaced Request : a7dfa2b8ef5e4c9e2a978df6ba6e98755e522b4b14ca637f3b14d6422e7ab768*!9894060407AP5L;Y;15316170605690416310253121025515855714;IMPSBenenficiary;001;463795;123457;4.0;2478623864983269;202742729900087480629232522898163436111
[INFO] 2018-03-30 16:53:01,965 ExtentManager sendReq - Response received from Server : 5L00;IMPSBenenficiary;impsbenenficiary;1;N;TXNID:808916246008;BID:C463795
[INFO] 2018-03-30 16:53:01,965 ExtentManager sendReq - Transaction ID : 808916246008
[INFO] 2018-03-30 16:53:02,024 ExtentManager sendReq - ******************************END********************************

[INFO] 2018-03-30 16:53:02,026 ExtentManager sendReq - ******************************START******************************
[INFO] 2018-03-30 16:53:02,026 ExtentManager sendReq - Request : IMPSP2PDeleteBeneficiaryListenquiry
[INFO] 2018-03-30 16:53:02,027 ExtentManager sendReq - Hmaced Request : 838bd88ba2d7dcc63e6279a0b6d38f4eb2dfade13c4d7a1ccf24ec3919af45d4*!9894060407AP5L;Y;15316170605690416310253121025515855714;;001;463795;123457;4.0;2478623864983269;173873039510327978428664740779414198616
[INFO] 2018-03-30 16:53:02,968 ExtentManager sendReq - Response received from Server : 5L00; ;impsbenenficiary;1;N;TXNID:808916246009;BID:C463795
[INFO] 2018-03-30 16:53:02,969 ExtentManager sendReq - Transaction ID : 808916246009
[INFO] 2018-03-30 16:53:03,033 ExtentManager sendReq - ******************************END********************************

[INFO] 2018-03-30 16:53:03,039 ExtentManager sendReq - ******************************START******************************
[INFO] 2018-03-30 16:53:03,040 ExtentManager sendReq - Request : IMPSP2PDeleteBeneficiaryConfirmation
[INFO] 2018-03-30 16:53:03,041 ExtentManager sendReq - Hmaced Request : 00a9cd55fb41cf0c19b153b383a5d3c1da91a478d3ac689028719ead4133bd9f*!9894060407AP5D;Y;15316170605690416310253121025515855714;IMPSBenenficiary;463795;123457;4.0;2478623864983269;66790184846720362562214948470499709749
[INFO] 2018-03-30 16:53:04,017 ExtentManager sendReq - Response received from Server : 5D00;Beneficiary IMPSBenenficiary deleted successfully;30/03/2018 16:54;TXNID:808916246010;BID:C463795
[INFO] 2018-03-30 16:53:04,018 ExtentManager sendReq - Transaction ID : 808916246010
[INFO] 2018-03-30 16:53:04,083 ExtentManager sendReq - ******************************END********************************

[INFO] 2018-03-30 16:53:04,088 ExtentManager sendReq - ******************************START******************************
[INFO] 2018-03-30 16:53:04,089 ExtentManager sendReq - Request : Generate MMID
[INFO] 2018-03-30 16:53:04,091 ExtentManager sendReq - Hmaced Request : 9348118b77794df0a5eba443f6a44fe28f1a92bc9855dd7e3923671bd7b64734*!9894060407APIM;Y;15316170605690416310253121025515855714;001;463795;123457;4.0;2478623864983269;141150030604826691980133666095532240938
[INFO] 2018-03-30 16:53:05,027 ExtentManager sendReq - Response received from Server : IM00;5012XXXXXX349826*9060037#2011XXXXX800005*9060045#5012XXXXXX849800*9060104#2478XXXXXX983269*9060114#5012XXXXXX000000*9060162#5012XXXXXX849862*9060224#5012XXXXXX849860*9060343#5012XXXXXX349283*9060383#5012XXXXXX849822*9060441#2011XXXXX800065*9060473;1;N;30/03/2018 16:54;TXNID:808916246011;BID:C463795
[INFO] 2018-03-30 16:53:05,028 ExtentManager sendReq - Transaction ID : 808916246011
[INFO] 2018-03-30 16:53:05,093 ExtentManager sendReq - ******************************END********************************

[INFO] 2018-03-30 16:53:05,094 ExtentManager sendReq - ******************************START******************************
[INFO] 2018-03-30 16:53:05,095 ExtentManager sendReq - Request : IMPSP2AInstantPayment
[INFO] 2018-03-30 16:53:05,097 ExtentManager sendReq - Hmaced Request : 62c6235fd68bb3fdcf6d50474c93ac7fc558740a20c219d65b04b7c863e3b8be*!9894060407APK1;Y;15316170605690416310253121025515855714;9894012000000;SA;HDFC0000001;20;IMPSTest;463795;123457;4.0;2478623864983269;10738738174849338781229790214716976297
[INFO] 2018-03-30 16:53:08,517 ExtentManager sendReq - Response received from Server : K100;Your a/c no. XXXXXXXX3269 is debited for Rs. 25.00 on 30-03-18 and a/c XXXXXXX000 credited (IMPS Ref no 808916246012);30/03/2018 16:54;TXNID:808916246012;BID:C463795
[INFO] 2018-03-30 16:53:08,518 ExtentManager sendReq - Transaction ID : 808916246012
[INFO] 2018-03-30 16:53:08,587 ExtentManager sendReq - ******************************END********************************

[INFO] 2018-03-30 16:53:08,592 ExtentManager sendReq - ******************************START******************************
[INFO] 2018-03-30 16:53:08,593 ExtentManager sendReq - Request : IMPSP2AAddBeneficiary
[INFO] 2018-03-30 16:53:08,595 ExtentManager sendReq - Hmaced Request : b1ca1108154128bf3cca0084657a58f903741f4bb5d593abb577d05a30557674*!9894060407APK2;Y;15316170605690416310253121025515855714;9894012000000;SA;HDFC0000001;IMPSBenenficiary;463795;123457;4.0;2478623864983269;20108307056768675219068972822870302166
[INFO] 2018-03-30 16:53:09,333 ExtentManager sendReq - Response received from Server : K200;9894012000000;SA;HDFC BANK LTD.;MUMBAI;HDFC0000001;IMPSBenenficiary;30/03/2018 16:54;TXNID:808916246013;BID:C463795
[INFO] 2018-03-30 16:53:09,333 ExtentManager sendReq - Transaction ID : 808916246013
[INFO] 2018-03-30 16:53:09,396 ExtentManager sendReq - ******************************END********************************

[INFO] 2018-03-30 16:53:09,401 ExtentManager sendReq - ******************************START******************************
[INFO] 2018-03-30 16:53:09,402 ExtentManager sendReq - Request : IMPSP2AAddBeneficiaryconfirmation
[INFO] 2018-03-30 16:53:09,404 ExtentManager sendReq - Hmaced Request : 8123159853842c442b5157d75c6a6f563eb965ec6c2e0ebca4e6ae8421864e39*!9894060407APK3;Y;15316170605690416310253121025515855714;9894012000000;SA;HDFC0000001;IMPSBenenficiary;463795;123457;4.0;2478623864983269;125683816820742527541557268090987161995
[INFO] 2018-03-30 16:53:10,349 ExtentManager sendReq - Response received from Server : K300;Beneficiary IMPSBenenficiary added successfully;30/03/2018 16:54;TXNID:808916246014;BID:C463795
[INFO] 2018-03-30 16:53:10,350 ExtentManager sendReq - Transaction ID : 808916246014
[INFO] 2018-03-30 16:53:10,414 ExtentManager sendReq - ******************************END********************************

[INFO] 2018-03-30 16:53:10,419 ExtentManager sendReq - ******************************START******************************
[INFO] 2018-03-30 16:53:10,420 ExtentManager sendReq - Request : IMPSP2ABeneficiaryPaymentListenquiry
[INFO] 2018-03-30 16:53:10,422 ExtentManager sendReq - Hmaced Request : 2bffcf4481f3ebd881463ae35cdf58c30da02493e34f60fdf282228fdcf20bcc*!9894060407APK4;Y;15316170605690416310253121025515855714;IMPSBenenficiary;1;463795;123457;4.0;2478623864983269;9349981196192259238080414980602483169
[INFO] 2018-03-30 16:53:11,385 ExtentManager sendReq - Response received from Server : K400;IMPSBenenficiary;IMPSBenenficiary*HDFC0000001*9894012000000*SA;1;N;TXNID:808916246015;BID:C463795
[INFO] 2018-03-30 16:53:11,385 ExtentManager sendReq - Transaction ID : 808916246015
[INFO] 2018-03-30 16:53:11,437 ExtentManager sendReq - ******************************END********************************

[INFO] 2018-03-30 16:53:11,438 ExtentManager sendReq - ******************************START******************************
[INFO] 2018-03-30 16:53:11,438 ExtentManager sendReq - Request : IMPSP2ABeneficiaryPaymentListenquiry
[INFO] 2018-03-30 16:53:11,439 ExtentManager sendReq - Hmaced Request : 481f4b42c505d9d832d4bb11deb6780d7b09f01441f6f031d412042c8c433faa*!9894060407APK4;Y;15316170605690416310253121025515855714;;1;463795;123457;4.0;2478623864983269;18323466804791889284649079311153812315
[INFO] 2018-03-30 16:53:12,190 ExtentManager sendReq - Response received from Server : K400; ;IMPSBenenficiary*HDFC0000001*9894012000000*SA;1;N;TXNID:808916246016;BID:C463795
[INFO] 2018-03-30 16:53:12,190 ExtentManager sendReq - Transaction ID : 808916246016
[INFO] 2018-03-30 16:53:12,242 ExtentManager sendReq - ******************************END********************************

[INFO] 2018-03-30 16:53:12,243 ExtentManager sendReq - ******************************START******************************
[INFO] 2018-03-30 16:53:12,243 ExtentManager sendReq - Request : IMPSP2ABeneficiaryPaymentConfirmation
[INFO] 2018-03-30 16:53:12,244 ExtentManager sendReq - Hmaced Request : 63e73ad3d08278d046670242eba65b53540e7ae1cacff653bbf05f29d6c88edb*!9894060407APK5;Y;15316170605690416310253121025515855714;IMPSBenenficiary;20;IMPSTest;463795;123457;4.0;2478623864983269;34539465617667236641106101687190582034
[INFO] 2018-03-30 16:53:15,474 ExtentManager sendReq - Response received from Server : K500;Your a/c no. XXXXXXXX3269 is debited for Rs. 20.00 on 30-03-18 and a/c XXXXXXX000 credited (IMPS Ref no 808916246017);30/03/2018 16:54;TXNID:808916246017;BID:C463795
[INFO] 2018-03-30 16:53:15,475 ExtentManager sendReq - Transaction ID : 808916246017
[INFO] 2018-03-30 16:53:15,542 ExtentManager sendReq - ******************************END********************************

[INFO] 2018-03-30 16:53:15,552 ExtentManager sendReq - ******************************START******************************
[INFO] 2018-03-30 16:53:15,553 ExtentManager sendReq - Request : IMPSP2ABeneficiarySearchListenquiry
[INFO] 2018-03-30 16:53:15,555 ExtentManager sendReq - Hmaced Request : ceb544322bdf205d511492b1ee4f34dcea363261fa96f72513fa8500e3d6ec5c*!9894060407AP4W;Y;15316170605690416310253121025515855714;;1;463795;123457;4.0;2478623864983269;13803290878945751054206198124516124690
[INFO] 2018-03-30 16:53:16,399 ExtentManager sendReq - Response received from Server : 4W00; ;IMPSBenenficiary*HDFC BANK LTD.*9894012000000*SA*HDFC0000001;1;N;TXNID:808916246018;BID:C463795
[INFO] 2018-03-30 16:53:16,400 ExtentManager sendReq - Transaction ID : 808916246018
[INFO] 2018-03-30 16:53:16,453 ExtentManager sendReq - ******************************END********************************

[INFO] 2018-03-30 16:53:16,455 ExtentManager sendReq - ******************************START******************************
[INFO] 2018-03-30 16:53:16,455 ExtentManager sendReq - Request : IMPSP2ABeneficiarySearchListenquiry
[INFO] 2018-03-30 16:53:16,455 ExtentManager sendReq - Hmaced Request : 8b0b411e47222042530b50dcf13d739d59b154cb61c82b74d3b2c91d2b621902*!9894060407AP4W;Y;15316170605690416310253121025515855714;IMPSBenenficiary;1;463795;123457;4.0;2478623864983269;137143293770368207366587534753677729532
[INFO] 2018-03-30 16:53:17,306 ExtentManager sendReq - Response received from Server : 4W00;IMPSBenenficiary;IMPSBenenficiary*HDFC BANK LTD.*9894012000000*SA*HDFC0000001;1;N;TXNID:808916246019;BID:C463795
[INFO] 2018-03-30 16:53:17,306 ExtentManager sendReq - Transaction ID : 808916246019
[INFO] 2018-03-30 16:53:17,366 ExtentManager sendReq - ******************************END********************************

[INFO] 2018-03-30 16:53:17,369 ExtentManager sendReq - ******************************START******************************
[INFO] 2018-03-30 16:53:17,369 ExtentManager sendReq - Request : IMPSP2ADeleteBeneficiaryListenquiry
[INFO] 2018-03-30 16:53:17,370 ExtentManager sendReq - Hmaced Request : 863e162f2bddb227f59cd687890c5e106347fc7e80edccfcbfb416a500b4160a*!9894060407AP6L;Y;15316170605690416310253121025515855714;IMPSBenenficiary;1;463795;123457;4.0;2478623864983269;160104910404740055758901148158280895526
[INFO] 2018-03-30 16:53:18,212 ExtentManager sendReq - Response received from Server : 6L00;IMPSBenenficiary;IMPSBenenficiary;1;N;TXNID:808916246020;BID:C463795
[INFO] 2018-03-30 16:53:18,213 ExtentManager sendReq - Transaction ID : 808916246020
[INFO] 2018-03-30 16:53:18,278 ExtentManager sendReq - ******************************END********************************

[INFO] 2018-03-30 16:53:18,283 ExtentManager sendReq - ******************************START******************************
[INFO] 2018-03-30 16:53:18,283 ExtentManager sendReq - Request : IMPSP2ADeleteBeneficiaryConfirmation
[INFO] 2018-03-30 16:53:18,285 ExtentManager sendReq - Hmaced Request : e3283b4187e2dd8715cc58f52ef06fab7b4291a17bb659a20175ef222616f4ab*!9894060407AP6D;Y;15316170605690416310253121025515855714;IMPSBenenficiary;463795;123457;4.0;2478623864983269;115728490519629713371260834367422662788
[INFO] 2018-03-30 16:53:19,157 ExtentManager sendReq - Response received from Server : 6D00;Beneficiary IMPSBenenficiary deleted successfully;30/03/2018 16:54;TXNID:808916246021;BID:C463795
[INFO] 2018-03-30 16:53:19,158 ExtentManager sendReq - Transaction ID : 808916246021
[INFO] 2018-03-30 16:53:19,218 ExtentManager sendReq - ******************************END********************************

[INFO] 2018-03-30 16:53:19,224 ExtentManager sendReq - ******************************START******************************
[INFO] 2018-03-30 16:53:19,225 ExtentManager sendReq - Request : IMPSP2UInstantPayment
[INFO] 2018-03-30 16:53:19,227 ExtentManager sendReq - Hmaced Request : ffbee873ebbee242ebbeefb5c2dbdc94a6730ac4f41bb37822c1465f0e10d15d*!9894060407AP1U;Y;15316170605690416310253121025515855714;989401300000;SA;20;IMPSTest;463795;123457;4.0;2478623864983269;111026796007431769999773454406382861872
[INFO] 2018-03-30 16:53:23,733 ExtentManager sendReq - Response received from Server : 1U00;Your a/c no. XXXXXXXX3269 is debited for Rs. 20.00 on 30-03-18 and a/c linked to AADHAAR XXXXXXX000 credited (IMPS Ref no 808916246022);30/03/2018 16:54;TXNID:808916246022;BID:C463795
[INFO] 2018-03-30 16:53:23,733 ExtentManager sendReq - Transaction ID : 808916246022
[INFO] 2018-03-30 16:53:23,798 ExtentManager sendReq - ******************************END********************************

[INFO] 2018-03-30 16:53:23,803 ExtentManager sendReq - ******************************START******************************
[INFO] 2018-03-30 16:53:23,803 ExtentManager sendReq - Request : impsP2UAddBenPreConf
[INFO] 2018-03-30 16:53:23,805 ExtentManager sendReq - Hmaced Request : 0c3696b6a8bec0a6734b617788fea93d196165681bb671741b4b29d42d4211ea*!9894060407AP2U;Y;15316170605690416310253121025515855714;989401300000;SA;IMPSBenenficiary;463795;123457;4.0;2478623864983269;139513121297218608516392260678960259148
[INFO] 2018-03-30 16:53:25,083 ExtentManager sendReq - Response received from Server : 2U00;989401300000;SA;IMPSBenenficiary;30/03/2018 16:54;TXNID:808916246023;BID:C463795
[INFO] 2018-03-30 16:53:25,083 ExtentManager sendReq - Transaction ID : 808916246023
[INFO] 2018-03-30 16:53:25,146 ExtentManager sendReq - ******************************END********************************

[INFO] 2018-03-30 16:53:25,151 ExtentManager sendReq - ******************************START******************************
[INFO] 2018-03-30 16:53:25,152 ExtentManager sendReq - Request : IMPSP2UAddBeneficiaryconfirmation
[INFO] 2018-03-30 16:53:25,153 ExtentManager sendReq - Hmaced Request : e7f1479497a95be419739d9fa0a0320106fda358093c9337b69d79aeeba3af06*!9894060407AP3U;Y;15316170605690416310253121025515855714;989401300000;SA;IMPSBenenficiary;463795;123457;4.0;2478623864983269;141773988955575326516418115215191818619
[INFO] 2018-03-30 16:53:27,017 ExtentManager sendReq - Response received from Server : 3U00;Beneficiary IMPSBenenficiary added successfully;30/03/2018 16:54;TXNID:808916246024;BID:C463795
[INFO] 2018-03-30 16:53:27,018 ExtentManager sendReq - Transaction ID : 808916246024
[INFO] 2018-03-30 16:53:27,073 ExtentManager sendReq - ******************************END********************************

[INFO] 2018-03-30 16:53:27,074 ExtentManager sendReq - ******************************START******************************
[INFO] 2018-03-30 16:53:27,075 ExtentManager sendReq - Request : IMPSP2UBeneficiaryPaymentListenquiryWKw
[INFO] 2018-03-30 16:53:27,075 ExtentManager sendReq - Hmaced Request : bd50b58f7a1a17499e0b99652c19757c4f921de8fccd47902c0982f1b0889a66*!9894060407AP4U;Y;15316170605690416310253121025515855714;IMPSBenenficiary;001;463795;123457;4.0;2478623864983269;144394420414734053284842419403373042180
[INFO] 2018-03-30 16:53:30,228 ExtentManager sendReq - Response received from Server : 4U00;IMPSBenenficiary;IMPSBenenficiary;1;N;TXNID:808916246025;BID:C463795
[INFO] 2018-03-30 16:53:30,229 ExtentManager sendReq - Transaction ID : 808916246025
[INFO] 2018-03-30 16:53:30,284 ExtentManager sendReq - ******************************END********************************

[INFO] 2018-03-30 16:53:30,286 ExtentManager sendReq - ******************************START******************************
[INFO] 2018-03-30 16:53:30,287 ExtentManager sendReq - Request : IMPSP2UBeneficiaryPaymentListenquiryWoKw
[INFO] 2018-03-30 16:53:30,287 ExtentManager sendReq - Hmaced Request : ef478e2adc64cb20f6eab0eb9bf986e6b6675e1be25a75d835ba253710670e5d*!9894060407AP4U;Y;15316170605690416310253121025515855714;;001;463795;123457;4.0;2478623864983269;116849671698137221005047097347754431767
[INFO] 2018-03-30 16:53:31,445 ExtentManager sendReq - Response received from Server : 4U00; ;aadar#IMPSBenenficiary;1;N;TXNID:808916246026;BID:C463795
[INFO] 2018-03-30 16:53:31,446 ExtentManager sendReq - Transaction ID : 808916246026
[INFO] 2018-03-30 16:53:31,502 ExtentManager sendReq - ******************************END********************************

[INFO] 2018-03-30 16:53:31,504 ExtentManager sendReq - ******************************START******************************
[INFO] 2018-03-30 16:53:31,504 ExtentManager sendReq - Request : IMPSP2UAddBeneficiaryconfirmation
[INFO] 2018-03-30 16:53:31,505 ExtentManager sendReq - Hmaced Request : 252274faba9557200849eb02f492189a8e2978a99d1581efb6abaaa6a402a482*!9894060407AP5U;Y;15316170605690416310253121025515855714;IMPSBenenficiary;20;IMPSTest;463795;123457;4.0;2478623864983269;181849572274709194434592053183879795663
[INFO] 2018-03-30 16:53:35,013 ExtentManager sendReq - Response received from Server : 5U00;Your a/c no. XXXXXXXX3269 is debited for Rs. 20.00 on 30-03-18 and a/c linked to AADHAAR XXXXXXX000 credited (IMPS Ref no 808916246027);30/03/2018 16:54;TXNID:808916246027;BID:C463795
[INFO] 2018-03-30 16:53:35,013 ExtentManager sendReq - Transaction ID : 808916246027
[INFO] 2018-03-30 16:53:35,073 ExtentManager sendReq - ******************************END********************************

[INFO] 2018-03-30 16:53:35,076 ExtentManager sendReq - ******************************START******************************
[INFO] 2018-03-30 16:53:35,076 ExtentManager sendReq - Request : IMPSP2UBeneficiarySearchListenquiry
[INFO] 2018-03-30 16:53:35,077 ExtentManager sendReq - Hmaced Request : a814ae1572a6807d58f09cadeadf16b201371d7150061a2aa3a523cd2f686f5f*!9894060407AP6U;Y;15316170605690416310253121025515855714;IMPSBenenficiary;001;463795;123457;4.0;2478623864983269;45125625213380788203628748835006941210
[INFO] 2018-03-30 16:53:35,928 ExtentManager sendReq - Response received from Server : 6U00;IMPSBenenficiary;IMPSBenenficiary*989401300000*SA;1;N;TXNID:808916246028;BID:C463795
[INFO] 2018-03-30 16:53:35,929 ExtentManager sendReq - Transaction ID : 808916246028
[INFO] 2018-03-30 16:53:35,993 ExtentManager sendReq - ******************************END********************************

[INFO] 2018-03-30 16:53:35,998 ExtentManager sendReq - ******************************START******************************
[INFO] 2018-03-30 16:53:35,999 ExtentManager sendReq - Request : IMPSP2UBeneficiarySearchListenquiryWoKw
[INFO] 2018-03-30 16:53:36,000 ExtentManager sendReq - Hmaced Request : 84533760d17cd0d654319d0f1f0243339ab0ac87fe317668deb9045bd447c148*!9894060407AP6U;Y;15316170605690416310253121025515855714;;001;463795;123457;4.0;2478623864983269;107539256999718258329111409697607603399
[INFO] 2018-03-30 16:53:37,050 ExtentManager sendReq - Response received from Server : 6U00; ;aadar*989403000002*SA#IMPSBenenficiary*989401300000*SA;1;N;TXNID:808916246029;BID:C463795
[INFO] 2018-03-30 16:53:37,051 ExtentManager sendReq - Transaction ID : 808916246029
[INFO] 2018-03-30 16:53:37,114 ExtentManager sendReq - ******************************END********************************

[INFO] 2018-03-30 16:53:37,119 ExtentManager sendReq - ******************************START******************************
[INFO] 2018-03-30 16:53:37,119 ExtentManager sendReq - Request : IMPSP2UDeleteBeneficiaryListenquiry
[INFO] 2018-03-30 16:53:37,121 ExtentManager sendReq - Hmaced Request : c8b6b767e671d573fd1ac35063624ff80d043089f1cea10c035318abacb5bf0d*!9894060407AP7U;Y;15316170605690416310253121025515855714;IMPSBenenficiary;001;463795;123457;4.0;2478623864983269;24107519226676988144359873339118347850
[INFO] 2018-03-30 16:53:37,977 ExtentManager sendReq - Response received from Server : 7U00;IMPSBenenficiary;IMPSBenenficiary;1;N;TXNID:808916246030;BID:C463795
[INFO] 2018-03-30 16:53:37,978 ExtentManager sendReq - Transaction ID : 808916246030
[INFO] 2018-03-30 16:53:38,043 ExtentManager sendReq - ******************************END********************************

[INFO] 2018-03-30 16:53:38,048 ExtentManager sendReq - ******************************START******************************
[INFO] 2018-03-30 16:53:38,048 ExtentManager sendReq - Request : IMPSP2UDeleteBeneficiaryListenquiry
[INFO] 2018-03-30 16:53:38,050 ExtentManager sendReq - Hmaced Request : ffabe790a0ab79fe34782ab0c80db59d69099830c642253c89edf705cc84ac59*!9894060407AP7U;Y;15316170605690416310253121025515855714;;001;463795;123457;4.0;2478623864983269;85136035812689602751155302385131787378
[INFO] 2018-03-30 16:53:38,815 ExtentManager sendReq - Response received from Server : 7U00; ;aadar#IMPSBenenficiary;1;N;TXNID:808916246031;BID:C463795
[INFO] 2018-03-30 16:53:38,815 ExtentManager sendReq - Transaction ID : 808916246031
[INFO] 2018-03-30 16:53:38,878 ExtentManager sendReq - ******************************END********************************

[INFO] 2018-03-30 16:53:38,883 ExtentManager sendReq - ******************************START******************************
[INFO] 2018-03-30 16:53:38,884 ExtentManager sendReq - Request : IMPSP2UDeleteBeneficiaryConfirmation
[INFO] 2018-03-30 16:53:38,885 ExtentManager sendReq - Hmaced Request : 371f68b3bdb0cb877042301da3ee96e316d1299b440f3b22b2a69b88239bec82*!9894060407AP8U;Y;15316170605690416310253121025515855714;IMPSBenenficiary;463795;123457;4.0;2478623864983269;57067195394346703447896070594397822419
[INFO] 2018-03-30 16:53:39,882 ExtentManager sendReq - Response received from Server : 8U00;Beneficiary IMPSBenenficiary deleted successfully;30/03/2018 16:54;TXNID:808916246032;BID:C463795
[INFO] 2018-03-30 16:53:39,882 ExtentManager sendReq - Transaction ID : 808916246032
[INFO] 2018-03-30 16:53:39,944 ExtentManager sendReq - ******************************END********************************

[INFO] 2018-03-30 16:53:39,966 ExtentManager sendReq - ******************************START******************************
[INFO] 2018-03-30 16:53:39,966 ExtentManager sendReq - Request : m2m Quick FT
[INFO] 2018-03-30 16:53:39,967 ExtentManager sendReq - Hmaced Request : 300f7f7fd38b74a6525f381a15746093528a6fa655666bc6bff944765509de57*!9894060407APQM;Y;15316170605690416310253121025515855714;8778602561;10;test   ;463795;123457;4.0;2478623864983269;131113999146438963819280467891498190482
[INFO] 2018-03-30 16:53:42,502 ExtentManager sendReq - Response received from Server : QM00;Fund Transfer to 3286XXX326489632 - +918778602561 successful. Rs. 10.00 debited from 2478XXX864983269;30/03/2018 16:54;TXNID:808916246033;BID:C463795
[INFO] 2018-03-30 16:53:42,502 ExtentManager sendReq - Transaction ID : 808916246033
[INFO] 2018-03-30 16:53:42,566 ExtentManager sendReq - ******************************END********************************

[INFO] 2018-03-30 16:53:42,571 ExtentManager sendReq - ******************************START******************************
[INFO] 2018-03-30 16:53:42,572 ExtentManager sendReq - Request : m2m Benificiary Account list
[INFO] 2018-03-30 16:53:42,574 ExtentManager sendReq - Hmaced Request : 1bc0caad1f5eda1982e9af2f100566d2f4c179a3568c4ed455f014886017cd81*!9894060407APRM;Y;15316170605690416310253121025515855714;463795;8778602561;FTBeneficiary;0001;463795;123457;4.0;2478623864983269;127456967913757443740946928993519849514
[INFO] 2018-03-30 16:53:43,510 ExtentManager sendReq - Response received from Server : RM00;rest;8778602561;FTBeneficiary;3286478326489632#5012432470000000#5012432472349283;1;Y;TXNID:808916246034;BID:C463795
[INFO] 2018-03-30 16:53:43,510 ExtentManager sendReq - Transaction ID : 808916246034
[INFO] 2018-03-30 16:53:43,573 ExtentManager sendReq - ******************************END********************************

[INFO] 2018-03-30 16:53:43,581 ExtentManager sendReq - ******************************START******************************
[INFO] 2018-03-30 16:53:43,581 ExtentManager sendReq - Request : m2m Benificiary Registration
[INFO] 2018-03-30 16:53:43,582 ExtentManager sendReq - Hmaced Request : 2ac920e04c9faa5482d5d3e08dc3ebe48c6fe4b665a97eb2a3fb3fc7a041d29d*!9894060407APC1;Y;15316170605690416310253121025515855714;463795;8778602561;FTBeneficiary;3286478326489632;463795;123457;4.0;2478623864983269;134356582736910924444150607238513130594
[INFO] 2018-03-30 16:53:44,544 ExtentManager sendReq - Response received from Server : C100;Beneficiary FTBeneficiary added successfully;30/03/2018 16:54;TXNID:808916246035;BID:C463795
[INFO] 2018-03-30 16:53:44,544 ExtentManager sendReq - Transaction ID : 808916246035
[INFO] 2018-03-30 16:53:44,606 ExtentManager sendReq - ******************************END********************************

[INFO] 2018-03-30 16:53:44,609 ExtentManager sendReq - ******************************START******************************
[INFO] 2018-03-30 16:53:44,610 ExtentManager sendReq - Request : m2m Register benificiary search
[INFO] 2018-03-30 16:53:44,611 ExtentManager sendReq - Hmaced Request : 87163a6a3a43ba980de53eeb41872b3aa75f5daf0b61dc1ca6324fbef93b0a1b*!9894060407APF1;Y;15316170605690416310253121025515855714;P;001;463795;123457;4.0;2478623864983269;74626680241266825922343098543533401000
[INFO] 2018-03-30 16:53:45,464 ExtentManager sendReq - Response received from Server : F100;P;FTBeneficiary;1;N;TXNID:808916246036;BID:C463795
[INFO] 2018-03-30 16:53:45,464 ExtentManager sendReq - Transaction ID : 808916246036
[INFO] 2018-03-30 16:53:45,516 ExtentManager sendReq - ******************************END********************************

[INFO] 2018-03-30 16:53:45,518 ExtentManager sendReq - ******************************START******************************
[INFO] 2018-03-30 16:53:45,519 ExtentManager sendReq - Request : m2m benificiary payment
[INFO] 2018-03-30 16:53:45,519 ExtentManager sendReq - Hmaced Request : b3ce1fe86ad8ef2d5b1046b4092a4a49977da4c525b27c15eb5601ab76c31cde*!9894060407APFT;Y;15316170605690416310253121025515855714;10;test   ;FTBeneficiary;463795;123457;4.0;2478623864983269;5727279282392501571011930073682567889
[INFO] 2018-03-30 16:53:48,026 ExtentManager sendReq - Response received from Server : FT00;Fund Transfer to rest - +918778602561 successful. Rs. 10.00 debited from 2478XXX864983269;30/03/2018 16:54;TXNID:808916246037;BID:C463795
[INFO] 2018-03-30 16:53:48,027 ExtentManager sendReq - Transaction ID : 808916246037
[INFO] 2018-03-30 16:53:48,097 ExtentManager sendReq - ******************************END********************************

[INFO] 2018-03-30 16:53:48,102 ExtentManager sendReq - ******************************START******************************
[INFO] 2018-03-30 16:53:48,103 ExtentManager sendReq - Request : m2m benificiary search
[INFO] 2018-03-30 16:53:48,104 ExtentManager sendReq - Hmaced Request : 2ad3344d352f9c8a1bd34e694f109630057980c1083feb5b8fa4f3b54aed66cd*!9894060407APD5;Y;15316170605690416310253121025515855714;;001;463795;123457;4.0;2478623864983269;162041414697276909232724068429022129113
[INFO] 2018-03-30 16:53:49,061 ExtentManager sendReq - Response received from Server : D500; ;FTBeneficiary*8778602561;1;N;TXNID:808916246038;BID:C463795
[INFO] 2018-03-30 16:53:49,062 ExtentManager sendReq - Transaction ID : 808916246038
[INFO] 2018-03-30 16:53:49,126 ExtentManager sendReq - ******************************END********************************

[INFO] 2018-03-30 16:53:49,131 ExtentManager sendReq - ******************************START******************************
[INFO] 2018-03-30 16:53:49,131 ExtentManager sendReq - Request : m2m benificiary search
[INFO] 2018-03-30 16:53:49,133 ExtentManager sendReq - Hmaced Request : ced217078c9b7e4db10088283f3f7ecd3e970f1af7a377c07b742f765a841eb8*!9894060407APD5;Y;15316170605690416310253121025515855714;FTBeneficiary;001;463795;123457;4.0;2478623864983269;200836870340084364336528611272453396508
[INFO] 2018-03-30 16:53:50,195 ExtentManager sendReq - Response received from Server : D500;FTBeneficiary;FTBeneficiary*8778602561;1;N;TXNID:808916246039;BID:C463795
[INFO] 2018-03-30 16:53:50,196 ExtentManager sendReq - Transaction ID : 808916246039
[INFO] 2018-03-30 16:53:50,256 ExtentManager sendReq - ******************************END********************************

[INFO] 2018-03-30 16:53:50,261 ExtentManager sendReq - ******************************START******************************
[INFO] 2018-03-30 16:53:50,261 ExtentManager sendReq - Request : m2m benificiary delete search
[INFO] 2018-03-30 16:53:50,262 ExtentManager sendReq - Hmaced Request : 8fdbf13af67dc55766a13e838207a91294e58685bf2a1560822d46e261024051*!9894060407AP2L;Y;15316170605690416310253121025515855714;;001;463795;123457;4.0;2478623864983269;80301412968664018326017124048206050741
[INFO] 2018-03-30 16:53:51,089 ExtentManager sendReq - Response received from Server : 2L00; ;FTBeneficiary;1;N;TXNID:808916246040;BID:C463795
[INFO] 2018-03-30 16:53:51,090 ExtentManager sendReq - Transaction ID : 808916246040
[INFO] 2018-03-30 16:53:51,156 ExtentManager sendReq - ******************************END********************************

[INFO] 2018-03-30 16:53:51,161 ExtentManager sendReq - ******************************START******************************
[INFO] 2018-03-30 16:53:51,162 ExtentManager sendReq - Request : m2m benificiary delete search
[INFO] 2018-03-30 16:53:51,163 ExtentManager sendReq - Hmaced Request : f8f45352ac3769384d8a61c214fe0cee81d9907ba24c0216b8047ab3ffaf0c47*!9894060407AP2L;Y;15316170605690416310253121025515855714;FTBeneficiary;001;463795;123457;4.0;2478623864983269;2310206235502974676452302618548794401
[INFO] 2018-03-30 16:53:52,016 ExtentManager sendReq - Response received from Server : 2L00;FTBeneficiary;FTBeneficiary;1;N;TXNID:808916246041;BID:C463795
[INFO] 2018-03-30 16:53:52,016 ExtentManager sendReq - Transaction ID : 808916246041
[INFO] 2018-03-30 16:53:52,070 ExtentManager sendReq - ******************************END********************************

[INFO] 2018-03-30 16:53:52,072 ExtentManager sendReq - ******************************START******************************
[INFO] 2018-03-30 16:53:52,072 ExtentManager sendReq - Request : M2M benificiary delete
[INFO] 2018-03-30 16:53:52,072 ExtentManager sendReq - Hmaced Request : 7a5a7b0d2be24418925ab95bd9ddc6e4e5c8572ced20b8e1629397fa419b0135*!9894060407AP2D;Y;15316170605690416310253121025515855714;FTBeneficiary;463795;123457;4.0;2478623864983269;192355816887904294641539280020146228235
[INFO] 2018-03-30 16:53:52,914 ExtentManager sendReq - Response received from Server : 2D00;Beneficiary FTBeneficiary deleted successfully;30/03/2018 16:54;TXNID:808916246042;BID:C463795
[INFO] 2018-03-30 16:53:52,914 ExtentManager sendReq - Transaction ID : 808916246042
[INFO] 2018-03-30 16:53:52,966 ExtentManager sendReq - ******************************END********************************

[INFO] 2018-03-30 16:53:52,967 ExtentManager sendReq - ******************************START******************************
[INFO] 2018-03-30 16:53:52,968 ExtentManager sendReq - Request : P2A Quick FT
[INFO] 2018-03-30 16:53:52,968 ExtentManager sendReq - Hmaced Request : 6ec7512275aba9a274549b244d2e496d259c077dafb3cbfa5af95a3b3c70b48b*!9894060407APQT;Y;15316170605690416310253121025515855714;3286478326489632;10;10;test   ;001;463795;123457;4.0;2478623864983269;151446567993385532325954382297664510239
[INFO] 2018-03-30 16:53:55,680 ExtentManager sendReq - Response received from Server : QT00;Fund Transfer to 3286XXX326489632 - successful. Rs. 10.00 debited from 2478XXX864983269;30/03/2018 16:55;TXNID:808916246043;BID:C463795
[INFO] 2018-03-30 16:53:55,680 ExtentManager sendReq - Transaction ID : 808916246043
[INFO] 2018-03-30 16:53:55,746 ExtentManager sendReq - ******************************END********************************

[INFO] 2018-03-30 16:53:55,751 ExtentManager sendReq - ******************************START******************************
[INFO] 2018-03-30 16:53:55,752 ExtentManager sendReq - Request : m2a benificary registration search
[INFO] 2018-03-30 16:53:55,753 ExtentManager sendReq - Hmaced Request : 0331260072070e6d3bfd603af267c5d763cf5966aa04ed3114fb4341c670d6ae*!9894060407APRA;Y;15316170605690416310253121025515855714;463795;3286478326489632;10;FTBeneficiary;463795;123457;4.0;2478623864983269;198720721114646797980555941391273246683
[INFO] 2018-03-30 16:53:57,401 ExtentManager sendReq - Response received from Server : RA00;FTBeneficiary;3286478326489632;10;FTBeneficiary;30/03/2018 16:55;TXNID:808916246044;BID:C463795
[INFO] 2018-03-30 16:53:57,401 ExtentManager sendReq - Transaction ID : 808916246044
[INFO] 2018-03-30 16:53:57,452 ExtentManager sendReq - ******************************END********************************

[INFO] 2018-03-30 16:53:57,454 ExtentManager sendReq - ******************************START******************************
[INFO] 2018-03-30 16:53:57,454 ExtentManager sendReq - Request : m2a benificiary req
[INFO] 2018-03-30 16:53:57,454 ExtentManager sendReq - Hmaced Request : 7a0368c2e68954991b1e54955a7006067fe078ecc10525245a471c87e469fb70*!9894060407APC2;Y;15316170605690416310253121025515855714;463795;3286478326489632;10;FTBeneficiary;463795;123457;4.0;2478623864983269;15114921397766757164819753453798189030
[INFO] 2018-03-30 16:53:58,294 ExtentManager sendReq - Response received from Server : C200;Beneficiary FTBeneficiary added successfully;30/03/2018 16:55;TXNID:808916246045;BID:C463795
[INFO] 2018-03-30 16:53:58,295 ExtentManager sendReq - Transaction ID : 808916246045
[INFO] 2018-03-30 16:53:58,354 ExtentManager sendReq - ******************************END********************************

[INFO] 2018-03-30 16:53:58,356 ExtentManager sendReq - ******************************START******************************
[INFO] 2018-03-30 16:53:58,356 ExtentManager sendReq - Request : m2a benificiary payment search
[INFO] 2018-03-30 16:53:58,357 ExtentManager sendReq - Hmaced Request : c8e03bd4efefc98b0f4ffa06aba491b2cf9aa93402efab0a2c6b6727ed8382fa*!9894060407APF2;Y;15316170605690416310253121025515855714;F;001;463795;123457;4.0;2478623864983269;24413000092509767806954654711422373306
[INFO] 2018-03-30 16:53:59,214 ExtentManager sendReq - Response received from Server : F200;F;FTBeneficiary;1;N;TXNID:808916246046;BID:C463795
[INFO] 2018-03-30 16:53:59,214 ExtentManager sendReq - Transaction ID : 808916246046
[INFO] 2018-03-30 16:53:59,277 ExtentManager sendReq - ******************************END********************************

[INFO] 2018-03-30 16:53:59,283 ExtentManager sendReq - ******************************START******************************
[INFO] 2018-03-30 16:53:59,284 ExtentManager sendReq - Request : m2a benificiary payment
[INFO] 2018-03-30 16:53:59,285 ExtentManager sendReq - Hmaced Request : eef9a91d6bee80476b36eb494b3bbe3fc17e92d011eec22c044cf30f9653b36c*!9894060407APFA;Y;15316170605690416310253121025515855714;10;test   ;FTBeneficiary;463795;123457;4.0;2478623864983269;49240759402351389141247982671995375821
[INFO] 2018-03-30 16:54:01,699 ExtentManager sendReq - Response received from Server : FA00;Fund Transfer to FTBeneficiary - successful. Rs. 10.00 debited from 2478XXX864983269;30/03/2018 16:55;TXNID:808916246047;BID:C463795
[INFO] 2018-03-30 16:54:01,700 ExtentManager sendReq - Transaction ID : 808916246047
[INFO] 2018-03-30 16:54:01,762 ExtentManager sendReq - ******************************END********************************

[INFO] 2018-03-30 16:54:01,766 ExtentManager sendReq - ******************************START******************************
[INFO] 2018-03-30 16:54:01,766 ExtentManager sendReq - Request : m2a benificiary details Without Keyword
[INFO] 2018-03-30 16:54:01,767 ExtentManager sendReq - Hmaced Request : 9b33edaef921fe2aa4aa2f49d905cc7e0383d40bc628a3842f1bdaa2183635a4*!9894060407APD6;Y;15316170605690416310253121025515855714;;001;463795;123457;4.0;2478623864983269;165677157634596176504584601964843868394
[INFO] 2018-03-30 16:54:02,620 ExtentManager sendReq - Response received from Server : D600; ;FTBeneficiary*3286478326489632*10;1;N;TXNID:808916246048;BID:C463795
[INFO] 2018-03-30 16:54:02,620 ExtentManager sendReq - Transaction ID : 808916246048
[INFO] 2018-03-30 16:54:02,685 ExtentManager sendReq - ******************************END********************************

[INFO] 2018-03-30 16:54:02,690 ExtentManager sendReq - ******************************START******************************
[INFO] 2018-03-30 16:54:02,690 ExtentManager sendReq - Request : m2a benificiary details With Keyword
[INFO] 2018-03-30 16:54:02,692 ExtentManager sendReq - Hmaced Request : d37c3ab038b4001101e73f9b44c24247242882878a03ff4c046a5fcbadff8b9d*!9894060407APD6;Y;15316170605690416310253121025515855714;FTBeneficiary;001;463795;123457;4.0;2478623864983269;98602324888031802836409412016295604043
[INFO] 2018-03-30 16:54:03,525 ExtentManager sendReq - Response received from Server : D600;FTBeneficiary;FTBeneficiary*3286478326489632*10;1;N;TXNID:808916246049;BID:C463795
[INFO] 2018-03-30 16:54:03,525 ExtentManager sendReq - Transaction ID : 808916246049
[INFO] 2018-03-30 16:54:03,584 ExtentManager sendReq - ******************************END********************************

[INFO] 2018-03-30 16:54:03,587 ExtentManager sendReq - ******************************START******************************
[INFO] 2018-03-30 16:54:03,587 ExtentManager sendReq - Request : m2a benificiary deregistration search without keyword
[INFO] 2018-03-30 16:54:03,588 ExtentManager sendReq - Hmaced Request : 3641c79fc52e297c1b4c2eb3a75b49032cac0ef472dc51136af1ea8f55188328*!9894060407AP3L;Y;15316170605690416310253121025515855714;;001;463795;123457;4.0;2478623864983269;4926289261471848592572928946605866417
[INFO] 2018-03-30 16:54:04,425 ExtentManager sendReq - Response received from Server : 3L00; ;FTBeneficiary;1;N;TXNID:808916246050;BID:C463795
[INFO] 2018-03-30 16:54:04,425 ExtentManager sendReq - Transaction ID : 808916246050
[INFO] 2018-03-30 16:54:04,483 ExtentManager sendReq - ******************************END********************************

[INFO] 2018-03-30 16:54:04,488 ExtentManager sendReq - ******************************START******************************
[INFO] 2018-03-30 16:54:04,489 ExtentManager sendReq - Request : m2a benificiary deregistration search with keyword
[INFO] 2018-03-30 16:54:04,489 ExtentManager sendReq - Hmaced Request : f61bdf9d4e99c72bb608da0c3b7cf0bfbf913d84f13dfeab90cbb94cb8c4d009*!9894060407AP3L;Y;15316170605690416310253121025515855714;FTBeneficiary;001;463795;123457;4.0;2478623864983269;157326727033515994358587182456183314953
[INFO] 2018-03-30 16:54:05,361 ExtentManager sendReq - Response received from Server : 3L00;FTBeneficiary;FTBeneficiary;1;N;TXNID:808916246051;BID:C463795
[INFO] 2018-03-30 16:54:05,362 ExtentManager sendReq - Transaction ID : 808916246051
[INFO] 2018-03-30 16:54:05,425 ExtentManager sendReq - ******************************END********************************

[INFO] 2018-03-30 16:54:05,429 ExtentManager sendReq - ******************************START******************************
[INFO] 2018-03-30 16:54:05,435 ExtentManager sendReq - Request : m2a benificiary deregistration search with keyword
[INFO] 2018-03-30 16:54:05,436 ExtentManager sendReq - Hmaced Request : f250684fab33c00fb6cbbb439275ffa7367c48ba260b7267335c366f989c8f3b*!9894060407AP3D;Y;15316170605690416310253121025515855714;FTBeneficiary;463795;123457;4.0;2478623864983269;174256793821682023365372109972998253769
[INFO] 2018-03-30 16:54:06,417 ExtentManager sendReq - Response received from Server : 3D00;Beneficiary FTBeneficiary deleted successfully;30/03/2018 16:55;TXNID:808916246052;BID:C463795
[INFO] 2018-03-30 16:54:06,418 ExtentManager sendReq - Transaction ID : 808916246052
[INFO] 2018-03-30 16:54:06,479 ExtentManager sendReq - ******************************END********************************

[INFO] 2018-03-30 16:54:06,483 ExtentManager sendReq - ******************************START******************************
[INFO] 2018-03-30 16:54:06,484 ExtentManager sendReq - Request : NEFT benificiary registration
[INFO] 2018-03-30 16:54:06,485 ExtentManager sendReq - Hmaced Request : a903c216fe5a0049854b60f69a566d26186723d18b85424a7110bae076cb24c9*!9894060407APQ2;Y;15316170605690416310253121025515855714;32864783264;SA;HDFC0000001;NeftBeneficiary;463795;123457;4.0;2478623864983269;67195316300375354211732486250094680780
[INFO] 2018-03-30 16:54:07,471 ExtentManager sendReq - Response received from Server : Q200;HDFC BANK LTD.;MUMBAI;32864783264;SA;HDFC0000001;NeftBeneficiary;HDFC;30/03/2018 16:55;TXNID:808916246053;BID:C463795
[INFO] 2018-03-30 16:54:07,472 ExtentManager sendReq - Transaction ID : 808916246053
[INFO] 2018-03-30 16:54:07,532 ExtentManager sendReq - ******************************END********************************

[INFO] 2018-03-30 16:54:07,533 ExtentManager sendReq - ******************************START******************************
[INFO] 2018-03-30 16:54:07,534 ExtentManager sendReq - Request : NEFT benificiary registration confirm
[INFO] 2018-03-30 16:54:07,534 ExtentManager sendReq - Hmaced Request : 1c94d7e68ca17fca6e0f774e9826a1c81130cbdb176f2a6873995c302b37ada1*!9894060407APQ3;Y;15316170605690416310253121025515855714;32864783264;SA;HDFC0000001;NeftBeneficiary;463795;123457;4.0;2478623864983269;134467431958572114067712948697170863920
[INFO] 2018-03-30 16:54:08,602 ExtentManager sendReq - Response received from Server : Q300;Beneficiary successfully created. Payment can be made after 1 hours;30/03/2018 16:55;TXNID:808916246054;BID:C463795
[INFO] 2018-03-30 16:54:08,602 ExtentManager sendReq - Transaction ID : 808916246054
[INFO] 2018-03-30 16:54:08,654 ExtentManager sendReq - ******************************END********************************

[INFO] 2018-03-30 16:54:08,656 ExtentManager sendReq - ******************************START******************************
[INFO] 2018-03-30 16:54:08,656 ExtentManager sendReq - Request : NEFT benificiary list
[INFO] 2018-03-30 16:54:08,656 ExtentManager sendReq - Hmaced Request : 6f346d9b6a23c9e3c3fc634a6c39e185a38cae177759c091ebeec8d56110ebeb*!9894060407APQ7;Y;15316170605690416310253121025515855714;P;001;463795;123457;4.0;2478623864983269;197406344779189659558507127258553532342
[INFO] 2018-03-30 16:54:09,536 ExtentManager sendReq - Response received from Server : Q700;P;NeftBeneficiary#nefttest;1;N;TXNID:808916246055;BID:C463795
[INFO] 2018-03-30 16:54:09,536 ExtentManager sendReq - Transaction ID : 808916246055
[INFO] 2018-03-30 16:54:09,588 ExtentManager sendReq - ******************************END********************************

[INFO] 2018-03-30 16:54:09,590 ExtentManager sendReq - ******************************START******************************
[INFO] 2018-03-30 16:54:09,590 ExtentManager sendReq - Request : NEFT benificiary payment
[INFO] 2018-03-30 16:54:09,590 ExtentManager sendReq - Hmaced Request : 9ed805e6dfad4bc7616bbac57520712be09434ad3935d115d0c47fc0f274fcb7*!9894060407APQ8;Y;15316170605690416310253121025515855714;30;NeftTest;NeftBeneficiary;463795;123457;4.0;2478623864983269;132729585509622447846589726537080943848
[INFO] 2018-03-30 16:54:10,456 ExtentManager sendReq - Response received from Server : Q832;Beneficiary not activated yet. Please try after sometime;30/03/2018 16:55;TXNID:808916246056;BID:C463795
[INFO] 2018-03-30 16:54:10,457 ExtentManager sendReq - Transaction ID : 808916246056
[INFO] 2018-03-30 16:54:10,516 ExtentManager sendReq - ******************************END********************************

[INFO] 2018-03-30 16:54:10,521 ExtentManager sendReq - ******************************START******************************
[INFO] 2018-03-30 16:54:10,521 ExtentManager sendReq - Request : NEFT benificiary detail
[INFO] 2018-03-30 16:54:10,522 ExtentManager sendReq - Hmaced Request : c340230845e54ad013adaf6c58b8698dd48f382ea57234bccb53fcbfcec4621a*!9894060407APNL;Y;15316170605690416310253121025515855714;NeftBeneficiary;001;463795;123457;4.0;2478623864983269;10564819199485891501753330760265729611
[INFO] 2018-03-30 16:54:11,510 ExtentManager sendReq - Response received from Server : NL00;NeftBeneficiary;NeftBeneficiary*HDFC BANK LTD.*MUMBAI*32864783264*SA*HDFC0000001;1;N;TXNID:808916246057;BID:C463795
[INFO] 2018-03-30 16:54:11,510 ExtentManager sendReq - Transaction ID : 808916246057
[INFO] 2018-03-30 16:54:11,573 ExtentManager sendReq - ******************************END********************************

[INFO] 2018-03-30 16:54:11,577 ExtentManager sendReq - ******************************START******************************
[INFO] 2018-03-30 16:54:11,577 ExtentManager sendReq - Request : NEFT benificiary de-registration list
[INFO] 2018-03-30 16:54:11,577 ExtentManager sendReq - Hmaced Request : 1e6adeba4b23bccb72b1338d07bb0fc124e4e697d4ea3912e328fb029677292d*!9894060407AP4L;Y;15316170605690416310253121025515855714;;001;463795;123457;4.0;2478623864983269;132413991227317564494523380577749765113
[INFO] 2018-03-30 16:54:12,441 ExtentManager sendReq - Response received from Server : 4L00; ;NeftBeneficiary#nefttest;1;N;TXNID:808916246058;BID:C463795
[INFO] 2018-03-30 16:54:12,441 ExtentManager sendReq - Transaction ID : 808916246058
[INFO] 2018-03-30 16:54:12,503 ExtentManager sendReq - ******************************END********************************

[INFO] 2018-03-30 16:54:12,508 ExtentManager sendReq - ******************************START******************************
[INFO] 2018-03-30 16:54:12,508 ExtentManager sendReq - Request : NEFT benificiary de-registration confirm
[INFO] 2018-03-30 16:54:12,510 ExtentManager sendReq - Hmaced Request : 4090ed21ebdafb3d55d3a6a54abf01c4f5343fe5d36bfdab2cb918c90a2ab1c4*!9894060407AP4D;Y;15316170605690416310253121025515855714;NeftBeneficiary;463795;123457;4.0;2478623864983269;135283072162926934535907047094878035494
[INFO] 2018-03-30 16:54:13,582 ExtentManager sendReq - Response received from Server : 4D00;Beneficiary NeftBeneficiary deleted successfully;30/03/2018 16:55;TXNID:808916246059;BID:C463795
[INFO] 2018-03-30 16:54:13,582 ExtentManager sendReq - Transaction ID : 808916246059
[INFO] 2018-03-30 16:54:13,646 ExtentManager sendReq - ******************************END********************************

[INFO] 2018-03-30 17:05:24,464 ExtentManager endReport - Launching report
[INFO] 2018-03-30 17:06:19,358 ExtentManager endReport - Sending mail was canceled
