[INFO] 2018-03-30 13:11:28,471 ExtentManager setUp - Running Mobile banking API Automation testing on mPAY 4.0

[INFO] 2018-03-30 13:11:28,634 ExtentManager sendReq - ******************************START******************************
[INFO] 2018-03-30 13:11:28,634 ExtentManager sendReq - Request : Generate MMID
[INFO] 2018-03-30 13:11:29,279 ExtentManager sendReq - Hmaced Request : f9736a82ed52dd165dcdc81836244131eb68bfba752e8e1cd3fa6d5a7810aafc*!9894060407APIM;Y;15316170605690416310253121025515855714;001;463795;123457;4.0;2478623864983269;96698991313980891154412372961366359745
[INFO] 2018-03-30 13:11:30,358 ExtentManager sendReq - Response received from Server : IM00;5012XXXXXX349283*9060124#2011XXXXX800065*9060148#5012XXXXXX000000*9060159#5012XXXXXX849862*9060308#5012XXXXXX849860*9060325#2478XXXXXX983269*9060387#2011XXXXX800005*9060427#5012XXXXXX849800*9060488#5012XXXXXX349826*9060683#5012XXXXXX849822*9060831;1;N;30/03/2018 13:12;TXNID:808913245678;BID:C463795
[INFO] 2018-03-30 13:11:30,359 ExtentManager sendReq - Transaction ID : 808913245678
[INFO] 2018-03-30 13:11:30,360 ExtentManager sendReq - ******************************END********************************

[INFO] 2018-03-30 13:11:30,361 ExtentManager sendReq - ******************************START******************************
[INFO] 2018-03-30 13:11:30,362 ExtentManager sendReq - Request : IMPSP2PInstantPayment
[INFO] 2018-03-30 13:11:30,365 ExtentManager sendReq - Hmaced Request : 235e637351bde73dab73ef8c12e3b4fad9001b45f9adce3773dffb618c8eb0ba*!9894060407APQI;Y;15316170605690416310253121025515855714;9894011000;9240123;20;IMPSTest;463795;123457;4.0;2478623864983269;36757070146575406069328864833692236748
[INFO] 2018-03-30 13:11:33,979 ExtentManager sendReq - Response received from Server : QI00;Your a/c no. XXXXXXXX3269 is debited for Rs. 25.00 on 30-03-18 and a/c linked to mobile 9XXXXXX000 credited (IMPS Ref no 808913245679);30/03/2018 13:12;TXNID:808913245679;BID:C463795
[INFO] 2018-03-30 13:11:33,979 ExtentManager sendReq - Transaction ID : 808913245679
[INFO] 2018-03-30 13:11:33,979 ExtentManager sendReq - ******************************END********************************

[INFO] 2018-03-30 13:11:33,985 ExtentManager sendReq - ******************************START******************************
[INFO] 2018-03-30 13:11:33,985 ExtentManager sendReq - Request : IMPSP2PAddBeneficiaryPreConfirmation
[INFO] 2018-03-30 13:11:33,986 ExtentManager sendReq - Hmaced Request : 392e9710a52777564e08debd7112d1ea6b962a0cfbb1ca6b0f54925574215013*!9894060407APW1;Y;15316170605690416310253121025515855714;9240123;9894011000;IMPSBenenficiary;463795;123457;4.0;2478623864983269;44356095009049423947899102817076378252
[INFO] 2018-03-30 13:11:34,955 ExtentManager sendReq - Response received from Server : W100;HDFC Bank;9240123;9894011000;IMPSBenenficiary;30/03/2018 13:12;TXNID:808913245680;BID:C463795
[INFO] 2018-03-30 13:11:34,956 ExtentManager sendReq - Transaction ID : 808913245680
[INFO] 2018-03-30 13:11:34,956 ExtentManager sendReq - ******************************END********************************

[INFO] 2018-03-30 13:11:34,959 ExtentManager sendReq - ******************************START******************************
[INFO] 2018-03-30 13:11:34,959 ExtentManager sendReq - Request : IMPSP2PAddBeneficiaryconfirmation
[INFO] 2018-03-30 13:11:34,961 ExtentManager sendReq - Hmaced Request : d9b5a9e679081e95b0cc1a641fbd9456be801cbebb8c5156d91c806c6e44a401*!9894060407APW2;Y;15316170605690416310253121025515855714;9240123;9894011000;IMPSBenenficiary;463795;123457;4.0;2478623864983269;167634381992260828834201244795766478997
[INFO] 2018-03-30 13:11:35,835 ExtentManager sendReq - Response received from Server : W200;Beneficiary IMPSBenenficiary added successfully;30/03/2018 13:12;TXNID:808913245681;BID:C463795
[INFO] 2018-03-30 13:11:35,836 ExtentManager sendReq - Transaction ID : 808913245681
[INFO] 2018-03-30 13:11:35,836 ExtentManager sendReq - ******************************END********************************

[INFO] 2018-03-30 13:11:35,838 ExtentManager sendReq - ******************************START******************************
[INFO] 2018-03-30 13:11:35,838 ExtentManager sendReq - Request : IMPSP2PBeneficiaryPaymentListenquiry
[INFO] 2018-03-30 13:11:35,839 ExtentManager sendReq - Hmaced Request : f1031293c28faa028e0cc5c4f8314262d42c6e2aa755dc1563bd8216f4132ccb*!9894060407APW3;Y;15316170605690416310253121025515855714;P;IMPSBenenficiary;001;463795;123457;4.0;2478623864983269;78291166898635897361811636920303993219
[INFO] 2018-03-30 13:11:37,283 ExtentManager sendReq - Response received from Server : W300;P;IMPSBenenficiary;impsbenenficiary;1;N;TXNID:808913245682;BID:C463795
[INFO] 2018-03-30 13:11:37,284 ExtentManager sendReq - Transaction ID : 808913245682
[INFO] 2018-03-30 13:11:37,284 ExtentManager sendReq - ******************************END********************************

[INFO] 2018-03-30 13:11:37,287 ExtentManager sendReq - ******************************START******************************
[INFO] 2018-03-30 13:11:37,288 ExtentManager sendReq - Request : IMPSP2PBeneficiaryPaymentListenquiry
[INFO] 2018-03-30 13:11:37,289 ExtentManager sendReq - Hmaced Request : 52c47da838a97fa45199628d0047e95cd8f6be1b97e0d375689bb5634a7ddc21*!9894060407APW3;Y;15316170605690416310253121025515855714;P;;001;463795;123457;4.0;2478623864983269;61811980405095990507399656132278668799
[INFO] 2018-03-30 13:11:38,483 ExtentManager sendReq - Response received from Server : W300;P; ;impsbenenficiary;1;N;TXNID:808913245683;BID:C463795
[INFO] 2018-03-30 13:11:38,484 ExtentManager sendReq - Transaction ID : 808913245683
[INFO] 2018-03-30 13:11:38,485 ExtentManager sendReq - ******************************END********************************

[INFO] 2018-03-30 13:11:38,497 ExtentManager sendReq - ******************************START******************************
[INFO] 2018-03-30 13:11:38,498 ExtentManager sendReq - Request : IMPSP2PBeneficiaryPaymentConfirmation
[INFO] 2018-03-30 13:11:38,501 ExtentManager sendReq - Hmaced Request : 45aad88c739f0021f68596fcbcf179dc7d3bd6bd1b647b0e1cf279437243ae78*!9894060407APW4;Y;15316170605690416310253121025515855714;20;IMPSTest;IMPSBenenficiary;463795;123457;4.0;2478623864983269;21635800014489856867165493228859065041
[INFO] 2018-03-30 13:11:42,395 ExtentManager sendReq - Response received from Server : W400;Your a/c no. XXXXXXXX3269 is debited for Rs. 20.00 on 30-03-18 and a/c linked to mobile 9XXXXXX000 credited (IMPS Ref no 808913245684);30/03/2018 13:12;TXNID:808913245684;BID:C463795
[INFO] 2018-03-30 13:11:42,397 ExtentManager sendReq - Transaction ID : 808913245684
[INFO] 2018-03-30 13:11:42,397 ExtentManager sendReq - ******************************END********************************

[INFO] 2018-03-30 13:11:42,404 ExtentManager sendReq - ******************************START******************************
[INFO] 2018-03-30 13:11:42,404 ExtentManager sendReq - Request : IMPSP2PBeneficiarySearchListenquiryWKw
[INFO] 2018-03-30 13:11:42,407 ExtentManager sendReq - Hmaced Request : 1590e4dc8836fc5a5e30c75aaa40cdcfd7f6ad4c02a92ed4a03ad250d0945f7b*!9894060407APD9;Y;15316170605690416310253121025515855714;IMPSBenenficiary;001;463795;123457;4.0;2478623864983269;48237436152492606457117416982401610204
[INFO] 2018-03-30 13:11:43,271 ExtentManager sendReq - Response received from Server : D900;IMPSBenenficiary;impsbenenficiary*HDFC Bank*9240123*9894011000;1;N;TXNID:808913245685;BID:C463795
[INFO] 2018-03-30 13:11:43,272 ExtentManager sendReq - Transaction ID : 808913245685
[INFO] 2018-03-30 13:11:43,272 ExtentManager sendReq - ******************************END********************************

[INFO] 2018-03-30 13:11:43,279 ExtentManager sendReq - ******************************START******************************
[INFO] 2018-03-30 13:11:43,280 ExtentManager sendReq - Request : IMPSP2PBeneficiarySearchListenquiryWoKw
[INFO] 2018-03-30 13:11:43,282 ExtentManager sendReq - Hmaced Request : da6c9da1b42599ca79196e8a3a16f5ada6a3999ba750004ef86bde37cf129b35*!9894060407APD9;Y;15316170605690416310253121025515855714;;001;463795;123457;4.0;2478623864983269;141871833308231612790492052752542471718
[INFO] 2018-03-30 13:11:44,232 ExtentManager sendReq - Response received from Server : D900; ;impsbenenficiary*HDFC Bank*9240123*9894011000;1;N;TXNID:808913245686;BID:C463795
[INFO] 2018-03-30 13:11:44,233 ExtentManager sendReq - Transaction ID : 808913245686
[INFO] 2018-03-30 13:11:44,233 ExtentManager sendReq - ******************************END********************************

[INFO] 2018-03-30 13:11:44,239 ExtentManager sendReq - ******************************START******************************
[INFO] 2018-03-30 13:11:44,240 ExtentManager sendReq - Request : IMPSP2PDeleteBeneficiaryListenquiry
[INFO] 2018-03-30 13:11:44,243 ExtentManager sendReq - Hmaced Request : 3d6476a735f6be8a102fb45df6db7c31d0e6ab14ee2d1ce51bfe7d80a953eb0c*!9894060407AP5L;Y;15316170605690416310253121025515855714;IMPSBenenficiary;001;463795;123457;4.0;2478623864983269;93807637299986713738579163733239729599
[INFO] 2018-03-30 13:11:45,289 ExtentManager sendReq - Response received from Server : 5L00;IMPSBenenficiary;impsbenenficiary;1;N;TXNID:808913245687;BID:C463795
[INFO] 2018-03-30 13:11:45,290 ExtentManager sendReq - Transaction ID : 808913245687
[INFO] 2018-03-30 13:11:45,290 ExtentManager sendReq - ******************************END********************************

[INFO] 2018-03-30 13:11:45,296 ExtentManager sendReq - ******************************START******************************
[INFO] 2018-03-30 13:11:45,297 ExtentManager sendReq - Request : IMPSP2PDeleteBeneficiaryListenquiry
[INFO] 2018-03-30 13:11:45,300 ExtentManager sendReq - Hmaced Request : 5394a7e037a3ee116ad36c661eb60a79c703203b279d9b374327721d40dfdb70*!9894060407AP5L;Y;15316170605690416310253121025515855714;;001;463795;123457;4.0;2478623864983269;194500432441469667200944360471433076055
[INFO] 2018-03-30 13:11:46,370 ExtentManager sendReq - Response received from Server : 5L00; ;impsbenenficiary;1;N;TXNID:808913245688;BID:C463795
[INFO] 2018-03-30 13:11:46,371 ExtentManager sendReq - Transaction ID : 808913245688
[INFO] 2018-03-30 13:11:46,371 ExtentManager sendReq - ******************************END********************************

[INFO] 2018-03-30 13:11:46,377 ExtentManager sendReq - ******************************START******************************
[INFO] 2018-03-30 13:11:46,378 ExtentManager sendReq - Request : IMPSP2PDeleteBeneficiaryConfirmation
[INFO] 2018-03-30 13:11:46,380 ExtentManager sendReq - Hmaced Request : e24b21e596efe0470ec5c195bb3151eef2ae7853e3b7dde89c3867da991e5203*!9894060407AP5D;Y;15316170605690416310253121025515855714;IMPSBenenficiary;463795;123457;4.0;2478623864983269;199729116460851078131789307519676804854
[INFO] 2018-03-30 13:11:47,419 ExtentManager sendReq - Response received from Server : 5D00;Beneficiary IMPSBenenficiary deleted successfully;30/03/2018 13:12;TXNID:808913245689;BID:C463795
[INFO] 2018-03-30 13:11:47,420 ExtentManager sendReq - Transaction ID : 808913245689
[INFO] 2018-03-30 13:11:47,421 ExtentManager sendReq - ******************************END********************************

[INFO] 2018-03-30 13:11:47,426 ExtentManager sendReq - ******************************START******************************
[INFO] 2018-03-30 13:11:47,427 ExtentManager sendReq - Request : Generate MMID
[INFO] 2018-03-30 13:11:47,430 ExtentManager sendReq - Hmaced Request : 9bcb9bd4f40a2e69a3db9db4ccc61512cc2d8341cefdf16e8ccd31598ebf26e8*!9894060407APIM;Y;15316170605690416310253121025515855714;001;463795;123457;4.0;2478623864983269;103155402612513032629222299414120876629
[INFO] 2018-03-30 13:11:48,508 ExtentManager sendReq - Response received from Server : IM00;5012XXXXXX349283*9060124#2011XXXXX800065*9060148#5012XXXXXX000000*9060159#5012XXXXXX849862*9060308#5012XXXXXX849860*9060325#2478XXXXXX983269*9060387#2011XXXXX800005*9060427#5012XXXXXX849800*9060488#5012XXXXXX349826*9060683#5012XXXXXX849822*9060831;1;N;30/03/2018 13:12;TXNID:808913245690;BID:C463795
[INFO] 2018-03-30 13:11:48,508 ExtentManager sendReq - Transaction ID : 808913245690
[INFO] 2018-03-30 13:11:48,509 ExtentManager sendReq - ******************************END********************************

[INFO] 2018-03-30 13:11:48,510 ExtentManager sendReq - ******************************START******************************
[INFO] 2018-03-30 13:11:48,510 ExtentManager sendReq - Request : IMPSP2AInstantPayment
[INFO] 2018-03-30 13:11:48,513 ExtentManager sendReq - Hmaced Request : e6514e7e7c5bc10051940778b06da54f8a932fdd5e2fc1d10a270c97c42433d2*!9894060407APK1;Y;15316170605690416310253121025515855714;9894012000000;SA;HDFC0000001;20;IMPSTest;463795;123457;4.0;2478623864983269;21604895110541606419253434969868839226
[INFO] 2018-03-30 13:11:52,128 ExtentManager sendReq - Response received from Server : K100;Your a/c no. XXXXXXXX3269 is debited for Rs. 25.00 on 30-03-18 and a/c XXXXXXX000 credited (IMPS Ref no 808913245691);30/03/2018 13:12;TXNID:808913245691;BID:C463795
[INFO] 2018-03-30 13:11:52,129 ExtentManager sendReq - Transaction ID : 808913245691
[INFO] 2018-03-30 13:11:52,130 ExtentManager sendReq - ******************************END********************************

[INFO] 2018-03-30 13:11:52,140 ExtentManager sendReq - ******************************START******************************
[INFO] 2018-03-30 13:11:52,140 ExtentManager sendReq - Request : IMPSP2AAddBeneficiary
[INFO] 2018-03-30 13:11:52,143 ExtentManager sendReq - Hmaced Request : f6b179e8c6b44a24a53166d3f12f6e8bd75e97ead9b3d65ef2f4241c09295de2*!9894060407APK2;Y;15316170605690416310253121025515855714;9894012000000;SA;HDFC0000001;IMPSBenenficiary;463795;123457;4.0;2478623864983269;139619249154750611907908551863947881677
[INFO] 2018-03-30 13:11:53,079 ExtentManager sendReq - Response received from Server : K200;9894012000000;SA;HDFC BANK LTD.;MUMBAI;HDFC0000001;IMPSBenenficiary;30/03/2018 13:12;TXNID:808913245692;BID:C463795
[INFO] 2018-03-30 13:11:53,080 ExtentManager sendReq - Transaction ID : 808913245692
[INFO] 2018-03-30 13:11:53,081 ExtentManager sendReq - ******************************END********************************

[INFO] 2018-03-30 13:11:53,086 ExtentManager sendReq - ******************************START******************************
[INFO] 2018-03-30 13:11:53,087 ExtentManager sendReq - Request : IMPSP2AAddBeneficiaryconfirmation
[INFO] 2018-03-30 13:11:53,090 ExtentManager sendReq - Hmaced Request : e2808bd076978355b118f2b9644396d313813db854981ae5616453afbcc7ef37*!9894060407APK3;Y;15316170605690416310253121025515855714;9894012000000;SA;HDFC0000001;IMPSBenenficiary;463795;123457;4.0;2478623864983269;51558165168411028748964463104582187279
[INFO] 2018-03-30 13:11:54,034 ExtentManager sendReq - Response received from Server : K300;Beneficiary IMPSBenenficiary added successfully;30/03/2018 13:12;TXNID:808913245693;BID:C463795
[INFO] 2018-03-30 13:11:54,034 ExtentManager sendReq - Transaction ID : 808913245693
[INFO] 2018-03-30 13:11:54,035 ExtentManager sendReq - ******************************END********************************

[INFO] 2018-03-30 13:11:54,041 ExtentManager sendReq - ******************************START******************************
[INFO] 2018-03-30 13:11:54,041 ExtentManager sendReq - Request : IMPSP2ABeneficiaryPaymentListenquiry
[INFO] 2018-03-30 13:11:54,044 ExtentManager sendReq - Hmaced Request : 93aa94132b5a15cd2cd000b3f144394f4e9652524c56f9a0a6d25d1774255ab6*!9894060407APK4;Y;15316170605690416310253121025515855714;IMPSBenenficiary;1;463795;123457;4.0;2478623864983269;121302161333657695497485212757854852832
[INFO] 2018-03-30 13:11:58,747 ExtentManager sendReq - Response received from Server : K400;IMPSBenenficiary;IMPSBenenficiary*HDFC0000001*9894012000000*SA;1;N;TXNID:808913245694;BID:C463795
[INFO] 2018-03-30 13:11:58,747 ExtentManager sendReq - Transaction ID : 808913245694
[INFO] 2018-03-30 13:11:58,748 ExtentManager sendReq - ******************************END********************************

[INFO] 2018-03-30 13:11:58,755 ExtentManager sendReq - ******************************START******************************
[INFO] 2018-03-30 13:11:58,755 ExtentManager sendReq - Request : IMPSP2ABeneficiaryPaymentListenquiry
[INFO] 2018-03-30 13:11:58,757 ExtentManager sendReq - Hmaced Request : 5fe9bc212912cad26214c906188aa4674f7d6edb6cc242a41c1a96aa30200472*!9894060407APK4;Y;15316170605690416310253121025515855714;;1;463795;123457;4.0;2478623864983269;41756332371754787992994872160687513867
[INFO] 2018-03-30 13:11:59,702 ExtentManager sendReq - Response received from Server : K400; ;IMPSBenenficiary*HDFC0000001*9894012000000*SA;1;N;TXNID:808913245695;BID:C463795
[INFO] 2018-03-30 13:11:59,703 ExtentManager sendReq - Transaction ID : 808913245695
[INFO] 2018-03-30 13:11:59,703 ExtentManager sendReq - ******************************END********************************

[INFO] 2018-03-30 13:11:59,711 ExtentManager sendReq - ******************************START******************************
[INFO] 2018-03-30 13:11:59,711 ExtentManager sendReq - Request : IMPSP2ABeneficiaryPaymentConfirmation
[INFO] 2018-03-30 13:11:59,713 ExtentManager sendReq - Hmaced Request : 8f1f989c94bf841cf327d8cc6527a749c73f731cb691b781ee0a951aaab76fac*!9894060407APK5;Y;15316170605690416310253121025515855714;IMPSBenenficiary;20;IMPSTest;463795;123457;4.0;2478623864983269;13267550770717946558003073519824746018
[INFO] 2018-03-30 13:12:03,113 ExtentManager sendReq - Response received from Server : K500;Your a/c no. XXXXXXXX3269 is debited for Rs. 20.00 on 30-03-18 and a/c XXXXXXX000 credited (IMPS Ref no 808913245696);30/03/2018 13:13;TXNID:808913245696;BID:C463795
[INFO] 2018-03-30 13:12:03,114 ExtentManager sendReq - Transaction ID : 808913245696
[INFO] 2018-03-30 13:12:03,114 ExtentManager sendReq - ******************************END********************************

[INFO] 2018-03-30 13:12:03,120 ExtentManager sendReq - ******************************START******************************
[INFO] 2018-03-30 13:12:03,121 ExtentManager sendReq - Request : IMPSP2ABeneficiarySearchListenquiry
[INFO] 2018-03-30 13:12:03,124 ExtentManager sendReq - Hmaced Request : 0789370cc48df4730001c5146ea496bf2dbee815c0349441c996fd5e48379b30*!9894060407AP4W;Y;15316170605690416310253121025515855714;;1;463795;123457;4.0;2478623864983269;31906135402935145051985239826963329151
[INFO] 2018-03-30 13:12:04,380 ExtentManager sendReq - Response received from Server : 4W00; ;IMPSBenenficiary*HDFC BANK LTD.*9894012000000*SA*HDFC0000001;1;N;TXNID:808913245697;BID:C463795
[INFO] 2018-03-30 13:12:04,381 ExtentManager sendReq - Transaction ID : 808913245697
[INFO] 2018-03-30 13:12:04,382 ExtentManager sendReq - ******************************END********************************

[INFO] 2018-03-30 13:12:04,387 ExtentManager sendReq - ******************************START******************************
[INFO] 2018-03-30 13:12:04,388 ExtentManager sendReq - Request : IMPSP2ABeneficiarySearchListenquiry
[INFO] 2018-03-30 13:12:04,390 ExtentManager sendReq - Hmaced Request : 0e5220d971e4bfb2c801dde5630ebe284437b016d7b2537919b0d041907617e6*!9894060407AP4W;Y;15316170605690416310253121025515855714;IMPSBenenficiary;1;463795;123457;4.0;2478623864983269;180041277990000508399692910407526993866
[INFO] 2018-03-30 13:12:05,344 ExtentManager sendReq - Response received from Server : 4W00;IMPSBenenficiary;IMPSBenenficiary*HDFC BANK LTD.*9894012000000*SA*HDFC0000001;1;N;TXNID:808913245698;BID:C463795
[INFO] 2018-03-30 13:12:05,345 ExtentManager sendReq - Transaction ID : 808913245698
[INFO] 2018-03-30 13:12:05,345 ExtentManager sendReq - ******************************END********************************

[INFO] 2018-03-30 13:12:05,351 ExtentManager sendReq - ******************************START******************************
[INFO] 2018-03-30 13:12:05,352 ExtentManager sendReq - Request : IMPSP2ADeleteBeneficiaryListenquiry
[INFO] 2018-03-30 13:12:05,354 ExtentManager sendReq - Hmaced Request : a925bb4a365f43500978e3fa358b4bfeb0fd480ad836887b49fd09d4b7b2ad34*!9894060407AP6L;Y;15316170605690416310253121025515855714;IMPSBenenficiary;1;463795;123457;4.0;2478623864983269;44179692794306785858808896688703566317
[INFO] 2018-03-30 13:12:06,627 ExtentManager sendReq - Response received from Server : 6L00;IMPSBenenficiary;IMPSBenenficiary;1;N;TXNID:808913245699;BID:C463795
[INFO] 2018-03-30 13:12:06,628 ExtentManager sendReq - Transaction ID : 808913245699
[INFO] 2018-03-30 13:12:06,628 ExtentManager sendReq - ******************************END********************************

[INFO] 2018-03-30 13:12:06,637 ExtentManager sendReq - ******************************START******************************
[INFO] 2018-03-30 13:12:06,637 ExtentManager sendReq - Request : IMPSP2ADeleteBeneficiaryConfirmation
[INFO] 2018-03-30 13:12:06,639 ExtentManager sendReq - Hmaced Request : 9781a39dbaadf3a6ba8261bba4554b9047bd6da8cf24fec86b9a401ea0f55c6d*!9894060407AP6D;Y;15316170605690416310253121025515855714;IMPSBenenficiary;463795;123457;4.0;2478623864983269;14732179957408022037860303237051063566
[INFO] 2018-03-30 13:12:07,702 ExtentManager sendReq - Response received from Server : 6D00;Beneficiary IMPSBenenficiary deleted successfully;30/03/2018 13:13;TXNID:808913245700;BID:C463795
[INFO] 2018-03-30 13:12:07,702 ExtentManager sendReq - Transaction ID : 808913245700
[INFO] 2018-03-30 13:12:07,702 ExtentManager sendReq - ******************************END********************************

[INFO] 2018-03-30 13:12:07,704 ExtentManager sendReq - ******************************START******************************
[INFO] 2018-03-30 13:12:07,704 ExtentManager sendReq - Request : IMPSP2UInstantPayment
[INFO] 2018-03-30 13:12:07,705 ExtentManager sendReq - Hmaced Request : 7168922cc624d0bad4598be2e602f7425b692a9ddaa6031ce2761d66185e6220*!9894060407AP1U;Y;15316170605690416310253121025515855714;989401300000;SA;20;IMPSTest;463795;123457;4.0;2478623864983269;129568445570210832709597952335009862098
[INFO] 2018-03-30 13:12:11,315 ExtentManager sendReq - Response received from Server : 1U00;Your a/c no. XXXXXXXX3269 is debited for Rs. 20.00 on 30-03-18 and a/c linked to AADHAAR XXXXXXX000 credited (IMPS Ref no 808913245701);30/03/2018 13:13;TXNID:808913245701;BID:C463795
[INFO] 2018-03-30 13:12:11,316 ExtentManager sendReq - Transaction ID : 808913245701
[INFO] 2018-03-30 13:12:11,316 ExtentManager sendReq - ******************************END********************************

[INFO] 2018-03-30 13:12:11,321 ExtentManager sendReq - ******************************START******************************
[INFO] 2018-03-30 13:12:11,322 ExtentManager sendReq - Request : impsP2UAddBenPreConf
[INFO] 2018-03-30 13:12:11,325 ExtentManager sendReq - Hmaced Request : 1b5ea755c716880d7851a2ff6cb32d32177b6308dd14b66efbc7011026e97332*!9894060407AP2U;Y;15316170605690416310253121025515855714;989401300000;SA;IMPSBenenficiary;463795;123457;4.0;2478623864983269;34910473931663204595556372455751331500
[INFO] 2018-03-30 13:12:12,258 ExtentManager sendReq - Response received from Server : 2U00;989401300000;SA;IMPSBenenficiary;30/03/2018 13:13;TXNID:808913245702;BID:C463795
[INFO] 2018-03-30 13:12:12,259 ExtentManager sendReq - Transaction ID : 808913245702
[INFO] 2018-03-30 13:12:12,260 ExtentManager sendReq - ******************************END********************************

[INFO] 2018-03-30 13:12:12,265 ExtentManager sendReq - ******************************START******************************
[INFO] 2018-03-30 13:12:12,266 ExtentManager sendReq - Request : IMPSP2UAddBeneficiaryconfirmation
[INFO] 2018-03-30 13:12:12,268 ExtentManager sendReq - Hmaced Request : 42efb78950bbbeae410eaad9f921df583055386b885df477d0c45ec0bbcd0d37*!9894060407AP3U;Y;15316170605690416310253121025515855714;989401300000;SA;IMPSBenenficiary;463795;123457;4.0;2478623864983269;187829062117685132835666358663594710704
[INFO] 2018-03-30 13:12:13,129 ExtentManager sendReq - Response received from Server : 3U00;Beneficiary IMPSBenenficiary added successfully;30/03/2018 13:13;TXNID:808913245703;BID:C463795
[INFO] 2018-03-30 13:12:13,130 ExtentManager sendReq - Transaction ID : 808913245703
[INFO] 2018-03-30 13:12:13,130 ExtentManager sendReq - ******************************END********************************

[INFO] 2018-03-30 13:12:13,137 ExtentManager sendReq - ******************************START******************************
[INFO] 2018-03-30 13:12:13,138 ExtentManager sendReq - Request : IMPSP2UBeneficiaryPaymentListenquiryWKw
[INFO] 2018-03-30 13:12:13,141 ExtentManager sendReq - Hmaced Request : 72537eeab8c27a4e2d40b9077cfab350b536756e68b0401de01f85e8bf5f19a1*!9894060407AP4U;Y;15316170605690416310253121025515855714;IMPSBenenficiary;001;463795;123457;4.0;2478623864983269;105041188646553528290291645120274714377
[INFO] 2018-03-30 13:12:13,994 ExtentManager sendReq - Response received from Server : 4U00;IMPSBenenficiary;IMPSBenenficiary;1;N;TXNID:808913245704;BID:C463795
[INFO] 2018-03-30 13:12:13,995 ExtentManager sendReq - Transaction ID : 808913245704
[INFO] 2018-03-30 13:12:13,995 ExtentManager sendReq - ******************************END********************************

[INFO] 2018-03-30 13:12:14,001 ExtentManager sendReq - ******************************START******************************
[INFO] 2018-03-30 13:12:14,002 ExtentManager sendReq - Request : IMPSP2UBeneficiaryPaymentListenquiryWoKw
[INFO] 2018-03-30 13:12:14,003 ExtentManager sendReq - Hmaced Request : 56e8e65c476011249c7fbe6d22e88491810d6aee19ac6c2ea291038ea189b229*!9894060407AP4U;Y;15316170605690416310253121025515855714;;001;463795;123457;4.0;2478623864983269;99746737047515326326582134487138265013
[INFO] 2018-03-30 13:12:14,861 ExtentManager sendReq - Response received from Server : 4U00; ;aadar#IMPSBenenficiary;1;N;TXNID:808913245705;BID:C463795
[INFO] 2018-03-30 13:12:14,862 ExtentManager sendReq - Transaction ID : 808913245705
[INFO] 2018-03-30 13:12:14,862 ExtentManager sendReq - ******************************END********************************

[INFO] 2018-03-30 13:12:14,868 ExtentManager sendReq - ******************************START******************************
[INFO] 2018-03-30 13:12:14,869 ExtentManager sendReq - Request : IMPSP2UAddBeneficiaryconfirmation
[INFO] 2018-03-30 13:12:14,872 ExtentManager sendReq - Hmaced Request : b55476614be3aef21891ca4f501231d17a9606100569df19740152936f7f1b19*!9894060407AP5U;Y;15316170605690416310253121025515855714;IMPSBenenficiary;20;IMPSTest;463795;123457;4.0;2478623864983269;128135670963698559479485842482205813325
[INFO] 2018-03-30 13:12:19,205 ExtentManager sendReq - Response received from Server : 5U00;Your a/c no. XXXXXXXX3269 is debited for Rs. 20.00 on 30-03-18 and a/c linked to AADHAAR XXXXXXX000 credited (IMPS Ref no 808913245706);30/03/2018 13:13;TXNID:808913245706;BID:C463795
[INFO] 2018-03-30 13:12:19,206 ExtentManager sendReq - Transaction ID : 808913245706
[INFO] 2018-03-30 13:12:19,206 ExtentManager sendReq - ******************************END********************************

[INFO] 2018-03-30 13:12:19,211 ExtentManager sendReq - ******************************START******************************
[INFO] 2018-03-30 13:12:19,212 ExtentManager sendReq - Request : IMPSP2UBeneficiarySearchListenquiry
[INFO] 2018-03-30 13:12:19,213 ExtentManager sendReq - Hmaced Request : e29dbe0a91d7debed913240fc18ac306bdb8c73f0d3bd8b721822730e8c07e25*!9894060407AP6U;Y;15316170605690416310253121025515855714;IMPSBenenficiary;001;463795;123457;4.0;2478623864983269;161310883267560740203186361907998356703
[INFO] 2018-03-30 13:12:20,072 ExtentManager sendReq - Response received from Server : 6U00;IMPSBenenficiary;IMPSBenenficiary*989401300000*SA;1;N;TXNID:808913245707;BID:C463795
[INFO] 2018-03-30 13:12:20,075 ExtentManager sendReq - Transaction ID : 808913245707
[INFO] 2018-03-30 13:12:20,075 ExtentManager sendReq - ******************************END********************************

[INFO] 2018-03-30 13:12:20,078 ExtentManager sendReq - ******************************START******************************
[INFO] 2018-03-30 13:12:20,079 ExtentManager sendReq - Request : IMPSP2UBeneficiarySearchListenquiryWoKw
[INFO] 2018-03-30 13:12:20,080 ExtentManager sendReq - Hmaced Request : ab2ec6b42c04bfa1f8716317bb4dd7d34d72c8bc4ef22b3b69d2d000db28ad68*!9894060407AP6U;Y;15316170605690416310253121025515855714;;001;463795;123457;4.0;2478623864983269;166093082184156032864457678001012080869
[INFO] 2018-03-30 13:12:20,919 ExtentManager sendReq - Response received from Server : 6U00; ;aadar*989403000002*SA#IMPSBenenficiary*989401300000*SA;1;N;TXNID:808913245708;BID:C463795
[INFO] 2018-03-30 13:12:20,919 ExtentManager sendReq - Transaction ID : 808913245708
[INFO] 2018-03-30 13:12:20,919 ExtentManager sendReq - ******************************END********************************

[INFO] 2018-03-30 13:12:20,922 ExtentManager sendReq - ******************************START******************************
[INFO] 2018-03-30 13:12:20,922 ExtentManager sendReq - Request : IMPSP2UDeleteBeneficiaryListenquiry
[INFO] 2018-03-30 13:12:20,923 ExtentManager sendReq - Hmaced Request : 5b458cd0a9e250a820f51fce473fd31b38e03878e1847ef718a3ca086e21a0fb*!9894060407AP7U;Y;15316170605690416310253121025515855714;IMPSBenenficiary;001;463795;123457;4.0;2478623864983269;191614539082670035941405883849944796184
[INFO] 2018-03-30 13:12:21,777 ExtentManager sendReq - Response received from Server : 7U00;IMPSBenenficiary;IMPSBenenficiary;1;N;TXNID:808913245709;BID:C463795
[INFO] 2018-03-30 13:12:21,777 ExtentManager sendReq - Transaction ID : 808913245709
[INFO] 2018-03-30 13:12:21,778 ExtentManager sendReq - ******************************END********************************

[INFO] 2018-03-30 13:12:21,781 ExtentManager sendReq - ******************************START******************************
[INFO] 2018-03-30 13:12:21,781 ExtentManager sendReq - Request : IMPSP2UDeleteBeneficiaryListenquiry
[INFO] 2018-03-30 13:12:21,782 ExtentManager sendReq - Hmaced Request : 7057bf842737c1f59fa86af7a64c83308b63b082ecf5fc41ba7bb51511b16f9e*!9894060407AP7U;Y;15316170605690416310253121025515855714;;001;463795;123457;4.0;2478623864983269;20645415838051285715200911035665053013
[INFO] 2018-03-30 13:12:22,644 ExtentManager sendReq - Response received from Server : 7U00; ;aadar#IMPSBenenficiary;1;N;TXNID:808913245710;BID:C463795
[INFO] 2018-03-30 13:12:22,645 ExtentManager sendReq - Transaction ID : 808913245710
[INFO] 2018-03-30 13:12:22,645 ExtentManager sendReq - ******************************END********************************

[INFO] 2018-03-30 13:12:22,651 ExtentManager sendReq - ******************************START******************************
[INFO] 2018-03-30 13:12:22,652 ExtentManager sendReq - Request : IMPSP2UDeleteBeneficiaryConfirmation
[INFO] 2018-03-30 13:12:22,653 ExtentManager sendReq - Hmaced Request : 218fd18abddc1833aea71d800e75dad43c78f20e167335eabea7771614233ebc*!9894060407AP8U;Y;15316170605690416310253121025515855714;IMPSBenenficiary;463795;123457;4.0;2478623864983269;131267830850455603760425409938810220902
[INFO] 2018-03-30 13:12:23,499 ExtentManager sendReq - Response received from Server : 8U00;Beneficiary IMPSBenenficiary deleted successfully;30/03/2018 13:13;TXNID:808913245711;BID:C463795
[INFO] 2018-03-30 13:12:23,500 ExtentManager sendReq - Transaction ID : 808913245711
[INFO] 2018-03-30 13:12:23,500 ExtentManager sendReq - ******************************END********************************

