[INFO] 2018-03-30 10:16:11,279 ExtentManager setUp - Running Mobile banking API Automation testing on mPAY 4.0

[INFO] 2018-03-30 10:16:11,427 ExtentManager sendReq - ******************************START******************************
[INFO] 2018-03-30 10:16:11,427 ExtentManager sendReq - Request : Generate MMID
[INFO] 2018-03-30 10:16:12,083 ExtentManager sendReq - Hmaced Request : 51b3ce6b1a5e3bf543878661d24fde1cebc7f8e7c88131eca69ee10a7bb548db*!9894060407APIM;Y;15316170605690416310253121025515855714;001;463795;123457;4.0;2478623864983269;127138326757461240906566092149454323255
[INFO] 2018-03-30 10:16:13,051 ExtentManager sendReq - Response received from Server : IM00;5012XXXXXX349283*9060124#2011XXXXX800065*9060148#5012XXXXXX000000*9060159#5012XXXXXX849862*9060308#5012XXXXXX849860*9060325#2478XXXXXX983269*9060387#2011XXXXX800005*9060427#5012XXXXXX849800*9060488#5012XXXXXX349826*9060683#5012XXXXXX849822*9060831;1;N;30/03/2018 10:17;TXNID:808910245548;BID:C463795
[INFO] 2018-03-30 10:16:13,051 ExtentManager sendReq - Transaction ID : 808910245548
[INFO] 2018-03-30 10:16:13,052 ExtentManager sendReq - ******************************END********************************

[INFO] 2018-03-30 10:16:13,052 ExtentManager sendReq - ******************************START******************************
[INFO] 2018-03-30 10:16:13,052 ExtentManager sendReq - Request : IMPSP2AInstantPayment
[INFO] 2018-03-30 10:16:13,053 ExtentManager sendReq - Hmaced Request : 2587bc7ada06ab1f1b738e4b686b208358336b37661ddc31bd9377869a2defbe*!9894060407APK1;Y;15316170605690416310253121025515855714;9894012000000;SA;HDFC0000001;20;IMPSTest;463795;123457;4.0;2478623864983269;8475946562782574140390490770461535467
[INFO] 2018-03-30 10:16:16,724 ExtentManager sendReq - Response received from Server : K100;Your a/c no. XXXXXXXX3269 is debited for Rs. 25.00 on 30-03-18 and a/c XXXXXXX000 credited (IMPS Ref no 808910245549);30/03/2018 10:17;TXNID:808910245549;BID:C463795
[INFO] 2018-03-30 10:16:16,725 ExtentManager sendReq - Transaction ID : 808910245549
[INFO] 2018-03-30 10:16:16,725 ExtentManager sendReq - ******************************END********************************

[INFO] 2018-03-30 10:16:16,733 ExtentManager sendReq - ******************************START******************************
[INFO] 2018-03-30 10:16:16,733 ExtentManager sendReq - Request : IMPSP2AAddBeneficiary
[INFO] 2018-03-30 10:16:16,734 ExtentManager sendReq - Hmaced Request : b5f5635b24a1e674c7866cf0dac8237ad0dea4e1bdd1f466bb987f18daac8557*!9894060407APK2;Y;15316170605690416310253121025515855714;9894012000000;SA;HDFC0000001;IMPSBenenficiary;463795;123457;4.0;2478623864983269;93126072671376111513490165720338423677
[INFO] 2018-03-30 10:16:17,494 ExtentManager sendReq - Response received from Server : K209;You have already registered the nickname for another beneficiary;30/03/2018 10:17;TXNID:808910245550;BID:C463795
[INFO] 2018-03-30 10:16:17,494 ExtentManager sendReq - Transaction ID : 808910245550
[INFO] 2018-03-30 10:16:17,494 ExtentManager sendReq - ******************************END********************************

[INFO] 2018-03-30 10:16:17,497 ExtentManager sendReq - ******************************START******************************
[INFO] 2018-03-30 10:16:17,498 ExtentManager sendReq - Request : IMPSP2AAddBeneficiaryconfirmation
[INFO] 2018-03-30 10:16:17,499 ExtentManager sendReq - Hmaced Request : 08eeeee3b79d27ef8cfe9c3a1f91e71c13f69d147d376399c48a342b2e4e0b7d*!9894060407APK3;Y;15316170605690416310253121025515855714;9894012000000;SA;HDFC0000001;IMPSBenenficiary;463795;123457;4.0;2478623864983269;67585754727517429913727433692020783810
[INFO] 2018-03-30 10:16:18,353 ExtentManager sendReq - Response received from Server : K309;You have already registered the nickname for another beneficiary;30/03/2018 10:17;TXNID:808910245551;BID:C463795
[INFO] 2018-03-30 10:16:18,354 ExtentManager sendReq - Transaction ID : 808910245551
[INFO] 2018-03-30 10:16:18,354 ExtentManager sendReq - ******************************END********************************

[INFO] 2018-03-30 10:16:18,356 ExtentManager sendReq - ******************************START******************************
[INFO] 2018-03-30 10:16:18,357 ExtentManager sendReq - Request : IMPSP2ABeneficiaryPaymentListenquiry
[INFO] 2018-03-30 10:16:18,357 ExtentManager sendReq - Hmaced Request : 135eca0bc72c5788444519377551e5f1ff56c85d5f2e053d2da4f4d25a1c2da2*!9894060407APK4;Y;15316170605690416310253121025515855714;IMPSBenenficiary;1;463795;123457;4.0;2478623864983269;39432670952397636264549221907988113347
[INFO] 2018-03-30 10:16:19,216 ExtentManager sendReq - Response received from Server : K400;IMPSBenenficiary;IMPSBenenficiary*HDFC0000001*9894012000000*SA;1;N;TXNID:808910245552;BID:C463795
[INFO] 2018-03-30 10:16:19,216 ExtentManager sendReq - Transaction ID : 808910245552
[INFO] 2018-03-30 10:16:19,217 ExtentManager sendReq - ******************************END********************************

[INFO] 2018-03-30 10:16:19,221 ExtentManager sendReq - ******************************START******************************
[INFO] 2018-03-30 10:16:19,221 ExtentManager sendReq - Request : IMPSP2ABeneficiaryPaymentConfirmation
[INFO] 2018-03-30 10:16:19,223 ExtentManager sendReq - Hmaced Request : 0d584197d9619b679e62658e490a5ee8b0273bf37d64e79f6df2525eee7dbc85*!9894060407APK5;Y;15316170605690416310253121025515855714;IMPSBenenficiary;20;IMPSTest;463795;123457;4.0;2478623864983269;120319962686535004921892081098769513396
[INFO] 2018-03-30 10:16:23,450 ExtentManager sendReq - Response received from Server : K500;Your a/c no. XXXXXXXX3269 is debited for Rs. 20.00 on 30-03-18 and a/c XXXXXXX000 credited (IMPS Ref no 808910245553);30/03/2018 10:17;TXNID:808910245553;BID:C463795
[INFO] 2018-03-30 10:16:23,451 ExtentManager sendReq - Transaction ID : 808910245553
[INFO] 2018-03-30 10:16:23,452 ExtentManager sendReq - ******************************END********************************

[INFO] 2018-03-30 10:16:23,459 ExtentManager sendReq - ******************************START******************************
[INFO] 2018-03-30 10:16:23,460 ExtentManager sendReq - Request : IMPSP2ABeneficiarySearchListenquiry
[INFO] 2018-03-30 10:16:23,463 ExtentManager sendReq - Hmaced Request : ffb9c0d7d6e91172819d23f7d1c2579d971c8dd2ef4c1634c52934e6aee1bdd9*!9894060407APD9;Y;15316170605690416310253121025515855714;IMPSBenenficiary;001;463795;123457;4.0;2478623864983269;152504803586613576697319886380830816328
[INFO] 2018-03-30 10:16:24,334 ExtentManager sendReq - Response received from Server : D901;Beneficiary IMPSBenenficiary not found.;30/03/2018 10:17;TXNID:808910245554;BID:C463795
[INFO] 2018-03-30 10:16:24,335 ExtentManager sendReq - Transaction ID : 808910245554
[INFO] 2018-03-30 10:16:24,336 ExtentManager sendReq - ******************************END********************************

[INFO] 2018-03-30 10:16:24,343 ExtentManager sendReq - ******************************START******************************
[INFO] 2018-03-30 10:16:24,344 ExtentManager sendReq - Request : IMPSP2ADeleteBeneficiaryListenquiry
[INFO] 2018-03-30 10:16:24,347 ExtentManager sendReq - Hmaced Request : 5e1e6858c26a70cb0c6958648d742e9b825845a0b27e55c0241df1f917a9f0c2*!9894060407AP5L;Y;15316170605690416310253121025515855714;IMPSBenenficiary;001;463795;123457;4.0;2478623864983269;139263224902489947300633374327171860613
[INFO] 2018-03-30 10:16:26,334 ExtentManager sendReq - Response received from Server : 5L01;Beneficiary IMPSBenenficiary not found.;30/03/2018 10:17;TXNID:808910245555;BID:C463795
[INFO] 2018-03-30 10:16:26,335 ExtentManager sendReq - Transaction ID : 808910245555
[INFO] 2018-03-30 10:16:26,339 ExtentManager sendReq - ******************************END********************************

[INFO] 2018-03-30 10:16:26,344 ExtentManager sendReq - ******************************START******************************
[INFO] 2018-03-30 10:16:26,345 ExtentManager sendReq - Request : IMPSP2ADeleteBeneficiaryConfirmation
[INFO] 2018-03-30 10:16:26,347 ExtentManager sendReq - Hmaced Request : 06185ebff9f2f10d6a581da0cce70f278eb2bf6f7e763b650f4bdf8340dc5a16*!9894060407AP5L;Y;15316170605690416310253121025515855714;IMPSBenenficiary;001;463795;123457;4.0;2478623864983269;100912392377014361266911322744990546248
[INFO] 2018-03-30 10:16:27,218 ExtentManager sendReq - Response received from Server : 5L01;Beneficiary IMPSBenenficiary not found.;30/03/2018 10:17;TXNID:808910245556;BID:C463795
[INFO] 2018-03-30 10:16:27,219 ExtentManager sendReq - Transaction ID : 808910245556
[INFO] 2018-03-30 10:16:27,219 ExtentManager sendReq - ******************************END********************************

