[INFO] 2018-03-30 11:07:28,762 ExtentManager setUp - Running Mobile banking API Automation testing on mPAY 4.0

[INFO] 2018-03-30 11:07:28,934 ExtentManager sendReq - ******************************START******************************
[INFO] 2018-03-30 11:07:28,937 ExtentManager sendReq - Request : Generate MMID
[INFO] 2018-03-30 11:07:29,581 ExtentManager sendReq - Hmaced Request : c703b067dc0bb0e7cac1177a9ba23fcc7bccf78ced1bad66c87c2d489c018348*!9894060407APIM;Y;15316170605690416310253121025515855714;001;463795;123457;4.0;2478623864983269;127291512480111866819500343605640967403
[INFO] 2018-03-30 11:07:30,494 ExtentManager sendReq - Response received from Server : IM00;5012XXXXXX349283*9060124#2011XXXXX800065*9060148#5012XXXXXX000000*9060159#5012XXXXXX849862*9060308#5012XXXXXX849860*9060325#2478XXXXXX983269*9060387#2011XXXXX800005*9060427#5012XXXXXX849800*9060488#5012XXXXXX349826*9060683#5012XXXXXX849822*9060831;1;N;30/03/2018 11:08;TXNID:808911245597;BID:C463795
[INFO] 2018-03-30 11:07:30,495 ExtentManager sendReq - Transaction ID : 808911245597
[INFO] 2018-03-30 11:07:30,496 ExtentManager sendReq - ******************************END********************************

[INFO] 2018-03-30 11:07:30,496 ExtentManager sendReq - ******************************START******************************
[INFO] 2018-03-30 11:07:30,496 ExtentManager sendReq - Request : IMPSP2AInstantPayment
[INFO] 2018-03-30 11:07:30,497 ExtentManager sendReq - Hmaced Request : e121c4a58daa50c8f9ccf27486dfe5845f34936e289221014bd1f34af8691f66*!9894060407APK1;Y;15316170605690416310253121025515855714;9894012000000;SA;HDFC0000001;20;IMPSTest;463795;123457;4.0;2478623864983269;143106837613535891688570943905117282776
[INFO] 2018-03-30 11:07:34,033 ExtentManager sendReq - Response received from Server : K100;Your a/c no. XXXXXXXX3269 is debited for Rs. 25.00 on 30-03-18 and a/c XXXXXXX000 credited (IMPS Ref no 808911245598);30/03/2018 11:08;TXNID:808911245598;BID:C463795
[INFO] 2018-03-30 11:07:34,034 ExtentManager sendReq - Transaction ID : 808911245598
[INFO] 2018-03-30 11:07:34,034 ExtentManager sendReq - ******************************END********************************

[INFO] 2018-03-30 11:07:34,041 ExtentManager sendReq - ******************************START******************************
[INFO] 2018-03-30 11:07:34,041 ExtentManager sendReq - Request : IMPSP2AAddBeneficiary
[INFO] 2018-03-30 11:07:34,042 ExtentManager sendReq - Hmaced Request : d115f1087fba0d4e05b650ddf769e374b57ac551e720998c3dd31e0925f6c3a7*!9894060407APK2;Y;15316170605690416310253121025515855714;9894012000000;SA;HDFC0000001;IMPSBenenficiary;463795;123457;4.0;2478623864983269;165352036290865232581392380845426954332
[INFO] 2018-03-30 11:07:34,990 ExtentManager sendReq - Response received from Server : K200;9894012000000;SA;HDFC BANK LTD.;MUMBAI;HDFC0000001;IMPSBenenficiary;30/03/2018 11:08;TXNID:808911245599;BID:C463795
[INFO] 2018-03-30 11:07:34,991 ExtentManager sendReq - Transaction ID : 808911245599
[INFO] 2018-03-30 11:07:34,991 ExtentManager sendReq - ******************************END********************************

[INFO] 2018-03-30 11:07:34,993 ExtentManager sendReq - ******************************START******************************
[INFO] 2018-03-30 11:07:34,993 ExtentManager sendReq - Request : IMPSP2AAddBeneficiaryconfirmation
[INFO] 2018-03-30 11:07:34,994 ExtentManager sendReq - Hmaced Request : 3d34a1d8a5c586817f83bf8e9c482b153be6c268569155bb58126b414567626c*!9894060407APK3;Y;15316170605690416310253121025515855714;9894012000000;SA;HDFC0000001;IMPSBenenficiary;463795;123457;4.0;2478623864983269;133903729514581982100588085004124842715
[INFO] 2018-03-30 11:07:36,041 ExtentManager sendReq - Response received from Server : K300;Beneficiary IMPSBenenficiary added successfully;30/03/2018 11:08;TXNID:808911245600;BID:C463795
[INFO] 2018-03-30 11:07:36,041 ExtentManager sendReq - Transaction ID : 808911245600
[INFO] 2018-03-30 11:07:36,041 ExtentManager sendReq - ******************************END********************************

[INFO] 2018-03-30 11:07:36,043 ExtentManager sendReq - ******************************START******************************
[INFO] 2018-03-30 11:07:36,044 ExtentManager sendReq - Request : IMPSP2ABeneficiaryPaymentListenquiry
[INFO] 2018-03-30 11:07:36,044 ExtentManager sendReq - Hmaced Request : 0e7a9e5408d363d0649e8b3e3741d8d788519017bb9f2f149e748e9ca8cd7af9*!9894060407APK4;Y;15316170605690416310253121025515855714;IMPSBenenficiary;1;463795;123457;4.0;2478623864983269;159142660448067822340983215129168475611
[INFO] 2018-03-30 11:07:37,415 ExtentManager sendReq - Response received from Server : K400;IMPSBenenficiary;IMPSBenenficiary*HDFC0000001*9894012000000*SA;1;N;TXNID:808911245601;BID:C463795
[INFO] 2018-03-30 11:07:37,415 ExtentManager sendReq - Transaction ID : 808911245601
[INFO] 2018-03-30 11:07:37,416 ExtentManager sendReq - ******************************END********************************

[INFO] 2018-03-30 11:07:37,418 ExtentManager sendReq - ******************************START******************************
[INFO] 2018-03-30 11:07:37,418 ExtentManager sendReq - Request : IMPSP2ABeneficiaryPaymentConfirmation
[INFO] 2018-03-30 11:07:37,419 ExtentManager sendReq - Hmaced Request : b18f1a678bc068cdb20e35b9ecbe1a6115d4f66a8824afe3cac9ef8a7e6a88f8*!9894060407APK5;Y;15316170605690416310253121025515855714;IMPSBenenficiary;20;IMPSTest;463795;123457;4.0;2478623864983269;184046049688982574352914259941674172471
[INFO] 2018-03-30 11:07:41,501 ExtentManager sendReq - Response received from Server : K500;Your a/c no. XXXXXXXX3269 is debited for Rs. 20.00 on 30-03-18 and a/c XXXXXXX000 credited (IMPS Ref no 808911245602);30/03/2018 11:08;TXNID:808911245602;BID:C463795
[INFO] 2018-03-30 11:07:41,501 ExtentManager sendReq - Transaction ID : 808911245602
[INFO] 2018-03-30 11:07:41,502 ExtentManager sendReq - ******************************END********************************

[INFO] 2018-03-30 11:07:41,504 ExtentManager sendReq - ******************************START******************************
[INFO] 2018-03-30 11:07:41,504 ExtentManager sendReq - Request : IMPSP2ABeneficiarySearchListenquiry
[INFO] 2018-03-30 11:07:41,505 ExtentManager sendReq - Hmaced Request : 192df4363ae097c213119cec28c520e1c600c57fbdc0fe75fe1b06fb87c0200c*!9894060407AP4W;Y;15316170605690416310253121025515855714;IMPSBenenficiary;1;463795;123457;4.0;2478623864983269;200895103056690868717233702567054929185
[INFO] 2018-03-30 11:07:42,578 ExtentManager sendReq - Response received from Server : 4W00;IMPSBenenficiary;IMPSBenenficiary*HDFC BANK LTD.*9894012000000*SA*HDFC0000001;1;N;TXNID:808911245603;BID:C463795
[INFO] 2018-03-30 11:07:42,579 ExtentManager sendReq - Transaction ID : 808911245603
[INFO] 2018-03-30 11:07:42,579 ExtentManager sendReq - ******************************END********************************

[INFO] 2018-03-30 11:07:42,581 ExtentManager sendReq - ******************************START******************************
[INFO] 2018-03-30 11:07:42,581 ExtentManager sendReq - Request : IMPSP2ABeneficiarySearchListenquiry
[INFO] 2018-03-30 11:07:42,582 ExtentManager sendReq - Hmaced Request : 41fcf796d0a138f3d0e65322dafe9f6e94cd05ea6c4e38a9ebe733cbbec3343c*!9894060407AP4W;Y;15316170605690416310253121025515855714;;1;463795;123457;4.0;2478623864983269;76763750899118317781094304183951853449
[INFO] 2018-03-30 11:07:43,581 ExtentManager sendReq - Response received from Server : 4W00; ;IMPSBenenficiary*HDFC BANK LTD.*9894012000000*SA*HDFC0000001;1;N;TXNID:808911245604;BID:C463795
[INFO] 2018-03-30 11:07:43,581 ExtentManager sendReq - Transaction ID : 808911245604
[INFO] 2018-03-30 11:07:43,582 ExtentManager sendReq - ******************************END********************************

[INFO] 2018-03-30 11:07:43,587 ExtentManager sendReq - ******************************START******************************
[INFO] 2018-03-30 11:07:43,589 ExtentManager sendReq - Request : IMPSP2ADeleteBeneficiaryListenquiry
[INFO] 2018-03-30 11:07:43,589 ExtentManager sendReq - Hmaced Request : faf6574de81dd3f5ed96c0c5e22d64b7f21a919a9e6bda07b90732a6b1b1dbbe*!9894060407AP6L;Y;15316170605690416310253121025515855714;IMPSBenenficiary;1;463795;123457;4.0;2478623864983269;72159719838468345268732292628782615349
[INFO] 2018-03-30 11:07:44,436 ExtentManager sendReq - Response received from Server : 6L00;IMPSBenenficiary;IMPSBenenficiary;1;N;TXNID:808911245605;BID:C463795
[INFO] 2018-03-30 11:07:44,436 ExtentManager sendReq - Transaction ID : 808911245605
[INFO] 2018-03-30 11:07:44,437 ExtentManager sendReq - ******************************END********************************

[INFO] 2018-03-30 11:07:44,438 ExtentManager sendReq - ******************************START******************************
[INFO] 2018-03-30 11:07:44,439 ExtentManager sendReq - Request : IMPSP2ADeleteBeneficiaryConfirmation
[INFO] 2018-03-30 11:07:44,439 ExtentManager sendReq - Hmaced Request : 19c5767f7cc440afa086dd0d1895e8c6af6aa1ac0a3019845369964a2358d510*!9894060407AP6D;Y;15316170605690416310253121025515855714;IMPSBenenficiary;463795;123457;4.0;2478623864983269;138911216246874338755706526843507139790
[INFO] 2018-03-30 11:07:45,405 ExtentManager sendReq - Response received from Server : 6D00;Beneficiary IMPSBenenficiary deleted successfully;30/03/2018 11:08;TXNID:808911245606;BID:C463795
[INFO] 2018-03-30 11:07:45,405 ExtentManager sendReq - Transaction ID : 808911245606
[INFO] 2018-03-30 11:07:45,405 ExtentManager sendReq - ******************************END********************************

