[INFO] 2018-03-30 11:02:18,052 ExtentManager setUp - Running Mobile banking API Automation testing on mPAY 4.0

[INFO] 2018-03-30 11:02:18,200 ExtentManager sendReq - ******************************START******************************
[INFO] 2018-03-30 11:02:18,201 ExtentManager sendReq - Request : IMPSP2ABeneficiarySearchListenquiry
[INFO] 2018-03-30 11:02:18,852 ExtentManager sendReq - Hmaced Request : 8ee7f1f7cf9638cfe83a2312d04edbd340b19cedcb60e45b58857434721505bb*!9894060407AP4W;Y;15316170605690416310253121025515855714;IMPSBenenficiary;1;463795;123457;4.0;2478623864983269;33827264237456355834472150598507880072
[INFO] 2018-03-30 11:02:19,846 ExtentManager sendReq - Response received from Server : 4W00;IMPSBenenficiary;IMPSBenenficiary*HDFC BANK LTD.*9894012000000*SA*HDFC0000001;1;N;TXNID:808911245584;BID:C463795
[INFO] 2018-03-30 11:02:19,847 ExtentManager sendReq - Transaction ID : 808911245584
[INFO] 2018-03-30 11:02:19,847 ExtentManager sendReq - ******************************END********************************

[INFO] 2018-03-30 11:02:19,859 ExtentManager sendReq - ******************************START******************************
[INFO] 2018-03-30 11:02:19,860 ExtentManager sendReq - Request : IMPSP2ABeneficiarySearchListenquiry
[INFO] 2018-03-30 11:02:19,862 ExtentManager sendReq - Hmaced Request : 50b138478c96c59b7c836a18c7bcbc57447cfdfd73aa28fa2418d80571dd80e9*!9894060407AP4W;Y;15316170605690416310253121025515855714;;1;463795;123457;4.0;2478623864983269;4060946979644772788749556243922719125
[INFO] 2018-03-30 11:02:20,728 ExtentManager sendReq - Response received from Server : 4W00; ;IMPSBenenficiary*HDFC BANK LTD.*9894012000000*SA*HDFC0000001;1;N;TXNID:808911245585;BID:C463795
[INFO] 2018-03-30 11:02:20,729 ExtentManager sendReq - Transaction ID : 808911245585
[INFO] 2018-03-30 11:02:20,730 ExtentManager sendReq - ******************************END********************************

[INFO] 2018-03-30 11:02:20,740 ExtentManager sendReq - ******************************START******************************
[INFO] 2018-03-30 11:02:20,741 ExtentManager sendReq - Request : IMPSP2ADeleteBeneficiaryListenquiry
[INFO] 2018-03-30 11:02:20,744 ExtentManager sendReq - Hmaced Request : 938bf1f2f7233ab8ec5e9cffbdee34a477e7680095a8e815705e7c598dcb9455*!9894060407AP5L;Y;15316170605690416310253121025515855714;IMPSBenenficiary;1;463795;123457;4.0;2478623864983269;146697957981402244841980751039688588132
[INFO] 2018-03-30 11:02:21,584 ExtentManager sendReq - Response received from Server : 5L01;Beneficiary IMPSBenenficiary not found.;30/03/2018 11:03;TXNID:808911245586;BID:C463795
[INFO] 2018-03-30 11:02:21,585 ExtentManager sendReq - Transaction ID : 808911245586
[INFO] 2018-03-30 11:02:21,586 ExtentManager sendReq - ******************************END********************************

[INFO] 2018-03-30 11:02:21,598 ExtentManager sendReq - ******************************START******************************
[INFO] 2018-03-30 11:02:21,599 ExtentManager sendReq - Request : IMPSP2ADeleteBeneficiaryConfirmation
[INFO] 2018-03-30 11:02:21,602 ExtentManager sendReq - Hmaced Request : e8172832278e6de4730d21e6e104d285c50de90a568a8c3ad37fd47e2f0f40cc*!9894060407AP5L;Y;15316170605690416310253121025515855714;IMPSBenenficiary;001;463795;123457;4.0;2478623864983269;90605632319757609652688045702710104799
[INFO] 2018-03-30 11:02:22,970 ExtentManager sendReq - Response received from Server : 5L01;Beneficiary IMPSBenenficiary not found.;30/03/2018 11:03;TXNID:808911245587;BID:C463795
[INFO] 2018-03-30 11:02:22,971 ExtentManager sendReq - Transaction ID : 808911245587
[INFO] 2018-03-30 11:02:22,971 ExtentManager sendReq - ******************************END********************************

