[INFO] 2018-03-30 10:17:40,491 ExtentManager setUp - Running Mobile banking API Automation testing on mPAY 4.0

[INFO] 2018-03-30 10:17:40,636 ExtentManager sendReq - ******************************START******************************
[INFO] 2018-03-30 10:17:40,638 ExtentManager sendReq - Request : Generate MMID
[INFO] 2018-03-30 10:17:41,284 ExtentManager sendReq - Hmaced Request : da3791ab8fa8f8e820504e13a2c252572bf05fe1d5f8681adb789c27effa9d49*!9894060407APIM;Y;15316170605690416310253121025515855714;001;463795;123457;4.0;2478623864983269;79499084770853193855640724015485587859
[INFO] 2018-03-30 10:17:42,399 ExtentManager sendReq - Response received from Server : IM00;5012XXXXXX349283*9060124#2011XXXXX800065*9060148#5012XXXXXX000000*9060159#5012XXXXXX849862*9060308#5012XXXXXX849860*9060325#2478XXXXXX983269*9060387#2011XXXXX800005*9060427#5012XXXXXX849800*9060488#5012XXXXXX349826*9060683#5012XXXXXX849822*9060831;1;N;30/03/2018 10:18;TXNID:808910245566;BID:C463795
[INFO] 2018-03-30 10:17:42,399 ExtentManager sendReq - Transaction ID : 808910245566
[INFO] 2018-03-30 10:17:42,400 ExtentManager sendReq - ******************************END********************************

[INFO] 2018-03-30 10:17:42,400 ExtentManager sendReq - ******************************START******************************
[INFO] 2018-03-30 10:17:42,400 ExtentManager sendReq - Request : IMPSP2AInstantPayment
[INFO] 2018-03-30 10:17:42,401 ExtentManager sendReq - Hmaced Request : 758a7741684e1f47146c4f6f3854293ea4ad5a23235cc5e443e5a375dc4ef183*!9894060407APK1;Y;15316170605690416310253121025515855714;9894012000000;SA;HDFC0000001;20;IMPSTest;463795;123457;4.0;2478623864983269;196020927925069391971419037769207111137
[INFO] 2018-03-30 10:17:45,804 ExtentManager sendReq - Response received from Server : K100;Your a/c no. XXXXXXXX3269 is debited for Rs. 25.00 on 30-03-18 and a/c XXXXXXX000 credited (IMPS Ref no 808910245567);30/03/2018 10:18;TXNID:808910245567;BID:C463795
[INFO] 2018-03-30 10:17:45,805 ExtentManager sendReq - Transaction ID : 808910245567
[INFO] 2018-03-30 10:17:45,805 ExtentManager sendReq - ******************************END********************************

[INFO] 2018-03-30 10:17:45,811 ExtentManager sendReq - ******************************START******************************
[INFO] 2018-03-30 10:17:45,812 ExtentManager sendReq - Request : IMPSP2AAddBeneficiary
[INFO] 2018-03-30 10:17:45,813 ExtentManager sendReq - Hmaced Request : e93832abf354699f82d226b67e8bf83714cbf8450a737be40c944309e74df300*!9894060407APK2;Y;15316170605690416310253121025515855714;9894012000000;SA;HDFC0000001;IMPSBenenficiary;463795;123457;4.0;2478623864983269;55774739725296704001031058034600701930
[INFO] 2018-03-30 10:17:46,808 ExtentManager sendReq - Response received from Server : K200;9894012000000;SA;HDFC BANK LTD.;MUMBAI;HDFC0000001;IMPSBenenficiary;30/03/2018 10:18;TXNID:808910245568;BID:C463795
[INFO] 2018-03-30 10:17:46,809 ExtentManager sendReq - Transaction ID : 808910245568
[INFO] 2018-03-30 10:17:46,810 ExtentManager sendReq - ******************************END********************************

[INFO] 2018-03-30 10:17:46,816 ExtentManager sendReq - ******************************START******************************
[INFO] 2018-03-30 10:17:46,817 ExtentManager sendReq - Request : IMPSP2AAddBeneficiaryconfirmation
[INFO] 2018-03-30 10:17:46,820 ExtentManager sendReq - Hmaced Request : c16140614b2c16d5dcb06137d90146b346e1b633d51e567e6e01a8ea818f970b*!9894060407APK3;Y;15316170605690416310253121025515855714;9894012000000;SA;HDFC0000001;IMPSBenenficiary;463795;123457;4.0;2478623864983269;144710247507855280163677393431277508614
[INFO] 2018-03-30 10:17:47,897 ExtentManager sendReq - Response received from Server : K300;Beneficiary IMPSBenenficiary added successfully;30/03/2018 10:18;TXNID:808910245569;BID:C463795
[INFO] 2018-03-30 10:17:47,898 ExtentManager sendReq - Transaction ID : 808910245569
[INFO] 2018-03-30 10:17:47,899 ExtentManager sendReq - ******************************END********************************

[INFO] 2018-03-30 10:17:47,908 ExtentManager sendReq - ******************************START******************************
[INFO] 2018-03-30 10:17:47,909 ExtentManager sendReq - Request : IMPSP2ABeneficiaryPaymentListenquiry
[INFO] 2018-03-30 10:17:47,912 ExtentManager sendReq - Hmaced Request : 0800eea99cde794f6b74a37ca714cfc969b55d454d2f66976bdf660d542c5381*!9894060407APK4;Y;15316170605690416310253121025515855714;IMPSBenenficiary;1;463795;123457;4.0;2478623864983269;12229203681875056800695661631723702652
[INFO] 2018-03-30 10:17:48,850 ExtentManager sendReq - Response received from Server : K400;IMPSBenenficiary;IMPSBenenficiary*HDFC0000001*9894012000000*SA;1;N;TXNID:808910245570;BID:C463795
[INFO] 2018-03-30 10:17:48,851 ExtentManager sendReq - Transaction ID : 808910245570
[INFO] 2018-03-30 10:17:48,853 ExtentManager sendReq - ******************************END********************************

[INFO] 2018-03-30 10:17:48,860 ExtentManager sendReq - ******************************START******************************
[INFO] 2018-03-30 10:17:48,860 ExtentManager sendReq - Request : IMPSP2ABeneficiaryPaymentConfirmation
[INFO] 2018-03-30 10:17:48,864 ExtentManager sendReq - Hmaced Request : eb48acdd03fc5cbebb6942231c6e293b40b253434cbc48b9d4f193ed43e9060a*!9894060407APK5;Y;15316170605690416310253121025515855714;IMPSBenenficiary;20;IMPSTest;463795;123457;4.0;2478623864983269;52587337301134673209024106695010181209
[INFO] 2018-03-30 10:17:53,059 ExtentManager sendReq - Response received from Server : K500;Your a/c no. XXXXXXXX3269 is debited for Rs. 20.00 on 30-03-18 and a/c XXXXXXX000 credited (IMPS Ref no 808910245571);30/03/2018 10:18;TXNID:808910245571;BID:C463795
[INFO] 2018-03-30 10:17:53,060 ExtentManager sendReq - Transaction ID : 808910245571
[INFO] 2018-03-30 10:17:53,060 ExtentManager sendReq - ******************************END********************************

[INFO] 2018-03-30 10:17:53,071 ExtentManager sendReq - ******************************START******************************
[INFO] 2018-03-30 10:17:53,072 ExtentManager sendReq - Request : IMPSP2ABeneficiarySearchListenquiry
[INFO] 2018-03-30 10:17:53,075 ExtentManager sendReq - Hmaced Request : 7ada0709b5cd962b3a25addd75511483a69ee9016f5d1ec31eed8fad99f50aa0*!9894060407APD9;Y;15316170605690416310253121025515855714;IMPSBenenficiary;001;463795;123457;4.0;2478623864983269;181840725933814341958728766323045587001
[INFO] 2018-03-30 10:17:53,936 ExtentManager sendReq - Response received from Server : D901;Beneficiary IMPSBenenficiary not found.;30/03/2018 10:18;TXNID:808910245572;BID:C463795
[INFO] 2018-03-30 10:17:53,937 ExtentManager sendReq - Transaction ID : 808910245572
[INFO] 2018-03-30 10:17:53,938 ExtentManager sendReq - ******************************END********************************

[INFO] 2018-03-30 10:17:53,949 ExtentManager sendReq - ******************************START******************************
[INFO] 2018-03-30 10:17:53,950 ExtentManager sendReq - Request : IMPSP2ADeleteBeneficiaryListenquiry
[INFO] 2018-03-30 10:17:53,953 ExtentManager sendReq - Hmaced Request : 6204b329e9bcda666e004fbabae2a712605526621d1e3f24f06831265f1c6716*!9894060407AP5L;Y;15316170605690416310253121025515855714;IMPSBenenficiary;001;463795;123457;4.0;2478623864983269;111229991251747824387953725298244752872
[INFO] 2018-03-30 10:17:55,134 ExtentManager sendReq - Response received from Server : 5L01;Beneficiary IMPSBenenficiary not found.;30/03/2018 10:19;TXNID:808910245573;BID:C463795
[INFO] 2018-03-30 10:17:55,135 ExtentManager sendReq - Transaction ID : 808910245573
[INFO] 2018-03-30 10:17:55,136 ExtentManager sendReq - ******************************END********************************

[INFO] 2018-03-30 10:17:55,150 ExtentManager sendReq - ******************************START******************************
[INFO] 2018-03-30 10:17:55,152 ExtentManager sendReq - Request : IMPSP2ADeleteBeneficiaryConfirmation
[INFO] 2018-03-30 10:17:55,153 ExtentManager sendReq - Hmaced Request : 4e790052b75195842d2f30a81871cc2c3726ec328752ef06f316d5e9195ab92b*!9894060407AP5L;Y;15316170605690416310253121025515855714;IMPSBenenficiary;001;463795;123457;4.0;2478623864983269;140395749814571062119310996278555592935
[INFO] 2018-03-30 10:17:56,907 ExtentManager sendReq - Response received from Server : 5L01;Beneficiary IMPSBenenficiary not found.;30/03/2018 10:19;TXNID:808910245574;BID:C463795
[INFO] 2018-03-30 10:17:56,907 ExtentManager sendReq - Transaction ID : 808910245574
[INFO] 2018-03-30 10:17:56,908 ExtentManager sendReq - ******************************END********************************

