[INFO] 2018-03-30 11:12:34,375 ExtentManager setUp - Running Mobile banking API Automation testing on mPAY 4.0

[INFO] 2018-03-30 11:12:34,521 ExtentManager sendReq - ******************************START******************************
[INFO] 2018-03-30 11:12:34,521 ExtentManager sendReq - Request : Generate MMID
[INFO] 2018-03-30 11:12:35,184 ExtentManager sendReq - Hmaced Request : f3860184949cd3affd52442d429172b59813fec3ed31dd6fba683783b80ee3f6*!9894060407APIM;Y;15316170605690416310253121025515855714;001;463795;123457;4.0;2478623864983269;100433306563490134410853773147441539615
[INFO] 2018-03-30 11:12:36,877 ExtentManager sendReq - Response received from Server : IM;Y;15316170605690416310253121025515855714;001;463795;123457;4.0;2478623864983269;9894060407
[INFO] 2018-03-30 11:12:36,878 ExtentManager sendReq - ******************************END********************************

[INFO] 2018-03-30 11:12:36,879 ExtentManager sendReq - ******************************START******************************
[INFO] 2018-03-30 11:12:36,879 ExtentManager sendReq - Request : IMPSP2PInstantPayment
[INFO] 2018-03-30 11:12:36,882 ExtentManager sendReq - Hmaced Request : 05c122994c3dd119e297bb89e2c3a6c19c4b8d65c76341f393136090665b261e*!9894060407APQI;Y;15316170605690416310253121025515855714;9894011000;9240123;20;IMPSTest;463795;123457;4.0;2478623864983269;56310051106399722768349909267136431445
[INFO] 2018-03-30 11:12:38,512 ExtentManager sendReq - Response received from Server : QI;Y;15316170605690416310253121025515855714;9894011000;9240123;20;IMPSTest;463795;123457;4.0;2478623864983269;9894060407
[INFO] 2018-03-30 11:12:38,512 ExtentManager sendReq - ******************************END********************************

[INFO] 2018-03-30 11:12:38,519 ExtentManager sendReq - ******************************START******************************
[INFO] 2018-03-30 11:12:38,519 ExtentManager sendReq - Request : IMPSP2PAddBeneficiaryPreConfirmation
[INFO] 2018-03-30 11:12:38,520 ExtentManager sendReq - Hmaced Request : 8649b37d4dd7244b69fd6872951337abe03d177b8340e2b602b185775ebbea47*!9894060407APW1;Y;15316170605690416310253121025515855714;9240123;9894011000;IMPSBenenficiary;463795;123457;4.0;2478623864983269;85770834268216486614379469362305210382
[INFO] 2018-03-30 11:12:40,692 ExtentManager sendReq - Response received from Server : W1;Y;15316170605690416310253121025515855714;9240123;9894011000;IMPSBenenficiary;463795;123457;4.0;2478623864983269;9894060407
[INFO] 2018-03-30 11:12:40,693 ExtentManager sendReq - ******************************END********************************

[INFO] 2018-03-30 11:12:40,702 ExtentManager sendReq - ******************************START******************************
[INFO] 2018-03-30 11:12:40,702 ExtentManager sendReq - Request : IMPSP2PAddBeneficiaryconfirmation
[INFO] 2018-03-30 11:12:40,704 ExtentManager sendReq - Hmaced Request : 6bbd44c0d52e64406163620d76754ca82b67c36c714614965dca1334cb67bc2d*!9894060407APW2;Y;15316170605690416310253121025515855714;9240123;9894011000;IMPSBenenficiary;463795;123457;4.0;2478623864983269;179337197618762725561963314050816329196
[INFO] 2018-03-30 11:12:41,750 ExtentManager sendReq - Response received from Server : W2;Y;15316170605690416310253121025515855714;9240123;9894011000;IMPSBenenficiary;463795;123457;4.0;2478623864983269;9894060407
[INFO] 2018-03-30 11:12:41,751 ExtentManager sendReq - ******************************END********************************

[INFO] 2018-03-30 11:12:41,753 ExtentManager sendReq - ******************************START******************************
[INFO] 2018-03-30 11:12:41,754 ExtentManager sendReq - Request : IMPSP2PBeneficiaryPaymentListenquiry
[INFO] 2018-03-30 11:12:41,755 ExtentManager sendReq - Hmaced Request : 7fc30e8a57715aa5d22a64b30a328c08d6ce1974958d8d44c27eb7e486fa5f98*!9894060407APW3;Y;15316170605690416310253121025515855714;P;IMPSBenenficiary;001;463795;123457;4.0;2478623864983269;15159595774605033971984123533855487717
[INFO] 2018-03-30 11:12:42,500 ExtentManager sendReq - Response received from Server : W3;Y;15316170605690416310253121025515855714;P;IMPSBenenficiary;001;463795;123457;4.0;2478623864983269;9894060407
[INFO] 2018-03-30 11:12:42,501 ExtentManager sendReq - ******************************END********************************

[INFO] 2018-03-30 11:12:42,508 ExtentManager sendReq - ******************************START******************************
[INFO] 2018-03-30 11:12:42,509 ExtentManager sendReq - Request : IMPSP2PBeneficiaryPaymentListenquiry
[INFO] 2018-03-30 11:12:42,512 ExtentManager sendReq - Hmaced Request : 5634addfd5e13da0278648f5d617d755af4825f17881ce4b7592631f7ed23eab*!9894060407APW3;Y;15316170605690416310253121025515855714;P;;001;463795;123457;4.0;2478623864983269;94702834379984702677062785988995651401
[INFO] 2018-03-30 11:12:43,193 ExtentManager sendReq - Response received from Server : W3;Y;15316170605690416310253121025515855714;P; ;001;463795;123457;4.0;2478623864983269;9894060407
[INFO] 2018-03-30 11:12:43,194 ExtentManager sendReq - ******************************END********************************

[INFO] 2018-03-30 11:12:43,202 ExtentManager sendReq - ******************************START******************************
[INFO] 2018-03-30 11:12:43,203 ExtentManager sendReq - Request : IMPSP2PBeneficiaryPaymentConfirmation
[INFO] 2018-03-30 11:12:43,206 ExtentManager sendReq - Hmaced Request : 9964d57fb9d96a224235f179cb619c696421f6e1999dce9016c2f29bfe3d2271*!9894060407APW4;Y;15316170605690416310253121025515855714;20;IMPSTest;IMPSBenenficiary;463795;123457;4.0;2478623864983269;96103614058820686587285386581597492254
[INFO] 2018-03-30 11:12:44,684 ExtentManager sendReq - Response received from Server : W4;Y;15316170605690416310253121025515855714;20;IMPSTest;IMPSBenenficiary;463795;123457;4.0;2478623864983269;9894060407
[INFO] 2018-03-30 11:12:44,686 ExtentManager sendReq - ******************************END********************************

[INFO] 2018-03-30 11:12:44,692 ExtentManager sendReq - ******************************START******************************
[INFO] 2018-03-30 11:12:44,693 ExtentManager sendReq - Request : IMPSP2PBeneficiarySearchListenquiryWKw
[INFO] 2018-03-30 11:12:44,698 ExtentManager sendReq - Hmaced Request : 76e41554e88dfb5afa01dc43339f044c0e8f0ee55ee62252be35b964251bc316*!9894060407APD9;Y;15316170605690416310253121025515855714;IMPSBenenficiary;001;463795;123457;4.0;2478623864983269;171261569970308418165192387055399367
[INFO] 2018-03-30 11:12:46,330 ExtentManager sendReq - Response received from Server : D9;Y;15316170605690416310253121025515855714;IMPSBenenficiary;001;463795;123457;4.0;2478623864983269;9894060407
[INFO] 2018-03-30 11:12:46,330 ExtentManager sendReq - ******************************END********************************

[INFO] 2018-03-30 11:12:46,336 ExtentManager sendReq - ******************************START******************************
[INFO] 2018-03-30 11:12:46,336 ExtentManager sendReq - Request : IMPSP2PBeneficiarySearchListenquiryWoKw
[INFO] 2018-03-30 11:12:46,338 ExtentManager sendReq - Hmaced Request : 8df22253ab79d796cbbbfebe916bc28a6060c03c4eda4c89c6dd0c28d5021551*!9894060407APD9;Y;15316170605690416310253121025515855714;;001;463795;123457;4.0;2478623864983269;142049730045276607314175777100887407059
[INFO] 2018-03-30 11:12:47,598 ExtentManager sendReq - Response received from Server : D9;Y;15316170605690416310253121025515855714; ;001;463795;123457;4.0;2478623864983269;9894060407
[INFO] 2018-03-30 11:12:47,598 ExtentManager sendReq - ******************************END********************************

[INFO] 2018-03-30 11:12:47,605 ExtentManager sendReq - ******************************START******************************
[INFO] 2018-03-30 11:12:47,606 ExtentManager sendReq - Request : IMPSP2PDeleteBeneficiaryListenquiry
[INFO] 2018-03-30 11:12:47,608 ExtentManager sendReq - Hmaced Request : bbb63c7ba52bcdadbf453368297aa517c90bab762644688ef62cfe1e80f089d2*!9894060407AP5L;Y;15316170605690416310253121025515855714;IMPSBenenficiary;001;463795;123457;4.0;2478623864983269;22889893160995121745823192856847815420
[INFO] 2018-03-30 11:12:49,051 ExtentManager sendReq - Response received from Server : 5L;Y;15316170605690416310253121025515855714;IMPSBenenficiary;001;463795;123457;4.0;2478623864983269;9894060407
[INFO] 2018-03-30 11:12:49,052 ExtentManager sendReq - ******************************END********************************

[INFO] 2018-03-30 11:12:49,058 ExtentManager sendReq - ******************************START******************************
[INFO] 2018-03-30 11:12:49,059 ExtentManager sendReq - Request : IMPSP2PDeleteBeneficiaryListenquiry
[INFO] 2018-03-30 11:12:49,061 ExtentManager sendReq - Hmaced Request : 5c323b079b59d925986fedcb5eecb0de1e1c3243adccad38e0747080bde02a2e*!9894060407AP5L;Y;15316170605690416310253121025515855714;;001;463795;123457;4.0;2478623864983269;50754808622460160596371317646759987422
[INFO] 2018-03-30 11:12:50,322 ExtentManager sendReq - Response received from Server : 5L;Y;15316170605690416310253121025515855714; ;001;463795;123457;4.0;2478623864983269;9894060407
[INFO] 2018-03-30 11:12:50,322 ExtentManager sendReq - ******************************END********************************

[INFO] 2018-03-30 11:12:50,329 ExtentManager sendReq - ******************************START******************************
[INFO] 2018-03-30 11:12:50,329 ExtentManager sendReq - Request : IMPSP2PDeleteBeneficiaryConfirmation
[INFO] 2018-03-30 11:12:50,331 ExtentManager sendReq - Hmaced Request : 00d42ad8857bdbc10ab768c6db42725423eaa5360e42fdca4b7d35d3a9906a3c*!9894060407AP5D;Y;15316170605690416310253121025515855714;IMPSBenenficiary;463795;123457;4.0;2478623864983269;35080273809424724840240013207800810407
[INFO] 2018-03-30 11:12:51,392 ExtentManager sendReq - Response received from Server : 5D;Y;15316170605690416310253121025515855714;IMPSBenenficiary;463795;123457;4.0;2478623864983269;9894060407
[INFO] 2018-03-30 11:12:51,392 ExtentManager sendReq - ******************************END********************************

[INFO] 2018-03-30 11:12:51,397 ExtentManager sendReq - ******************************START******************************
[INFO] 2018-03-30 11:12:51,398 ExtentManager sendReq - Request : Generate MMID
[INFO] 2018-03-30 11:12:51,400 ExtentManager sendReq - Hmaced Request : 9fedf0513ab01d7df764f588006ad1f99d4048d33a7e160b3f4da24ba5a6a313*!9894060407APIM;Y;15316170605690416310253121025515855714;001;463795;123457;4.0;2478623864983269;13730589787645690169017826481367562534
[INFO] 2018-03-30 11:12:53,459 ExtentManager sendReq - Response received from Server : IM;Y;15316170605690416310253121025515855714;001;463795;123457;4.0;2478623864983269;9894060407
[INFO] 2018-03-30 11:12:53,459 ExtentManager sendReq - ******************************END********************************

[INFO] 2018-03-30 11:12:53,460 ExtentManager sendReq - ******************************START******************************
[INFO] 2018-03-30 11:12:53,461 ExtentManager sendReq - Request : IMPSP2AInstantPayment
[INFO] 2018-03-30 11:12:53,463 ExtentManager sendReq - Hmaced Request : e2c403bc9147d6637c8b4d2123812a248e81ab5878fdda8a0019b2c11030fb50*!9894060407APK1;Y;15316170605690416310253121025515855714;9894012000000;SA;HDFC0000001;20;IMPSTest;463795;123457;4.0;2478623864983269;3845486158407113525138895504888226328
[INFO] 2018-03-30 11:12:55,990 ExtentManager sendReq - Response received from Server : K1;Y;15316170605690416310253121025515855714;9894012000000;SA;HDFC0000001;20;IMPSTest;463795;123457;4.0;2478623864983269;9894060407
[INFO] 2018-03-30 11:12:55,991 ExtentManager sendReq - ******************************END********************************

[INFO] 2018-03-30 11:12:55,997 ExtentManager sendReq - ******************************START******************************
[INFO] 2018-03-30 11:12:55,998 ExtentManager sendReq - Request : IMPSP2AAddBeneficiary
[INFO] 2018-03-30 11:12:56,000 ExtentManager sendReq - Hmaced Request : 239d69662780354a501387f021e843bd8ab46c3ba3bab3ff7dab24b6f806d98b*!9894060407APK2;Y;15316170605690416310253121025515855714;9894012000000;SA;HDFC0000001;IMPSBenenficiary;463795;123457;4.0;2478623864983269;101505246957980373873018327498992197786
[INFO] 2018-03-30 11:12:56,891 ExtentManager sendReq - Response received from Server : K2;Y;15316170605690416310253121025515855714;9894012000000;SA;HDFC0000001;IMPSBenenficiary;463795;123457;4.0;2478623864983269;9894060407
[INFO] 2018-03-30 11:12:56,891 ExtentManager sendReq - ******************************END********************************

[INFO] 2018-03-30 11:12:56,896 ExtentManager sendReq - ******************************START******************************
[INFO] 2018-03-30 11:12:56,897 ExtentManager sendReq - Request : IMPSP2AAddBeneficiaryconfirmation
[INFO] 2018-03-30 11:12:56,902 ExtentManager sendReq - Hmaced Request : 32ab26fbc79efafefeb3003386144d60fb2374dac9fa3425bdb286bf0da67efb*!9894060407APK3;Y;15316170605690416310253121025515855714;9894012000000;SA;HDFC0000001;IMPSBenenficiary;463795;123457;4.0;2478623864983269;78069934549530698732490145990407990447
[INFO] 2018-03-30 11:12:59,088 ExtentManager sendReq - Response received from Server : K3;Y;15316170605690416310253121025515855714;9894012000000;SA;HDFC0000001;IMPSBenenficiary;463795;123457;4.0;2478623864983269;9894060407
[INFO] 2018-03-30 11:12:59,089 ExtentManager sendReq - ******************************END********************************

[INFO] 2018-03-30 11:12:59,095 ExtentManager sendReq - ******************************START******************************
[INFO] 2018-03-30 11:12:59,096 ExtentManager sendReq - Request : IMPSP2ABeneficiaryPaymentListenquiry
[INFO] 2018-03-30 11:12:59,098 ExtentManager sendReq - Hmaced Request : f7513cd87582004fdbcbbc3ea9f08f6448f5ff002e9016ea729f16b4b4689a71*!9894060407APK4;Y;15316170605690416310253121025515855714;IMPSBenenficiary;1;463795;123457;4.0;2478623864983269;3073425903637346972959969135626622885
[INFO] 2018-03-30 11:13:00,861 ExtentManager sendReq - Response received from Server : K4;Y;15316170605690416310253121025515855714;IMPSBenenficiary;1;463795;123457;4.0;2478623864983269;9894060407
[INFO] 2018-03-30 11:13:00,862 ExtentManager sendReq - ******************************END********************************

[INFO] 2018-03-30 11:13:00,869 ExtentManager sendReq - ******************************START******************************
[INFO] 2018-03-30 11:13:00,870 ExtentManager sendReq - Request : IMPSP2ABeneficiaryPaymentListenquiry
[INFO] 2018-03-30 11:13:00,873 ExtentManager sendReq - Hmaced Request : d84e0bdb7659526f64c298780b93753e2019923dfd791291d74034494f0c0fdb*!9894060407APK4;Y;15316170605690416310253121025515855714;;1;463795;123457;4.0;2478623864983269;134533056027249468654288476707320949800
[INFO] 2018-03-30 11:13:02,134 ExtentManager sendReq - Response received from Server : K4;Y;15316170605690416310253121025515855714; ;1;463795;123457;4.0;2478623864983269;9894060407
[INFO] 2018-03-30 11:13:02,134 ExtentManager sendReq - ******************************END********************************

[INFO] 2018-03-30 11:13:02,141 ExtentManager sendReq - ******************************START******************************
[INFO] 2018-03-30 11:13:02,142 ExtentManager sendReq - Request : IMPSP2ABeneficiaryPaymentConfirmation
[INFO] 2018-03-30 11:13:02,144 ExtentManager sendReq - Hmaced Request : d01e3718edc2a1413d14675c1d30ea607803cb67f78c1fc5b8bd014415698873*!9894060407APK5;Y;15316170605690416310253121025515855714;IMPSBenenficiary;20;IMPSTest;463795;123457;4.0;2478623864983269;12443031096527695765479895747421283893
[INFO] 2018-03-30 11:13:03,011 ExtentManager sendReq - Response received from Server : K5;Y;15316170605690416310253121025515855714;IMPSBenenficiary;20;IMPSTest;463795;123457;4.0;2478623864983269;9894060407
[INFO] 2018-03-30 11:13:03,012 ExtentManager sendReq - ******************************END********************************

[INFO] 2018-03-30 11:13:03,018 ExtentManager sendReq - ******************************START******************************
[INFO] 2018-03-30 11:13:03,018 ExtentManager sendReq - Request : IMPSP2ABeneficiarySearchListenquiry
[INFO] 2018-03-30 11:13:03,021 ExtentManager sendReq - Hmaced Request : 782708beba257436e2f9c8c7248c58049e641a5d853895b8111a71c69303d525*!9894060407AP4W;Y;15316170605690416310253121025515855714;;1;463795;123457;4.0;2478623864983269;101572919780830592962500374348049526891
[INFO] 2018-03-30 11:13:03,986 ExtentManager sendReq - Response received from Server : 4W;Y;15316170605690416310253121025515855714; ;1;463795;123457;4.0;2478623864983269;9894060407
[INFO] 2018-03-30 11:13:03,987 ExtentManager sendReq - ******************************END********************************

[INFO] 2018-03-30 11:13:03,993 ExtentManager sendReq - ******************************START******************************
[INFO] 2018-03-30 11:13:03,994 ExtentManager sendReq - Request : IMPSP2ABeneficiarySearchListenquiry
[INFO] 2018-03-30 11:13:03,996 ExtentManager sendReq - Hmaced Request : 3bfcfdaf2609a015b15d12a1ba65b21a44c929b4ff9d3d4cee46a0ba88cd85c8*!9894060407AP4W;Y;15316170605690416310253121025515855714;IMPSBenenficiary;1;463795;123457;4.0;2478623864983269;100103097652043432821142211929870534566
[INFO] 2018-03-30 11:13:05,546 ExtentManager sendReq - Response received from Server : 4W;Y;15316170605690416310253121025515855714;IMPSBenenficiary;1;463795;123457;4.0;2478623864983269;9894060407
[INFO] 2018-03-30 11:13:05,546 ExtentManager sendReq - ******************************END********************************

[INFO] 2018-03-30 11:13:05,553 ExtentManager sendReq - ******************************START******************************
[INFO] 2018-03-30 11:13:05,554 ExtentManager sendReq - Request : IMPSP2ADeleteBeneficiaryListenquiry
[INFO] 2018-03-30 11:13:05,557 ExtentManager sendReq - Hmaced Request : 791ad458b251615c4ca236fd13a0c9a0f3f69ceb09de3ad08297290f83f777a5*!9894060407AP6L;Y;15316170605690416310253121025515855714;IMPSBenenficiary;1;463795;123457;4.0;2478623864983269;80588229086351179391229216594141138184
[INFO] 2018-03-30 11:13:06,318 ExtentManager sendReq - Response received from Server : 6L;Y;15316170605690416310253121025515855714;IMPSBenenficiary;1;463795;123457;4.0;2478623864983269;9894060407
[INFO] 2018-03-30 11:13:06,319 ExtentManager sendReq - ******************************END********************************

[INFO] 2018-03-30 11:13:06,326 ExtentManager sendReq - ******************************START******************************
[INFO] 2018-03-30 11:13:06,326 ExtentManager sendReq - Request : IMPSP2ADeleteBeneficiaryConfirmation
[INFO] 2018-03-30 11:13:06,329 ExtentManager sendReq - Hmaced Request : 4b7e0ef5f9d989b5faab197c123925f039ca16f4e240da7f54f2aeb9077a49b8*!9894060407AP6D;Y;15316170605690416310253121025515855714;IMPSBenenficiary;463795;123457;4.0;2478623864983269;100049414768181453543028425800372390408
[INFO] 2018-03-30 11:13:09,653 ExtentManager sendReq - Response received from Server : 6D;Y;15316170605690416310253121025515855714;IMPSBenenficiary;463795;123457;4.0;2478623864983269;9894060407
[INFO] 2018-03-30 11:13:09,653 ExtentManager sendReq - ******************************END********************************

