[INFO] 2018-03-30 11:07:53,782 ExtentManager setUp - Running Mobile banking API Automation testing on mPAY 4.0

[INFO] 2018-03-30 11:07:53,972 ExtentManager sendReq - ******************************START******************************
[INFO] 2018-03-30 11:07:53,978 ExtentManager sendReq - Request : Generate MMID
[INFO] 2018-03-30 11:07:54,726 ExtentManager sendReq - Hmaced Request : 88194db47307372b7bda3a09909309e3029105abb84f415051f67f13cdc8a791*!9894060407APIM;Y;15316170605690416310253121025515855714;001;463795;123457;4.0;2478623864983269;196286658367141640972441737917950137641
[INFO] 2018-03-30 11:07:56,940 ExtentManager sendReq - Response received from Server : IM00;5012XXXXXX349283*9060124#2011XXXXX800065*9060148#5012XXXXXX000000*9060159#5012XXXXXX849862*9060308#5012XXXXXX849860*9060325#2478XXXXXX983269*9060387#2011XXXXX800005*9060427#5012XXXXXX849800*9060488#5012XXXXXX349826*9060683#5012XXXXXX849822*9060831;1;N;30/03/2018 11:09;TXNID:808911245607;BID:C463795
[INFO] 2018-03-30 11:07:56,941 ExtentManager sendReq - Transaction ID : 808911245607
[INFO] 2018-03-30 11:07:56,941 ExtentManager sendReq - ******************************END********************************

[INFO] 2018-03-30 11:07:56,941 ExtentManager sendReq - ******************************START******************************
[INFO] 2018-03-30 11:07:56,942 ExtentManager sendReq - Request : IMPSP2AInstantPayment
[INFO] 2018-03-30 11:07:56,942 ExtentManager sendReq - Hmaced Request : 7c8fb7ce4de61f3705975432c644cac67980dc7c5689cef0d4774eacd157e12c*!9894060407APK1;Y;15316170605690416310253121025515855714;9894012000000;SA;HDFC0000001;20;IMPSTest;463795;123457;4.0;2478623864983269;143931188493397014734254399079050529099
[INFO] 2018-03-30 11:08:00,382 ExtentManager sendReq - Response received from Server : K100;Your a/c no. XXXXXXXX3269 is debited for Rs. 25.00 on 30-03-18 and a/c XXXXXXX000 credited (IMPS Ref no 808911245608);30/03/2018 11:09;TXNID:808911245608;BID:C463795
[INFO] 2018-03-30 11:08:00,382 ExtentManager sendReq - Transaction ID : 808911245608
[INFO] 2018-03-30 11:08:00,382 ExtentManager sendReq - ******************************END********************************

[INFO] 2018-03-30 11:08:00,388 ExtentManager sendReq - ******************************START******************************
[INFO] 2018-03-30 11:08:00,388 ExtentManager sendReq - Request : IMPSP2AAddBeneficiary
[INFO] 2018-03-30 11:08:00,389 ExtentManager sendReq - Hmaced Request : 5b907858df5c93a30c56d964578568335660f725bd34676d5089647c143083d7*!9894060407APK2;Y;15316170605690416310253121025515855714;9894012000000;SA;HDFC0000001;IMPSBenenficiary;463795;123457;4.0;2478623864983269;24933501857427214559005545139004682695
[INFO] 2018-03-30 11:08:01,227 ExtentManager sendReq - Response received from Server : K200;9894012000000;SA;HDFC BANK LTD.;MUMBAI;HDFC0000001;IMPSBenenficiary;30/03/2018 11:09;TXNID:808911245609;BID:C463795
[INFO] 2018-03-30 11:08:01,228 ExtentManager sendReq - Transaction ID : 808911245609
[INFO] 2018-03-30 11:08:01,228 ExtentManager sendReq - ******************************END********************************

[INFO] 2018-03-30 11:08:01,230 ExtentManager sendReq - ******************************START******************************
[INFO] 2018-03-30 11:08:01,230 ExtentManager sendReq - Request : IMPSP2AAddBeneficiaryconfirmation
[INFO] 2018-03-30 11:08:01,231 ExtentManager sendReq - Hmaced Request : ab077acf762efbd0ed329fe77caa7909ff1b46287301d01543f4e783ccf1a360*!9894060407APK3;Y;15316170605690416310253121025515855714;9894012000000;SA;HDFC0000001;IMPSBenenficiary;463795;123457;4.0;2478623864983269;12864547378984740350020185337797757777
[INFO] 2018-03-30 11:08:02,083 ExtentManager sendReq - Response received from Server : K300;Beneficiary IMPSBenenficiary added successfully;30/03/2018 11:09;TXNID:808911245610;BID:C463795
[INFO] 2018-03-30 11:08:02,083 ExtentManager sendReq - Transaction ID : 808911245610
[INFO] 2018-03-30 11:08:02,084 ExtentManager sendReq - ******************************END********************************

[INFO] 2018-03-30 11:08:02,086 ExtentManager sendReq - ******************************START******************************
[INFO] 2018-03-30 11:08:02,086 ExtentManager sendReq - Request : IMPSP2ABeneficiaryPaymentListenquiry
[INFO] 2018-03-30 11:08:02,087 ExtentManager sendReq - Hmaced Request : c14af32196beae0ff838f8f9b8b27376702a07dcd3972c332da84b0900c47d52*!9894060407APK4;Y;15316170605690416310253121025515855714;IMPSBenenficiary;1;463795;123457;4.0;2478623864983269;105313656481212654729213783073864209847
[INFO] 2018-03-30 11:08:03,045 ExtentManager sendReq - Response received from Server : K400;IMPSBenenficiary;IMPSBenenficiary*HDFC0000001*9894012000000*SA;1;N;TXNID:808911245611;BID:C463795
[INFO] 2018-03-30 11:08:03,045 ExtentManager sendReq - Transaction ID : 808911245611
[INFO] 2018-03-30 11:08:03,045 ExtentManager sendReq - ******************************END********************************

[INFO] 2018-03-30 11:08:03,048 ExtentManager sendReq - ******************************START******************************
[INFO] 2018-03-30 11:08:03,048 ExtentManager sendReq - Request : IMPSP2ABeneficiaryPaymentConfirmation
[INFO] 2018-03-30 11:08:03,049 ExtentManager sendReq - Hmaced Request : 113c1dfca7e79757b5c212e596034fcb2a9c92111f0b77392cbea3eabd3c98bb*!9894060407APK5;Y;15316170605690416310253121025515855714;IMPSBenenficiary;20;IMPSTest;463795;123457;4.0;2478623864983269;62168065462103719715701424083188247681
[INFO] 2018-03-30 11:08:06,762 ExtentManager sendReq - Response received from Server : K500;Your a/c no. XXXXXXXX3269 is debited for Rs. 20.00 on 30-03-18 and a/c XXXXXXX000 credited (IMPS Ref no 808911245612);30/03/2018 11:09;TXNID:808911245612;BID:C463795
[INFO] 2018-03-30 11:08:06,763 ExtentManager sendReq - Transaction ID : 808911245612
[INFO] 2018-03-30 11:08:06,763 ExtentManager sendReq - ******************************END********************************

[INFO] 2018-03-30 11:08:06,765 ExtentManager sendReq - ******************************START******************************
[INFO] 2018-03-30 11:08:06,765 ExtentManager sendReq - Request : IMPSP2ABeneficiarySearchListenquiry
[INFO] 2018-03-30 11:08:06,766 ExtentManager sendReq - Hmaced Request : 6b47a6da655e81248057d392de6e852bb5a3b523be500695a33a2b91946bc56e*!9894060407AP4W;Y;15316170605690416310253121025515855714;IMPSBenenficiary;1;463795;123457;4.0;2478623864983269;192562620101397542936196849383250428917
[INFO] 2018-03-30 11:08:07,721 ExtentManager sendReq - Response received from Server : 4W00;IMPSBenenficiary;IMPSBenenficiary*HDFC BANK LTD.*9894012000000*SA*HDFC0000001;1;N;TXNID:808911245613;BID:C463795
[INFO] 2018-03-30 11:08:07,721 ExtentManager sendReq - Transaction ID : 808911245613
[INFO] 2018-03-30 11:08:07,721 ExtentManager sendReq - ******************************END********************************

[INFO] 2018-03-30 11:08:07,723 ExtentManager sendReq - ******************************START******************************
[INFO] 2018-03-30 11:08:07,724 ExtentManager sendReq - Request : IMPSP2ABeneficiarySearchListenquiry
[INFO] 2018-03-30 11:08:07,725 ExtentManager sendReq - Hmaced Request : 4752a826ddfd23e6b720b7b77c10e3a5959604ecd857f6f72805e77b8c494cf5*!9894060407AP4W;Y;15316170605690416310253121025515855714;;1;463795;123457;4.0;2478623864983269;3303176506646829765603764621053413038
[INFO] 2018-03-30 11:08:08,677 ExtentManager sendReq - Response received from Server : 4W00; ;IMPSBenenficiary*HDFC BANK LTD.*9894012000000*SA*HDFC0000001;1;N;TXNID:808911245614;BID:C463795
[INFO] 2018-03-30 11:08:08,677 ExtentManager sendReq - Transaction ID : 808911245614
[INFO] 2018-03-30 11:08:08,677 ExtentManager sendReq - ******************************END********************************

[INFO] 2018-03-30 11:08:08,682 ExtentManager sendReq - ******************************START******************************
[INFO] 2018-03-30 11:08:08,682 ExtentManager sendReq - Request : IMPSP2ADeleteBeneficiaryListenquiry
[INFO] 2018-03-30 11:08:08,683 ExtentManager sendReq - Hmaced Request : 595b7121296a398b00acdee721a13cf3495100e49423107e420c1c2a1d6875e1*!9894060407AP6L;Y;15316170605690416310253121025515855714;IMPSBenenficiary;1;463795;123457;4.0;2478623864983269;45173734379970850804903384526740731315
[INFO] 2018-03-30 11:08:09,526 ExtentManager sendReq - Response received from Server : 6L00;IMPSBenenficiary;IMPSBenenficiary;1;N;TXNID:808911245615;BID:C463795
[INFO] 2018-03-30 11:08:09,526 ExtentManager sendReq - Transaction ID : 808911245615
[INFO] 2018-03-30 11:08:09,526 ExtentManager sendReq - ******************************END********************************

[INFO] 2018-03-30 11:08:09,528 ExtentManager sendReq - ******************************START******************************
[INFO] 2018-03-30 11:08:09,528 ExtentManager sendReq - Request : IMPSP2ADeleteBeneficiaryConfirmation
[INFO] 2018-03-30 11:08:09,531 ExtentManager sendReq - Hmaced Request : 7fb3ab94d94367011c0f4a0a88cfe7f8f68334e021751be9eac418f0d6cc6d71*!9894060407AP6D;Y;15316170605690416310253121025515855714;IMPSBenenficiary;463795;123457;4.0;2478623864983269;36628487292393379827405621795848945507
[INFO] 2018-03-30 11:08:10,478 ExtentManager sendReq - Response received from Server : 6D00;Beneficiary IMPSBenenficiary deleted successfully;30/03/2018 11:09;TXNID:808911245616;BID:C463795
[INFO] 2018-03-30 11:08:10,478 ExtentManager sendReq - Transaction ID : 808911245616
[INFO] 2018-03-30 11:08:10,478 ExtentManager sendReq - ******************************END********************************

