[INFO] 2018-03-27 08:39:50,043 ExtentManager setUp - Running Mobile banking API Automation testing on mPAY 4.0

[INFO] 2018-03-27 08:39:50,187 ExtentManager sendReqAppLogin - ******************************START******************************
[INFO] 2018-03-27 08:39:50,187 ExtentManager sendReqAppLogin - Request : App Login
[INFO] 2018-03-27 08:39:50,816 ExtentManager sendReqAppLogin - Hmaced Request : 67eea5c68db6a62439a3a131f1def1fd58fd2475c27ae429f6a4934e162eb48b*!9894060407APGC;BVD:4.0.9%23ANDROID7.1.1%23H1920W1080%23LENOVO+Lenovo+K8+Plus%2310.175.117.48%2312.8354858%2C80.2235916%3B463795;123457;4.0;0;164747470713050517785969382687728827725
[INFO] 2018-03-27 08:39:51,844 ExtentManager sendReq - ******************************START******************************
[INFO] 2018-03-27 08:39:51,845 ExtentManager sendReq - Request : Balance Enquiry
[INFO] 2018-03-27 08:39:51,847 ExtentManager sendReq - Hmaced Request : a763864ccb7e56bcc91e35bd45e0aa9666c267d6af2565225b485a51c8beebf9*!9894060407APBE;Y;15316170605690416310253121025515855714;463795;123457;4.0;2478623864983269;177037373377983814722021186195026678605
[INFO] 2018-03-27 08:39:52,870 ExtentManager sendReq - ******************************START******************************
[INFO] 2018-03-27 08:39:52,871 ExtentManager sendReq - Request : Mini statement
[INFO] 2018-03-27 08:39:52,873 ExtentManager sendReq - Hmaced Request : 9d5c04482269473a547c22b7de1ad6e9a8f7073cc15e7697e7ca6d42e44d47a1*!9894060407APMS;Y;15316170605690416310253121025515855714;463795;123457;4.0;2478623864983269;135153313705346671448576222514446967444
[INFO] 2018-03-27 08:39:53,884 ExtentManager sendReq - ******************************START******************************
[INFO] 2018-03-27 08:39:53,884 ExtentManager sendReq - Request : Transaction History
[INFO] 2018-03-27 08:39:53,887 ExtentManager sendReq - Hmaced Request : 16d4ec59c16cc1c88215266d67840052ac146247754d82563f511985a69a8060*!9894060407APTH;Y;15316170605690416310253121025515855714;001;463795;123457;4.0;2478623864983269;66711461378864108838357829435100915409
[INFO] 2018-03-27 08:39:54,893 ExtentManager sendReq - ******************************START******************************
[INFO] 2018-03-27 08:39:54,893 ExtentManager sendReq - Request : Generate MMID
[INFO] 2018-03-27 08:39:54,894 ExtentManager sendReq - Hmaced Request : 9ef97090822542f6e07f82d9c3dcf56a6f23a445bfc9b2a2cb65fea2a6bf125c*!9894060407APIM;Y;15316170605690416310253121025515855714;001;463795;123457;4.0;2478623864983269;188058816498672561713660846346039552433
[INFO] 2018-03-27 08:39:55,902 ExtentManager sendReq - ******************************START******************************
[INFO] 2018-03-27 08:39:55,903 ExtentManager sendReq - Request : Retrieve MMID
[INFO] 2018-03-27 08:39:55,907 ExtentManager sendReq - Hmaced Request : 465818f3e6fd43994d5a3c43d04c5b099caf9fac18bad56c01604b964b8c7e5c*!9894060407APS6;Y;15316170605690416310253121025515855714;2478623864983269;463795;123457;4.0;2478623864983269;25225901867418870596621825359055885109
[INFO] 2018-03-27 08:39:56,920 ExtentManager sendReq - ******************************START******************************
[INFO] 2018-03-27 08:39:56,921 ExtentManager sendReq - Request : Generate MMID
[INFO] 2018-03-27 08:39:56,924 ExtentManager sendReq - Hmaced Request : 8788999cb9aaeb3730dbca7b40b051fe6038c3ebcd0be2a2e1e3bfa9803a02a7*!9894060407APIM;Y;15316170605690416310253121025515855714;001;463795;123457;4.0;2478623864983269;60231106588143010437288079587999588401
[INFO] 2018-03-27 08:39:57,942 ExtentManager sendReq - ******************************START******************************
[INFO] 2018-03-27 08:39:57,943 ExtentManager sendReq - Request : Generate MMID
[INFO] 2018-03-27 08:39:57,945 ExtentManager sendReq - Hmaced Request : 265751d16108e0128a1b83ebc1e9c04a2e1df559a38bf2fc5aa6845bbfad38cc*!9894060407APIM;Y;15316170605690416310253121025515855714;001;463795;123457;4.0;2478623864983269;87119682889597879540592252423447575567
[INFO] 2018-03-27 08:39:58,955 ExtentManager sendReq - ******************************START******************************
[INFO] 2018-03-27 08:39:58,956 ExtentManager sendReq - Request : Email ID fetch
[INFO] 2018-03-27 08:39:58,958 ExtentManager sendReq - Hmaced Request : faccccefd3e82f5e2eb4c141bffccab2e841ceee9090ae23835daf7b46811f17*!9894060407APZ6;Y;15316170605690416310253121025515855714;463795;123457;4.0;2478623864983269;3702754481150858708088123176371617158
[INFO] 2018-03-27 08:39:59,957 ExtentManager sendReq - ******************************START******************************
[INFO] 2018-03-27 08:39:59,958 ExtentManager sendReq - Request : Email ID Fetch
[INFO] 2018-03-27 08:39:59,959 ExtentManager sendReq - Hmaced Request : 763a6e9346b8a6e0a47a3390043c7b05338ff74394eb23f399680e64a4789ab5*!9894060407APZ3;Y;15316170605690416310253121025515855714;abc@fss.com;463795;123457;4.0;2478623864983269;103181042855604666409177673792735573850
[INFO] 2018-03-27 08:40:00,979 ExtentManager sendReq - ******************************START******************************
[INFO] 2018-03-27 08:40:00,980 ExtentManager sendReq - Request : Cheque status
[INFO] 2018-03-27 08:40:00,982 ExtentManager sendReq - Hmaced Request : 951b3ce6d2005febf0a1e295ef21740eefcb6d08fee173b001c6659d0cc0acc3*!9894060407APLW;Y;15316170605690416310253121025515855714;123456;463795;123457;4.0;2478623864983269;159161385255500420577464336173778645595
[INFO] 2018-03-27 08:40:01,992 ExtentManager sendReq - ******************************START******************************
[INFO] 2018-03-27 08:40:01,993 ExtentManager sendReq - Request : Account Fetch
[INFO] 2018-03-27 08:40:01,995 ExtentManager sendReq - Hmaced Request : b305218447e7adf2bd33825869712db13ad521bb3ac1acdebd1ed24d1301b47a*!9894060407APSY;2;463795;123457;4.0;0;102646337255020938701573453443548538904
[INFO] 2018-03-27 08:40:03,005 ExtentManager sendReq - ******************************START******************************
[INFO] 2018-03-27 08:40:03,005 ExtentManager sendReq - Request : Stop Cheque
[INFO] 2018-03-27 08:40:03,007 ExtentManager sendReq - Hmaced Request : cb12d40ffe73095933bda42e2fcc117bb77edb96d0740beb73e7af9efabfd0a8*!9894060407APL4;Y;15316170605690416310253121025515855714;123456;463795;123457;4.0;2478623864983269;199071301049475228302903414378676554142
[INFO] 2018-03-27 08:40:04,015 ExtentManager sendReq - ******************************START******************************
[INFO] 2018-03-27 08:40:04,016 ExtentManager sendReq - Request : Change Login Password
[INFO] 2018-03-27 08:40:04,018 ExtentManager sendReq - Hmaced Request : 206f5d04d079892a24b906ebb17dcfbee75c0368688c8b9bf813337379cbe06e*!9894060407APP5;8609547570776098518502128580812621291;463795;123457;4.0;0;29429991578692382183660230091019181800
[INFO] 2018-03-27 08:40:19,333 ExtentManager endReport - Launching report canceled
[INFO] 2018-03-27 08:40:23,428 ExtentManager endReport - Launching report
