[INFO] 2018-03-27 09:30:40,465 ExtentManager setUp - Running Mobile banking API Automation testing on mPAY 4.0

[INFO] 2018-03-27 09:30:40,611 ExtentManager sendReqAppLogin - ******************************START******************************
[INFO] 2018-03-27 09:30:40,611 ExtentManager sendReqAppLogin - Request : App Login
[INFO] 2018-03-27 09:30:41,265 ExtentManager sendReqAppLogin - Hmaced Request : b46f8ef8b35e5ad422db8a58b920564229578e37973ef3e6c247d6d0f2763d9b*!9894060407APGC;BVD:4.0.9%23ANDROID7.1.1%23H1920W1080%23LENOVO+Lenovo+K8+Plus%2310.175.117.48%2312.8354858%2C80.2235916%3B463795;123457;4.0;0;136941273297584461094914968505405938472
[ERROR] 2018-03-27 09:30:41,337 HttpConnect Post - java.io.FileNotFoundException: http://10.44.120.60:7020/txnmpayportal/servlet/MQSender?request=b46f8ef8b35e5ad422db8a58b920564229578e37973ef3e6c247d6d0f2763d9b*!9894060407APGC;BVD:4.0.9%23ANDROID7.1.1%23H1920W1080%23LENOVO+Lenovo+K8+Plus%2310.175.117.48%2312.8354858%2C80.2235916%3B463795;123457;4.0;0;136941273297584461094914968505405938472
[INFO] 2018-03-27 09:30:41,337 ExtentManager sendReqAppLogin - Response received from Server : null
[INFO] 2018-03-27 09:30:41,343 ExtentManager sendReq - ******************************START******************************
[INFO] 2018-03-27 09:30:41,344 ExtentManager sendReq - Request : Balance Enquiry
[INFO] 2018-03-27 09:30:41,345 ExtentManager sendReq - Hmaced Request : 4f5bffe861d798b69a6da844147dfdd18339fdc5dfb52be01a7a7bfa17da9919*!9894060407APBE;Y;15316170605690416310253121025515855714;463795;123457;4.0;2478623864983269;192733691594313063637516666896965935636
[ERROR] 2018-03-27 09:30:41,349 HttpConnect Post - java.io.FileNotFoundException: http://10.44.120.60:7020/txnmpayportal/servlet/MQSender?request=4f5bffe861d798b69a6da844147dfdd18339fdc5dfb52be01a7a7bfa17da9919*!9894060407APBE;Y;15316170605690416310253121025515855714;463795;123457;4.0;2478623864983269;192733691594313063637516666896965935636
[INFO] 2018-03-27 09:30:41,350 ExtentManager sendReq - Response received from Server : null
[INFO] 2018-03-27 09:30:41,352 ExtentManager sendReq - ******************************START******************************
[INFO] 2018-03-27 09:30:41,352 ExtentManager sendReq - Request : Mini statement
[INFO] 2018-03-27 09:30:41,353 ExtentManager sendReq - Hmaced Request : 7e9cb373845c9eed3578f1911a1fc0e72f6fc498777265e7682acf4a03290405*!9894060407APMS;Y;15316170605690416310253121025515855714;463795;123457;4.0;2478623864983269;58631743458778535952160212211673865662
[ERROR] 2018-03-27 09:30:41,357 HttpConnect Post - java.io.FileNotFoundException: http://10.44.120.60:7020/txnmpayportal/servlet/MQSender?request=7e9cb373845c9eed3578f1911a1fc0e72f6fc498777265e7682acf4a03290405*!9894060407APMS;Y;15316170605690416310253121025515855714;463795;123457;4.0;2478623864983269;58631743458778535952160212211673865662
[INFO] 2018-03-27 09:30:41,357 ExtentManager sendReq - Response received from Server : null
[INFO] 2018-03-27 09:30:41,359 ExtentManager sendReq - ******************************START******************************
[INFO] 2018-03-27 09:30:41,359 ExtentManager sendReq - Request : Transaction History
[INFO] 2018-03-27 09:30:41,360 ExtentManager sendReq - Hmaced Request : 5cc91d0d6d2e3ac79784b29ec80f6b8d58044c483ae2d5fadebff0c54f973458*!9894060407APTH;Y;15316170605690416310253121025515855714;001;463795;123457;4.0;2478623864983269;111325945428926799220342983037972170899
[ERROR] 2018-03-27 09:30:41,364 HttpConnect Post - java.io.FileNotFoundException: http://10.44.120.60:7020/txnmpayportal/servlet/MQSender?request=5cc91d0d6d2e3ac79784b29ec80f6b8d58044c483ae2d5fadebff0c54f973458*!9894060407APTH;Y;15316170605690416310253121025515855714;001;463795;123457;4.0;2478623864983269;111325945428926799220342983037972170899
[INFO] 2018-03-27 09:30:41,364 ExtentManager sendReq - Response received from Server : null
[INFO] 2018-03-27 09:30:41,367 ExtentManager sendReq - ******************************START******************************
[INFO] 2018-03-27 09:30:41,367 ExtentManager sendReq - Request : Generate MMID
[INFO] 2018-03-27 09:30:41,368 ExtentManager sendReq - Hmaced Request : 2ea22f7e3f025c2c287e17f70099ff01016bc54c592ef54a666a4e6e59a51757*!9894060407APIM;Y;15316170605690416310253121025515855714;001;463795;123457;4.0;2478623864983269;145435980334200092719034590143898150958
[ERROR] 2018-03-27 09:30:41,371 HttpConnect Post - java.io.FileNotFoundException: http://10.44.120.60:7020/txnmpayportal/servlet/MQSender?request=2ea22f7e3f025c2c287e17f70099ff01016bc54c592ef54a666a4e6e59a51757*!9894060407APIM;Y;15316170605690416310253121025515855714;001;463795;123457;4.0;2478623864983269;145435980334200092719034590143898150958
[INFO] 2018-03-27 09:30:41,372 ExtentManager sendReq - Response received from Server : null
[INFO] 2018-03-27 09:30:41,374 ExtentManager sendReq - ******************************START******************************
[INFO] 2018-03-27 09:30:41,374 ExtentManager sendReq - Request : Retrieve MMID
[INFO] 2018-03-27 09:30:41,377 ExtentManager sendReq - Hmaced Request : 086a297313ce7856df143518178b8997ef9479426c886c26582ba8616438c6b2*!9894060407APS6;Y;15316170605690416310253121025515855714;2478623864983269;463795;123457;4.0;2478623864983269;124645798056923016231100708117696703853
[ERROR] 2018-03-27 09:30:41,382 HttpConnect Post - java.io.FileNotFoundException: http://10.44.120.60:7020/txnmpayportal/servlet/MQSender?request=086a297313ce7856df143518178b8997ef9479426c886c26582ba8616438c6b2*!9894060407APS6;Y;15316170605690416310253121025515855714;2478623864983269;463795;123457;4.0;2478623864983269;124645798056923016231100708117696703853
[INFO] 2018-03-27 09:30:41,383 ExtentManager sendReq - Response received from Server : null
[INFO] 2018-03-27 09:30:41,385 ExtentManager sendReq - ******************************START******************************
[INFO] 2018-03-27 09:30:41,385 ExtentManager sendReq - Request : Generate MMID
[INFO] 2018-03-27 09:30:41,387 ExtentManager sendReq - Hmaced Request : 7117675939e5d7c96b5ebc48994f90f5d62ec020ef2d2608f149c80d1e36c9b7*!9894060407APIM;Y;15316170605690416310253121025515855714;001;463795;123457;4.0;2478623864983269;8971129506493831146914408267251309812
[ERROR] 2018-03-27 09:30:41,391 HttpConnect Post - java.io.FileNotFoundException: http://10.44.120.60:7020/txnmpayportal/servlet/MQSender?request=7117675939e5d7c96b5ebc48994f90f5d62ec020ef2d2608f149c80d1e36c9b7*!9894060407APIM;Y;15316170605690416310253121025515855714;001;463795;123457;4.0;2478623864983269;8971129506493831146914408267251309812
[INFO] 2018-03-27 09:30:41,391 ExtentManager sendReq - Response received from Server : null
[INFO] 2018-03-27 09:30:41,569 ExtentManager sendReq - ******************************START******************************
[INFO] 2018-03-27 09:30:41,570 ExtentManager sendReq - Request : Generate MMID
[INFO] 2018-03-27 09:30:41,570 ExtentManager sendReq - Hmaced Request : 80279f35800b9b2545f54a2bda578a4b93697b0fb10b12d629d01944f99136b9*!9894060407APIM;Y;15316170605690416310253121025515855714;001;463795;123457;4.0;2478623864983269;97475593589639095876855794828184590789
[ERROR] 2018-03-27 09:30:41,584 HttpConnect Post - java.io.FileNotFoundException: http://10.44.120.60:7020/txnmpayportal/servlet/MQSender?request=80279f35800b9b2545f54a2bda578a4b93697b0fb10b12d629d01944f99136b9*!9894060407APIM;Y;15316170605690416310253121025515855714;001;463795;123457;4.0;2478623864983269;97475593589639095876855794828184590789
[INFO] 2018-03-27 09:30:41,584 ExtentManager sendReq - Response received from Server : null
[INFO] 2018-03-27 09:30:41,586 ExtentManager sendReq - ******************************START******************************
[INFO] 2018-03-27 09:30:41,586 ExtentManager sendReq - Request : Email ID fetch
[INFO] 2018-03-27 09:30:41,586 ExtentManager sendReq - Hmaced Request : e45056853f6f66bef5a81ba84f4eac0729e53fa63641fcd60766cf1111fd8a3d*!9894060407APZ6;Y;15316170605690416310253121025515855714;463795;123457;4.0;2478623864983269;146627703422290377880373510230226017286
[ERROR] 2018-03-27 09:30:41,591 HttpConnect Post - java.io.FileNotFoundException: http://10.44.120.60:7020/txnmpayportal/servlet/MQSender?request=e45056853f6f66bef5a81ba84f4eac0729e53fa63641fcd60766cf1111fd8a3d*!9894060407APZ6;Y;15316170605690416310253121025515855714;463795;123457;4.0;2478623864983269;146627703422290377880373510230226017286
[INFO] 2018-03-27 09:30:41,591 ExtentManager sendReq - Response received from Server : null
[INFO] 2018-03-27 09:30:41,593 ExtentManager sendReq - ******************************START******************************
[INFO] 2018-03-27 09:30:41,593 ExtentManager sendReq - Request : Email ID Fetch
[INFO] 2018-03-27 09:30:41,594 ExtentManager sendReq - Hmaced Request : e85a8978629b012ccddded7d243f2ba942763d6b9d3568a2ccd60f740329105a*!9894060407APZ3;Y;15316170605690416310253121025515855714;abc@fss.com;463795;123457;4.0;2478623864983269;155776563237612546363769291004407563144
[ERROR] 2018-03-27 09:30:41,598 HttpConnect Post - java.io.FileNotFoundException: http://10.44.120.60:7020/txnmpayportal/servlet/MQSender?request=e85a8978629b012ccddded7d243f2ba942763d6b9d3568a2ccd60f740329105a*!9894060407APZ3;Y;15316170605690416310253121025515855714;abc@fss.com;463795;123457;4.0;2478623864983269;155776563237612546363769291004407563144
[INFO] 2018-03-27 09:30:41,598 ExtentManager sendReq - Response received from Server : null
[INFO] 2018-03-27 09:30:41,600 ExtentManager sendReq - ******************************START******************************
[INFO] 2018-03-27 09:30:41,600 ExtentManager sendReq - Request : Cheque status
[INFO] 2018-03-27 09:30:41,601 ExtentManager sendReq - Hmaced Request : 214631ffc8aa113b75589b85b0ef17c5ec4f353b145e148c4e9335515da8826c*!9894060407APLW;Y;15316170605690416310253121025515855714;123456;463795;123457;4.0;2478623864983269;36927133120607223401619225397806031927
[ERROR] 2018-03-27 09:30:41,605 HttpConnect Post - java.io.FileNotFoundException: http://10.44.120.60:7020/txnmpayportal/servlet/MQSender?request=214631ffc8aa113b75589b85b0ef17c5ec4f353b145e148c4e9335515da8826c*!9894060407APLW;Y;15316170605690416310253121025515855714;123456;463795;123457;4.0;2478623864983269;36927133120607223401619225397806031927
[INFO] 2018-03-27 09:30:41,605 ExtentManager sendReq - Response received from Server : null
[INFO] 2018-03-27 09:30:41,640 ExtentManager sendReq - ******************************START******************************
[INFO] 2018-03-27 09:30:41,640 ExtentManager sendReq - Request : Account Fetch
[INFO] 2018-03-27 09:30:41,641 ExtentManager sendReq - Hmaced Request : 00e789da4a0bec54c3e3cff4336f1669d036a00867eee20d252e60e2f5742164*!9894060407APSY;2;463795;123457;4.0;0;112874124971251735707912084873952598008
[ERROR] 2018-03-27 09:30:41,645 HttpConnect Post - java.io.FileNotFoundException: http://10.44.120.60:7020/txnmpayportal/servlet/MQSender?request=00e789da4a0bec54c3e3cff4336f1669d036a00867eee20d252e60e2f5742164*!9894060407APSY;2;463795;123457;4.0;0;112874124971251735707912084873952598008
[INFO] 2018-03-27 09:30:41,645 ExtentManager sendReq - Response received from Server : null
[INFO] 2018-03-27 09:30:41,647 ExtentManager sendReq - ******************************START******************************
[INFO] 2018-03-27 09:30:41,647 ExtentManager sendReq - Request : Stop Cheque
[INFO] 2018-03-27 09:30:41,648 ExtentManager sendReq - Hmaced Request : b352e7517a9c10afe13b994e4e1901428626184a0fee48c5a1438f1fac0f90b2*!9894060407APL4;Y;15316170605690416310253121025515855714;123456;463795;123457;4.0;2478623864983269;11486531835051075048645922021978851900
[ERROR] 2018-03-27 09:30:41,652 HttpConnect Post - java.io.FileNotFoundException: http://10.44.120.60:7020/txnmpayportal/servlet/MQSender?request=b352e7517a9c10afe13b994e4e1901428626184a0fee48c5a1438f1fac0f90b2*!9894060407APL4;Y;15316170605690416310253121025515855714;123456;463795;123457;4.0;2478623864983269;11486531835051075048645922021978851900
[INFO] 2018-03-27 09:30:41,652 ExtentManager sendReq - Response received from Server : null
[INFO] 2018-03-27 09:30:41,656 ExtentManager sendReq - ******************************START******************************
[INFO] 2018-03-27 09:30:41,656 ExtentManager sendReq - Request : Change Login Password
[INFO] 2018-03-27 09:30:41,657 ExtentManager sendReq - Hmaced Request : 7b9bbbf24c8604934e3ac383f269cd3c9afb9bebf67498e5336c8563116e780b*!9894060407APP5;8609547570776098518502128580812621291;463795;123457;4.0;0;29591762012672841137816596919606286833
[ERROR] 2018-03-27 09:30:41,661 HttpConnect Post - java.io.FileNotFoundException: http://10.44.120.60:7020/txnmpayportal/servlet/MQSender?request=7b9bbbf24c8604934e3ac383f269cd3c9afb9bebf67498e5336c8563116e780b*!9894060407APP5;8609547570776098518502128580812621291;463795;123457;4.0;0;29591762012672841137816596919606286833
[INFO] 2018-03-27 09:30:41,661 ExtentManager sendReq - Response received from Server : null
