[INFO] 2018-03-27 08:37:17,586 ExtentManager setUp - Running Mobile banking API Automation testing on mPAY 4.0

[INFO] 2018-03-27 08:37:17,742 ExtentManager sendReqAppLogin - ******************************START******************************
[INFO] 2018-03-27 08:37:17,742 ExtentManager sendReqAppLogin - Request : App Login
[INFO] 2018-03-27 08:37:18,390 ExtentManager sendReqAppLogin - Hmaced Request : 1d8cb4b09bc5a6fb2859e254dd92e7d1e029cb9e7571341d1f88ec611a0c5776*!9894060407APGC;BVD:4.0.9%23ANDROID7.1.1%23H1920W1080%23LENOVO+Lenovo+K8+Plus%2310.175.117.48%2312.8354858%2C80.2235916%3B463795;123457;4.0;0;201123665030712438727078833617623350248
[INFO] 2018-03-27 08:37:19,415 ExtentManager sendReq - ******************************START******************************
[INFO] 2018-03-27 08:37:19,416 ExtentManager sendReq - Request : Balance Enquiry
[INFO] 2018-03-27 08:37:19,418 ExtentManager sendReq - Hmaced Request : e991add40a7ce9d65b540de5953704117db94e134a95100eeab67ecf537b906a*!9894060407APBE;Y;15316170605690416310253121025515855714;463795;123457;4.0;2478623864983269;48728604476446353232633475305922722154
[INFO] 2018-03-27 08:37:20,430 ExtentManager sendReq - ******************************START******************************
[INFO] 2018-03-27 08:37:20,431 ExtentManager sendReq - Request : Mini statement
[INFO] 2018-03-27 08:37:20,434 ExtentManager sendReq - Hmaced Request : d773871cbc7c55023b08c3db900ac08e2bacde2e8e33c6975b70735dccf56faf*!9894060407APMS;Y;15316170605690416310253121025515855714;463795;123457;4.0;2478623864983269;164427880628994159310852696910226292455
[INFO] 2018-03-27 08:37:21,445 ExtentManager sendReq - ******************************START******************************
[INFO] 2018-03-27 08:37:21,446 ExtentManager sendReq - Request : Transaction History
[INFO] 2018-03-27 08:37:21,449 ExtentManager sendReq - Hmaced Request : 831c89fac28dac283039e6569782fb1bdba7334d87bd0939ebe08cc13699eef7*!9894060407APTH;Y;15316170605690416310253121025515855714;001;463795;123457;4.0;2478623864983269;201446717103267983093699726897943093546
[INFO] 2018-03-27 08:37:22,460 ExtentManager sendReq - ******************************START******************************
[INFO] 2018-03-27 08:37:22,461 ExtentManager sendReq - Request : Generate MMID
[INFO] 2018-03-27 08:37:22,463 ExtentManager sendReq - Hmaced Request : 718d36c446dabd17c86d059c062ff8fef97992ff0a1871f28d951cc7dfb1718c*!9894060407APIM;Y;15316170605690416310253121025515855714;001;463795;123457;4.0;2478623864983269;186860861700306272720281473531770440093
[INFO] 2018-03-27 08:37:23,473 ExtentManager sendReq - ******************************START******************************
[INFO] 2018-03-27 08:37:23,474 ExtentManager sendReq - Request : Retrieve MMID
[INFO] 2018-03-27 08:37:23,476 ExtentManager sendReq - Hmaced Request : 4b824b214955ff493c38ffd3f597689a52cd6c67cdf64e7d12878b568c73f236*!9894060407APS6;Y;15316170605690416310253121025515855714;2478623864983269;463795;123457;4.0;2478623864983269;56026008541809455601558008956081594437
[INFO] 2018-03-27 08:37:24,487 ExtentManager sendReq - ******************************START******************************
[INFO] 2018-03-27 08:37:24,488 ExtentManager sendReq - Request : Generate MMID
[INFO] 2018-03-27 08:37:24,490 ExtentManager sendReq - Hmaced Request : 589d9f1a01d5948ee767260f85554fd069b87c26f5702d16ff81a3a06435f69b*!9894060407APIM;Y;15316170605690416310253121025515855714;001;463795;123457;4.0;2478623864983269;161962877283443637827868120899508223609
[INFO] 2018-03-27 08:37:25,508 ExtentManager sendReq - ******************************START******************************
[INFO] 2018-03-27 08:37:25,509 ExtentManager sendReq - Request : Generate MMID
[INFO] 2018-03-27 08:37:25,511 ExtentManager sendReq - Hmaced Request : 33b2dc84b0a8a760c340defa8d7a3055237e2f4685a8327ad2525eb3bc04827b*!9894060407APIM;Y;15316170605690416310253121025515855714;001;463795;123457;4.0;2478623864983269;50944086984383680522988605834459549257
[INFO] 2018-03-27 08:37:26,532 ExtentManager sendReq - ******************************START******************************
[INFO] 2018-03-27 08:37:26,533 ExtentManager sendReq - Request : Email ID fetch
[INFO] 2018-03-27 08:37:26,535 ExtentManager sendReq - Hmaced Request : 6e74b885457050c66604d8ffd4f0312d07287bb20ef768441f78d72a0c06f76d*!9894060407APZ6;Y;15316170605690416310253121025515855714;463795;123457;4.0;2478623864983269;110609341559575628983318348806323832447
[INFO] 2018-03-27 08:37:27,546 ExtentManager sendReq - ******************************START******************************
[INFO] 2018-03-27 08:37:27,547 ExtentManager sendReq - Request : Email ID Fetch
[INFO] 2018-03-27 08:37:27,551 ExtentManager sendReq - Hmaced Request : b3ba70d823b202f53675e687eafe6e4b144df5ea472295df5aab618f49a379be*!9894060407APZ3;Y;15316170605690416310253121025515855714;abc@fss.com;463795;123457;4.0;2478623864983269;164431469204868363812280405768651997527
[INFO] 2018-03-27 08:37:28,576 ExtentManager sendReq - ******************************START******************************
[INFO] 2018-03-27 08:37:28,577 ExtentManager sendReq - Request : Cheque status
[INFO] 2018-03-27 08:37:28,577 ExtentManager sendReq - Hmaced Request : 1cfcf91e7c47c06342689fda0730d7574bfb7a225a2d294cd065cca1fcac93a2*!9894060407APLW;Y;15316170605690416310253121025515855714;123456;463795;123457;4.0;2478623864983269;125293303718456772552693313733615053834
[INFO] 2018-03-27 08:37:29,578 ExtentManager sendReq - ******************************START******************************
[INFO] 2018-03-27 08:37:29,579 ExtentManager sendReq - Request : Account Fetch
[INFO] 2018-03-27 08:37:29,579 ExtentManager sendReq - Hmaced Request : a5d08f26d3dc00121238a128597b36d7842e092d5c563252fe53e1eb8adee98c*!9894060407APSY;2;463795;123457;4.0;0;127015268555392794932908691914281537317
[INFO] 2018-03-27 08:37:30,589 ExtentManager sendReq - ******************************START******************************
[INFO] 2018-03-27 08:37:30,589 ExtentManager sendReq - Request : Stop Cheque
[INFO] 2018-03-27 08:37:30,592 ExtentManager sendReq - Hmaced Request : 14c51231d2c8a5c139f5714a07aef8f5a357b1a82923f949830347244d3d873e*!9894060407APL4;Y;15316170605690416310253121025515855714;123456;463795;123457;4.0;2478623864983269;193126228700011795886362940671802472512
[INFO] 2018-03-27 08:37:31,601 ExtentManager sendReq - ******************************START******************************
[INFO] 2018-03-27 08:37:31,602 ExtentManager sendReq - Request : Change Login Password
[INFO] 2018-03-27 08:37:31,604 ExtentManager sendReq - Hmaced Request : 9847b3cfec4440761bf17768c0b2d51637a9269eecf5d09bed00ffffd0a8ac19*!9894060407APP5;8609547570776098518502128580812621291;463795;123457;4.0;0;198861493879210295300592299923608947670
[INFO] 2018-03-27 08:37:46,311 ExtentManager endReport - Launching report canceled
[INFO] 2018-03-27 08:37:49,086 ExtentManager endReport - Launching report
