[INFO] 2018-03-24 22:07:13,109 ExtentManager setUp - Running Mobile banking API Automation testing on mPAY 4.0

[INFO] 2018-03-24 22:07:13,326 ExtentManager sendReqAppLogin - ******************************START******************************
[INFO] 2018-03-24 22:07:13,326 ExtentManager sendReqAppLogin - Request : App Login
[INFO] 2018-03-24 22:07:13,564 ExtentManager sendReqAppLogin - Hmaced Request : 9b4e1fa4c999cc439623dc4d767eebca5fe6d10ea3e7feec1932100992c2c138*!9894060407APGC;BVD:4.0.9%23ANDROID7.1.1%23H1920W1080%23LENOVO+Lenovo+K8+Plus%2310.175.117.48%2312.8354858%2C80.2235916%3B463795;123457;4.0;0;50323985933896591258344638654428642702
[INFO] 2018-03-24 22:07:26,893 ExtentManager sendReq - ******************************START******************************
[INFO] 2018-03-24 22:07:26,893 ExtentManager sendReq - Request : Balance Enquiry
[INFO] 2018-03-24 22:07:26,896 ExtentManager sendReq - Hmaced Request : c66b072b64ec04bc1e6de5df246f7724bd3de7ec4621443e86811fdf0cef7c66*!9894060407APBE;Y;15316170605690416310253121025515855714;463795;123457;4.0;2478623864983269;35582987000700473482883639287518738927
[INFO] 2018-03-24 22:07:31,620 ExtentManager sendReq - ******************************START******************************
[INFO] 2018-03-24 22:07:31,621 ExtentManager sendReq - Request : Mini statement
[INFO] 2018-03-24 22:07:31,625 ExtentManager sendReq - Hmaced Request : bd86fcd239981f7f2e27a598372364299293db2f26d762b35b05712840516952*!9894060407APMS;Y;15316170605690416310253121025515855714;463795;123457;4.0;2478623864983269;16559941939097391375487741972843158295
[INFO] 2018-03-24 22:07:33,242 ExtentManager sendReq - ******************************START******************************
[INFO] 2018-03-24 22:07:33,243 ExtentManager sendReq - Request : Transaction History
[INFO] 2018-03-24 22:07:33,248 ExtentManager sendReq - Hmaced Request : ef1ab4b7257eb9df02259f80fa57c10b495edd7c511c6d36630844d55fa65cba*!9894060407APTH;Y;15316170605690416310253121025515855714;001;463795;123457;4.0;2478623864983269;90944466048101176133901863152004857785
[INFO] 2018-03-24 22:07:37,616 ExtentManager sendReq - ******************************START******************************
[INFO] 2018-03-24 22:07:37,617 ExtentManager sendReq - Request : Generate MMID
[INFO] 2018-03-24 22:07:37,618 ExtentManager sendReq - Hmaced Request : 54568a8b0f763943a4af2e629d345d88209238798bbc14a39795d8c0cefd1892*!9894060407APIM;Y;15316170605690416310253121025515855714;001;463795;123457;4.0;2478623864983269;179761902328703059139641907957874829167
[INFO] 2018-03-24 22:07:40,497 ExtentManager sendReq - ******************************START******************************
[INFO] 2018-03-24 22:07:40,498 ExtentManager sendReq - Request : Retrieve MMID
[INFO] 2018-03-24 22:07:40,500 ExtentManager sendReq - Hmaced Request : cedd2dcbe83dd5b8ce3c496a937a249d02a7a7733803597ace8f9c0fd402a15d*!9894060407APS6;Y;15316170605690416310253121025515855714;2478623864983269;463795;123457;4.0;2478623864983269;117951146793728294499689959207545752917
[INFO] 2018-03-24 22:07:42,363 ExtentManager sendReq - ******************************START******************************
[INFO] 2018-03-24 22:07:42,364 ExtentManager sendReq - Request : Generate MMID
[INFO] 2018-03-24 22:07:42,369 ExtentManager sendReq - Hmaced Request : 5b33c0e155e5b95f14f042da50b93b4d8c99913c4b9d3d3e80528da8581de874*!9894060407APIM;Y;15316170605690416310253121025515855714;001;463795;123457;4.0;2478623864983269;118957138722150140429580838929997450153
[INFO] 2018-03-24 22:07:45,561 ExtentManager sendReq - ******************************START******************************
[INFO] 2018-03-24 22:07:45,562 ExtentManager sendReq - Request : Generate MMID
[INFO] 2018-03-24 22:07:45,577 ExtentManager sendReq - Hmaced Request : 9018e7d8a89e8b8419783597d6ff8f9531b09358f3910d620913eeadad1ea9e7*!9894060407APIM;Y;15316170605690416310253121025515855714;001;463795;123457;4.0;2478623864983269;165917210803557731131587943034342031654
[INFO] 2018-03-24 22:07:47,143 ExtentManager sendReq - ******************************START******************************
[INFO] 2018-03-24 22:07:47,144 ExtentManager sendReq - Request : Email ID fetch
[INFO] 2018-03-24 22:07:47,145 ExtentManager sendReq - Hmaced Request : ac7a3c7b4347b0711710f8f4ce6608d394ff83b4c614a53ab67ac58ce983774d*!9894060407APZ6;Y;15316170605690416310253121025515855714;463795;123457;4.0;2478623864983269;78082931278315874268607428709236149703
[INFO] 2018-03-24 22:07:48,775 ExtentManager sendReq - ******************************START******************************
[INFO] 2018-03-24 22:07:48,776 ExtentManager sendReq - Request : Email ID Fetch
[INFO] 2018-03-24 22:07:48,779 ExtentManager sendReq - Hmaced Request : 358e6f633e81e9bb2324bdfc0b9280866f2c3d74e26e24ed86f0cfb0c77e26d7*!9894060407APZ3;Y;15316170605690416310253121025515855714;abc@fss.com;463795;123457;4.0;2478623864983269;38600364091955830687007556770965006217
[INFO] 2018-03-24 22:07:50,048 ExtentManager sendReq - ******************************START******************************
[INFO] 2018-03-24 22:07:50,049 ExtentManager sendReq - Request : Cheque status
[INFO] 2018-03-24 22:07:50,052 ExtentManager sendReq - Hmaced Request : 24377b0aabf50359bface0a8b4081d665a3754a292420525924f55311e689afa*!9894060407APLW;Y;15316170605690416310253121025515855714;123456;463795;123457;4.0;2478623864983269;176946733073721036684045439853432845240
[INFO] 2018-03-24 22:07:51,639 ExtentManager sendReq - ******************************START******************************
[INFO] 2018-03-24 22:07:51,640 ExtentManager sendReq - Request : Account Fetch
[INFO] 2018-03-24 22:07:51,642 ExtentManager sendReq - Hmaced Request : 73ec110da9c138ef6279b9c1e464f0d2b923e5c37a915314e8c991e4fe60390e*!9894060407APSY;2;463795;123457;4.0;0;70583319811445286681800950413092124293
[INFO] 2018-03-24 22:07:53,218 ExtentManager sendReq - ******************************START******************************
[INFO] 2018-03-24 22:07:53,219 ExtentManager sendReq - Request : Stop Cheque
[INFO] 2018-03-24 22:07:53,226 ExtentManager sendReq - Hmaced Request : 1bd94ddd7a5175f2bed109e1234bae32b3be11bfd353a4cde811b0e2b5ac6710*!9894060407APL4;Y;15316170605690416310253121025515855714;123456;463795;123457;4.0;2478623864983269;165876710905770367404682765545330806224
[INFO] 2018-03-24 22:07:54,824 ExtentManager sendReq - ******************************START******************************
[INFO] 2018-03-24 22:07:54,826 ExtentManager sendReq - Request : Change Login Password
[INFO] 2018-03-24 22:07:54,829 ExtentManager sendReq - Hmaced Request : e2a1ca83c14e6235f0810dd956db901686346b2b37fdeb2789575b0508022a62*!9894060407APP5;8609547570776098518502128580812621291;463795;123457;4.0;0;198607499458467394009549763625396323285
[INFO] 2018-03-24 22:14:24,905 ExtentManager endReport - Launching report
[INFO] 2018-03-24 22:14:34,615 ExtentManager endReport - Sending mail was canceled
