[INFO] 2018-03-24 21:44:59,326 ExtentManager setUp - Running Mobile banking API Automation testing on mPAY 4.0

[INFO] 2018-03-24 21:44:59,546 ExtentManager sendReqAppLogin - ******************************START******************************
[INFO] 2018-03-24 21:44:59,546 ExtentManager sendReqAppLogin - Request : App Login
[INFO] 2018-03-24 21:44:59,760 ExtentManager sendReqAppLogin - Hmaced Request : 9a235ea77eef21b8548dc4141bb6dc6aec58f38b7ce555962a1b463ec4b0afbe*!9894060407APGC;BVD:4.0.9%23ANDROID7.1.1%23H1920W1080%23LENOVO+Lenovo+K8+Plus%2310.175.117.48%2312.8354858%2C80.2235916%3B463795;123457;4.0;0;188779307980509919976507001804059755684
[INFO] 2018-03-24 21:45:04,065 ExtentManager sendReq - ******************************START******************************
[INFO] 2018-03-24 21:45:04,066 ExtentManager sendReq - Request : Balance Enquiry
[INFO] 2018-03-24 21:45:04,069 ExtentManager sendReq - Hmaced Request : 445de6906a4cd5edfdb401424b0a8692986478212ce0c3626aba68030b47e096*!9894060407APBE;Y;15316170605690416310253121025515855714;463795;123457;4.0;2478623864983269;135060934576522219300688291371923732087
[INFO] 2018-03-24 21:45:10,206 ExtentManager sendReq - ******************************START******************************
[INFO] 2018-03-24 21:45:10,208 ExtentManager sendReq - Request : Mini statement
[INFO] 2018-03-24 21:45:10,217 ExtentManager sendReq - Hmaced Request : 59e010c53337fb3f1b0f6f4874d57ee3c1718d0923e6232f0bdaa3d2015d53c5*!9894060407APMS;Y;15316170605690416310253121025515855714;463795;123457;4.0;2478623864983269;41663716347321011888369612526413476655
[INFO] 2018-03-24 21:45:12,457 ExtentManager sendReq - ******************************START******************************
[INFO] 2018-03-24 21:45:12,458 ExtentManager sendReq - Request : Transaction History
[INFO] 2018-03-24 21:45:12,461 ExtentManager sendReq - Hmaced Request : a28587c28fbf950eeeaf23c650e5826308b92aad3c03f2f0878bd9a4799ecdcb*!9894060407APTH;Y;15316170605690416310253121025515855714;001;463795;123457;4.0;2478623864983269;78517125820093077816067064929061156759
[INFO] 2018-03-24 21:45:14,512 ExtentManager sendReq - ******************************START******************************
[INFO] 2018-03-24 21:45:14,523 ExtentManager sendReq - Request : Generate MMID
[INFO] 2018-03-24 21:45:14,536 ExtentManager sendReq - Hmaced Request : a8bdf4ed69e23a43923974505dadad4b5d965bcb8a9b20990ac0a3c637de9ab1*!9894060407APIM;Y;15316170605690416310253121025515855714;001;463795;123457;4.0;2478623864983269;17036112602772356195571084219147664779
[INFO] 2018-03-24 21:45:16,139 ExtentManager sendReq - ******************************START******************************
[INFO] 2018-03-24 21:45:16,140 ExtentManager sendReq - Request : Retrieve MMID
[INFO] 2018-03-24 21:45:16,144 ExtentManager sendReq - Hmaced Request : 6c3a48e2e8c3d5efc76a5c8b3b8880f74eaa85e47d35ea0ba415a20403f45ee1*!9894060407APS6;Y;15316170605690416310253121025515855714;2478623864983269;463795;123457;4.0;2478623864983269;154357789445806247886111207873133792513
[INFO] 2018-03-24 21:45:17,774 ExtentManager sendReq - ******************************START******************************
[INFO] 2018-03-24 21:45:17,775 ExtentManager sendReq - Request : Generate MMID
[INFO] 2018-03-24 21:45:17,778 ExtentManager sendReq - Hmaced Request : afd0c9212c1aa951156fa375a15d4d6e1c7a01feb6b188bf409a85215b843742*!9894060407APIM;Y;15316170605690416310253121025515855714;001;463795;123457;4.0;2478623864983269;43074403928555133586910187958444917007
[INFO] 2018-03-24 21:45:19,419 ExtentManager sendReq - ******************************START******************************
[INFO] 2018-03-24 21:45:19,420 ExtentManager sendReq - Request : Generate MMID
[INFO] 2018-03-24 21:45:19,424 ExtentManager sendReq - Hmaced Request : e6e1b5e349401efc6fac5e58da926b6a5941145dbefec6b5b42a9709ce56f983*!9894060407APIM;Y;15316170605690416310253121025515855714;001;463795;123457;4.0;2478623864983269;45054228305346893220772008836854606662
[INFO] 2018-03-24 21:45:21,872 ExtentManager sendReq - ******************************START******************************
[INFO] 2018-03-24 21:45:21,874 ExtentManager sendReq - Request : Email ID fetch
[INFO] 2018-03-24 21:45:21,877 ExtentManager sendReq - Hmaced Request : 5a7db23d3e5f0ae1528393c5ab74caca66f8dcaad6397ab4a96e4b84ac668c45*!9894060407APZ6;Y;15316170605690416310253121025515855714;463795;123457;4.0;2478623864983269;107477909582914332737734517002098531800
[INFO] 2018-03-24 21:45:23,918 ExtentManager sendReq - ******************************START******************************
[INFO] 2018-03-24 21:45:23,919 ExtentManager sendReq - Request : Email ID Fetch
[INFO] 2018-03-24 21:45:23,921 ExtentManager sendReq - Hmaced Request : b2840049b5b58f36d33edb46395c12f1902c2c3b993d982b6bd9a8bd526eed71*!9894060407APZ3;Y;15316170605690416310253121025515855714;abc@fss.com;463795;123457;4.0;2478623864983269;158347373239733272462293858085783531161
[INFO] 2018-03-24 21:45:25,968 ExtentManager sendReq - ******************************START******************************
[INFO] 2018-03-24 21:45:25,969 ExtentManager sendReq - Request : Cheque status
[INFO] 2018-03-24 21:45:25,976 ExtentManager sendReq - Hmaced Request : 2a37b03f312e9896190c8b456f80de82c44d2faeb8fa5e1085700d4625e4665f*!9894060407APLW;Y;15316170605690416310253121025515855714;123456;463795;123457;4.0;2478623864983269;184905899858762994926688869348640341171
[INFO] 2018-03-24 21:45:27,810 ExtentManager sendReq - ******************************START******************************
[INFO] 2018-03-24 21:45:27,811 ExtentManager sendReq - Request : Account Fetch
[INFO] 2018-03-24 21:45:27,815 ExtentManager sendReq - Hmaced Request : 100a203d0f98543188666bcedcacc81bc747dbcafcf247dfea98513a9a7f4a4c*!9894060407APSY;2;463795;123457;4.0;0;195629867925834866685752689128781411420
[INFO] 2018-03-24 21:45:29,860 ExtentManager sendReq - ******************************START******************************
[INFO] 2018-03-24 21:45:29,861 ExtentManager sendReq - Request : Stop Cheque
[INFO] 2018-03-24 21:45:29,864 ExtentManager sendReq - Hmaced Request : 35d44781ab719e05d14be8accf8fab954c4ebdd37d2fded37deb9ad5c0b855ef*!9894060407APL4;Y;15316170605690416310253121025515855714;123456;463795;123457;4.0;2478623864983269;100643248442997457286719451689681428788
[INFO] 2018-03-24 21:45:31,702 ExtentManager sendReq - ******************************START******************************
[INFO] 2018-03-24 21:45:31,703 ExtentManager sendReq - Request : Change Login Password
[INFO] 2018-03-24 21:45:31,712 ExtentManager sendReq - Hmaced Request : 52a11a334dec6fcbaad60f0a54c8f7b722efd6d3a084182406e2c83a2a31bb78*!9894060407APP5;8609547570776098518502128580812621291;463795;123457;4.0;0;141718569189974691109416584084787576793
[INFO] 2018-03-24 21:45:45,061 ExtentManager endReport - Launching report
[INFO] 2018-03-24 21:45:58,740 ExtentManager endReport - Please select only y or n
[INFO] 2018-03-24 21:46:02,940 ExtentManager endReport - Please select only y or n
[INFO] 2018-03-24 21:46:44,825 ExtentManager endReport - Launching report canceled
