[INFO] 2018-04-03 09:46:39,351 ExtentManager setUp - Running Mobile banking API Automation testing on mPAY 4.0

[INFO] 2018-04-03 09:46:39,474 ExtentManager sendReq - ******************************START******************************
[INFO] 2018-04-03 09:46:39,475 ExtentManager sendReq - Request : Generate MMID
[INFO] 2018-04-03 09:46:39,618 ExtentManager sendReq - Hmaced Request : 4aa29a947940a5777f9c068aecbcf2c59b777aa7483df014feb65168d6a7c4f4*!9894060407APIM;Y;15316170605690416310253121025515855714;001;463795;123457;4.0;2478623864983269;17471537356437702787470014897230563746
[INFO] 2018-04-03 09:46:40,784 ExtentManager sendReq - Response received from Server : IM00;2478XXXXXX983269*9060159#5012XXXXXX349826*9060207#2011XXXXX800065*9060246#2011XXXXX800005*9060374#5012XXXXXX849862*9060533#5012XXXXXX000000*9060709#5012XXXXXX849822*9060782#5012XXXXXX849800*9060829#5012XXXXXX349283*9060926#5012XXXXXX849860*9060983;1;N;03/04/2018 09:47;TXNID:809309246277;BID:C463795
[INFO] 2018-04-03 09:46:40,784 ExtentManager sendReq - Transaction ID : 809309246277
[INFO] 2018-04-03 09:46:41,176 ExtentManager sendReq - ******************************END********************************

[INFO] 2018-04-03 09:46:41,176 ExtentManager sendReq - ******************************START******************************
[INFO] 2018-04-03 09:46:41,176 ExtentManager sendReq - Request : IMPSP2PInstantPayment
[INFO] 2018-04-03 09:46:41,177 ExtentManager sendReq - Hmaced Request : b3aa249fff1188b87ddb056c9b7722a2eb1f815d21380d2013b931728be0f67f*!9894060407APQI;Y;15316170605690416310253121025515855714;9894011000;9240123;20;IMPSTest;463795;123457;4.0;2478623864983269;72580982302462083752739101656754452037
[INFO] 2018-04-03 09:46:45,176 ExtentManager sendReq - Response received from Server : QI00;Your a/c no. XXXXXXXX3269 is debited for Rs. 25.00 on 03-04-18 and a/c linked to mobile 9XXXXXX000 credited (IMPS Ref no 809309246278);03/04/2018 09:47;TXNID:809309246278;BID:C463795
[INFO] 2018-04-03 09:46:45,177 ExtentManager sendReq - Transaction ID : 809309246278
[INFO] 2018-04-03 09:46:45,245 ExtentManager sendReq - ******************************END********************************

[INFO] 2018-04-03 09:46:45,265 ExtentManager sendReq - ******************************START******************************
[INFO] 2018-04-03 09:46:45,266 ExtentManager sendReq - Request : IMPSP2PAddBeneficiaryPreConfirmation
[INFO] 2018-04-03 09:46:45,269 ExtentManager sendReq - Hmaced Request : 05799cf7d6cd9c9aec06f8f3a0bd89fa232a09ad6bc2af56007dfd31f64ace12*!9894060407APW1;Y;15316170605690416310253121025515855714;9240123;9894011000;IMPSBenenficiary;463795;123457;4.0;2478623864983269;203521087080313959762571054508752720821
[INFO] 2018-04-03 09:46:46,258 ExtentManager sendReq - Response received from Server : W100;HDFC Bank;9240123;9894011000;IMPSBenenficiary;03/04/2018 09:47;TXNID:809309246279;BID:C463795
[INFO] 2018-04-03 09:46:46,259 ExtentManager sendReq - Transaction ID : 809309246279
[INFO] 2018-04-03 09:46:46,329 ExtentManager sendReq - ******************************END********************************

[INFO] 2018-04-03 09:46:46,337 ExtentManager sendReq - ******************************START******************************
[INFO] 2018-04-03 09:46:46,338 ExtentManager sendReq - Request : IMPSP2PAddBeneficiaryconfirmation
[INFO] 2018-04-03 09:46:46,341 ExtentManager sendReq - Hmaced Request : dab8a5ab950b96e1d4fb63607c2da9a36f6be4f920f502085b02a7cf7ae3dd57*!9894060407APW2;Y;15316170605690416310253121025515855714;9240123;9894011000;IMPSBenenficiary;463795;123457;4.0;2478623864983269;1967556656671126293060970311450026288
[INFO] 2018-04-03 09:46:47,312 ExtentManager sendReq - Response received from Server : W200;Beneficiary IMPSBenenficiary added successfully;03/04/2018 09:47;TXNID:809309246280;BID:C463795
[INFO] 2018-04-03 09:46:47,313 ExtentManager sendReq - Transaction ID : 809309246280
[INFO] 2018-04-03 09:46:47,375 ExtentManager sendReq - ******************************END********************************

[INFO] 2018-04-03 09:46:47,383 ExtentManager sendReq - ******************************START******************************
[INFO] 2018-04-03 09:46:47,384 ExtentManager sendReq - Request : IMPSP2PBeneficiaryPaymentListenquiry
[INFO] 2018-04-03 09:46:47,388 ExtentManager sendReq - Hmaced Request : 6bcaea7b35818ce6ef45bbd3a91b2d58b92cb3498c2c0b7375f0b92ca5868d20*!9894060407APW3;Y;15316170605690416310253121025515855714;P;IMPSBenenficiary;001;463795;123457;4.0;2478623864983269;44656957931894943801159261831353503859
[INFO] 2018-04-03 09:46:48,464 ExtentManager sendReq - Response received from Server : W300;P;IMPSBenenficiary;impsbenenficiary;1;N;TXNID:809309246281;BID:C463795
[INFO] 2018-04-03 09:46:48,465 ExtentManager sendReq - Transaction ID : 809309246281
[INFO] 2018-04-03 09:46:48,538 ExtentManager sendReq - ******************************END********************************

[INFO] 2018-04-03 09:46:48,545 ExtentManager sendReq - ******************************START******************************
[INFO] 2018-04-03 09:46:48,546 ExtentManager sendReq - Request : IMPSP2PBeneficiaryPaymentListenquiry
[INFO] 2018-04-03 09:46:48,549 ExtentManager sendReq - Hmaced Request : 74eb39c9302fa916c2aa558109a407e19af9d1017fde08f3673aee3a15b584d9*!9894060407APW3;Y;15316170605690416310253121025515855714;P;;001;463795;123457;4.0;2478623864983269;102431407442441855675966570468403416034
[INFO] 2018-04-03 09:46:49,585 ExtentManager sendReq - Response received from Server : W300;P; ;impsbenenficiary;1;N;TXNID:809309246282;BID:C463795
[INFO] 2018-04-03 09:46:49,586 ExtentManager sendReq - Transaction ID : 809309246282
[INFO] 2018-04-03 09:46:49,649 ExtentManager sendReq - ******************************END********************************

[INFO] 2018-04-03 09:46:49,657 ExtentManager sendReq - ******************************START******************************
[INFO] 2018-04-03 09:46:49,658 ExtentManager sendReq - Request : IMPSP2PBeneficiaryPaymentConfirmation
[INFO] 2018-04-03 09:46:49,661 ExtentManager sendReq - Hmaced Request : 3d5729c2135ae8bef25dec316b17f006cb4c241237c199fe8cedd13ad1a107eb*!9894060407APW4;Y;15316170605690416310253121025515855714;20;IMPSTest;IMPSBenenficiary;463795;123457;4.0;2478623864983269;134880401680796482066859266366335819802
[INFO] 2018-04-03 09:46:53,325 ExtentManager sendReq - Response received from Server : W400;Your a/c no. XXXXXXXX3269 is debited for Rs. 20.00 on 03-04-18 and a/c linked to mobile 9XXXXXX000 credited (IMPS Ref no 809309246283);03/04/2018 09:47;TXNID:809309246283;BID:C463795
[INFO] 2018-04-03 09:46:53,326 ExtentManager sendReq - Transaction ID : 809309246283
[INFO] 2018-04-03 09:46:53,390 ExtentManager sendReq - ******************************END********************************

[INFO] 2018-04-03 09:46:53,397 ExtentManager sendReq - ******************************START******************************
[INFO] 2018-04-03 09:46:53,398 ExtentManager sendReq - Request : IMPSP2PBeneficiarySearchListenquiryWKw
[INFO] 2018-04-03 09:46:53,401 ExtentManager sendReq - Hmaced Request : 9e26e2bf07d4aaf05f7f29af13a19347d62983c6afc097d7a2e8695f168e0d25*!9894060407APD9;Y;15316170605690416310253121025515855714;IMPSBenenficiary;001;463795;123457;4.0;2478623864983269;155563109850760590043065322644158135241
[INFO] 2018-04-03 09:46:54,513 ExtentManager sendReq - Response received from Server : D900;IMPSBenenficiary;impsbenenficiary*HDFC Bank*9240123*9894011000;1;N;TXNID:809309246284;BID:C463795
[INFO] 2018-04-03 09:46:54,514 ExtentManager sendReq - Transaction ID : 809309246284
[INFO] 2018-04-03 09:46:54,592 ExtentManager sendReq - ******************************END********************************

[INFO] 2018-04-03 09:46:54,600 ExtentManager sendReq - ******************************START******************************
[INFO] 2018-04-03 09:46:54,601 ExtentManager sendReq - Request : IMPSP2PBeneficiarySearchListenquiryWoKw
[INFO] 2018-04-03 09:46:54,603 ExtentManager sendReq - Hmaced Request : 0353fa0c4a27dc2abb27f86fd39b84be247141a833f845189181010198c97628*!9894060407APD9;Y;15316170605690416310253121025515855714;;001;463795;123457;4.0;2478623864983269;152226361746902670025977865342041591111
[INFO] 2018-04-03 09:46:55,595 ExtentManager sendReq - Response received from Server : D900; ;impsbenenficiary*HDFC Bank*9240123*9894011000;1;N;TXNID:809309246285;BID:C463795
[INFO] 2018-04-03 09:46:55,596 ExtentManager sendReq - Transaction ID : 809309246285
[INFO] 2018-04-03 09:46:55,663 ExtentManager sendReq - ******************************END********************************

[INFO] 2018-04-03 09:46:55,670 ExtentManager sendReq - ******************************START******************************
[INFO] 2018-04-03 09:46:55,671 ExtentManager sendReq - Request : IMPSP2PDeleteBeneficiaryListenquiry
[INFO] 2018-04-03 09:46:55,673 ExtentManager sendReq - Hmaced Request : fc14a9fb673dfc578ff8b4bdd4ea88ba92a4f159b51aafcabd87d27807d973d9*!9894060407AP5L;Y;15316170605690416310253121025515855714;IMPSBenenficiary;001;463795;123457;4.0;2478623864983269;168331571888494737267678639147516351565
[INFO] 2018-04-03 09:46:56,869 ExtentManager sendReq - Response received from Server : 5L00;IMPSBenenficiary;impsbenenficiary;1;N;TXNID:809309246286;BID:C463795
[INFO] 2018-04-03 09:46:56,870 ExtentManager sendReq - Transaction ID : 809309246286
[INFO] 2018-04-03 09:46:56,936 ExtentManager sendReq - ******************************END********************************

[INFO] 2018-04-03 09:46:56,942 ExtentManager sendReq - ******************************START******************************
[INFO] 2018-04-03 09:46:56,950 ExtentManager sendReq - Request : IMPSP2PDeleteBeneficiaryListenquiry
[INFO] 2018-04-03 09:46:56,954 ExtentManager sendReq - Hmaced Request : b5ebf8be949899e428febb6a2a2a31680f108119174ab90931bee62ef8bf8b73*!9894060407AP5L;Y;15316170605690416310253121025515855714;;001;463795;123457;4.0;2478623864983269;120837515954883915580574700944093378603
[INFO] 2018-04-03 09:46:59,058 ExtentManager sendReq - Response received from Server : 5L00; ;impsbenenficiary;1;N;TXNID:809309246287;BID:C463795
[INFO] 2018-04-03 09:46:59,058 ExtentManager sendReq - Transaction ID : 809309246287
[INFO] 2018-04-03 09:46:59,121 ExtentManager sendReq - ******************************END********************************

[INFO] 2018-04-03 09:46:59,128 ExtentManager sendReq - ******************************START******************************
[INFO] 2018-04-03 09:46:59,129 ExtentManager sendReq - Request : IMPSP2PDeleteBeneficiaryConfirmation
[INFO] 2018-04-03 09:46:59,131 ExtentManager sendReq - Hmaced Request : 659f8b93dbc321d6049f3bcc774d6cfbc877ab2c81c1a13e87fcc816a816c266*!9894060407AP5D;Y;15316170605690416310253121025515855714;IMPSBenenficiary;463795;123457;4.0;2478623864983269;38688933243257155710029304014790718832
[INFO] 2018-04-03 09:47:00,385 ExtentManager sendReq - Response received from Server : 5D00;Beneficiary IMPSBenenficiary deleted successfully;03/04/2018 09:48;TXNID:809309246288;BID:C463795
[INFO] 2018-04-03 09:47:00,385 ExtentManager sendReq - Transaction ID : 809309246288
[INFO] 2018-04-03 09:47:00,449 ExtentManager sendReq - ******************************END********************************

[INFO] 2018-04-03 09:47:00,455 ExtentManager sendReq - ******************************START******************************
[INFO] 2018-04-03 09:47:00,456 ExtentManager sendReq - Request : Generate MMID
[INFO] 2018-04-03 09:47:00,458 ExtentManager sendReq - Hmaced Request : f4b9a03a680fc748847518ffba9e6b8c0c64862cc2062e2f6c235c2e6074dcb6*!9894060407APIM;Y;15316170605690416310253121025515855714;001;463795;123457;4.0;2478623864983269;145714310764695837379269065646999688033
[INFO] 2018-04-03 09:47:01,665 ExtentManager sendReq - Response received from Server : IM00;2478XXXXXX983269*9060159#5012XXXXXX349826*9060207#2011XXXXX800065*9060246#2011XXXXX800005*9060374#5012XXXXXX849862*9060533#5012XXXXXX000000*9060709#5012XXXXXX849822*9060782#5012XXXXXX849800*9060829#5012XXXXXX349283*9060926#5012XXXXXX849860*9060983;1;N;03/04/2018 09:48;TXNID:809309246289;BID:C463795
[INFO] 2018-04-03 09:47:01,666 ExtentManager sendReq - Transaction ID : 809309246289
[INFO] 2018-04-03 09:47:01,728 ExtentManager sendReq - ******************************END********************************

[INFO] 2018-04-03 09:47:01,729 ExtentManager sendReq - ******************************START******************************
[INFO] 2018-04-03 09:47:01,729 ExtentManager sendReq - Request : IMPSP2PInstantPayment
[INFO] 2018-04-03 09:47:01,732 ExtentManager sendReq - Hmaced Request : e8c7ab26bfba47be5db84b31f2f579312b3e9d39f792f1f2c6dfd8797fa90108*!9894060407APQI;Y;15316170605690416310253121025515855714;9894011000;6372728;20;IMPSTest;463795;123457;4.0;2478623864983269;194248823729827094600822289429863948426
[INFO] 2018-04-03 09:47:05,322 ExtentManager sendReq - Response received from Server : QI00;Your a/c no. XXXXXXXX3269 is debited for Rs. 25.00 on 03-04-18 and a/c linked to mobile 9XXXXXX000 credited (IMPS Ref no 809309246290);03/04/2018 09:48;TXNID:809309246290;BID:C463795
[INFO] 2018-04-03 09:47:05,323 ExtentManager sendReq - Transaction ID : 809309246290
[INFO] 2018-04-03 09:47:05,387 ExtentManager sendReq - ******************************END********************************

[INFO] 2018-04-03 09:47:05,394 ExtentManager sendReq - ******************************START******************************
[INFO] 2018-04-03 09:47:05,394 ExtentManager sendReq - Request : Generate MMID
[INFO] 2018-04-03 09:47:05,396 ExtentManager sendReq - Hmaced Request : 3fd655456396d9a28221511fd4315331dc6e2007891af8a32c1f24e3081e0105*!9894060407APIM;Y;15316170605690416310253121025515855714;001;463795;123457;4.0;2478623864983269;161089186303414600178403947287243654332
[INFO] 2018-04-03 09:47:06,354 ExtentManager sendReq - Response received from Server : IM00;2478XXXXXX983269*9060159#5012XXXXXX349826*9060207#2011XXXXX800065*9060246#2011XXXXX800005*9060374#5012XXXXXX849862*9060533#5012XXXXXX000000*9060709#5012XXXXXX849822*9060782#5012XXXXXX849800*9060829#5012XXXXXX349283*9060926#5012XXXXXX849860*9060983;1;N;03/04/2018 09:48;TXNID:809309246291;BID:C463795
[INFO] 2018-04-03 09:47:06,355 ExtentManager sendReq - Transaction ID : 809309246291
[INFO] 2018-04-03 09:47:06,415 ExtentManager sendReq - ******************************END********************************

[INFO] 2018-04-03 09:47:06,416 ExtentManager sendReq - ******************************START******************************
[INFO] 2018-04-03 09:47:06,416 ExtentManager sendReq - Request : IMPSP2PInstantPayment
[INFO] 2018-04-03 09:47:06,419 ExtentManager sendReq - Hmaced Request : 208991cef2d64d5386c91ed5b07d2de97289c74cdb3748e95ed5e9d4d556ffbf*!9894060407APQI;Y;15316170605690416310253121025515855714;9894011000;9240123;25648778;IMPSTest;463795;123457;4.0;2478623864983269;184122999761549412650429023367985586382
[INFO] 2018-04-03 09:47:07,710 ExtentManager sendReq - Response received from Server : QI21;Maximum Amount permitted for this transaction is Rs. 5,000.00. Please enter a lesser amount;03/04/2018 09:48;TXNID:809309246292;BID:C463795
[INFO] 2018-04-03 09:47:07,711 ExtentManager sendReq - Transaction ID : 809309246292
[INFO] 2018-04-03 09:47:07,772 ExtentManager sendReq - ******************************END********************************

[INFO] 2018-04-03 09:47:07,787 ExtentManager sendReq - ******************************START******************************
[INFO] 2018-04-03 09:47:07,788 ExtentManager sendReq - Request : Generate MMID
[INFO] 2018-04-03 09:47:07,790 ExtentManager sendReq - Hmaced Request : 48044c27087b4f3d9fe24fd3d1b1263c995922c237ac7201d81e71baa9524e1d*!9894060407APIM;Y;15316170605690416310253121025515855714;001;463795;123457;4.0;2478623864983269;99369313429806989007739486534936062251
[INFO] 2018-04-03 09:47:08,758 ExtentManager sendReq - Response received from Server : IM00;2478XXXXXX983269*9060159#5012XXXXXX349826*9060207#2011XXXXX800065*9060246#2011XXXXX800005*9060374#5012XXXXXX849862*9060533#5012XXXXXX000000*9060709#5012XXXXXX849822*9060782#5012XXXXXX849800*9060829#5012XXXXXX349283*9060926#5012XXXXXX849860*9060983;1;N;03/04/2018 09:48;TXNID:809309246293;BID:C463795
[INFO] 2018-04-03 09:47:08,759 ExtentManager sendReq - Transaction ID : 809309246293
[INFO] 2018-04-03 09:47:08,821 ExtentManager sendReq - ******************************END********************************

[INFO] 2018-04-03 09:47:08,822 ExtentManager sendReq - ******************************START******************************
[INFO] 2018-04-03 09:47:08,823 ExtentManager sendReq - Request : IMPSP2PInstantPayment
[INFO] 2018-04-03 09:47:08,825 ExtentManager sendReq - Hmaced Request : 10696584474b247c422004ce1f50605978b5376b4d1641cb2028a82be490dc4c*!9894060407APQI;Y;15316170605690416310253121025515855714;9894011000;9240123;4;IMPSTest;463795;123457;4.0;2478623864983269;91474354923404701651367112818206721342
[INFO] 2018-04-03 09:47:09,987 ExtentManager sendReq - Response received from Server : QI20;Minimum Amount permitted for this transaction is Rs. 5.00. Please enter a higher amount;03/04/2018 09:48;TXNID:809309246294;BID:C463795
[INFO] 2018-04-03 09:47:09,988 ExtentManager sendReq - Transaction ID : 809309246294
[INFO] 2018-04-03 09:47:10,048 ExtentManager sendReq - ******************************END********************************

[INFO] 2018-04-03 09:47:10,055 ExtentManager sendReq - ******************************START******************************
[INFO] 2018-04-03 09:47:10,056 ExtentManager sendReq - Request : IMPSP2PBeneficiaryPaymentConfirmation
[INFO] 2018-04-03 09:47:10,058 ExtentManager sendReq - Hmaced Request : e3af044c108f91fb10537ac5ea047552f7e95b41c4ce2ac6e34f3b722abd0740*!9894060407APW4;Y;15316170605690416310253121025515855714;25648778;IMPSTest;IMPSBenenficiary;463795;123457;4.0;2478623864983269;46860282714481215846301811044229020198
[INFO] 2018-04-03 09:47:11,008 ExtentManager sendReq - Response received from Server : W409;Beneficiary not registered. Please register the Beneficiary and proceed;03/04/2018 09:48;TXNID:809309246295;BID:C463795
[INFO] 2018-04-03 09:47:11,010 ExtentManager sendReq - Transaction ID : 809309246295
[INFO] 2018-04-03 09:47:11,070 ExtentManager sendReq - ******************************END********************************

[INFO] 2018-04-03 09:47:11,078 ExtentManager sendReq - ******************************START******************************
[INFO] 2018-04-03 09:47:11,079 ExtentManager sendReq - Request : IMPSP2PBeneficiaryPaymentConfirmation
[INFO] 2018-04-03 09:47:11,081 ExtentManager sendReq - Hmaced Request : e72befdf51e40bbfd8a72355d1942ee775c7ce6e3d31652db1a89bf7da843637*!9894060407APW4;Y;15316170605690416310253121025515855714;4;IMPSTest;IMPSBenenficiary;463795;123457;4.0;2478623864983269;182462334410659961715070527708975337837
[INFO] 2018-04-03 09:47:12,162 ExtentManager sendReq - Response received from Server : W409;Beneficiary not registered. Please register the Beneficiary and proceed;03/04/2018 09:48;TXNID:809309246296;BID:C463795
[INFO] 2018-04-03 09:47:12,162 ExtentManager sendReq - Transaction ID : 809309246296
[INFO] 2018-04-03 09:47:12,225 ExtentManager sendReq - ******************************END********************************

[INFO] 2018-04-03 09:47:12,235 ExtentManager sendReq - ******************************START******************************
[INFO] 2018-04-03 09:47:12,235 ExtentManager sendReq - Request : Generate MMID
[INFO] 2018-04-03 09:47:12,238 ExtentManager sendReq - Hmaced Request : f4a8c7d33e88fa1ef3fbbe95e5f974b395d35d8267f3664cd6f1fa4af364d22e*!9894060407APIM;Y;15316170605690416310253121025515855714;001;463795;123457;4.0;2478623864983269;24644568097187452893982634292681852012
[INFO] 2018-04-03 09:47:13,530 ExtentManager sendReq - Response received from Server : IM00;2478XXXXXX983269*9060159#5012XXXXXX349826*9060207#2011XXXXX800065*9060246#2011XXXXX800005*9060374#5012XXXXXX849862*9060533#5012XXXXXX000000*9060709#5012XXXXXX849822*9060782#5012XXXXXX849800*9060829#5012XXXXXX349283*9060926#5012XXXXXX849860*9060983;1;N;03/04/2018 09:48;TXNID:809309246297;BID:C463795
[INFO] 2018-04-03 09:47:13,530 ExtentManager sendReq - Transaction ID : 809309246297
[INFO] 2018-04-03 09:47:13,590 ExtentManager sendReq - ******************************END********************************

[INFO] 2018-04-03 09:47:13,591 ExtentManager sendReq - ******************************START******************************
[INFO] 2018-04-03 09:47:13,592 ExtentManager sendReq - Request : IMPSP2AInstantPayment
[INFO] 2018-04-03 09:47:13,594 ExtentManager sendReq - Hmaced Request : 41af6bdc0755beca2bdf9d0b4a66ed7452260557f7c60733f47b2518efd9a0a7*!9894060407APK1;Y;15316170605690416310253121025515855714;9894012000000;SA;HDFC0000001;20;IMPSTest;463795;123457;4.0;2478623864983269;107113862212408721247844804882736036553
[INFO] 2018-04-03 09:47:17,095 ExtentManager sendReq - Response received from Server : K100;Your a/c no. XXXXXXXX3269 is debited for Rs. 25.00 on 03-04-18 and a/c XXXXXXX000 credited (IMPS Ref no 809309246298);03/04/2018 09:48;TXNID:809309246298;BID:C463795
[INFO] 2018-04-03 09:47:17,100 ExtentManager sendReq - Transaction ID : 809309246298
[INFO] 2018-04-03 09:47:17,163 ExtentManager sendReq - ******************************END********************************

[INFO] 2018-04-03 09:47:17,170 ExtentManager sendReq - ******************************START******************************
[INFO] 2018-04-03 09:47:17,170 ExtentManager sendReq - Request : IMPSP2AAddBeneficiary
[INFO] 2018-04-03 09:47:17,173 ExtentManager sendReq - Hmaced Request : cd671c6b5cd204cdcb9e817950eb9885623a0c79f6e0cdbf8ede93e235c65d87*!9894060407APK2;Y;15316170605690416310253121025515855714;9894012000000;SA;HDFC0000001;IMPSBenenficiary;463795;123457;4.0;2478623864983269;1602209300697873451996520078817665576
[INFO] 2018-04-03 09:47:18,449 ExtentManager sendReq - Response received from Server : K200;9894012000000;SA;HDFC BANK LTD.;MUMBAI;HDFC0000001;IMPSBenenficiary;03/04/2018 09:48;TXNID:809309246299;BID:C463795
[INFO] 2018-04-03 09:47:18,450 ExtentManager sendReq - Transaction ID : 809309246299
[INFO] 2018-04-03 09:47:18,518 ExtentManager sendReq - ******************************END********************************

[INFO] 2018-04-03 09:47:18,524 ExtentManager sendReq - ******************************START******************************
[INFO] 2018-04-03 09:47:18,525 ExtentManager sendReq - Request : IMPSP2AAddBeneficiaryconfirmation
[INFO] 2018-04-03 09:47:18,527 ExtentManager sendReq - Hmaced Request : f8011c056ea7b022f3eacf92187e78503194e401ce46c65260ed46600a39ea30*!9894060407APK3;Y;15316170605690416310253121025515855714;9894012000000;SA;HDFC0000001;IMPSBenenficiary;463795;123457;4.0;2478623864983269;77489980600299691488154490356957322566
[INFO] 2018-04-03 09:47:19,672 ExtentManager sendReq - Response received from Server : K300;Beneficiary IMPSBenenficiary added successfully;03/04/2018 09:48;TXNID:809309246300;BID:C463795
[INFO] 2018-04-03 09:47:19,672 ExtentManager sendReq - Transaction ID : 809309246300
[INFO] 2018-04-03 09:47:19,735 ExtentManager sendReq - ******************************END********************************

[INFO] 2018-04-03 09:47:19,742 ExtentManager sendReq - ******************************START******************************
[INFO] 2018-04-03 09:47:19,743 ExtentManager sendReq - Request : IMPSP2ABeneficiaryPaymentListenquiry
[INFO] 2018-04-03 09:47:19,745 ExtentManager sendReq - Hmaced Request : 188fe87aada3d7cc2ad96f243bee81bba8eabd5b729be1dbbb1431f092e6c529*!9894060407APK4;Y;15316170605690416310253121025515855714;IMPSBenenficiary;1;463795;123457;4.0;2478623864983269;119035676170403611869104666699237209333
[INFO] 2018-04-03 09:47:20,711 ExtentManager sendReq - Response received from Server : K400;IMPSBenenficiary;IMPSBenenficiary*HDFC0000001*9894012000000*SA;1;N;TXNID:809309246301;BID:C463795
[INFO] 2018-04-03 09:47:20,712 ExtentManager sendReq - Transaction ID : 809309246301
[INFO] 2018-04-03 09:47:20,786 ExtentManager sendReq - ******************************END********************************

[INFO] 2018-04-03 09:47:20,792 ExtentManager sendReq - ******************************START******************************
[INFO] 2018-04-03 09:47:20,793 ExtentManager sendReq - Request : IMPSP2ABeneficiaryPaymentListenquiry
[INFO] 2018-04-03 09:47:20,795 ExtentManager sendReq - Hmaced Request : fcd8d06442b4d70f1d2c4a0a5d4f7abac8d5afbfc37361a0301235bb3370a60d*!9894060407APK4;Y;15316170605690416310253121025515855714;;1;463795;123457;4.0;2478623864983269;86261652663118122028934298654532621117
[INFO] 2018-04-03 09:47:22,051 ExtentManager sendReq - Response received from Server : K400; ;IMPSBenenficiary*HDFC0000001*9894012000000*SA;1;N;TXNID:809309246302;BID:C463795
[INFO] 2018-04-03 09:47:22,051 ExtentManager sendReq - Transaction ID : 809309246302
[INFO] 2018-04-03 09:47:22,118 ExtentManager sendReq - ******************************END********************************

[INFO] 2018-04-03 09:47:22,124 ExtentManager sendReq - ******************************START******************************
[INFO] 2018-04-03 09:47:22,124 ExtentManager sendReq - Request : IMPSP2ABeneficiaryPaymentConfirmation
[INFO] 2018-04-03 09:47:22,126 ExtentManager sendReq - Hmaced Request : cd1f2145eeeb0441f5f26084d24d2a015f77b5ab1453e1f06fbfb4bcc7c4d66c*!9894060407APK5;Y;15316170605690416310253121025515855714;IMPSBenenficiary;20;IMPSTest;463795;123457;4.0;2478623864983269;158052126821007256643402481346962774554
[INFO] 2018-04-03 09:47:26,096 ExtentManager sendReq - Response received from Server : K500;Your a/c no. XXXXXXXX3269 is debited for Rs. 20.00 on 03-04-18 and a/c XXXXXXX000 credited (IMPS Ref no 809309246303);03/04/2018 09:48;TXNID:809309246303;BID:C463795
[INFO] 2018-04-03 09:47:26,097 ExtentManager sendReq - Transaction ID : 809309246303
[INFO] 2018-04-03 09:47:26,161 ExtentManager sendReq - ******************************END********************************

[INFO] 2018-04-03 09:47:26,167 ExtentManager sendReq - ******************************START******************************
[INFO] 2018-04-03 09:47:26,173 ExtentManager sendReq - Request : IMPSP2ABeneficiarySearchListenquiry
[INFO] 2018-04-03 09:47:26,176 ExtentManager sendReq - Hmaced Request : 3ace4bd9994ef5bef40fce017b584aef7c31734f56900d9742e1faf36d89f10d*!9894060407AP4W;Y;15316170605690416310253121025515855714;;1;463795;123457;4.0;2478623864983269;198759161016386943119257272053815278781
[INFO] 2018-04-03 09:47:28,205 ExtentManager sendReq - Response received from Server : 4W00; ;IMPSBenenficiary*HDFC BANK LTD.*9894012000000*SA*HDFC0000001;1;N;TXNID:809309246304;BID:C463795
[INFO] 2018-04-03 09:47:28,205 ExtentManager sendReq - Transaction ID : 809309246304
[INFO] 2018-04-03 09:47:28,265 ExtentManager sendReq - ******************************END********************************

[INFO] 2018-04-03 09:47:28,271 ExtentManager sendReq - ******************************START******************************
[INFO] 2018-04-03 09:47:28,272 ExtentManager sendReq - Request : IMPSP2ABeneficiarySearchListenquiry
[INFO] 2018-04-03 09:47:28,275 ExtentManager sendReq - Hmaced Request : 9711e9c4d7a9cc2ae47baa1c47a30bc8e570d6b6328104d23a183611485ecda4*!9894060407AP4W;Y;15316170605690416310253121025515855714;IMPSBenenficiary;1;463795;123457;4.0;2478623864983269;180784931176891213535903311144630902972
[INFO] 2018-04-03 09:47:29,431 ExtentManager sendReq - Response received from Server : 4W00;IMPSBenenficiary;IMPSBenenficiary*HDFC BANK LTD.*9894012000000*SA*HDFC0000001;1;N;TXNID:809309246305;BID:C463795
[INFO] 2018-04-03 09:47:29,432 ExtentManager sendReq - Transaction ID : 809309246305
[INFO] 2018-04-03 09:47:29,492 ExtentManager sendReq - ******************************END********************************

[INFO] 2018-04-03 09:47:29,498 ExtentManager sendReq - ******************************START******************************
[INFO] 2018-04-03 09:47:29,499 ExtentManager sendReq - Request : IMPSP2ADeleteBeneficiaryListenquiry
[INFO] 2018-04-03 09:47:29,501 ExtentManager sendReq - Hmaced Request : 82ffaad0073c4401087ee0e4bb323e381a1995b7c253c4695d52c16e0b79fefc*!9894060407AP6L;Y;15316170605690416310253121025515855714;IMPSBenenficiary;1;463795;123457;4.0;2478623864983269;6078964240298324056100192437016157067
[INFO] 2018-04-03 09:47:30,748 ExtentManager sendReq - Response received from Server : 6L00;IMPSBenenficiary;IMPSBenenficiary;1;N;TXNID:809309246306;BID:C463795
[INFO] 2018-04-03 09:47:30,749 ExtentManager sendReq - Transaction ID : 809309246306
[INFO] 2018-04-03 09:47:30,809 ExtentManager sendReq - ******************************END********************************

[INFO] 2018-04-03 09:47:30,815 ExtentManager sendReq - ******************************START******************************
[INFO] 2018-04-03 09:47:30,816 ExtentManager sendReq - Request : IMPSP2ADeleteBeneficiaryConfirmation
[INFO] 2018-04-03 09:47:30,818 ExtentManager sendReq - Hmaced Request : fbec6cb30678718df4b8a188bfb15ce3aedf0b1d8181e8c56a38deb396b7a91e*!9894060407AP6D;Y;15316170605690416310253121025515855714;IMPSBenenficiary;463795;123457;4.0;2478623864983269;125051102872089172344159725133371496227
[INFO] 2018-04-03 09:47:31,852 ExtentManager sendReq - Response received from Server : 6D00;Beneficiary IMPSBenenficiary deleted successfully;03/04/2018 09:48;TXNID:809309246307;BID:C463795
[INFO] 2018-04-03 09:47:31,853 ExtentManager sendReq - Transaction ID : 809309246307
[INFO] 2018-04-03 09:47:31,913 ExtentManager sendReq - ******************************END********************************

[INFO] 2018-04-03 09:47:31,919 ExtentManager sendReq - ******************************START******************************
[INFO] 2018-04-03 09:47:31,920 ExtentManager sendReq - Request : Generate MMID
[INFO] 2018-04-03 09:47:31,921 ExtentManager sendReq - Hmaced Request : bfa20454489765804c5363e4f321377e08045589d43c4d89736f776c7537f3b9*!9894060407APIM;Y;15316170605690416310253121025515855714;001;463795;123457;4.0;2478623864983269;10098771590131376184509020174955073518
[INFO] 2018-04-03 09:47:32,905 ExtentManager sendReq - Response received from Server : IM00;2478XXXXXX983269*9060159#5012XXXXXX349826*9060207#2011XXXXX800065*9060246#2011XXXXX800005*9060374#5012XXXXXX849862*9060533#5012XXXXXX000000*9060709#5012XXXXXX849822*9060782#5012XXXXXX849800*9060829#5012XXXXXX349283*9060926#5012XXXXXX849860*9060983;1;N;03/04/2018 09:48;TXNID:809309246308;BID:C463795
[INFO] 2018-04-03 09:47:32,905 ExtentManager sendReq - Transaction ID : 809309246308
[INFO] 2018-04-03 09:47:32,966 ExtentManager sendReq - ******************************END********************************

[INFO] 2018-04-03 09:47:32,967 ExtentManager sendReq - ******************************START******************************
[INFO] 2018-04-03 09:47:32,967 ExtentManager sendReq - Request : IMPSP2AInstantPayment
[INFO] 2018-04-03 09:47:32,969 ExtentManager sendReq - Hmaced Request : e09f62bead46ad670fbdbfa914a1dd856a144b823f8bb2338ec28b7d15dab0b1*!9894060407APK1;Y;15316170605690416310253121025515855714;9894012555555;SA;HDFC0637832;20;IMPSTest;463795;123457;4.0;2478623864983269;177245621151160917253667251309518543367
[INFO] 2018-04-03 09:47:34,745 ExtentManager sendReq - Response received from Server : K109;NBIN not configured for the entered IFS Code;03/04/2018 09:48;TXNID:809309246309;BID:C463795
[INFO] 2018-04-03 09:47:34,746 ExtentManager sendReq - Transaction ID : 809309246309
[INFO] 2018-04-03 09:47:34,807 ExtentManager sendReq - ******************************END********************************

[INFO] 2018-04-03 09:47:34,818 ExtentManager sendReq - ******************************START******************************
[INFO] 2018-04-03 09:47:34,818 ExtentManager sendReq - Request : Generate MMID
[INFO] 2018-04-03 09:47:34,820 ExtentManager sendReq - Hmaced Request : dc4c392467fedd80b05d8990deeb6ace7f3be043ef832118768f82744c69a1e4*!9894060407APIM;Y;15316170605690416310253121025515855714;001;463795;123457;4.0;2478623864983269;106127410974353498664679732579923820691
[INFO] 2018-04-03 09:47:35,773 ExtentManager sendReq - Response received from Server : IM00;2478XXXXXX983269*9060159#5012XXXXXX349826*9060207#2011XXXXX800065*9060246#2011XXXXX800005*9060374#5012XXXXXX849862*9060533#5012XXXXXX000000*9060709#5012XXXXXX849822*9060782#5012XXXXXX849800*9060829#5012XXXXXX349283*9060926#5012XXXXXX849860*9060983;1;N;03/04/2018 09:48;TXNID:809309246310;BID:C463795
[INFO] 2018-04-03 09:47:35,774 ExtentManager sendReq - Transaction ID : 809309246310
[INFO] 2018-04-03 09:47:35,834 ExtentManager sendReq - ******************************END********************************

[INFO] 2018-04-03 09:47:35,835 ExtentManager sendReq - ******************************START******************************
[INFO] 2018-04-03 09:47:35,836 ExtentManager sendReq - Request : IMPSP2AInstantPayment
[INFO] 2018-04-03 09:47:35,838 ExtentManager sendReq - Hmaced Request : c0b13effe51e5bfc68098afc96a53693794c55d5c6b51fe9776ca14522c9b7ad*!9894060407APK1;Y;15316170605690416310253121025515855714;9894012000000;SA;HDFC0000001;25648778;IMPSTest;463795;123457;4.0;2478623864983269;68993746592918049027281359453596425253
[INFO] 2018-04-03 09:47:36,804 ExtentManager sendReq - Response received from Server : K121;Maximum Amount permitted for this transaction is Rs. 5,000.00. Please enter a lesser amount;03/04/2018 09:48;TXNID:809309246311;BID:C463795
[INFO] 2018-04-03 09:47:36,805 ExtentManager sendReq - Transaction ID : 809309246311
[INFO] 2018-04-03 09:47:36,865 ExtentManager sendReq - ******************************END********************************

[INFO] 2018-04-03 09:47:36,871 ExtentManager sendReq - ******************************START******************************
[INFO] 2018-04-03 09:47:36,872 ExtentManager sendReq - Request : Generate MMID
[INFO] 2018-04-03 09:47:36,874 ExtentManager sendReq - Hmaced Request : 8670e5393a8f28dc40787010e9dbb88e4a85b3babb00837a5960e9a31e76b1ca*!9894060407APIM;Y;15316170605690416310253121025515855714;001;463795;123457;4.0;2478623864983269;154089571677392342672026592466846132862
[INFO] 2018-04-03 09:47:37,836 ExtentManager sendReq - Response received from Server : IM00;2478XXXXXX983269*9060159#5012XXXXXX349826*9060207#2011XXXXX800065*9060246#2011XXXXX800005*9060374#5012XXXXXX849862*9060533#5012XXXXXX000000*9060709#5012XXXXXX849822*9060782#5012XXXXXX849800*9060829#5012XXXXXX349283*9060926#5012XXXXXX849860*9060983;1;N;03/04/2018 09:48;TXNID:809309246312;BID:C463795
[INFO] 2018-04-03 09:47:37,837 ExtentManager sendReq - Transaction ID : 809309246312
[INFO] 2018-04-03 09:47:37,899 ExtentManager sendReq - ******************************END********************************

[INFO] 2018-04-03 09:47:37,900 ExtentManager sendReq - ******************************START******************************
[INFO] 2018-04-03 09:47:37,901 ExtentManager sendReq - Request : IMPSP2AInstantPayment
[INFO] 2018-04-03 09:47:37,902 ExtentManager sendReq - Hmaced Request : 4c47ff4ab536ded01647991ad5d1bef151ca5d0b0dbf0203e1432ca2654280a2*!9894060407APK1;Y;15316170605690416310253121025515855714;9894012000000;SA;HDFC0000001;4;IMPSTest;463795;123457;4.0;2478623864983269;64108107423323986228327821689631099879
[INFO] 2018-04-03 09:47:39,289 ExtentManager sendReq - Response received from Server : K120;Minimum Amount permitted for this transaction is Rs. 5.00. Please enter a higher amount;03/04/2018 09:48;TXNID:809309246313;BID:C463795
[INFO] 2018-04-03 09:47:39,289 ExtentManager sendReq - Transaction ID : 809309246313
[INFO] 2018-04-03 09:47:39,352 ExtentManager sendReq - ******************************END********************************

[INFO] 2018-04-03 09:47:39,358 ExtentManager sendReq - ******************************START******************************
[INFO] 2018-04-03 09:47:39,359 ExtentManager sendReq - Request : IMPSP2AAddBeneficiary
[INFO] 2018-04-03 09:47:39,360 ExtentManager sendReq - Hmaced Request : 49b897ae92265d72101154094b2f091bdae2603761a473de607c938c74021aad*!9894060407APK2;Y;15316170605690416310253121025515855714;9894012555555;SA;HDFC0637832;IMPSBenenficiary;463795;123457;4.0;2478623864983269;194972568442322201987629665839808135197
[INFO] 2018-04-03 09:47:40,424 ExtentManager sendReq - Response received from Server : K209;Invalid IFS code;03/04/2018 09:48;TXNID:809309246314;BID:C463795
[INFO] 2018-04-03 09:47:40,425 ExtentManager sendReq - Transaction ID : 809309246314
[INFO] 2018-04-03 09:47:40,483 ExtentManager sendReq - ******************************END********************************

[INFO] 2018-04-03 09:47:40,489 ExtentManager sendReq - ******************************START******************************
[INFO] 2018-04-03 09:47:40,490 ExtentManager sendReq - Request : IMPSP2ABeneficiaryPaymentConfirmation
[INFO] 2018-04-03 09:47:40,492 ExtentManager sendReq - Hmaced Request : 6f235014961abbee5a166efdef431bb05012678ffe305a7647d6b2bd5115e5e9*!9894060407APK5;Y;15316170605690416310253121025515855714;IMPSBenenficiary;25648778;IMPSTest;463795;123457;4.0;2478623864983269;70562071603998568534005435625569304142
[INFO] 2018-04-03 09:47:41,449 ExtentManager sendReq - Response received from Server : K521;Maximum Amount permitted for this transaction is Rs. 5,000.00. Please enter a lesser amount;03/04/2018 09:48;TXNID:809309246315;BID:C463795
[INFO] 2018-04-03 09:47:41,454 ExtentManager sendReq - Transaction ID : 809309246315
[INFO] 2018-04-03 09:47:41,507 ExtentManager sendReq - ******************************END********************************

[INFO] 2018-04-03 09:47:41,509 ExtentManager sendReq - ******************************START******************************
[INFO] 2018-04-03 09:47:41,510 ExtentManager sendReq - Request : IMPSP2ABeneficiaryPaymentConfirmation
[INFO] 2018-04-03 09:47:41,510 ExtentManager sendReq - Hmaced Request : 0cbfc7198a42a97362cef01d6df9a455e2e15ee9e877c74f435a61ca5abccecd*!9894060407APK5;Y;15316170605690416310253121025515855714;IMPSBenenficiary;4;IMPSTest;463795;123457;4.0;2478623864983269;60962968274646119453291364103261378068
[INFO] 2018-04-03 09:47:42,860 ExtentManager sendReq - Response received from Server : K520;Minimum Amount permitted for this transaction is Rs. 5.00. Please enter a higher amount;03/04/2018 09:48;TXNID:809309246316;BID:C463795
[INFO] 2018-04-03 09:47:42,860 ExtentManager sendReq - Transaction ID : 809309246316
[INFO] 2018-04-03 09:47:42,910 ExtentManager sendReq - ******************************END********************************

[INFO] 2018-04-03 09:47:42,913 ExtentManager sendReq - ******************************START******************************
[INFO] 2018-04-03 09:47:42,913 ExtentManager sendReq - Request : IMPSP2UInstantPayment
[INFO] 2018-04-03 09:47:42,914 ExtentManager sendReq - Hmaced Request : ca5ad5caea1e259420323f4ee0cf2abc8b32a608b3ed5c410fcc47c07f95847d*!9894060407AP1U;Y;15316170605690416310253121025515855714;989401300000;SA;20;IMPSTest;463795;123457;4.0;2478623864983269;55896227501091602013378416765309623165
[INFO] 2018-04-03 09:47:46,532 ExtentManager sendReq - Response received from Server : 1U00;Your a/c no. XXXXXXXX3269 is debited for Rs. 20.00 on 03-04-18 and a/c linked to AADHAAR XXXXXXX000 credited (IMPS Ref no 809309246317);03/04/2018 09:48;TXNID:809309246317;BID:C463795
[INFO] 2018-04-03 09:47:46,532 ExtentManager sendReq - Transaction ID : 809309246317
[INFO] 2018-04-03 09:47:46,586 ExtentManager sendReq - ******************************END********************************

[INFO] 2018-04-03 09:47:46,588 ExtentManager sendReq - ******************************START******************************
[INFO] 2018-04-03 09:47:46,588 ExtentManager sendReq - Request : impsP2UAddBenPreConf
[INFO] 2018-04-03 09:47:46,589 ExtentManager sendReq - Hmaced Request : 6351481cc576c0aaf539516a9ded4778df57fa005f9fe5ed85fd8c9dfeab4c73*!9894060407AP2U;Y;15316170605690416310253121025515855714;989401300000;SA;IMPSBenenficiary;463795;123457;4.0;2478623864983269;28354366508745223027850871741088953880
[INFO] 2018-04-03 09:47:47,660 ExtentManager sendReq - Response received from Server : 2U00;989401300000;SA;IMPSBenenficiary;03/04/2018 09:48;TXNID:809309246318;BID:C463795
[INFO] 2018-04-03 09:47:47,661 ExtentManager sendReq - Transaction ID : 809309246318
[INFO] 2018-04-03 09:47:47,720 ExtentManager sendReq - ******************************END********************************

[INFO] 2018-04-03 09:47:47,726 ExtentManager sendReq - ******************************START******************************
[INFO] 2018-04-03 09:47:47,727 ExtentManager sendReq - Request : IMPSP2UAddBeneficiaryconfirmation
[INFO] 2018-04-03 09:47:47,728 ExtentManager sendReq - Hmaced Request : 8a7f643225d7a99d73b1d92f6961ae7271ff79d81b5fc66c998d5d0d167a75ad*!9894060407AP3U;Y;15316170605690416310253121025515855714;989401300000;SA;IMPSBenenficiary;463795;123457;4.0;2478623864983269;45414298922048730795499966812108209796
[INFO] 2018-04-03 09:47:48,906 ExtentManager sendReq - Response received from Server : 3U00;Beneficiary IMPSBenenficiary added successfully;03/04/2018 09:48;TXNID:809309246319;BID:C463795
[INFO] 2018-04-03 09:47:48,907 ExtentManager sendReq - Transaction ID : 809309246319
[INFO] 2018-04-03 09:47:48,966 ExtentManager sendReq - ******************************END********************************

[INFO] 2018-04-03 09:47:48,972 ExtentManager sendReq - ******************************START******************************
[INFO] 2018-04-03 09:47:48,973 ExtentManager sendReq - Request : IMPSP2UBeneficiaryPaymentListenquiryWKw
[INFO] 2018-04-03 09:47:48,974 ExtentManager sendReq - Hmaced Request : 6dd26668c05ea1239229fa3e2774ef69e2350373abd3e3867371d26678a0f596*!9894060407AP4U;Y;15316170605690416310253121025515855714;IMPSBenenficiary;001;463795;123457;4.0;2478623864983269;113361856099852752603034157436735567862
[INFO] 2018-04-03 09:47:50,126 ExtentManager sendReq - Response received from Server : 4U00;IMPSBenenficiary;IMPSBenenficiary;1;N;TXNID:809309246320;BID:C463795
[INFO] 2018-04-03 09:47:50,126 ExtentManager sendReq - Transaction ID : 809309246320
[INFO] 2018-04-03 09:47:50,186 ExtentManager sendReq - ******************************END********************************

[INFO] 2018-04-03 09:47:50,197 ExtentManager sendReq - ******************************START******************************
[INFO] 2018-04-03 09:47:50,197 ExtentManager sendReq - Request : IMPSP2UBeneficiaryPaymentListenquiryWoKw
[INFO] 2018-04-03 09:47:50,199 ExtentManager sendReq - Hmaced Request : ae4d0957aebbe87a83cb370ca568fe0509c1ec4be6a2cd5d2cd603b6f2906581*!9894060407AP4U;Y;15316170605690416310253121025515855714;;001;463795;123457;4.0;2478623864983269;127424253496045923048056431701238732490
[INFO] 2018-04-03 09:47:51,146 ExtentManager sendReq - Response received from Server : 4U00; ;aadar#IMPSBenenficiary;1;N;TXNID:809309246321;BID:C463795
[INFO] 2018-04-03 09:47:51,147 ExtentManager sendReq - Transaction ID : 809309246321
[INFO] 2018-04-03 09:47:51,211 ExtentManager sendReq - ******************************END********************************

[INFO] 2018-04-03 09:47:51,217 ExtentManager sendReq - ******************************START******************************
[INFO] 2018-04-03 09:47:51,218 ExtentManager sendReq - Request : IMPSP2UAddBeneficiaryconfirmation
[INFO] 2018-04-03 09:47:51,220 ExtentManager sendReq - Hmaced Request : cd80e53c12124ad380cfaed97d4b29a5d3e1a990ef7f032a52908c5b365ddd8d*!9894060407AP5U;Y;15316170605690416310253121025515855714;IMPSBenenficiary;20;IMPSTest;463795;123457;4.0;2478623864983269;17170961588565990378808439802313221680
[INFO] 2018-04-03 09:47:54,858 ExtentManager sendReq - Response received from Server : 5U00;Your a/c no. XXXXXXXX3269 is debited for Rs. 20.00 on 03-04-18 and a/c linked to AADHAAR XXXXXXX000 credited (IMPS Ref no 809309246322);03/04/2018 09:49;TXNID:809309246322;BID:C463795
[INFO] 2018-04-03 09:47:54,859 ExtentManager sendReq - Transaction ID : 809309246322
[INFO] 2018-04-03 09:47:54,921 ExtentManager sendReq - ******************************END********************************

[INFO] 2018-04-03 09:47:54,926 ExtentManager sendReq - ******************************START******************************
[INFO] 2018-04-03 09:47:54,927 ExtentManager sendReq - Request : IMPSP2UBeneficiarySearchListenquiry
[INFO] 2018-04-03 09:47:54,929 ExtentManager sendReq - Hmaced Request : 84e1000d0f9ae3390532737bbf5aa7e3248eb33ee0a7638db290544f38263d37*!9894060407AP6U;Y;15316170605690416310253121025515855714;IMPSBenenficiary;001;463795;123457;4.0;2478623864983269;78351253705279825504976376655114284889
[INFO] 2018-04-03 09:47:56,191 ExtentManager sendReq - Response received from Server : 6U00;IMPSBenenficiary;IMPSBenenficiary*989401300000*SA;1;N;TXNID:809309246323;BID:C463795
[INFO] 2018-04-03 09:47:56,192 ExtentManager sendReq - Transaction ID : 809309246323
[INFO] 2018-04-03 09:47:56,254 ExtentManager sendReq - ******************************END********************************

[INFO] 2018-04-03 09:47:56,260 ExtentManager sendReq - ******************************START******************************
[INFO] 2018-04-03 09:47:56,261 ExtentManager sendReq - Request : IMPSP2UBeneficiarySearchListenquiryWoKw
[INFO] 2018-04-03 09:47:56,263 ExtentManager sendReq - Hmaced Request : 38af01b628ad3b3a061f7646e7a28b10c49f342a70124bcb73c6ae4142eb4422*!9894060407AP6U;Y;15316170605690416310253121025515855714;;001;463795;123457;4.0;2478623864983269;155075698162418026217745152688078989760
[INFO] 2018-04-03 09:47:59,561 ExtentManager sendReq - Response received from Server : 6U00; ;aadar*989403000002*SA#IMPSBenenficiary*989401300000*SA;1;N;TXNID:809309246324;BID:C463795
[INFO] 2018-04-03 09:47:59,561 ExtentManager sendReq - Transaction ID : 809309246324
[INFO] 2018-04-03 09:47:59,621 ExtentManager sendReq - ******************************END********************************

[INFO] 2018-04-03 09:47:59,626 ExtentManager sendReq - ******************************START******************************
[INFO] 2018-04-03 09:47:59,627 ExtentManager sendReq - Request : IMPSP2UDeleteBeneficiaryListenquiry
[INFO] 2018-04-03 09:47:59,629 ExtentManager sendReq - Hmaced Request : 5860fd555c20136316c6b69a8e49d6fd0de45de98b21aed0d393ca4d2eb2a463*!9894060407AP7U;Y;15316170605690416310253121025515855714;IMPSBenenficiary;001;463795;123457;4.0;2478623864983269;56352543359217520088344194935588035906
[INFO] 2018-04-03 09:48:00,613 ExtentManager sendReq - Response received from Server : 7U00;IMPSBenenficiary;IMPSBenenficiary;1;N;TXNID:809309246325;BID:C463795
[INFO] 2018-04-03 09:48:00,614 ExtentManager sendReq - Transaction ID : 809309246325
[INFO] 2018-04-03 09:48:00,688 ExtentManager sendReq - ******************************END********************************

[INFO] 2018-04-03 09:48:00,694 ExtentManager sendReq - ******************************START******************************
[INFO] 2018-04-03 09:48:00,694 ExtentManager sendReq - Request : IMPSP2UDeleteBeneficiaryListenquiry
[INFO] 2018-04-03 09:48:00,696 ExtentManager sendReq - Hmaced Request : e0c2e87faedf3c5e369445543f192cf4f1db09f7a68975ba79352afe34bc4a4c*!9894060407AP7U;Y;15316170605690416310253121025515855714;;001;463795;123457;4.0;2478623864983269;187775225460021282859856748958804301926
[INFO] 2018-04-03 09:48:01,639 ExtentManager sendReq - Response received from Server : 7U00; ;aadar#IMPSBenenficiary;1;N;TXNID:809309246326;BID:C463795
[INFO] 2018-04-03 09:48:01,640 ExtentManager sendReq - Transaction ID : 809309246326
[INFO] 2018-04-03 09:48:01,706 ExtentManager sendReq - ******************************END********************************

[INFO] 2018-04-03 09:48:01,712 ExtentManager sendReq - ******************************START******************************
[INFO] 2018-04-03 09:48:01,712 ExtentManager sendReq - Request : IMPSP2UDeleteBeneficiaryConfirmation
[INFO] 2018-04-03 09:48:01,714 ExtentManager sendReq - Hmaced Request : 071b7c3f043f359ffc0ececbabbcd49d2f4f92e700ebe11297b137571789c089*!9894060407AP8U;Y;15316170605690416310253121025515855714;IMPSBenenficiary;463795;123457;4.0;2478623864983269;29906488528539924790630910670324596374
[INFO] 2018-04-03 09:48:02,801 ExtentManager sendReq - Response received from Server : 8U00;Beneficiary IMPSBenenficiary deleted successfully;03/04/2018 09:49;TXNID:809309246327;BID:C463795
[INFO] 2018-04-03 09:48:02,801 ExtentManager sendReq - Transaction ID : 809309246327
[INFO] 2018-04-03 09:48:02,860 ExtentManager sendReq - ******************************END********************************

[INFO] 2018-04-03 09:48:02,866 ExtentManager sendReq - ******************************START******************************
[INFO] 2018-04-03 09:48:02,866 ExtentManager sendReq - Request : IMPSP2UInstantPayment
[INFO] 2018-04-03 09:48:02,868 ExtentManager sendReq - Hmaced Request : d14a644495a427f0095f3c3e5059af8f7001de1e907c53c2e7358b6a4daf890b*!9894060407AP1U;Y;15316170605690416310253121025515855714;989401355555;SA;20;IMPSTest;463795;123457;4.0;2478623864983269;90170275946108274174466630931953087944
[INFO] 2018-04-03 09:48:06,442 ExtentManager sendReq - Response received from Server : 1U00;Your a/c no. XXXXXXXX3269 is debited for Rs. 20.00 on 03-04-18 and a/c linked to AADHAAR XXXXXXX555 credited (IMPS Ref no 809309246328);03/04/2018 09:49;TXNID:809309246328;BID:C463795
[INFO] 2018-04-03 09:48:06,443 ExtentManager sendReq - Transaction ID : 809309246328
[INFO] 2018-04-03 09:48:06,502 ExtentManager sendReq - ******************************END********************************

[INFO] 2018-04-03 09:48:06,508 ExtentManager sendReq - ******************************START******************************
[INFO] 2018-04-03 09:48:06,508 ExtentManager sendReq - Request : IMPSP2UInstantPayment
[INFO] 2018-04-03 09:48:06,510 ExtentManager sendReq - Hmaced Request : 3f98c51649bd711cb3bc86b8f7b3d6eebd04da011de4f9b14271fb7837f43754*!9894060407AP1U;Y;15316170605690416310253121025515855714;989401300000;SA;25648778;IMPSTest;463795;123457;4.0;2478623864983269;59429118385737105584717882482731545007
[INFO] 2018-04-03 09:48:07,680 ExtentManager sendReq - Response received from Server : 1U21;Maximum Amount permitted for this transaction is Rs. 5,000.00. Please enter a lesser amount;03/04/2018 09:49;TXNID:809309246329;BID:C463795
[INFO] 2018-04-03 09:48:07,680 ExtentManager sendReq - Transaction ID : 809309246329
[INFO] 2018-04-03 09:48:07,739 ExtentManager sendReq - ******************************END********************************

[INFO] 2018-04-03 09:48:07,745 ExtentManager sendReq - ******************************START******************************
[INFO] 2018-04-03 09:48:07,746 ExtentManager sendReq - Request : IMPSP2UInstantPayment
[INFO] 2018-04-03 09:48:07,747 ExtentManager sendReq - Hmaced Request : 3b111c2b2e4ccc7c0ca69d28ecbcae99d35d7bf66f54b0d987cccf00de16019d*!9894060407AP1U;Y;15316170605690416310253121025515855714;989401300000;SA;4;IMPSTest;463795;123457;4.0;2478623864983269;144897613702605106999636082818343153977
[INFO] 2018-04-03 09:48:08,890 ExtentManager sendReq - Response received from Server : 1U20;Minimum Amount permitted for this transaction is Rs. 5.00. Please enter a higher amount;03/04/2018 09:49;TXNID:809309246330;BID:C463795
[INFO] 2018-04-03 09:48:08,891 ExtentManager sendReq - Transaction ID : 809309246330
[INFO] 2018-04-03 09:48:08,951 ExtentManager sendReq - ******************************END********************************

[INFO] 2018-04-03 09:48:08,956 ExtentManager sendReq - ******************************START******************************
[INFO] 2018-04-03 09:48:08,956 ExtentManager sendReq - Request : IMPSP2UAddBeneficiaryconfirmation
[INFO] 2018-04-03 09:48:08,959 ExtentManager sendReq - Hmaced Request : 952cb2da4f0e5e58c1f058eba6b47b3f5ddf3223ed5c9face0e7019fe54e6726*!9894060407AP5U;Y;15316170605690416310253121025515855714;IMPSBenenficiary;25648778;IMPSTest;463795;123457;4.0;2478623864983269;119150206578272439002141301703220582691
[INFO] 2018-04-03 09:48:09,926 ExtentManager sendReq - Response received from Server : 5U21;Maximum Amount permitted for this transaction is Rs. 5,000.00. Please enter a lesser amount;03/04/2018 09:49;TXNID:809309246331;BID:C463795
[INFO] 2018-04-03 09:48:09,927 ExtentManager sendReq - Transaction ID : 809309246331
[INFO] 2018-04-03 09:48:09,991 ExtentManager sendReq - ******************************END********************************

[INFO] 2018-04-03 09:48:09,998 ExtentManager sendReq - ******************************START******************************
[INFO] 2018-04-03 09:48:10,003 ExtentManager sendReq - Request : IMPSP2UAddBeneficiaryconfirmation
[INFO] 2018-04-03 09:48:10,005 ExtentManager sendReq - Hmaced Request : b97ffc8425e67f293644c956748cca6446dfc44a2d66244a3e4d600cec4fb7e6*!9894060407AP5U;Y;15316170605690416310253121025515855714;IMPSBenenficiary;4;IMPSTest;463795;123457;4.0;2478623864983269;131045165342358579035179812889294571740
[INFO] 2018-04-03 09:48:10,943 ExtentManager sendReq - Response received from Server : 5U20;Minimum Amount permitted for this transaction is Rs. 5.00. Please enter a higher amount;03/04/2018 09:49;TXNID:809309246332;BID:C463795
[INFO] 2018-04-03 09:48:10,944 ExtentManager sendReq - Transaction ID : 809309246332
[INFO] 2018-04-03 09:48:11,006 ExtentManager sendReq - ******************************END********************************

