[INFO] 2018-04-03 12:06:09,609 ExtentManager setUp - Running Mobile banking API Automation testing on mPAY 4.0

[INFO] 2018-04-03 12:06:09,744 ExtentManager sendReq - ******************************START******************************
[INFO] 2018-04-03 12:06:09,744 ExtentManager sendReq - Request : m2m Quick FT
[INFO] 2018-04-03 12:06:09,868 ExtentManager sendReq - Hmaced Request : d9838d7538d359ed4154b6f9a59f6cb1808373504b4d376fe25b0570473539ef*!9894060407APQM;Y;15316170605690416310253121025515855714;8778602561;10;test   ;463795;123457;4.0;2478623864983269;106613241712492823766033465421625155293
[INFO] 2018-04-03 12:06:13,418 ExtentManager sendReq - Response received from Server : QM00;Fund Transfer to 3286XXX326489632 - +918778602561 successful. Rs. 10.00 debited from 2478XXX864983269;03/04/2018 12:07;TXNID:809312246584;BID:C463795
[INFO] 2018-04-03 12:06:13,420 ExtentManager sendReq - Transaction ID : 809312246584
[INFO] 2018-04-03 12:06:14,488 ExtentManager sendReq - ******************************END********************************

[INFO] 2018-04-03 12:06:14,500 ExtentManager sendReq - ******************************START******************************
[INFO] 2018-04-03 12:06:14,500 ExtentManager sendReq - Request : m2m Benificiary Account list
[INFO] 2018-04-03 12:06:14,502 ExtentManager sendReq - Hmaced Request : 065ce0dd129050220a8a694f2b83cc9a266ecb9a97c9f541d59169844c57a816*!9894060407APRM;Y;15316170605690416310253121025515855714;463795;8778602561;FTBeneficiary;0001;463795;123457;4.0;2478623864983269;121767850481990484983624076596817482920
[INFO] 2018-04-03 12:06:16,181 ExtentManager sendReq - Response received from Server : RM00;rest;8778602561;FTBeneficiary;3286478326489632#5012432470000000#5012432472349283;1;Y;TXNID:809312246585;BID:C463795
[INFO] 2018-04-03 12:06:16,182 ExtentManager sendReq - Transaction ID : 809312246585
[INFO] 2018-04-03 12:06:16,243 ExtentManager sendReq - ******************************END********************************

[INFO] 2018-04-03 12:06:16,248 ExtentManager sendReq - ******************************START******************************
[INFO] 2018-04-03 12:06:16,249 ExtentManager sendReq - Request : m2m Benificiary Registration
[INFO] 2018-04-03 12:06:16,251 ExtentManager sendReq - Hmaced Request : bba494899cdea1933c5988f07943639c6bfa0cda3be2154bc74363efd7f9de3a*!9894060407APC1;Y;15316170605690416310253121025515855714;463795;8778602561;FTBeneficiary;3286478326489632;463795;123457;4.0;2478623864983269;116027107194606863559054240900097895952
[INFO] 2018-04-03 12:06:17,418 ExtentManager sendReq - Response received from Server : C100;Beneficiary FTBeneficiary added successfully;03/04/2018 12:07;TXNID:809312246586;BID:C463795
[INFO] 2018-04-03 12:06:17,419 ExtentManager sendReq - Transaction ID : 809312246586
[INFO] 2018-04-03 12:06:17,488 ExtentManager sendReq - ******************************END********************************

[INFO] 2018-04-03 12:06:17,497 ExtentManager sendReq - ******************************START******************************
[INFO] 2018-04-03 12:06:17,498 ExtentManager sendReq - Request : m2m Register benificiary search
[INFO] 2018-04-03 12:06:17,502 ExtentManager sendReq - Hmaced Request : cfa7aabdf1ac179ab28090271f3a4532ab5f81066ebd686db3379846e4eb0049*!9894060407APF1;Y;15316170605690416310253121025515855714;P;001;463795;123457;4.0;2478623864983269;28187454417414358800389576878677178476
[INFO] 2018-04-03 12:06:18,892 ExtentManager sendReq - Response received from Server : F100;P;FTBeneficiary;1;N;TXNID:809312246587;BID:C463795
[INFO] 2018-04-03 12:06:18,893 ExtentManager sendReq - Transaction ID : 809312246587
[INFO] 2018-04-03 12:06:18,951 ExtentManager sendReq - ******************************END********************************

[INFO] 2018-04-03 12:06:18,955 ExtentManager sendReq - ******************************START******************************
[INFO] 2018-04-03 12:06:18,955 ExtentManager sendReq - Request : m2m benificiary payment
[INFO] 2018-04-03 12:06:18,957 ExtentManager sendReq - Hmaced Request : af3e15ad20ec27fe905049e2e27e7f55c3cc8c6d6f357708c82ad0264811d4c3*!9894060407APFT;Y;15316170605690416310253121025515855714;10;test   ;FTBeneficiary;463795;123457;4.0;2478623864983269;95730069759611610922920798584117361416
[INFO] 2018-04-03 12:06:23,528 ExtentManager sendReq - Response received from Server : FT00;Fund Transfer to rest - +918778602561 successful. Rs. 10.00 debited from 2478XXX864983269;03/04/2018 12:07;TXNID:809312246588;BID:C463795
[INFO] 2018-04-03 12:06:23,529 ExtentManager sendReq - Transaction ID : 809312246588
[INFO] 2018-04-03 12:06:23,599 ExtentManager sendReq - ******************************END********************************

[INFO] 2018-04-03 12:06:23,603 ExtentManager sendReq - ******************************START******************************
[INFO] 2018-04-03 12:06:23,603 ExtentManager sendReq - Request : m2m benificiary search
[INFO] 2018-04-03 12:06:23,605 ExtentManager sendReq - Hmaced Request : 3521c4b4d90ed9504edbcdc2732c3649558d075d871dde18841359eda7154717*!9894060407APD5;Y;15316170605690416310253121025515855714;;001;463795;123457;4.0;2478623864983269;182973675052117729149710177165924562750
[INFO] 2018-04-03 12:06:24,786 ExtentManager sendReq - Response received from Server : D500; ;FTBeneficiary*8778602561;1;N;TXNID:809312246590;BID:C463795
[INFO] 2018-04-03 12:06:24,786 ExtentManager sendReq - Transaction ID : 809312246590
[INFO] 2018-04-03 12:06:24,841 ExtentManager sendReq - ******************************END********************************

[INFO] 2018-04-03 12:06:24,845 ExtentManager sendReq - ******************************START******************************
[INFO] 2018-04-03 12:06:24,846 ExtentManager sendReq - Request : m2m benificiary search
[INFO] 2018-04-03 12:06:24,848 ExtentManager sendReq - Hmaced Request : a204913b3d9ea280068949a61dff1c408094db8ad5a561d3979fff5fd80bc753*!9894060407APD5;Y;15316170605690416310253121025515855714;FTBeneficiary;001;463795;123457;4.0;2478623864983269;161874562017214871444004851277868663646
[INFO] 2018-04-03 12:06:26,609 ExtentManager sendReq - Response received from Server : D500;FTBeneficiary;FTBeneficiary*8778602561;1;N;TXNID:809312246591;BID:C463795
[INFO] 2018-04-03 12:06:26,610 ExtentManager sendReq - Transaction ID : 809312246591
[INFO] 2018-04-03 12:06:26,672 ExtentManager sendReq - ******************************END********************************

[INFO] 2018-04-03 12:06:26,680 ExtentManager sendReq - ******************************START******************************
[INFO] 2018-04-03 12:06:26,681 ExtentManager sendReq - Request : m2m benificiary delete search
[INFO] 2018-04-03 12:06:26,684 ExtentManager sendReq - Hmaced Request : 254fb0313ba0cfb9fae562e26b7740ba6f71a5eac3ec334400a465842bac03a6*!9894060407AP2L;Y;15316170605690416310253121025515855714;;001;463795;123457;4.0;2478623864983269;121688140471353347606039510806444532448
[INFO] 2018-04-03 12:06:27,844 ExtentManager sendReq - Response received from Server : 2L00; ;FTBeneficiary;1;N;TXNID:809312246592;BID:C463795
[INFO] 2018-04-03 12:06:27,845 ExtentManager sendReq - Transaction ID : 809312246592
[INFO] 2018-04-03 12:06:27,907 ExtentManager sendReq - ******************************END********************************

[INFO] 2018-04-03 12:06:27,915 ExtentManager sendReq - ******************************START******************************
[INFO] 2018-04-03 12:06:27,916 ExtentManager sendReq - Request : m2m benificiary delete search
[INFO] 2018-04-03 12:06:27,918 ExtentManager sendReq - Hmaced Request : aae43a136e0d0a90002b98348adf296783b24777ca53ff7b033c84267612e34e*!9894060407AP2L;Y;15316170605690416310253121025515855714;FTBeneficiary;001;463795;123457;4.0;2478623864983269;87448789816255833650857964728420991716
[INFO] 2018-04-03 12:06:29,171 ExtentManager sendReq - Response received from Server : 2L00;FTBeneficiary;FTBeneficiary;1;N;TXNID:809312246593;BID:C463795
[INFO] 2018-04-03 12:06:29,171 ExtentManager sendReq - Transaction ID : 809312246593
[INFO] 2018-04-03 12:06:29,235 ExtentManager sendReq - ******************************END********************************

[INFO] 2018-04-03 12:06:29,243 ExtentManager sendReq - ******************************START******************************
[INFO] 2018-04-03 12:06:29,244 ExtentManager sendReq - Request : M2M benificiary delete
[INFO] 2018-04-03 12:06:29,246 ExtentManager sendReq - Hmaced Request : a13b70a9765c5895d2184a184c5bb5495da1ad2e5ed1d40fe9383b2e68767091*!9894060407AP2D;Y;15316170605690416310253121025515855714;FTBeneficiary;463795;123457;4.0;2478623864983269;87543276338814688779414602115005709260
[INFO] 2018-04-03 12:06:30,616 ExtentManager sendReq - Response received from Server : 2D00;Beneficiary FTBeneficiary deleted successfully;03/04/2018 12:07;TXNID:809312246594;BID:C463795
[INFO] 2018-04-03 12:06:30,617 ExtentManager sendReq - Transaction ID : 809312246594
[INFO] 2018-04-03 12:06:30,684 ExtentManager sendReq - ******************************END********************************

[INFO] 2018-04-03 12:06:30,693 ExtentManager sendReq - ******************************START******************************
[INFO] 2018-04-03 12:06:30,694 ExtentManager sendReq - Request : m2m Quick FT Benificiary Not Registered For Mobile Banking
[INFO] 2018-04-03 12:06:30,696 ExtentManager sendReq - Hmaced Request : bd97da1170a700a131e19759916a45f2719f64a0022bb0b0845fde23846a48c0*!9894060407APQM;Y;15316170605690416310253121025515855714;9372655151;10;test   ;463795;123457;4.0;2478623864983269;18030302435627348068853425118530837122
[INFO] 2018-04-03 12:06:31,766 ExtentManager sendReq - Response received from Server : QM09;Beneficiary not registered for mobile banking.Kindly transfer funds through mobile to account option;03/04/2018 12:07;TXNID:809312246595;BID:C463795
[INFO] 2018-04-03 12:06:31,767 ExtentManager sendReq - Transaction ID : 809312246595
[INFO] 2018-04-03 12:06:31,829 ExtentManager sendReq - ******************************END********************************

[INFO] 2018-04-03 12:06:31,839 ExtentManager sendReq - ******************************START******************************
[INFO] 2018-04-03 12:06:31,840 ExtentManager sendReq - Request : m2m Quick FT Insufficient Amount
[INFO] 2018-04-03 12:06:31,843 ExtentManager sendReq - Hmaced Request : 56656db662704d06aaf36c1718020d5b6e8cf79d2848ae9cf4ea34349653dbe0*!9894060407APQM;Y;15316170605690416310253121025515855714;8778602561;4;test   ;463795;123457;4.0;2478623864983269;100830892795034426187412979523503011772
[INFO] 2018-04-03 12:06:32,892 ExtentManager sendReq - Response received from Server : QM20;Minimum Amount permitted for this transaction is Rs. 5.00. Please enter a higher amount;03/04/2018 12:07;TXNID:809312246596;BID:C463795
[INFO] 2018-04-03 12:06:32,893 ExtentManager sendReq - Transaction ID : 809312246596
[INFO] 2018-04-03 12:06:32,953 ExtentManager sendReq - ******************************END********************************

[INFO] 2018-04-03 12:06:32,960 ExtentManager sendReq - ******************************START******************************
[INFO] 2018-04-03 12:06:32,961 ExtentManager sendReq - Request : m2m Quick FT Amount Exceeds Limit
[INFO] 2018-04-03 12:06:32,963 ExtentManager sendReq - Hmaced Request : 7498f4b48a280b2cec57df6bd29dfaf535529468d3df5d584f857600ff47dac4*!9894060407APQM;Y;15316170605690416310253121025515855714;8778602561;256487;test   ;463795;123457;4.0;2478623864983269;3149694422855777689570507217605255654
[INFO] 2018-04-03 12:06:34,252 ExtentManager sendReq - Response received from Server : QM21;Maximum Amount permitted for this transaction is Rs. 5,000.00. Please enter a lesser amount;03/04/2018 12:07;TXNID:809312246597;BID:C463795
[INFO] 2018-04-03 12:06:34,253 ExtentManager sendReq - Transaction ID : 809312246597
[INFO] 2018-04-03 12:06:34,315 ExtentManager sendReq - ******************************END********************************

[INFO] 2018-04-03 12:06:34,322 ExtentManager sendReq - ******************************START******************************
[INFO] 2018-04-03 12:06:34,322 ExtentManager sendReq - Request : m2m Ben Reg Acclist For Random Mobile No
[INFO] 2018-04-03 12:06:34,325 ExtentManager sendReq - Hmaced Request : 2e9e863b1ae55b9b352d0146571ec452ccd0a5703581c7bc1f7fac829550e8d7*!9894060407APRM;Y;15316170605690416310253121025515855714;463795;9372655151;FTBeneficiary;0001;463795;123457;4.0;2478623864983269;114402643264830787256367802655498615041
[INFO] 2018-04-03 12:06:35,516 ExtentManager sendReq - Response received from Server : RM09;Beneficiary not a mobile banking customer. Please contact bank for further details;03/04/2018 12:07;TXNID:809312246598;BID:C463795
[INFO] 2018-04-03 12:06:35,516 ExtentManager sendReq - Transaction ID : 809312246598
[INFO] 2018-04-03 12:06:35,567 ExtentManager sendReq - ******************************END********************************

[INFO] 2018-04-03 12:06:35,571 ExtentManager sendReq - ******************************START******************************
[INFO] 2018-04-03 12:06:35,571 ExtentManager sendReq - Request : m2m ben payment Exceed Transaction Amount
[INFO] 2018-04-03 12:06:35,572 ExtentManager sendReq - Hmaced Request : bebc5fc044a5591d0131d680a5f76b833b02de7463b34d87f433a16a5a9cb891*!9894060407APFT;Y;15316170605690416310253121025515855714;256487;test   ;FTBeneficiary;463795;123457;4.0;2478623864983269;81820177743422397268908614167152200460
[INFO] 2018-04-03 12:06:37,343 ExtentManager sendReq - Response received from Server : FT09;Beneficiary not registered in mobile banking server;03/04/2018 12:07;TXNID:809312246599;BID:C463795
[INFO] 2018-04-03 12:06:37,343 ExtentManager sendReq - Transaction ID : 809312246599
[INFO] 2018-04-03 12:06:37,405 ExtentManager sendReq - ******************************END********************************

[INFO] 2018-04-03 12:06:37,419 ExtentManager sendReq - ******************************START******************************
[INFO] 2018-04-03 12:06:37,420 ExtentManager sendReq - Request : m2m ben payment Insufficient Amount
[INFO] 2018-04-03 12:06:37,423 ExtentManager sendReq - Hmaced Request : ca12c638c69a97d05154f55785008e4793d8b8ce42d4732738b5605e09866469*!9894060407APFT;Y;15316170605690416310253121025515855714;4;test   ;FTBeneficiary;463795;123457;4.0;2478623864983269;174560419421559535237952712929452645897
[INFO] 2018-04-03 12:06:38,635 ExtentManager sendReq - Response received from Server : FT09;Beneficiary not registered in mobile banking server;03/04/2018 12:07;TXNID:809312246600;BID:C463795
[INFO] 2018-04-03 12:06:38,636 ExtentManager sendReq - Transaction ID : 809312246600
[INFO] 2018-04-03 12:06:38,701 ExtentManager sendReq - ******************************END********************************

[INFO] 2018-04-03 12:06:38,709 ExtentManager sendReq - ******************************START******************************
[INFO] 2018-04-03 12:06:38,710 ExtentManager sendReq - Request : m2m Ben Del Same Ben SearchWKw
[INFO] 2018-04-03 12:06:38,712 ExtentManager sendReq - Hmaced Request : 761b950d74e69c49de28dd15765fa4e7319a6bac8f512d09a549160f473c81aa*!9894060407AP2L;Y;15316170605690416310253121025515855714;FTBeneficiary;001;463795;123457;4.0;2478623864983269;194602645945965831233380075523347181548
[INFO] 2018-04-03 12:06:39,957 ExtentManager sendReq - Response received from Server : 2L01;Beneficiary FTBeneficiary not found.;03/04/2018 12:07;TXNID:809312246601;BID:C463795
[INFO] 2018-04-03 12:06:39,958 ExtentManager sendReq - Transaction ID : 809312246601
[INFO] 2018-04-03 12:06:40,020 ExtentManager sendReq - ******************************END********************************

[INFO] 2018-04-03 12:06:40,027 ExtentManager sendReq - ******************************START******************************
[INFO] 2018-04-03 12:06:40,028 ExtentManager sendReq - Request : P2A Quick FT
[INFO] 2018-04-03 12:06:40,031 ExtentManager sendReq - Hmaced Request : e2d28e804fed84f31132c23f1d5c175d175214b227c0dcbb54f7cb996acc3784*!9894060407APQT;Y;15316170605690416310253121025515855714;3286478326489632;10;10;test   ;001;463795;123457;4.0;2478623864983269;75757165665068125548684462879411469542
[INFO] 2018-04-03 12:06:42,649 ExtentManager sendReq - Response received from Server : QT00;Fund Transfer to 3286XXX326489632 - successful. Rs. 10.00 debited from 2478XXX864983269;03/04/2018 12:07;TXNID:809312246602;BID:C463795
[INFO] 2018-04-03 12:06:42,650 ExtentManager sendReq - Transaction ID : 809312246602
[INFO] 2018-04-03 12:06:42,711 ExtentManager sendReq - ******************************END********************************

[INFO] 2018-04-03 12:06:42,717 ExtentManager sendReq - ******************************START******************************
[INFO] 2018-04-03 12:06:42,718 ExtentManager sendReq - Request : m2a benificary registration search
[INFO] 2018-04-03 12:06:42,721 ExtentManager sendReq - Hmaced Request : de24f2de4a889bdcaa331358ae89f642ab85fcd379b18bc99a440f92800a0a31*!9894060407APRA;Y;15316170605690416310253121025515855714;463795;3286478326489632;10;FTBeneficiary;463795;123457;4.0;2478623864983269;119966746048265953222620537138480095000
[INFO] 2018-04-03 12:06:43,980 ExtentManager sendReq - Response received from Server : RA00;FTBeneficiary;3286478326489632;10;FTBeneficiary;03/04/2018 12:07;TXNID:809312246603;BID:C463795
[INFO] 2018-04-03 12:06:43,981 ExtentManager sendReq - Transaction ID : 809312246603
[INFO] 2018-04-03 12:06:44,047 ExtentManager sendReq - ******************************END********************************

[INFO] 2018-04-03 12:06:44,053 ExtentManager sendReq - ******************************START******************************
[INFO] 2018-04-03 12:06:44,054 ExtentManager sendReq - Request : m2a benificiary req
[INFO] 2018-04-03 12:06:44,057 ExtentManager sendReq - Hmaced Request : f9fae63faac69101817623d723de2a253d848425508d34fdb0fac52898ef265d*!9894060407APC2;Y;15316170605690416310253121025515855714;463795;3286478326489632;10;FTBeneficiary;463795;123457;4.0;2478623864983269;56077751455865164271518828089437734578
[INFO] 2018-04-03 12:06:45,361 ExtentManager sendReq - Response received from Server : C200;Beneficiary FTBeneficiary added successfully;03/04/2018 12:07;TXNID:809312246604;BID:C463795
[INFO] 2018-04-03 12:06:45,378 ExtentManager sendReq - Transaction ID : 809312246604
[INFO] 2018-04-03 12:06:45,446 ExtentManager sendReq - ******************************END********************************

[INFO] 2018-04-03 12:06:45,453 ExtentManager sendReq - ******************************START******************************
[INFO] 2018-04-03 12:06:45,453 ExtentManager sendReq - Request : m2a benificiary payment search
[INFO] 2018-04-03 12:06:45,456 ExtentManager sendReq - Hmaced Request : c16ed26f469e67fc547f953e39db16637acee22a02af05e9937c97368fa6705c*!9894060407APF2;Y;15316170605690416310253121025515855714;F;001;463795;123457;4.0;2478623864983269;175610979108172163534206912689538226101
[INFO] 2018-04-03 12:06:46,667 ExtentManager sendReq - Response received from Server : F200;F;FTBeneficiary;1;N;TXNID:809312246605;BID:C463795
[INFO] 2018-04-03 12:06:46,668 ExtentManager sendReq - Transaction ID : 809312246605
[INFO] 2018-04-03 12:06:46,729 ExtentManager sendReq - ******************************END********************************

[INFO] 2018-04-03 12:06:46,735 ExtentManager sendReq - ******************************START******************************
[INFO] 2018-04-03 12:06:46,736 ExtentManager sendReq - Request : m2a benificiary payment
[INFO] 2018-04-03 12:06:46,738 ExtentManager sendReq - Hmaced Request : c312470e1f53f7c74073590a6d061b20850a06527af61e2c7d7d7677236b0277*!9894060407APFA;Y;15316170605690416310253121025515855714;10;test   ;FTBeneficiary;463795;123457;4.0;2478623864983269;137699836537220061839893454708879476378
[INFO] 2018-04-03 12:06:49,763 ExtentManager sendReq - Response received from Server : FA00;Fund Transfer to FTBeneficiary - successful. Rs. 10.00 debited from 2478XXX864983269;03/04/2018 12:07;TXNID:809312246606;BID:C463795
[INFO] 2018-04-03 12:06:49,772 ExtentManager sendReq - Transaction ID : 809312246606
[INFO] 2018-04-03 12:06:49,852 ExtentManager sendReq - ******************************END********************************

[INFO] 2018-04-03 12:06:49,858 ExtentManager sendReq - ******************************START******************************
[INFO] 2018-04-03 12:06:49,859 ExtentManager sendReq - Request : m2a benificiary details Without Keyword
[INFO] 2018-04-03 12:06:49,861 ExtentManager sendReq - Hmaced Request : 40df361b6b34b4e0c0f176607da5060dc1b48934cd91669e0823ad375834d88a*!9894060407APD6;Y;15316170605690416310253121025515855714;;001;463795;123457;4.0;2478623864983269;65203508718961808301701793704766595738
[INFO] 2018-04-03 12:06:52,526 ExtentManager sendReq - Response received from Server : D600; ;FTBeneficiary*3286478326489632*10;1;N;TXNID:809312246607;BID:C463795
[INFO] 2018-04-03 12:06:52,527 ExtentManager sendReq - Transaction ID : 809312246607
[INFO] 2018-04-03 12:06:52,589 ExtentManager sendReq - ******************************END********************************

[INFO] 2018-04-03 12:06:52,595 ExtentManager sendReq - ******************************START******************************
[INFO] 2018-04-03 12:06:52,596 ExtentManager sendReq - Request : m2a benificiary details With Keyword
[INFO] 2018-04-03 12:06:52,598 ExtentManager sendReq - Hmaced Request : db47959a3e1922389766a5ebdea3c9e722dcac8d67c557e77d6fa81878149857*!9894060407APD6;Y;15316170605690416310253121025515855714;FTBeneficiary;001;463795;123457;4.0;2478623864983269;138926129104190663939471546865408619158
[INFO] 2018-04-03 12:06:53,749 ExtentManager sendReq - Response received from Server : D600;FTBeneficiary;FTBeneficiary*3286478326489632*10;1;N;TXNID:809312246608;BID:C463795
[INFO] 2018-04-03 12:06:53,749 ExtentManager sendReq - Transaction ID : 809312246608
[INFO] 2018-04-03 12:06:53,810 ExtentManager sendReq - ******************************END********************************

[INFO] 2018-04-03 12:06:53,816 ExtentManager sendReq - ******************************START******************************
[INFO] 2018-04-03 12:06:53,817 ExtentManager sendReq - Request : m2a benificiary deregistration search without keyword
[INFO] 2018-04-03 12:06:53,819 ExtentManager sendReq - Hmaced Request : efd2ddebce463298ec54decb39cb49d8a75fb33af8c2638cec252fda042718f7*!9894060407AP3L;Y;15316170605690416310253121025515855714;;001;463795;123457;4.0;2478623864983269;135217228995189080719235691580860532086
[INFO] 2018-04-03 12:06:55,387 ExtentManager sendReq - Response received from Server : 3L00; ;FTBeneficiary;1;N;TXNID:809312246609;BID:C463795
[INFO] 2018-04-03 12:06:55,387 ExtentManager sendReq - Transaction ID : 809312246609
[INFO] 2018-04-03 12:06:55,450 ExtentManager sendReq - ******************************END********************************

[INFO] 2018-04-03 12:06:55,456 ExtentManager sendReq - ******************************START******************************
[INFO] 2018-04-03 12:06:55,457 ExtentManager sendReq - Request : m2a benificiary deregistration search with keyword
[INFO] 2018-04-03 12:06:55,459 ExtentManager sendReq - Hmaced Request : ae90ab019f37a8bc06ec5e5efd7c9ee340c9a15f9f0ecb2e0c97693b90a04afb*!9894060407AP3L;Y;15316170605690416310253121025515855714;FTBeneficiary;001;463795;123457;4.0;2478623864983269;199955469907986770769589522986287837706
[INFO] 2018-04-03 12:06:56,736 ExtentManager sendReq - Response received from Server : 3L00;FTBeneficiary;FTBeneficiary;1;N;TXNID:809312246610;BID:C463795
[INFO] 2018-04-03 12:06:56,736 ExtentManager sendReq - Transaction ID : 809312246610
[INFO] 2018-04-03 12:06:56,815 ExtentManager sendReq - ******************************END********************************

[INFO] 2018-04-03 12:06:56,839 ExtentManager sendReq - ******************************START******************************
[INFO] 2018-04-03 12:06:56,840 ExtentManager sendReq - Request : m2a benificiary deregistration search with keyword
[INFO] 2018-04-03 12:06:56,843 ExtentManager sendReq - Hmaced Request : 00b42a9fd3b852e0b1c90f08bc1879c9db61192e4a1b17e02f4a299a20ef5f1e*!9894060407AP3D;Y;15316170605690416310253121025515855714;FTBeneficiary;463795;123457;4.0;2478623864983269;138241306927425440798825183422742163508
[INFO] 2018-04-03 12:06:58,042 ExtentManager sendReq - Response received from Server : 3D00;Beneficiary FTBeneficiary deleted successfully;03/04/2018 12:08;TXNID:809312246611;BID:C463795
[INFO] 2018-04-03 12:06:58,043 ExtentManager sendReq - Transaction ID : 809312246611
[INFO] 2018-04-03 12:06:58,119 ExtentManager sendReq - ******************************END********************************

[INFO] 2018-04-03 12:06:58,125 ExtentManager sendReq - ******************************START******************************
[INFO] 2018-04-03 12:06:58,125 ExtentManager sendReq - Request : m2a Quick FT Random Ben Account
[INFO] 2018-04-03 12:06:58,128 ExtentManager sendReq - Hmaced Request : a9dabc82371e7450afa7f19a459148a307a48de0fdeb312c70d597c00befacd9*!9894060407APQT;Y;15316170605690416310253121025515855714;3286478326489000;10;10;test   ;001;463795;123457;4.0;2478623864983269;47678137523249007430356379653990542989
[INFO] 2018-04-03 12:07:01,362 ExtentManager sendReq - Response received from Server : QT00;Fund Transfer to 3286XXX326489000 - successful. Rs. 10.00 debited from 2478XXX864983269;03/04/2018 12:08;TXNID:809312246612;BID:C463795
[INFO] 2018-04-03 12:07:01,363 ExtentManager sendReq - Transaction ID : 809312246612
[INFO] 2018-04-03 12:07:01,417 ExtentManager sendReq - ******************************END********************************

[INFO] 2018-04-03 12:07:01,421 ExtentManager sendReq - ******************************START******************************
[INFO] 2018-04-03 12:07:01,421 ExtentManager sendReq - Request : m2a Quick FT Exceeds Transaction Amount
[INFO] 2018-04-03 12:07:01,423 ExtentManager sendReq - Hmaced Request : 5fe91af83b7ab848f82c166ea7ee852e6120a45bfaf946a1a42d6cf1ae1bffc4*!9894060407APQT;Y;15316170605690416310253121025515855714;3286478326489632;10;256487;test   ;001;463795;123457;4.0;2478623864983269;74243027870338148566581345594953390533
[INFO] 2018-04-03 12:07:02,375 ExtentManager sendReq - Response received from Server : QT21;Maximum Amount permitted for this transaction is Rs. 5,000.00. Please enter a lesser amount;03/04/2018 12:08;TXNID:809312246613;BID:C463795
[INFO] 2018-04-03 12:07:02,376 ExtentManager sendReq - Transaction ID : 809312246613
[INFO] 2018-04-03 12:07:02,439 ExtentManager sendReq - ******************************END********************************

[INFO] 2018-04-03 12:07:02,445 ExtentManager sendReq - ******************************START******************************
[INFO] 2018-04-03 12:07:02,446 ExtentManager sendReq - Request : m2a QuickFT Insufficient Amount
[INFO] 2018-04-03 12:07:02,448 ExtentManager sendReq - Hmaced Request : 918212ff0e37e8c7d86f5c29292d7dd85c42357330e7675fbb2460bb118e7007*!9894060407APQT;Y;15316170605690416310253121025515855714;3286478326489632;10;4;test   ;001;463795;123457;4.0;2478623864983269;141613814890246037224898018146680064278
[INFO] 2018-04-03 12:07:03,865 ExtentManager sendReq - Response received from Server : QT20;Minimum Amount permitted for this transaction is Rs. 5.00. Please enter a higher amount;03/04/2018 12:08;TXNID:809312246614;BID:C463795
[INFO] 2018-04-03 12:07:03,866 ExtentManager sendReq - Transaction ID : 809312246614
[INFO] 2018-04-03 12:07:03,930 ExtentManager sendReq - ******************************END********************************

[INFO] 2018-04-03 12:07:03,937 ExtentManager sendReq - ******************************START******************************
[INFO] 2018-04-03 12:07:03,938 ExtentManager sendReq - Request : m2a Ben Reg With Random Ben Account
[INFO] 2018-04-03 12:07:03,940 ExtentManager sendReq - Hmaced Request : af0d5732a2d76fea3d75a0cd4361de2151bde630907c256e8a4aa43ece670045*!9894060407APC2;Y;15316170605690416310253121025515855714;463795;3286478326489001;10;FTBeneficiary;463795;123457;4.0;2478623864983269;34654161581019695610223409585898232792
[INFO] 2018-04-03 12:07:04,988 ExtentManager sendReq - Response received from Server : C200;Beneficiary FTBeneficiary added successfully;03/04/2018 12:08;TXNID:809312246615;BID:C463795
[INFO] 2018-04-03 12:07:04,989 ExtentManager sendReq - Transaction ID : 809312246615
[INFO] 2018-04-03 12:07:05,047 ExtentManager sendReq - ******************************END********************************

[INFO] 2018-04-03 12:07:05,053 ExtentManager sendReq - ******************************START******************************
[INFO] 2018-04-03 12:07:05,054 ExtentManager sendReq - Request : m2a Ben Payment Exceed Transaction Amount
[INFO] 2018-04-03 12:07:05,056 ExtentManager sendReq - Hmaced Request : 56500d9286d3b5b89a921a7e2d92e554fdf598ceb2a851167521bd134d163357*!9894060407APFA;Y;15316170605690416310253121025515855714;256487;test   ;FTBeneficiary;463795;123457;4.0;2478623864983269;94396407448461554600431033202341652733
[INFO] 2018-04-03 12:07:06,396 ExtentManager sendReq - Response received from Server : FA21;Maximum Amount permitted for this transaction is Rs. 5,000.00. Please enter a lesser amount;03/04/2018 12:08;TXNID:809312246616;BID:C463795
[INFO] 2018-04-03 12:07:06,397 ExtentManager sendReq - Transaction ID : 809312246616
[INFO] 2018-04-03 12:07:06,460 ExtentManager sendReq - ******************************END********************************

[INFO] 2018-04-03 12:07:06,466 ExtentManager sendReq - ******************************START******************************
[INFO] 2018-04-03 12:07:06,467 ExtentManager sendReq - Request : m2a Ben Payment InSufficient Amount
[INFO] 2018-04-03 12:07:06,469 ExtentManager sendReq - Hmaced Request : 76d0a356ba1b5d2c10613aa3ead9a6a61d756da5e45b53765745f52176bbc38c*!9894060407APFA;Y;15316170605690416310253121025515855714;4;test   ;FTBeneficiary;463795;123457;4.0;2478623864983269;44939329710453907757488963194965880775
[INFO] 2018-04-03 12:07:07,636 ExtentManager sendReq - Response received from Server : FA20;Minimum Amount permitted for this transaction is Rs. 5.00. Please enter a higher amount;03/04/2018 12:08;TXNID:809312246617;BID:C463795
[INFO] 2018-04-03 12:07:07,637 ExtentManager sendReq - Transaction ID : 809312246617
[INFO] 2018-04-03 12:07:07,699 ExtentManager sendReq - ******************************END********************************

[INFO] 2018-04-03 12:07:07,706 ExtentManager sendReq - ******************************START******************************
[INFO] 2018-04-03 12:07:07,707 ExtentManager sendReq - Request : m2a Ben De-register Same Ben
[INFO] 2018-04-03 12:07:07,709 ExtentManager sendReq - Hmaced Request : d69d01ecd0d438df56be2b4ba353d9926217d817e25695312f90636c5a4850d7*!9894060407AP3D;Y;15316170605690416310253121025515855714;FTBeneficiary;463795;123457;4.0;2478623864983269;69206323674399057523367337656582136635
[INFO] 2018-04-03 12:07:09,583 ExtentManager sendReq - Response received from Server : 3D00;Beneficiary FTBeneficiary deleted successfully;03/04/2018 12:08;TXNID:809312246618;BID:C463795
[INFO] 2018-04-03 12:07:09,584 ExtentManager sendReq - Transaction ID : 809312246618
[INFO] 2018-04-03 12:07:09,645 ExtentManager sendReq - ******************************END********************************

[INFO] 2018-04-03 12:07:09,651 ExtentManager sendReq - ******************************START******************************
[INFO] 2018-04-03 12:07:09,652 ExtentManager sendReq - Request : NEFT benificiary registration
[INFO] 2018-04-03 12:07:09,654 ExtentManager sendReq - Hmaced Request : 309a63e7ee292911ffaa5213cde13bc0413dbdf377488388241dcf325ed8ca97*!9894060407APQ2;Y;15316170605690416310253121025515855714;32864783264;SA;HDFC0000001;NeftBeneficiary;463795;123457;4.0;2478623864983269;151791601619774502467885332408638892575
[INFO] 2018-04-03 12:07:11,120 ExtentManager sendReq - Response received from Server : Q200;HDFC BANK LTD.;MUMBAI;32864783264;SA;HDFC0000001;NeftBeneficiary;HDFC;03/04/2018 12:08;TXNID:809312246619;BID:C463795
[INFO] 2018-04-03 12:07:11,121 ExtentManager sendReq - Transaction ID : 809312246619
[INFO] 2018-04-03 12:07:11,176 ExtentManager sendReq - ******************************END********************************

[INFO] 2018-04-03 12:07:11,179 ExtentManager sendReq - ******************************START******************************
[INFO] 2018-04-03 12:07:11,180 ExtentManager sendReq - Request : NEFT benificiary registration confirm
[INFO] 2018-04-03 12:07:11,181 ExtentManager sendReq - Hmaced Request : e70dcff551ecd5163ca3d20640048b982fe3ce3fb848329a5aa506289d3a73ec*!9894060407APQ3;Y;15316170605690416310253121025515855714;32864783264;SA;HDFC0000001;NeftBeneficiary;463795;123457;4.0;2478623864983269;156571600925056695761313215565702309879
[INFO] 2018-04-03 12:07:12,318 ExtentManager sendReq - Response received from Server : Q300;Beneficiary successfully created. Payment can be made after 1 hours;03/04/2018 12:08;TXNID:809312246620;BID:C463795
[INFO] 2018-04-03 12:07:12,318 ExtentManager sendReq - Transaction ID : 809312246620
[INFO] 2018-04-03 12:07:12,369 ExtentManager sendReq - ******************************END********************************

[INFO] 2018-04-03 12:07:12,371 ExtentManager sendReq - ******************************START******************************
[INFO] 2018-04-03 12:07:12,371 ExtentManager sendReq - Request : NEFT benificiary list
[INFO] 2018-04-03 12:07:12,372 ExtentManager sendReq - Hmaced Request : ef442f035670d035f33cf9c08becc96e38540b48bc04a856fe955b667dd22e1b*!9894060407APQ7;Y;15316170605690416310253121025515855714;P;001;463795;123457;4.0;2478623864983269;96376736184563789514530566851408421521
[INFO] 2018-04-03 12:07:13,512 ExtentManager sendReq - Response received from Server : Q700;P;NeftBeneficiary#nefttest;1;N;TXNID:809312246621;BID:C463795
[INFO] 2018-04-03 12:07:13,513 ExtentManager sendReq - Transaction ID : 809312246621
[INFO] 2018-04-03 12:07:13,578 ExtentManager sendReq - ******************************END********************************

[INFO] 2018-04-03 12:07:13,584 ExtentManager sendReq - ******************************START******************************
[INFO] 2018-04-03 12:07:13,585 ExtentManager sendReq - Request : NEFT benificiary payment
[INFO] 2018-04-03 12:07:13,587 ExtentManager sendReq - Hmaced Request : 95e099f435067dbd74c83c0082c76dfc8862cbddbc7205ace56fddc3975f9ab3*!9894060407APQ8;Y;15316170605690416310253121025515855714;30;NeftTest;NeftBeneficiary;463795;123457;4.0;2478623864983269;44120451757194007957991819813404345040
[INFO] 2018-04-03 12:07:15,131 ExtentManager sendReq - Response received from Server : Q832;Beneficiary not activated yet. Please try after sometime;03/04/2018 12:08;TXNID:809312246622;BID:C463795
[INFO] 2018-04-03 12:07:15,132 ExtentManager sendReq - Transaction ID : 809312246622
[INFO] 2018-04-03 12:07:15,193 ExtentManager sendReq - ******************************END********************************

[INFO] 2018-04-03 12:07:15,198 ExtentManager sendReq - ******************************START******************************
[INFO] 2018-04-03 12:07:15,198 ExtentManager sendReq - Request : NEFT benificiary detail
[INFO] 2018-04-03 12:07:15,200 ExtentManager sendReq - Hmaced Request : af71717d4886a7f43b0f7eddef6a901bfd717dc5db4c1e6a6fc3e256b90da829*!9894060407APNL;Y;15316170605690416310253121025515855714;NeftBeneficiary;001;463795;123457;4.0;2478623864983269;56764684782967433754292890807914577198
[INFO] 2018-04-03 12:07:16,458 ExtentManager sendReq - Response received from Server : NL00;NeftBeneficiary;NeftBeneficiary*HDFC BANK LTD.*MUMBAI*32864783264*SA*HDFC0000001;1;N;TXNID:809312246623;BID:C463795
[INFO] 2018-04-03 12:07:16,459 ExtentManager sendReq - Transaction ID : 809312246623
[INFO] 2018-04-03 12:07:16,518 ExtentManager sendReq - ******************************END********************************

[INFO] 2018-04-03 12:07:16,524 ExtentManager sendReq - ******************************START******************************
[INFO] 2018-04-03 12:07:16,525 ExtentManager sendReq - Request : NEFT benificiary de-registration list
[INFO] 2018-04-03 12:07:16,527 ExtentManager sendReq - Hmaced Request : 17e910ea595829e0305e63b07e87e94a673f612188b3264342bb5f9361543cea*!9894060407AP4L;Y;15316170605690416310253121025515855714;;001;463795;123457;4.0;2478623864983269;26408387012563247256388344153685302399
[INFO] 2018-04-03 12:07:17,589 ExtentManager sendReq - Response received from Server : 4L00; ;NeftBeneficiary#nefttest;1;N;TXNID:809312246624;BID:C463795
[INFO] 2018-04-03 12:07:17,590 ExtentManager sendReq - Transaction ID : 809312246624
[INFO] 2018-04-03 12:07:17,655 ExtentManager sendReq - ******************************END********************************

[INFO] 2018-04-03 12:07:17,661 ExtentManager sendReq - ******************************START******************************
[INFO] 2018-04-03 12:07:17,662 ExtentManager sendReq - Request : NEFT benificiary de-registration confirm
[INFO] 2018-04-03 12:07:17,664 ExtentManager sendReq - Hmaced Request : 8c834cc1bb588d93f885e40613bf57bab11895f115a81e065f379039ad3910c6*!9894060407AP4D;Y;15316170605690416310253121025515855714;NeftBeneficiary;463795;123457;4.0;2478623864983269;18889845973167987691536815245750557731
[INFO] 2018-04-03 12:07:19,019 ExtentManager sendReq - Response received from Server : 4D00;Beneficiary NeftBeneficiary deleted successfully;03/04/2018 12:08;TXNID:809312246625;BID:C463795
[INFO] 2018-04-03 12:07:19,020 ExtentManager sendReq - Transaction ID : 809312246625
[INFO] 2018-04-03 12:07:19,078 ExtentManager sendReq - ******************************END********************************

[INFO] 2018-04-03 12:07:19,084 ExtentManager sendReq - ******************************START******************************
[INFO] 2018-04-03 12:07:19,085 ExtentManager sendReq - Request : NEFT Quick FT With Invalid IFSC code
[INFO] 2018-04-03 12:07:19,097 ExtentManager sendReq - Hmaced Request : 4badceccde3f0d1ac7e4accf27054f57187dbdb49b9cce19e99bc9450a11178c*!9894060407APQN;Y;15316170605690416310253121025515855714;32864783264;SA;SBIN0414434;NeftBeneficiary;NeftTest;001;463795;123457;4.0;2478623864983269;103369076267854492764674249889709459977
[INFO] 2018-04-03 12:07:19,846 ExtentManager sendReq - Response received from Server : QN48;Please enter the valid amount to complete the transaction ;03/04/2018 12:08;TXNID:809312246626;BID:C463795
[INFO] 2018-04-03 12:07:19,846 ExtentManager sendReq - Transaction ID : 809312246626
[INFO] 2018-04-03 12:07:19,896 ExtentManager sendReq - ******************************END********************************

[INFO] 2018-04-03 12:07:19,898 ExtentManager sendReq - ******************************START******************************
[INFO] 2018-04-03 12:07:19,899 ExtentManager sendReq - Request : NEFT ben reg With Invalid IFSC code
[INFO] 2018-04-03 12:07:19,899 ExtentManager sendReq - Hmaced Request : 6e85cd2787a6bc1d66f6f4f56ac0a517095ab6846df9087ab971360b86901f35*!9894060407APQ2;Y;15316170605690416310253121025515855714;32864783264;SA;SBIN0414434;NeftBeneficiary;463795;123457;4.0;2478623864983269;202552607918216158287340855849303903976
[INFO] 2018-04-03 12:07:22,006 ExtentManager sendReq - Response received from Server : Q209;Invalid IFS code;03/04/2018 12:08;TXNID:809312246627;BID:C463795
[INFO] 2018-04-03 12:07:22,007 ExtentManager sendReq - Transaction ID : 809312246627
[INFO] 2018-04-03 12:07:22,072 ExtentManager sendReq - ******************************END********************************

[INFO] 2018-04-03 12:07:22,077 ExtentManager sendReq - ******************************START******************************
[INFO] 2018-04-03 12:07:22,078 ExtentManager sendReq - Request : NEFT ben reg confirm With Invalid IFSC code
[INFO] 2018-04-03 12:07:22,080 ExtentManager sendReq - Hmaced Request : 2134fd551e07ba1fa9092e18e7b7371f0a37903f938a7225be1fc10512ba117d*!9894060407APQ3;Y;15316170605690416310253121025515855714;32864783264;SA;SBIN0414434;NeftBeneficiary;463795;123457;4.0;2478623864983269;29386315794372008109776055220580698054
[INFO] 2018-04-03 12:07:23,355 ExtentManager sendReq - Response received from Server : Q300;Beneficiary successfully created. Payment can be made after 1 hours;03/04/2018 12:08;TXNID:809312246628;BID:C463795
[INFO] 2018-04-03 12:07:23,356 ExtentManager sendReq - Transaction ID : 809312246628
[INFO] 2018-04-03 12:07:23,417 ExtentManager sendReq - ******************************END********************************

[INFO] 2018-04-03 12:07:23,423 ExtentManager sendReq - ******************************START******************************
[INFO] 2018-04-03 12:07:23,424 ExtentManager sendReq - Request : NEFT ben payment With Exceeded Amount
[INFO] 2018-04-03 12:07:23,426 ExtentManager sendReq - Hmaced Request : 8e761d117e5ecd1765e67c2e701467c18e02a209ee476aec96b61e3c5bd94814*!9894060407APQ8;Y;15316170605690416310253121025515855714;256487;NeftTest;NeftBeneficiary;463795;123457;4.0;2478623864983269;29196440399765530418344909569722956891
[INFO] 2018-04-03 12:07:25,283 ExtentManager sendReq - Response received from Server : Q809;Beneficiary IFS Code not found. Please contact Bank for further details;03/04/2018 12:08;TXNID:809312246629;BID:C463795
[INFO] 2018-04-03 12:07:25,283 ExtentManager sendReq - Transaction ID : 809312246629
[INFO] 2018-04-03 12:07:25,336 ExtentManager sendReq - ******************************END********************************

[INFO] 2018-04-03 12:07:25,339 ExtentManager sendReq - ******************************START******************************
[INFO] 2018-04-03 12:07:25,339 ExtentManager sendReq - Request : NEFT ben payment With Insufficient Amount
[INFO] 2018-04-03 12:07:25,340 ExtentManager sendReq - Hmaced Request : 24a11d9b6228564d8ab45199f24c2ba9a1a10f4d153aa5b337ff6e86ad3a14a9*!9894060407APQ8;Y;15316170605690416310253121025515855714;4;NeftTest;NeftBeneficiary;463795;123457;4.0;2478623864983269;90851180688220479953757235782252324124
[INFO] 2018-04-03 12:07:26,930 ExtentManager sendReq - Response received from Server : Q809;Beneficiary IFS Code not found. Please contact Bank for further details;03/04/2018 12:08;TXNID:809312246630;BID:C463795
[INFO] 2018-04-03 12:07:26,931 ExtentManager sendReq - Transaction ID : 809312246630
[INFO] 2018-04-03 12:07:26,997 ExtentManager sendReq - ******************************END********************************

