[INFO] 2018-04-03 12:03:57,474 ExtentManager setUp - Running Mobile banking API Automation testing on mPAY 4.0

[INFO] 2018-04-03 12:03:57,611 ExtentManager sendReqAppLogin - ******************************START******************************
[INFO] 2018-04-03 12:03:57,612 ExtentManager sendReqAppLogin - Request : App Login
[INFO] 2018-04-03 12:03:57,737 ExtentManager sendReqAppLogin - Hmaced Request : 38f3a443baf46ea8b998ec3395fc2ae2f3209d5626322fb187772356245df961*!9894060407APGC;BVD:4.0.9%23ANDROID7.1.1%23H1920W1080%23LENOVO+Lenovo+K8+Plus%2310.175.117.48%2312.8354858%2C80.2235916%3B463795;123457;4.0;0;27215546935280627476955493133646755899
[INFO] 2018-04-03 12:03:59,110 ExtentManager sendReqAppLogin - Response received from Server : GC00;N; ; ;N; ; ;Y;7ffffffffffff0ef;ffffffffffffffff;ffffffffffffffff;N;N;N;0508;http://www.freshersopenings.in/wp-content/uploads/2013/08/fss-logo.jpg;BID:C463795
[INFO] 2018-04-03 12:03:59,111 ExtentManager sendReqAppLogin - ******************************END********************************

[INFO] 2018-04-03 12:03:59,132 ExtentManager sendReq - ******************************START******************************
[INFO] 2018-04-03 12:03:59,133 ExtentManager sendReq - Request : Balance Enquiry
[INFO] 2018-04-03 12:03:59,137 ExtentManager sendReq - Hmaced Request : 0f2b247e22f4fd84ede32d67d08260e7948c2e0e43c79e36721f2dcb7a38dc78*!9894060407APBE;Y;15316170605690416310253121025515855714;463795;123457;4.0;2478623864983269;60262426349227595165779517419746764699
[INFO] 2018-04-03 12:04:01,216 ExtentManager sendReq - Response received from Server : BE00;2,080.88;2,065.13; ;03/04/2018 12:05;TXNID:809312246523;BID:C463795
[INFO] 2018-04-03 12:04:01,217 ExtentManager sendReq - Transaction ID : 809312246523
[INFO] 2018-04-03 12:04:01,590 ExtentManager sendReq - ******************************END********************************

[INFO] 2018-04-03 12:04:01,592 ExtentManager sendReq - ******************************START******************************
[INFO] 2018-04-03 12:04:01,592 ExtentManager sendReq - Request : Mini statement
[INFO] 2018-04-03 12:04:01,593 ExtentManager sendReq - Hmaced Request : 0e770cb56382b79854f989f843b3e774e74de537508b39ea48f862966068b209*!9894060407APMS;Y;15316170605690416310253121025515855714;463795;123457;4.0;2478623864983269;186543014380076160081986945347498018490
[INFO] 2018-04-03 12:04:03,282 ExtentManager sendReq - Response received from Server : MS00;08/11/17 D NEFT/SUBRAMANIAN-VELRAJAN 103.00#08/11/17 D NEFT/VGN-Facility-Mgmt-Se 107.00#08/11/17 D eBank/Tr-To-S.ANISH-KUMAR 201.00#08/11/17 D RTGS/TATA-CARD/TMBLH17312 216000.00#08/11/17 D eBank/Tr-To-SAROJINI.C 204.00#08/11/17 D NEFT/testaudit/TMBLH17312 108.00#08/11/17 D NEFT/Shanmugavel/TMBLH173 102.00#08/11/17 D NEFT/ing-vysys-test3/TMBL 109.00#08/11/17 D NEFT/ANNA-NAGAR-OWNER/TMB 100.00;2,080.88;TXNID:809312246524;BID:C463795
[INFO] 2018-04-03 12:04:03,283 ExtentManager sendReq - Transaction ID : 809312246524
[INFO] 2018-04-03 12:04:03,349 ExtentManager sendReq - ******************************END********************************

[INFO] 2018-04-03 12:04:03,357 ExtentManager sendReq - ******************************START******************************
[INFO] 2018-04-03 12:04:03,359 ExtentManager sendReq - Request : Transaction History
[INFO] 2018-04-03 12:04:03,362 ExtentManager sendReq - Hmaced Request : ebe54dfac0b3272e7997d5b47379f1c0e1356ae9c9462a42a036d44cccc65a53*!9894060407APTH;Y;15316170605690416310253121025515855714;001;463795;123457;4.0;2478623864983269;68135009304550902851483571522306203273
[INFO] 2018-04-03 12:04:07,152 ExtentManager sendReq - Response received from Server : TH00;Mini Statement*03/04/18 12:01*S*.0*-*-*MOB*809312246524#Balance enquiry*03/04/18 12:01*S*.0*-*-*MOB*809312246523#Mini Statement*03/04/18 11:56*F*.0*-*-*MOB*809312246511#Mini Statement*03/04/18 11:56*F*.0*-*-*MOB*809312246510#Mini Statement*03/04/18 11:56*F*.0*-*-*MOB*809312246509#Balance enquiry*03/04/18 11:56*F*.0*-*-*MOB*809312246508#Balance enquiry*03/04/18 11:56*F*.0*-*-*MOB*809312246507#Balance enquiry*03/04/18 11:56*F*.0*-*-*MOB*809312246506#Balance enquiry*03/04/18 11:56*F*.0*-*-*MOB*809312246505#Balance enquiry*03/04/18 11:56*F*.0*-*-*MOB*809312246504#Mini Statement*03/04/18 11:55*S*.0*-*-*MOB*809311246489#Balance enquiry*03/04/18 11:55*S*.0*-*-*MOB*809311246488#Mini Statement*03/04/18 11:50*F*.0*-*-*MOB*809311246478#Mini Statement*03/04/18 11:50*F*.0*-*-*MOB*809311246477#Mini Statement*03/04/18 11:50*F*.0*-*-*MOB*809311246476#Balance enquiry*03/04/18 11:50*S*.0*-*-*MOB*809311246475#Balance enquiry*03/04/18 11:50*S*.0*-*-*MOB*809311246474#Balance enquiry*03/04/18 11:50*F*.0*-*-*MOB*809311246473#Balance enquiry*03/04/18 11:50*F*.0*-*-*MOB*809311246472#Balance enquiry*03/04/18 11:50*F*.0*-*-*MOB*809311246471#Mini Statement*03/04/18 11:50*S*.0*-*-*MOB*809311246457#Balance enquiry*03/04/18 11:50*S*.0*-*-*MOB*809311246456#P2U*03/04/18 10:25*F*4.0*2478XXXXXX983269*IMPSBenenficiary*MOB*809310246447#P2U*03/04/18 10:25*F*256487.0*2478XXXXXX983269*IMPSBenenficiary*MOB*809310246446#P2U*03/04/18 10:25*F*4.0*2478XXXXXX983269*-*MOB*809310246445#P2U*03/04/18 10:25*F*256487.0*2478XXXXXX983269*-*MOB*809310246444#P2U*03/04/18 10:25*S*20.0*2478XXXXXX983269*-*MOB*809310246443#P2U*03/04/18 10:25*S*20.0*2478XXXXXX983269*IMPSBenenficiary*MOB*809310246437#P2U*03/04/18 10:25*S*20.0*2478XXXXXX983269*-*MOB*809310246432#IMPS*03/04/18 10:25*F*4.0*2478XXXXXX983269*IMPSBenenficiary*MOB*809310246431;1;Y;TXNID:809312246525;BID:C463795
[INFO] 2018-04-03 12:04:07,153 ExtentManager sendReq - Transaction ID : 809312246525
[INFO] 2018-04-03 12:04:07,220 ExtentManager sendReq - ******************************END********************************

[INFO] 2018-04-03 12:04:07,227 ExtentManager sendReq - ******************************START******************************
[INFO] 2018-04-03 12:04:07,228 ExtentManager sendReq - Request : Generate MMID
[INFO] 2018-04-03 12:04:07,231 ExtentManager sendReq - Hmaced Request : bb5c4feb45713d03686c3486ad91215e054e081be17a93c1bbd43c349c2193b2*!9894060407APIM;Y;15316170605690416310253121025515855714;001;463795;123457;4.0;2478623864983269;52254539129634540216757847002694058977
[INFO] 2018-04-03 12:04:08,819 ExtentManager sendReq - Response received from Server : IM00;2478XXXXXX983269*9060292#5012XXXXXX000000*9060835#5012XXXXXX349283*9060094#5012XXXXXX349826*9060219#2011XXXXX800005*9060507#5012XXXXXX849862*9060349#2011XXXXX800065*9060054#5012XXXXXX849800*9060049#5012XXXXXX849822*9060090#5012XXXXXX849860*9060385;1;N;03/04/2018 12:05;TXNID:809312246526;BID:C463795
[INFO] 2018-04-03 12:04:08,820 ExtentManager sendReq - Transaction ID : 809312246526
[INFO] 2018-04-03 12:04:08,884 ExtentManager sendReq - ******************************END********************************

[INFO] 2018-04-03 12:04:08,892 ExtentManager sendReq - ******************************START******************************
[INFO] 2018-04-03 12:04:08,893 ExtentManager sendReq - Request : Retrieve MMID
[INFO] 2018-04-03 12:04:08,896 ExtentManager sendReq - Hmaced Request : 5a5570fdbbfe1bd790f0b322caed1450c37e27d9b627bcabda0f0edef59d7c05*!9894060407APS6;Y;15316170605690416310253121025515855714;2478623864983269;463795;123457;4.0;2478623864983269;175455524424444420890129888969767677385
[INFO] 2018-04-03 12:04:10,175 ExtentManager sendReq - Response received from Server : S600;Your MMID allotted for the A/C No. XXXXXXXX3269 is 9060292.You can Send and Receive Money through IMPS option in Mobile Banking.;03/04/2018 12:05;TXNID:809312246527;BID:C463795
[INFO] 2018-04-03 12:04:10,175 ExtentManager sendReq - Transaction ID : 809312246527
[INFO] 2018-04-03 12:04:10,251 ExtentManager sendReq - ******************************END********************************

[INFO] 2018-04-03 12:04:10,259 ExtentManager sendReq - ******************************START******************************
[INFO] 2018-04-03 12:04:10,260 ExtentManager sendReq - Request : Generate MMID
[INFO] 2018-04-03 12:04:10,263 ExtentManager sendReq - Hmaced Request : 0ef89acb50c0279080ed3729564bb02e22aed498ee003035fd6ba96a79600137*!9894060407APIM;Y;15316170605690416310253121025515855714;001;463795;123457;4.0;2478623864983269;107424612781622576142245624080937588822
[INFO] 2018-04-03 12:04:11,424 ExtentManager sendReq - Response received from Server : IM00;5012XXXXXX849800*9060049#2011XXXXX800065*9060054#5012XXXXXX849822*9060090#5012XXXXXX349283*9060094#5012XXXXXX349826*9060219#2478XXXXXX983269*9060292#5012XXXXXX849862*9060349#5012XXXXXX849860*9060385#2011XXXXX800005*9060507#5012XXXXXX000000*9060835;1;N;03/04/2018 12:05;TXNID:809312246528;BID:C463795
[INFO] 2018-04-03 12:04:11,426 ExtentManager sendReq - Transaction ID : 809312246528
[INFO] 2018-04-03 12:04:11,487 ExtentManager sendReq - ******************************END********************************

[INFO] 2018-04-03 12:04:11,488 ExtentManager sendReq - ******************************START******************************
[INFO] 2018-04-03 12:04:11,489 ExtentManager sendReq - Request : Cancel MMID All
[INFO] 2018-04-03 12:04:11,491 ExtentManager sendReq - Hmaced Request : 570b66db7937d94d0c33860f01827544ae8ab7f3397eb97b09115ddeebfcd7b2*!9894060407APRC;Y;15316170605690416310253121025515855714;ALL;463795;123457;4.0;2478623864983269;138652357717113690840842805262553053022
[INFO] 2018-04-03 12:04:13,147 ExtentManager sendReq - Response received from Server : RC00;IMPS Cancelled successfully;03/04/2018 12:05;TXNID:809312246529;BID:C463795
[INFO] 2018-04-03 12:04:13,168 ExtentManager sendReq - Transaction ID : 809312246529
[INFO] 2018-04-03 12:04:13,231 ExtentManager sendReq - ******************************END********************************

[INFO] 2018-04-03 12:04:13,239 ExtentManager sendReq - ******************************START******************************
[INFO] 2018-04-03 12:04:13,240 ExtentManager sendReq - Request : Generate MMID
[INFO] 2018-04-03 12:04:13,243 ExtentManager sendReq - Hmaced Request : efea171692fb58f325a94a4ea19d0167a18aa56ffec34772f14c6571704a5290*!9894060407APIM;Y;15316170605690416310253121025515855714;001;463795;123457;4.0;2478623864983269;78754215959388198992151257296249050977
[INFO] 2018-04-03 12:04:14,790 ExtentManager sendReq - Response received from Server : IM00;2478XXXXXX983269*9060929#5012XXXXXX000000*9060615#5012XXXXXX349283*9060319#5012XXXXXX349826*9060624#2011XXXXX800005*9060852#5012XXXXXX849862*9060781#2011XXXXX800065*9060639#5012XXXXXX849800*9060222#5012XXXXXX849822*9060009#5012XXXXXX849860*9060909;1;N;03/04/2018 12:05;TXNID:809312246530;BID:C463795
[INFO] 2018-04-03 12:04:14,791 ExtentManager sendReq - Transaction ID : 809312246530
[INFO] 2018-04-03 12:04:14,856 ExtentManager sendReq - ******************************END********************************

[INFO] 2018-04-03 12:04:14,857 ExtentManager sendReq - ******************************START******************************
[INFO] 2018-04-03 12:04:14,858 ExtentManager sendReq - Request : Cancel MMID Single
[INFO] 2018-04-03 12:04:14,860 ExtentManager sendReq - Hmaced Request : 9ab6117fe519de8bafd0aef6c8bc9e8f3115eb96774547f009368e6aaf23a1e4*!9894060407APRC;Y;15316170605690416310253121025515855714;2478623864983269;463795;123457;4.0;2478623864983269;27913737654090987539516689444161152856
[INFO] 2018-04-03 12:04:16,046 ExtentManager sendReq - Response received from Server : RC00;Your MMID 9060929 allotted for the A/C No. XXXXXXXX3269 is cancelled.;03/04/2018 12:05;TXNID:809312246531;BID:C463795
[INFO] 2018-04-03 12:04:16,047 ExtentManager sendReq - Transaction ID : 809312246531
[INFO] 2018-04-03 12:04:16,110 ExtentManager sendReq - ******************************END********************************

[INFO] 2018-04-03 12:04:16,117 ExtentManager sendReq - ******************************START******************************
[INFO] 2018-04-03 12:04:16,118 ExtentManager sendReq - Request : Email ID fetch
[INFO] 2018-04-03 12:04:16,120 ExtentManager sendReq - Hmaced Request : 64312bcdf5471c2f0772707790c75a0a2ffb42ce36f6cde600c1a999b2b4eeaa*!9894060407APZ6;Y;15316170605690416310253121025515855714;463795;123457;4.0;2478623864983269;33893441680193664978150827846405653175
[INFO] 2018-04-03 12:04:17,167 ExtentManager sendReq - Response received from Server : Z600;abc@fss.com;03/04/2018 12:05;TXNID:809312246532;BID:C463795
[INFO] 2018-04-03 12:04:17,168 ExtentManager sendReq - Transaction ID : 809312246532
[INFO] 2018-04-03 12:04:17,243 ExtentManager sendReq - ******************************END********************************

[INFO] 2018-04-03 12:04:17,245 ExtentManager sendReq - ******************************START******************************
[INFO] 2018-04-03 12:04:17,246 ExtentManager sendReq - Request : Email ID Update
[INFO] 2018-04-03 12:04:17,247 ExtentManager sendReq - Hmaced Request : 867f7ea19dd7ddaa894829fe3dc151219179c4aaee75a67955aa5c947f154ad3*!9894060407APZ3;Y;15316170605690416310253121025515855714;abc@fss.com;463795;123457;4.0;2478623864983269;99024503346110186393202156765934613209
[INFO] 2018-04-03 12:04:18,491 ExtentManager sendReq - Response received from Server : Z300;Your E-mail ID configured successfully;03/04/2018 12:05;TXNID:809312246533;BID:C463795
[INFO] 2018-04-03 12:04:18,508 ExtentManager sendReq - Transaction ID : 809312246533
[INFO] 2018-04-03 12:04:18,569 ExtentManager sendReq - ******************************END********************************

[INFO] 2018-04-03 12:04:18,576 ExtentManager sendReq - ******************************START******************************
[INFO] 2018-04-03 12:04:18,577 ExtentManager sendReq - Request : Cheque status
[INFO] 2018-04-03 12:04:18,579 ExtentManager sendReq - Hmaced Request : 25b5e3df4e9a1a1a9586cf09d6c8b806458722eca770ca108294e06df1f91fac*!9894060407APLW;Y;15316170605690416310253121025515855714;123456;463795;123457;4.0;2478623864983269;81495866157842489695731405819593316818
[INFO] 2018-04-03 12:04:22,211 ExtentManager sendReq - Response received from Server : LW00;Your cheque (123456) has been ;03/04/2018 12:05;TXNID:809312246535;BID:C463795
[INFO] 2018-04-03 12:04:22,212 ExtentManager sendReq - Transaction ID : 809312246535
[INFO] 2018-04-03 12:04:22,268 ExtentManager sendReq - ******************************END********************************

[INFO] 2018-04-03 12:04:22,272 ExtentManager sendReq - ******************************START******************************
[INFO] 2018-04-03 12:04:22,272 ExtentManager sendReq - Request : Account Fetch
[INFO] 2018-04-03 12:04:22,274 ExtentManager sendReq - Hmaced Request : 2fb79959c517ca506123e879403268f1ecec88139800305396c94772e39acc03*!9894060407APSY;2;463795;123457;4.0;0;84381086278728487096730834888958919911
[INFO] 2018-04-03 12:04:26,850 ExtentManager sendReq - Response received from Server : SY00;N;test;2;6;5012432476849800*10#5012432472349283*10#5012432470000000*10#5012433476349826*10#201150050800065*10#5012432476849862*10;Y;TXNID:809312246536;BID:C463795
[INFO] 2018-04-03 12:04:26,851 ExtentManager sendReq - Transaction ID : 809312246536
[INFO] 2018-04-03 12:04:26,919 ExtentManager sendReq - ******************************END********************************

[INFO] 2018-04-03 12:04:26,925 ExtentManager sendReq - ******************************START******************************
[INFO] 2018-04-03 12:04:26,926 ExtentManager sendReq - Request : Stop Cheque
[INFO] 2018-04-03 12:04:26,928 ExtentManager sendReq - Hmaced Request : 6e91f75faa48dd3626c4fed80ae4950752c7820df6274f6e90f89e789a715f70*!9894060407APL4;Y;15316170605690416310253121025515855714;123456;463795;123457;4.0;2478623864983269;22490006114838450715543073504912991323
[INFO] 2018-04-03 12:04:28,624 ExtentManager sendReq - Response received from Server : L400;Stop Payment request issued for Cheque no. 123456 (a/c no. XXXXXXXX3269) has been executed successfully.;03/04/2018 12:05;TXNID:809312246537;BID:C463795
[INFO] 2018-04-03 12:04:28,625 ExtentManager sendReq - Transaction ID : 809312246537
[INFO] 2018-04-03 12:04:28,688 ExtentManager sendReq - ******************************END********************************

[INFO] 2018-04-03 12:04:28,694 ExtentManager sendReq - ******************************START******************************
[INFO] 2018-04-03 12:04:28,695 ExtentManager sendReq - Request : Change Login Password
[INFO] 2018-04-03 12:04:28,698 ExtentManager sendReq - Hmaced Request : 52aa21800edebab2b010d3a0586a81aa9e1107967dc2196bc734b4690020fe1e*!9894060407APP5;8609547570776098518502128580812621291;463795;123457;4.0;0;22204515243695876471019507880991860297
[INFO] 2018-04-03 12:04:29,855 ExtentManager sendReq - Response received from Server : P500;Login password has been changed successfully;1234;03/04/2018 12:05;TXNID:809312246538;BID:C463795
[INFO] 2018-04-03 12:04:29,855 ExtentManager sendReq - Transaction ID : 809312246538
[INFO] 2018-04-03 12:04:29,917 ExtentManager sendReq - ******************************END********************************

[INFO] 2018-04-03 12:04:29,923 ExtentManager sendReq - ******************************START******************************
[INFO] 2018-04-03 12:04:29,924 ExtentManager sendReq - Request : Balance Enquiry with closed Account
[INFO] 2018-04-03 12:04:29,927 ExtentManager sendReq - Hmaced Request : 359df064c87babc04ab2d06beca026fc2db928397aab397ce0ea173fd98d275a*!9894060407APBE;Y;15316170605690416310253121025515855714;463795;123457;4.0;2478623864983012;58301621450614729150711240057401565076
[INFO] 2018-04-03 12:04:30,759 ExtentManager sendReq - Response received from Server : BEAF;Your Mobile Number is not registered for TMB Mconnect. Please contact your branch;03/04/2018 12:05;TXNID:809312246539;BID:C463795
[INFO] 2018-04-03 12:04:30,760 ExtentManager sendReq - Transaction ID : 809312246539
[INFO] 2018-04-03 12:04:30,825 ExtentManager sendReq - ******************************END********************************

[INFO] 2018-04-03 12:04:30,842 ExtentManager sendReq - ******************************START******************************
[INFO] 2018-04-03 12:04:30,842 ExtentManager sendReq - Request : Balance Enquiry with Inactive Account
[INFO] 2018-04-03 12:04:30,845 ExtentManager sendReq - Hmaced Request : c681adac8edf2b670909211a8d985e0dd13c1d57af948712b91cc86be9aca677*!9894060407APBE;Y;15316170605690416310253121025515855714;463795;123457;4.0;2478623864983014;106016490819681687913670351478440481115
[INFO] 2018-04-03 12:04:31,694 ExtentManager sendReq - Response received from Server : BEAF;Your Mobile Number is not registered for TMB Mconnect. Please contact your branch;03/04/2018 12:05;TXNID:809312246540;BID:C463795
[INFO] 2018-04-03 12:04:31,694 ExtentManager sendReq - Transaction ID : 809312246540
[INFO] 2018-04-03 12:04:31,747 ExtentManager sendReq - ******************************END********************************

[INFO] 2018-04-03 12:04:31,752 ExtentManager sendReq - ******************************START******************************
[INFO] 2018-04-03 12:04:31,752 ExtentManager sendReq - Request : Balance Enquiry with Blocked Account
[INFO] 2018-04-03 12:04:31,754 ExtentManager sendReq - Hmaced Request : 333814178c28d94a651ab6327b08d1a061ecb30416b115778d0bc968d748272d*!9894060407APBE;Y;15316170605690416310253121025515855714;463795;123457;4.0;2478623864983013;42145178774488781554799516417554050864
[INFO] 2018-04-03 12:04:32,938 ExtentManager sendReq - Response received from Server : BEAF;Your Mobile Number is not registered for TMB Mconnect. Please contact your branch;03/04/2018 12:05;TXNID:809312246541;BID:C463795
[INFO] 2018-04-03 12:04:32,939 ExtentManager sendReq - Transaction ID : 809312246541
[INFO] 2018-04-03 12:04:33,001 ExtentManager sendReq - ******************************END********************************

[INFO] 2018-04-03 12:04:33,008 ExtentManager sendReq - ******************************START******************************
[INFO] 2018-04-03 12:04:33,009 ExtentManager sendReq - Request : Balance Enquiry For Account Having Zero Balance
[INFO] 2018-04-03 12:04:33,011 ExtentManager sendReq - Hmaced Request : 81a2b30fbe27ec7b992ad36d2dca05dc0113882db3de8d742fe8bd3a5074d0b6*!9894060407APBE;Y;15316170605690416310253121025515855714;463795;123457;4.0;2478623864983261;53481466119239307918806764680370427899
[INFO] 2018-04-03 12:04:34,077 ExtentManager sendReq - Response received from Server : BEAF;Your Mobile Number is not registered for TMB Mconnect. Please contact your branch;03/04/2018 12:05;TXNID:809312246542;BID:C463795
[INFO] 2018-04-03 12:04:34,078 ExtentManager sendReq - Transaction ID : 809312246542
[INFO] 2018-04-03 12:04:34,140 ExtentManager sendReq - ******************************END********************************

[INFO] 2018-04-03 12:04:34,147 ExtentManager sendReq - ******************************START******************************
[INFO] 2018-04-03 12:04:34,148 ExtentManager sendReq - Request : Balance Enquiry For Account Having Negative Balance
[INFO] 2018-04-03 12:04:34,150 ExtentManager sendReq - Hmaced Request : 7844d344fb86adbc279d4bb0e4ecbeced205587229a446589ed780f497acd588*!9894060407APBE;Y;15316170605690416310253121025515855714;463795;123457;4.0;2478623864983262;121133178410969270268380498145724135661
[INFO] 2018-04-03 12:04:35,199 ExtentManager sendReq - Response received from Server : BEAF;Your Mobile Number is not registered for TMB Mconnect. Please contact your branch;03/04/2018 12:05;TXNID:809312246543;BID:C463795
[INFO] 2018-04-03 12:04:35,200 ExtentManager sendReq - Transaction ID : 809312246543
[INFO] 2018-04-03 12:04:35,262 ExtentManager sendReq - ******************************END********************************

[INFO] 2018-04-03 12:04:35,269 ExtentManager sendReq - ******************************START******************************
[INFO] 2018-04-03 12:04:35,270 ExtentManager sendReq - Request : Mini statement For Closed Account
[INFO] 2018-04-03 12:04:35,272 ExtentManager sendReq - Hmaced Request : c4a436a37058fdf0b726c578307fc1c475e3c5ab25c3e05d6980da2b3affd31f*!9894060407APMS;Y;15316170605690416310253121025515855714;463795;123457;4.0;2478623864983012;184414617158259098648409883517081395737
[INFO] 2018-04-03 12:04:36,139 ExtentManager sendReq - Response received from Server : MSAF;Your Mobile Number is not registered for TMB Mconnect. Please contact your branch;03/04/2018 12:05;TXNID:809312246544;BID:C463795
[INFO] 2018-04-03 12:04:36,139 ExtentManager sendReq - Transaction ID : 809312246544
[INFO] 2018-04-03 12:04:36,214 ExtentManager sendReq - ******************************END********************************

[INFO] 2018-04-03 12:04:36,222 ExtentManager sendReq - ******************************START******************************
[INFO] 2018-04-03 12:04:36,228 ExtentManager sendReq - Request : Mini statement For Inactive Account
[INFO] 2018-04-03 12:04:36,231 ExtentManager sendReq - Hmaced Request : 1f2fc4e3ca67c4d2dd464f640adff6817196c7572012318eabd7511af225580e*!9894060407APMS;Y;15316170605690416310253121025515855714;463795;123457;4.0;2478623864983014;32035006413803757695882483697657928118
[INFO] 2018-04-03 12:04:37,195 ExtentManager sendReq - Response received from Server : MSAF;Your Mobile Number is not registered for TMB Mconnect. Please contact your branch;03/04/2018 12:05;TXNID:809312246545;BID:C463795
[INFO] 2018-04-03 12:04:37,196 ExtentManager sendReq - Transaction ID : 809312246545
[INFO] 2018-04-03 12:04:37,259 ExtentManager sendReq - ******************************END********************************

[INFO] 2018-04-03 12:04:37,266 ExtentManager sendReq - ******************************START******************************
[INFO] 2018-04-03 12:04:37,267 ExtentManager sendReq - Request : Mini Statement For Blocked Account
[INFO] 2018-04-03 12:04:37,269 ExtentManager sendReq - Hmaced Request : 6fdca3deaac324f4859f8c64634eea15668d923abae0af89bdba7223f6cdbd2e*!9894060407APMS;Y;15316170605690416310253121025515855714;463795;123457;4.0;2478623864983013;30830659358172525961458052596084773721
[INFO] 2018-04-03 12:04:38,312 ExtentManager sendReq - Response received from Server : MSAF;Your Mobile Number is not registered for TMB Mconnect. Please contact your branch;03/04/2018 12:05;TXNID:809312246546;BID:C463795
[INFO] 2018-04-03 12:04:38,312 ExtentManager sendReq - Transaction ID : 809312246546
[INFO] 2018-04-03 12:04:38,373 ExtentManager sendReq - ******************************END********************************

[INFO] 2018-04-03 12:04:38,380 ExtentManager sendReq - ******************************START******************************
[INFO] 2018-04-03 12:04:38,381 ExtentManager sendReq - Request : Cheque Status Check Not Issued To Customer
[INFO] 2018-04-03 12:04:38,383 ExtentManager sendReq - Hmaced Request : 93f5520753fe719b3eda928df8ed50923c8da03a974496486ab69b7d7eae7881*!9894060407APLW;Y;15316170605690416310253121025515855714;23453;463795;123457;4.0;2478623864983269;13529978224827853409177220751223216529
[INFO] 2018-04-03 12:04:40,221 ExtentManager sendReq - Response received from Server : LW00;Your cheque (23453) has been ;03/04/2018 12:05;TXNID:809312246547;BID:C463795
[INFO] 2018-04-03 12:04:40,222 ExtentManager sendReq - Transaction ID : 809312246547
[INFO] 2018-04-03 12:04:40,282 ExtentManager sendReq - ******************************END********************************

[INFO] 2018-04-03 12:04:40,289 ExtentManager sendReq - ******************************START******************************
[INFO] 2018-04-03 12:04:40,289 ExtentManager sendReq - Request : Stop Cheque Check Already Stopped
[INFO] 2018-04-03 12:04:40,291 ExtentManager sendReq - Hmaced Request : 233fa21c47cf25289edac0e4e73f48f100a3659c8c39422642fbd36701eb3b8a*!9894060407APL4;Y;15316170605690416310253121025515855714;12345;463795;123457;4.0;2478623864983269;67370867389491249733208877872730799718
[INFO] 2018-04-03 12:04:42,007 ExtentManager sendReq - Response received from Server : L400;Stop Payment request issued for Cheque no. 12345 (a/c no. XXXXXXXX3269) has been executed successfully.;03/04/2018 12:05;TXNID:809312246548;BID:C463795
[INFO] 2018-04-03 12:04:42,008 ExtentManager sendReq - Transaction ID : 809312246548
[INFO] 2018-04-03 12:04:42,068 ExtentManager sendReq - ******************************END********************************

[INFO] 2018-04-03 12:04:42,074 ExtentManager sendReq - ******************************START******************************
[INFO] 2018-04-03 12:04:42,075 ExtentManager sendReq - Request : Again Cancel All MMIDs
[INFO] 2018-04-03 12:04:42,077 ExtentManager sendReq - Hmaced Request : 24ea564c220488155180ca449422c1d51d781a6425e7f57d87b0bbeb48f4cb1e*!9894060407APIM;Y;15316170605690416310253121025515855714;001;463795;123457;4.0;2478623864983269;16648683723236225664921387956672534826
[INFO] 2018-04-03 12:04:43,426 ExtentManager sendReq - Response received from Server : IM00;5012XXXXXX849822*9060009#5012XXXXXX849800*9060222#5012XXXXXX349283*9060319#5012XXXXXX000000*9060615#5012XXXXXX349826*9060624#2011XXXXX800065*9060639#5012XXXXXX849862*9060781#2011XXXXX800005*9060852#5012XXXXXX849860*9060909#2478XXXXXX983269*9060646;1;N;03/04/2018 12:05;TXNID:809312246549;BID:C463795
[INFO] 2018-04-03 12:04:43,426 ExtentManager sendReq - Transaction ID : 809312246549
[INFO] 2018-04-03 12:04:43,488 ExtentManager sendReq - ******************************END********************************

[INFO] 2018-04-03 12:04:43,489 ExtentManager sendReq - ******************************START******************************
[INFO] 2018-04-03 12:04:43,490 ExtentManager sendReq - Request : Again Cancel All MMIDs
[INFO] 2018-04-03 12:04:43,491 ExtentManager sendReq - Hmaced Request : d3fa40711bfcffa94401f3d3c7efe85769332bb5604d4edefcc2c73a2f50d27d*!9894060407APRC;Y;15316170605690416310253121025515855714;ALL;463795;123457;4.0;2478623864983269;148453695155640183860062172316499783628
[INFO] 2018-04-03 12:04:44,731 ExtentManager sendReq - Response received from Server : RC00;IMPS Cancelled successfully;03/04/2018 12:05;TXNID:809312246550;BID:C463795
[INFO] 2018-04-03 12:04:44,732 ExtentManager sendReq - Transaction ID : 809312246550
[INFO] 2018-04-03 12:04:44,801 ExtentManager sendReq - ******************************END********************************

[INFO] 2018-04-03 12:04:44,807 ExtentManager sendReq - ******************************START******************************
[INFO] 2018-04-03 12:04:44,807 ExtentManager sendReq - Request : Retrieve MMID
[INFO] 2018-04-03 12:04:44,809 ExtentManager sendReq - Hmaced Request : 4483bef858b7a52e0c6f582d68027ec0233c26ec5ede8f8db045fa4a61d35287*!9894060407APS6;Y;15316170605690416310253121025515855714;2478623864983269;463795;123457;4.0;2478623864983269;65316143042351913395435711626791857112
[INFO] 2018-04-03 12:04:45,848 ExtentManager sendReq - Response received from Server : S609;Please do Generate MMID to proceed with the transaction.;03/04/2018 12:05;TXNID:809312246551;BID:C463795
[INFO] 2018-04-03 12:04:45,849 ExtentManager sendReq - Transaction ID : 809312246551
[INFO] 2018-04-03 12:04:45,910 ExtentManager sendReq - ******************************END********************************

[INFO] 2018-04-03 12:04:45,917 ExtentManager sendReq - ******************************START******************************
[INFO] 2018-04-03 12:04:45,917 ExtentManager sendReq - Request : Generate MMID
[INFO] 2018-04-03 12:04:45,919 ExtentManager sendReq - Hmaced Request : e7066fcaf1a03cb5399f9746c11f627c4e2c2e9bbe02ad766dced1268f0339af*!9894060407APS6;Y;15316170605690416310253121025515855714;2478623864983269;463795;123457;4.0;2478623864983269;158987981751288335329138194975785076359
[INFO] 2018-04-03 12:04:46,882 ExtentManager sendReq - Response received from Server : S609;Please do Generate MMID to proceed with the transaction.;03/04/2018 12:05;TXNID:809312246552;BID:C463795
[INFO] 2018-04-03 12:04:46,883 ExtentManager sendReq - Transaction ID : 809312246552
[INFO] 2018-04-03 12:04:46,945 ExtentManager sendReq - ******************************END********************************

