[INFO] 2018-04-03 10:26:42,784 ExtentManager setUp - Running Mobile banking API Automation testing on mPAY 4.0

[INFO] 2018-04-03 10:26:42,915 ExtentManager sendReq - ******************************START******************************
[INFO] 2018-04-03 10:26:42,915 ExtentManager sendReq - Request : Generate MMID
[INFO] 2018-04-03 10:26:43,027 ExtentManager sendReq - Hmaced Request : 445b31804442509dd1ee4bdcb58dc692a70dfa436c6c25c5127b5f2f5d7e06e4*!9894060407APIM;Y;15316170605690416310253121025515855714;001;463795;123457;4.0;2478623864983269;115077016605249310834671084169346100990
[INFO] 2018-04-03 10:26:44,128 ExtentManager sendReq - Response received from Server : IM00;2478XXXXXX983269*9060159#5012XXXXXX349826*9060207#2011XXXXX800065*9060246#2011XXXXX800005*9060374#5012XXXXXX849862*9060533#5012XXXXXX000000*9060709#5012XXXXXX849822*9060782#5012XXXXXX849800*9060829#5012XXXXXX349283*9060926#5012XXXXXX849860*9060983;1;N;03/04/2018 10:27;TXNID:809310246392;BID:C463795
[INFO] 2018-04-03 10:26:44,129 ExtentManager sendReq - Transaction ID : 809310246392
[INFO] 2018-04-03 10:26:44,865 ExtentManager sendReq - ******************************END********************************

[INFO] 2018-04-03 10:26:44,866 ExtentManager sendReq - ******************************START******************************
[INFO] 2018-04-03 10:26:44,866 ExtentManager sendReq - Request : IMPSP2PInstantPayment
[INFO] 2018-04-03 10:26:44,868 ExtentManager sendReq - Hmaced Request : 987e4fe7bef6e283e82f6d4a5c8d1ea3c71ec94ada970864f4d0a4309154dbe1*!9894060407APQI;Y;15316170605690416310253121025515855714;9894011000;9240123;20;IMPSTest;463795;123457;4.0;2478623864983269;135888529788973174718861090981645754792
[INFO] 2018-04-03 10:26:48,806 ExtentManager sendReq - Response received from Server : QI00;Your a/c no. XXXXXXXX3269 is debited for Rs. 25.00 on 03-04-18 and a/c linked to mobile 9XXXXXX000 credited (IMPS Ref no 809310246393);03/04/2018 10:27;TXNID:809310246393;BID:C463795
[INFO] 2018-04-03 10:26:48,807 ExtentManager sendReq - Transaction ID : 809310246393
[INFO] 2018-04-03 10:26:48,874 ExtentManager sendReq - ******************************END********************************

[INFO] 2018-04-03 10:26:48,896 ExtentManager sendReq - ******************************START******************************
[INFO] 2018-04-03 10:26:48,898 ExtentManager sendReq - Request : IMPSP2PAddBeneficiaryPreConfirmation
[INFO] 2018-04-03 10:26:48,902 ExtentManager sendReq - Hmaced Request : e4e6f7b453626d3d7a09071d728c8528fd1a4b37a1c2709480aea81843149489*!9894060407APW1;Y;15316170605690416310253121025515855714;9240123;9894011000;IMPSBenenficiary;463795;123457;4.0;2478623864983269;83137699056911463181104757047002070927
[INFO] 2018-04-03 10:26:49,974 ExtentManager sendReq - Response received from Server : W100;HDFC Bank;9240123;9894011000;IMPSBenenficiary;03/04/2018 10:27;TXNID:809310246394;BID:C463795
[INFO] 2018-04-03 10:26:49,975 ExtentManager sendReq - Transaction ID : 809310246394
[INFO] 2018-04-03 10:26:50,039 ExtentManager sendReq - ******************************END********************************

[INFO] 2018-04-03 10:26:50,047 ExtentManager sendReq - ******************************START******************************
[INFO] 2018-04-03 10:26:50,048 ExtentManager sendReq - Request : IMPSP2PAddBeneficiaryconfirmation
[INFO] 2018-04-03 10:26:50,051 ExtentManager sendReq - Hmaced Request : 56365b2d1d3aa80de5df70cb9ef8660a53968ec8fd610cda3afc39c65e01f7df*!9894060407APW2;Y;15316170605690416310253121025515855714;9240123;9894011000;IMPSBenenficiary;463795;123457;4.0;2478623864983269;56189468176368458938652110039846064920
[INFO] 2018-04-03 10:26:51,211 ExtentManager sendReq - Response received from Server : W200;Beneficiary IMPSBenenficiary added successfully;03/04/2018 10:27;TXNID:809310246395;BID:C463795
[INFO] 2018-04-03 10:26:51,212 ExtentManager sendReq - Transaction ID : 809310246395
[INFO] 2018-04-03 10:26:51,275 ExtentManager sendReq - ******************************END********************************

[INFO] 2018-04-03 10:26:51,283 ExtentManager sendReq - ******************************START******************************
[INFO] 2018-04-03 10:26:51,285 ExtentManager sendReq - Request : IMPSP2PBeneficiaryPaymentListenquiry
[INFO] 2018-04-03 10:26:51,296 ExtentManager sendReq - Hmaced Request : e791ad8dbd906113a9ffc0837ef038266b83f23ac313390544d30a6cb0ec28c3*!9894060407APW3;Y;15316170605690416310253121025515855714;P;IMPSBenenficiary;001;463795;123457;4.0;2478623864983269;83412229266829030576883049578328684337
[INFO] 2018-04-03 10:26:52,575 ExtentManager sendReq - Response received from Server : W300;P;IMPSBenenficiary;impsbenenficiary;1;N;TXNID:809310246396;BID:C463795
[INFO] 2018-04-03 10:26:52,576 ExtentManager sendReq - Transaction ID : 809310246396
[INFO] 2018-04-03 10:26:52,642 ExtentManager sendReq - ******************************END********************************

[INFO] 2018-04-03 10:26:52,649 ExtentManager sendReq - ******************************START******************************
[INFO] 2018-04-03 10:26:52,649 ExtentManager sendReq - Request : IMPSP2PBeneficiaryPaymentListenquiry
[INFO] 2018-04-03 10:26:52,653 ExtentManager sendReq - Hmaced Request : c4917931e6595eec665e531e3393253c856bb2bf98ffa7f273feecfd835a4bd6*!9894060407APW3;Y;15316170605690416310253121025515855714;P;;001;463795;123457;4.0;2478623864983269;94974978848251500009316210585430987726
[INFO] 2018-04-03 10:26:53,699 ExtentManager sendReq - Response received from Server : W300;P; ;impsbenenficiary;1;N;TXNID:809310246397;BID:C463795
[INFO] 2018-04-03 10:26:53,700 ExtentManager sendReq - Transaction ID : 809310246397
[INFO] 2018-04-03 10:26:53,773 ExtentManager sendReq - ******************************END********************************

[INFO] 2018-04-03 10:26:53,782 ExtentManager sendReq - ******************************START******************************
[INFO] 2018-04-03 10:26:53,783 ExtentManager sendReq - Request : IMPSP2PBeneficiaryPaymentConfirmation
[INFO] 2018-04-03 10:26:53,787 ExtentManager sendReq - Hmaced Request : 8fa840cc77dc40f2f482dc1a1c000e8dc694909c20737aff890f5f1df4c657b6*!9894060407APW4;Y;15316170605690416310253121025515855714;20;IMPSTest;IMPSBenenficiary;463795;123457;4.0;2478623864983269;167427471015072600127089381135531138629
[INFO] 2018-04-03 10:26:59,083 ExtentManager sendReq - Response received from Server : W400;Your a/c no. XXXXXXXX3269 is debited for Rs. 20.00 on 03-04-18 and a/c linked to mobile 9XXXXXX000 credited (IMPS Ref no 809310246398);03/04/2018 10:28;TXNID:809310246398;BID:C463795
[INFO] 2018-04-03 10:26:59,084 ExtentManager sendReq - Transaction ID : 809310246398
[INFO] 2018-04-03 10:26:59,148 ExtentManager sendReq - ******************************END********************************

[INFO] 2018-04-03 10:26:59,156 ExtentManager sendReq - ******************************START******************************
[INFO] 2018-04-03 10:26:59,156 ExtentManager sendReq - Request : IMPSP2PBeneficiarySearchListenquiryWKw
[INFO] 2018-04-03 10:26:59,159 ExtentManager sendReq - Hmaced Request : 7564f5d11687560e2a7b0d31c149e99523db05581d8bd9d345fc24874b69fff8*!9894060407APD9;Y;15316170605690416310253121025515855714;IMPSBenenficiary;001;463795;123457;4.0;2478623864983269;108531949771035926627817758432999937143
[INFO] 2018-04-03 10:27:00,449 ExtentManager sendReq - Response received from Server : D900;IMPSBenenficiary;impsbenenficiary*HDFC Bank*9240123*9894011000;1;N;TXNID:809310246399;BID:C463795
[INFO] 2018-04-03 10:27:00,449 ExtentManager sendReq - Transaction ID : 809310246399
[INFO] 2018-04-03 10:27:00,512 ExtentManager sendReq - ******************************END********************************

[INFO] 2018-04-03 10:27:00,533 ExtentManager sendReq - ******************************START******************************
[INFO] 2018-04-03 10:27:00,534 ExtentManager sendReq - Request : IMPSP2PBeneficiarySearchListenquiryWoKw
[INFO] 2018-04-03 10:27:00,537 ExtentManager sendReq - Hmaced Request : 9c46b1beee2fe0a35878f077e251733a25774e1f6eb33bdbbbfc9a6a1849df9e*!9894060407APD9;Y;15316170605690416310253121025515855714;;001;463795;123457;4.0;2478623864983269;23634337881712941052537633378612743378
[INFO] 2018-04-03 10:27:01,475 ExtentManager sendReq - Response received from Server : D900; ;impsbenenficiary*HDFC Bank*9240123*9894011000;1;N;TXNID:809310246400;BID:C463795
[INFO] 2018-04-03 10:27:01,476 ExtentManager sendReq - Transaction ID : 809310246400
[INFO] 2018-04-03 10:27:01,541 ExtentManager sendReq - ******************************END********************************

[INFO] 2018-04-03 10:27:01,548 ExtentManager sendReq - ******************************START******************************
[INFO] 2018-04-03 10:27:01,549 ExtentManager sendReq - Request : IMPSP2PDeleteBeneficiaryListenquiry
[INFO] 2018-04-03 10:27:01,551 ExtentManager sendReq - Hmaced Request : ae44febaeaa6e150c58c15ddfd4b9b020bfa59ce989b2a59814a815852f6bf42*!9894060407AP5L;Y;15316170605690416310253121025515855714;IMPSBenenficiary;001;463795;123457;4.0;2478623864983269;40160373991620691338612384029566748114
[INFO] 2018-04-03 10:27:02,580 ExtentManager sendReq - Response received from Server : 5L00;IMPSBenenficiary;impsbenenficiary;1;N;TXNID:809310246401;BID:C463795
[INFO] 2018-04-03 10:27:02,581 ExtentManager sendReq - Transaction ID : 809310246401
[INFO] 2018-04-03 10:27:02,653 ExtentManager sendReq - ******************************END********************************

[INFO] 2018-04-03 10:27:02,660 ExtentManager sendReq - ******************************START******************************
[INFO] 2018-04-03 10:27:02,660 ExtentManager sendReq - Request : IMPSP2PDeleteBeneficiaryListenquiry
[INFO] 2018-04-03 10:27:02,663 ExtentManager sendReq - Hmaced Request : 092dedbc82a9433272e8be2f8eee9513147bd8aee3b64e806ac1cff062b81933*!9894060407AP5L;Y;15316170605690416310253121025515855714;;001;463795;123457;4.0;2478623864983269;32609818586677475386611675217820937288
[INFO] 2018-04-03 10:27:03,842 ExtentManager sendReq - Response received from Server : 5L00; ;impsbenenficiary;1;N;TXNID:809310246402;BID:C463795
[INFO] 2018-04-03 10:27:03,843 ExtentManager sendReq - Transaction ID : 809310246402
[INFO] 2018-04-03 10:27:03,910 ExtentManager sendReq - ******************************END********************************

[INFO] 2018-04-03 10:27:03,917 ExtentManager sendReq - ******************************START******************************
[INFO] 2018-04-03 10:27:03,918 ExtentManager sendReq - Request : IMPSP2PDeleteBeneficiaryConfirmation
[INFO] 2018-04-03 10:27:03,920 ExtentManager sendReq - Hmaced Request : 8eef3c8b64aaef7a35f4fbf19b848319c45f01454be5c397374e75498545e1a0*!9894060407AP5D;Y;15316170605690416310253121025515855714;IMPSBenenficiary;463795;123457;4.0;2478623864983269;33216287120369256703845117289955692585
[INFO] 2018-04-03 10:27:04,871 ExtentManager sendReq - Response received from Server : 5D00;Beneficiary IMPSBenenficiary deleted successfully;03/04/2018 10:28;TXNID:809310246403;BID:C463795
[INFO] 2018-04-03 10:27:04,872 ExtentManager sendReq - Transaction ID : 809310246403
[INFO] 2018-04-03 10:27:04,939 ExtentManager sendReq - ******************************END********************************

[INFO] 2018-04-03 10:27:04,946 ExtentManager sendReq - ******************************START******************************
[INFO] 2018-04-03 10:27:04,946 ExtentManager sendReq - Request : Generate MMID
[INFO] 2018-04-03 10:27:04,949 ExtentManager sendReq - Hmaced Request : c9c2c0c8cd339103a032b68020e99c482f3284a6d3eabfd0f3ba047935d8f5be*!9894060407APIM;Y;15316170605690416310253121025515855714;001;463795;123457;4.0;2478623864983269;44480669505445645495652780433295177072
[INFO] 2018-04-03 10:27:05,930 ExtentManager sendReq - Response received from Server : IM00;2478XXXXXX983269*9060159#5012XXXXXX349826*9060207#2011XXXXX800065*9060246#2011XXXXX800005*9060374#5012XXXXXX849862*9060533#5012XXXXXX000000*9060709#5012XXXXXX849822*9060782#5012XXXXXX849800*9060829#5012XXXXXX349283*9060926#5012XXXXXX849860*9060983;1;N;03/04/2018 10:28;TXNID:809310246404;BID:C463795
[INFO] 2018-04-03 10:27:05,931 ExtentManager sendReq - Transaction ID : 809310246404
[INFO] 2018-04-03 10:27:05,991 ExtentManager sendReq - ******************************END********************************

[INFO] 2018-04-03 10:27:05,991 ExtentManager sendReq - ******************************START******************************
[INFO] 2018-04-03 10:27:05,992 ExtentManager sendReq - Request : IMPSP2PInstantPaymentWithInvalidMMID
[INFO] 2018-04-03 10:27:05,994 ExtentManager sendReq - Hmaced Request : 2018ffca588abfbb373a7c8d64156509686ab377ad47ee71515cbaad2667684e*!9894060407APQI;Y;15316170605690416310253121025515855714;9894011000;6372728;20;IMPSTest;463795;123457;4.0;2478623864983269;47439269116657819182862858395379546795
[INFO] 2018-04-03 10:27:09,609 ExtentManager sendReq - Response received from Server : QI00;Your a/c no. XXXXXXXX3269 is debited for Rs. 25.00 on 03-04-18 and a/c linked to mobile 9XXXXXX000 credited (IMPS Ref no 809310246405);03/04/2018 10:28;TXNID:809310246405;BID:C463795
[INFO] 2018-04-03 10:27:09,609 ExtentManager sendReq - Transaction ID : 809310246405
[INFO] 2018-04-03 10:27:09,666 ExtentManager sendReq - ******************************END********************************

[INFO] 2018-04-03 10:27:09,671 ExtentManager sendReq - ******************************START******************************
[INFO] 2018-04-03 10:27:09,671 ExtentManager sendReq - Request : Generate MMID
[INFO] 2018-04-03 10:27:09,673 ExtentManager sendReq - Hmaced Request : 1e51bd59830be0ea348a786e977c287632a984f336847830145dd4451cbdabb4*!9894060407APIM;Y;15316170605690416310253121025515855714;001;463795;123457;4.0;2478623864983269;28428776691840956001702374560429719589
[INFO] 2018-04-03 10:27:10,617 ExtentManager sendReq - Response received from Server : IM00;2478XXXXXX983269*9060159#5012XXXXXX349826*9060207#2011XXXXX800065*9060246#2011XXXXX800005*9060374#5012XXXXXX849862*9060533#5012XXXXXX000000*9060709#5012XXXXXX849822*9060782#5012XXXXXX849800*9060829#5012XXXXXX349283*9060926#5012XXXXXX849860*9060983;1;N;03/04/2018 10:28;TXNID:809310246406;BID:C463795
[INFO] 2018-04-03 10:27:10,618 ExtentManager sendReq - Transaction ID : 809310246406
[INFO] 2018-04-03 10:27:10,679 ExtentManager sendReq - ******************************END********************************

[INFO] 2018-04-03 10:27:10,679 ExtentManager sendReq - ******************************START******************************
[INFO] 2018-04-03 10:27:10,680 ExtentManager sendReq - Request : IMPSP2PInstantPaymentWithExceededAmount
[INFO] 2018-04-03 10:27:10,683 ExtentManager sendReq - Hmaced Request : e1fe5d533eceb730ac56bd94313354b5d074b9f4168c4d21fd09f81ab0d81192*!9894060407APQI;Y;15316170605690416310253121025515855714;9894011000;9240123;256487;IMPSTest;463795;123457;4.0;2478623864983269;152319444870018618553415207851254659880
[INFO] 2018-04-03 10:27:12,034 ExtentManager sendReq - Response received from Server : QI21;Maximum Amount permitted for this transaction is Rs. 5,000.00. Please enter a lesser amount;03/04/2018 10:28;TXNID:809310246407;BID:C463795
[INFO] 2018-04-03 10:27:12,034 ExtentManager sendReq - Transaction ID : 809310246407
[INFO] 2018-04-03 10:27:12,107 ExtentManager sendReq - ******************************END********************************

[INFO] 2018-04-03 10:27:12,114 ExtentManager sendReq - ******************************START******************************
[INFO] 2018-04-03 10:27:12,115 ExtentManager sendReq - Request : Generate MMID
[INFO] 2018-04-03 10:27:12,118 ExtentManager sendReq - Hmaced Request : a4c73094dddcc93cf019774abfc869f0fd972ecbf00e50fe946402040a95aded*!9894060407APIM;Y;15316170605690416310253121025515855714;001;463795;123457;4.0;2478623864983269;178430627292680030113191618567118594115
[INFO] 2018-04-03 10:27:13,192 ExtentManager sendReq - Response received from Server : IM00;2478XXXXXX983269*9060159#5012XXXXXX349826*9060207#2011XXXXX800065*9060246#2011XXXXX800005*9060374#5012XXXXXX849862*9060533#5012XXXXXX000000*9060709#5012XXXXXX849822*9060782#5012XXXXXX849800*9060829#5012XXXXXX349283*9060926#5012XXXXXX849860*9060983;1;N;03/04/2018 10:28;TXNID:809310246408;BID:C463795
[INFO] 2018-04-03 10:27:13,193 ExtentManager sendReq - Transaction ID : 809310246408
[INFO] 2018-04-03 10:27:13,255 ExtentManager sendReq - ******************************END********************************

[INFO] 2018-04-03 10:27:13,256 ExtentManager sendReq - ******************************START******************************
[INFO] 2018-04-03 10:27:13,257 ExtentManager sendReq - Request : IMPSP2PInstantPaymentWithInsufficientAmount
[INFO] 2018-04-03 10:27:13,260 ExtentManager sendReq - Hmaced Request : d0e3ac3ba5145e68db971251d68c866cd6904ddfc13f1cbabd8ee786494f55bc*!9894060407APQI;Y;15316170605690416310253121025515855714;9894011000;9240123;4;IMPSTest;463795;123457;4.0;2478623864983269;103455725893725516875793774434847949089
[INFO] 2018-04-03 10:27:14,213 ExtentManager sendReq - Response received from Server : QI20;Minimum Amount permitted for this transaction is Rs. 5.00. Please enter a higher amount;03/04/2018 10:28;TXNID:809310246409;BID:C463795
[INFO] 2018-04-03 10:27:14,214 ExtentManager sendReq - Transaction ID : 809310246409
[INFO] 2018-04-03 10:27:14,273 ExtentManager sendReq - ******************************END********************************

[INFO] 2018-04-03 10:27:14,279 ExtentManager sendReq - ******************************START******************************
[INFO] 2018-04-03 10:27:14,280 ExtentManager sendReq - Request : IMPSP2PBeneficiaryPaymentConfirmationwithExceededAmount
[INFO] 2018-04-03 10:27:14,283 ExtentManager sendReq - Hmaced Request : 9f7e9684f404b3897876ec8a0c63d3b4d01c8ad5170398e8b5c6a93216e09b37*!9894060407APW4;Y;15316170605690416310253121025515855714;256487;IMPSTest;IMPSBenenficiary;463795;123457;4.0;2478623864983269;90576017620792380787922793814243085013
[INFO] 2018-04-03 10:27:15,327 ExtentManager sendReq - Response received from Server : W409;Beneficiary not registered. Please register the Beneficiary and proceed;03/04/2018 10:28;TXNID:809310246410;BID:C463795
[INFO] 2018-04-03 10:27:15,328 ExtentManager sendReq - Transaction ID : 809310246410
[INFO] 2018-04-03 10:27:15,386 ExtentManager sendReq - ******************************END********************************

[INFO] 2018-04-03 10:27:15,413 ExtentManager sendReq - ******************************START******************************
[INFO] 2018-04-03 10:27:15,414 ExtentManager sendReq - Request : IMPSP2PBeneficiaryPaymentConfirmationwithInsufficientAmount
[INFO] 2018-04-03 10:27:15,416 ExtentManager sendReq - Hmaced Request : e1396ec66ba8357bc6c1f58439de543b476ac2e1debcf278c3c0a1f06a5e740e*!9894060407APW4;Y;15316170605690416310253121025515855714;4;IMPSTest;IMPSBenenficiary;463795;123457;4.0;2478623864983269;10096259712256472970773911479588846399
[INFO] 2018-04-03 10:27:16,853 ExtentManager sendReq - Response received from Server : W409;Beneficiary not registered. Please register the Beneficiary and proceed;03/04/2018 10:28;TXNID:809310246411;BID:C463795
[INFO] 2018-04-03 10:27:16,854 ExtentManager sendReq - Transaction ID : 809310246411
[INFO] 2018-04-03 10:27:16,916 ExtentManager sendReq - ******************************END********************************

[INFO] 2018-04-03 10:27:16,921 ExtentManager sendReq - ******************************START******************************
[INFO] 2018-04-03 10:27:16,921 ExtentManager sendReq - Request : Generate MMID
[INFO] 2018-04-03 10:27:16,923 ExtentManager sendReq - Hmaced Request : b241f6f0e2d64a3760f748c68d0fd25813d9677abd5d27e9d6c3893ccf4c8f59*!9894060407APIM;Y;15316170605690416310253121025515855714;001;463795;123457;4.0;2478623864983269;105260983050406928540534231017182878274
[INFO] 2018-04-03 10:27:17,873 ExtentManager sendReq - Response received from Server : IM00;2478XXXXXX983269*9060159#5012XXXXXX349826*9060207#2011XXXXX800065*9060246#2011XXXXX800005*9060374#5012XXXXXX849862*9060533#5012XXXXXX000000*9060709#5012XXXXXX849822*9060782#5012XXXXXX849800*9060829#5012XXXXXX349283*9060926#5012XXXXXX849860*9060983;1;N;03/04/2018 10:28;TXNID:809310246412;BID:C463795
[INFO] 2018-04-03 10:27:17,874 ExtentManager sendReq - Transaction ID : 809310246412
[INFO] 2018-04-03 10:27:17,942 ExtentManager sendReq - ******************************END********************************

[INFO] 2018-04-03 10:27:17,943 ExtentManager sendReq - ******************************START******************************
[INFO] 2018-04-03 10:27:17,948 ExtentManager sendReq - Request : IMPSP2AInstantPayment
[INFO] 2018-04-03 10:27:17,953 ExtentManager sendReq - Hmaced Request : a03323199d4a5658fdb46479530445ad2f032d4fa9444f39e387ca771bd7eaff*!9894060407APK1;Y;15316170605690416310253121025515855714;9894012000000;SA;HDFC0000001;20;IMPSTest;463795;123457;4.0;2478623864983269;98415570548718130155314015979673335080
[INFO] 2018-04-03 10:27:22,120 ExtentManager sendReq - Response received from Server : K100;Your a/c no. XXXXXXXX3269 is debited for Rs. 25.00 on 03-04-18 and a/c XXXXXXX000 credited (IMPS Ref no 809310246413);03/04/2018 10:28;TXNID:809310246413;BID:C463795
[INFO] 2018-04-03 10:27:22,121 ExtentManager sendReq - Transaction ID : 809310246413
[INFO] 2018-04-03 10:27:22,178 ExtentManager sendReq - ******************************END********************************

[INFO] 2018-04-03 10:27:22,183 ExtentManager sendReq - ******************************START******************************
[INFO] 2018-04-03 10:27:22,184 ExtentManager sendReq - Request : IMPSP2AAddBeneficiary
[INFO] 2018-04-03 10:27:22,185 ExtentManager sendReq - Hmaced Request : ad12539f6d2106819d2924bf6405ac8dcca878b937edf38a07d9381adc5668d7*!9894060407APK2;Y;15316170605690416310253121025515855714;9894012000000;SA;HDFC0000001;IMPSBenenficiary;463795;123457;4.0;2478623864983269;163572134670975188184851540778687738465
[INFO] 2018-04-03 10:27:23,139 ExtentManager sendReq - Response received from Server : K200;9894012000000;SA;HDFC BANK LTD.;MUMBAI;HDFC0000001;IMPSBenenficiary;03/04/2018 10:28;TXNID:809310246414;BID:C463795
[INFO] 2018-04-03 10:27:23,139 ExtentManager sendReq - Transaction ID : 809310246414
[INFO] 2018-04-03 10:27:23,189 ExtentManager sendReq - ******************************END********************************

[INFO] 2018-04-03 10:27:23,191 ExtentManager sendReq - ******************************START******************************
[INFO] 2018-04-03 10:27:23,191 ExtentManager sendReq - Request : IMPSP2AAddBeneficiaryconfirmation
[INFO] 2018-04-03 10:27:23,192 ExtentManager sendReq - Hmaced Request : 9adfbbeef527cfab0fa00d46f1a70a60205a4c93abd33d3094327718c0ce8ad0*!9894060407APK3;Y;15316170605690416310253121025515855714;9894012000000;SA;HDFC0000001;IMPSBenenficiary;463795;123457;4.0;2478623864983269;66860660396028275195054533396018007345
[INFO] 2018-04-03 10:27:24,475 ExtentManager sendReq - Response received from Server : K300;Beneficiary IMPSBenenficiary added successfully;03/04/2018 10:28;TXNID:809310246415;BID:C463795
[INFO] 2018-04-03 10:27:24,475 ExtentManager sendReq - Transaction ID : 809310246415
[INFO] 2018-04-03 10:27:24,536 ExtentManager sendReq - ******************************END********************************

[INFO] 2018-04-03 10:27:24,540 ExtentManager sendReq - ******************************START******************************
[INFO] 2018-04-03 10:27:24,540 ExtentManager sendReq - Request : IMPSP2ABeneficiaryPaymentListenquiry
[INFO] 2018-04-03 10:27:24,541 ExtentManager sendReq - Hmaced Request : 262a86e7c25a8e805a29f0a1c3382f02ab9f9a58b6749f1a01fc0d58ecff1b3b*!9894060407APK4;Y;15316170605690416310253121025515855714;IMPSBenenficiary;1;463795;123457;4.0;2478623864983269;129397792012598016144331033138941555672
[INFO] 2018-04-03 10:27:25,492 ExtentManager sendReq - Response received from Server : K400;IMPSBenenficiary;IMPSBenenficiary*HDFC0000001*9894012000000*SA;1;N;TXNID:809310246416;BID:C463795
[INFO] 2018-04-03 10:27:25,492 ExtentManager sendReq - Transaction ID : 809310246416
[INFO] 2018-04-03 10:27:25,554 ExtentManager sendReq - ******************************END********************************

[INFO] 2018-04-03 10:27:25,560 ExtentManager sendReq - ******************************START******************************
[INFO] 2018-04-03 10:27:25,561 ExtentManager sendReq - Request : IMPSP2ABeneficiaryPaymentListenquiry
[INFO] 2018-04-03 10:27:25,563 ExtentManager sendReq - Hmaced Request : 7c42aebb3c872fe5a50167d939dc2153ca45eb2fbe020e6425b0798911e63e7c*!9894060407APK4;Y;15316170605690416310253121025515855714;;1;463795;123457;4.0;2478623864983269;37334091129405981339242092460930420499
[INFO] 2018-04-03 10:27:26,562 ExtentManager sendReq - Response received from Server : K400; ;IMPSBenenficiary*HDFC0000001*9894012000000*SA;1;N;TXNID:809310246417;BID:C463795
[INFO] 2018-04-03 10:27:26,563 ExtentManager sendReq - Transaction ID : 809310246417
[INFO] 2018-04-03 10:27:26,623 ExtentManager sendReq - ******************************END********************************

[INFO] 2018-04-03 10:27:26,631 ExtentManager sendReq - ******************************START******************************
[INFO] 2018-04-03 10:27:26,632 ExtentManager sendReq - Request : IMPSP2ABeneficiaryPaymentConfirmation
[INFO] 2018-04-03 10:27:26,634 ExtentManager sendReq - Hmaced Request : 4e720576b763f425a1d796e7a4b79fd0791af790b240c0e0306e4e07e83ed794*!9894060407APK5;Y;15316170605690416310253121025515855714;IMPSBenenficiary;20;IMPSTest;463795;123457;4.0;2478623864983269;114438603200529979318078727061970671376
[INFO] 2018-04-03 10:27:31,807 ExtentManager sendReq - Response received from Server : K500;Your a/c no. XXXXXXXX3269 is debited for Rs. 20.00 on 03-04-18 and a/c XXXXXXX000 credited (IMPS Ref no 809310246418);03/04/2018 10:28;TXNID:809310246418;BID:C463795
[INFO] 2018-04-03 10:27:31,807 ExtentManager sendReq - Transaction ID : 809310246418
[INFO] 2018-04-03 10:27:31,864 ExtentManager sendReq - ******************************END********************************

[INFO] 2018-04-03 10:27:31,866 ExtentManager sendReq - ******************************START******************************
[INFO] 2018-04-03 10:27:31,866 ExtentManager sendReq - Request : IMPSP2ABeneficiarySearchListenquiry
[INFO] 2018-04-03 10:27:31,867 ExtentManager sendReq - Hmaced Request : e6fa18a012102e5098f372e90b7294bc3f8725db43a165a9e8a0ad6a490893d2*!9894060407AP4W;Y;15316170605690416310253121025515855714;;1;463795;123457;4.0;2478623864983269;138599060526623329142347930328412482702
[INFO] 2018-04-03 10:27:33,130 ExtentManager sendReq - Response received from Server : 4W00; ;IMPSBenenficiary*HDFC BANK LTD.*9894012000000*SA*HDFC0000001;1;N;TXNID:809310246419;BID:C463795
[INFO] 2018-04-03 10:27:33,130 ExtentManager sendReq - Transaction ID : 809310246419
[INFO] 2018-04-03 10:27:33,194 ExtentManager sendReq - ******************************END********************************

[INFO] 2018-04-03 10:27:33,200 ExtentManager sendReq - ******************************START******************************
[INFO] 2018-04-03 10:27:33,200 ExtentManager sendReq - Request : IMPSP2ABeneficiarySearchListenquiry
[INFO] 2018-04-03 10:27:33,202 ExtentManager sendReq - Hmaced Request : f68ae797fad125180a72318868fa1debdcf779d8ead0742c54b0137d0de7e369*!9894060407AP4W;Y;15316170605690416310253121025515855714;IMPSBenenficiary;1;463795;123457;4.0;2478623864983269;58714348872295963735511492127901231308
[INFO] 2018-04-03 10:27:34,270 ExtentManager sendReq - Response received from Server : 4W00;IMPSBenenficiary;IMPSBenenficiary*HDFC BANK LTD.*9894012000000*SA*HDFC0000001;1;N;TXNID:809310246420;BID:C463795
[INFO] 2018-04-03 10:27:34,271 ExtentManager sendReq - Transaction ID : 809310246420
[INFO] 2018-04-03 10:27:34,332 ExtentManager sendReq - ******************************END********************************

[INFO] 2018-04-03 10:27:34,339 ExtentManager sendReq - ******************************START******************************
[INFO] 2018-04-03 10:27:34,340 ExtentManager sendReq - Request : IMPSP2ADeleteBeneficiaryListenquiry
[INFO] 2018-04-03 10:27:34,342 ExtentManager sendReq - Hmaced Request : 7b5059e3196bfbad82dc45310468c8292e71b17144bca2a2931379fba3b51d37*!9894060407AP6L;Y;15316170605690416310253121025515855714;IMPSBenenficiary;1;463795;123457;4.0;2478623864983269;56430992089282107301641088793837491620
[INFO] 2018-04-03 10:27:35,480 ExtentManager sendReq - Response received from Server : 6L00;IMPSBenenficiary;IMPSBenenficiary;1;N;TXNID:809310246421;BID:C463795
[INFO] 2018-04-03 10:27:35,481 ExtentManager sendReq - Transaction ID : 809310246421
[INFO] 2018-04-03 10:27:35,551 ExtentManager sendReq - ******************************END********************************

[INFO] 2018-04-03 10:27:35,558 ExtentManager sendReq - ******************************START******************************
[INFO] 2018-04-03 10:27:35,559 ExtentManager sendReq - Request : IMPSP2ADeleteBeneficiaryConfirmation
[INFO] 2018-04-03 10:27:35,561 ExtentManager sendReq - Hmaced Request : f8566f8bc7624ac74a00c162c0d1f4138b4e3040a59b820b7c483cf09d73f223*!9894060407AP6D;Y;15316170605690416310253121025515855714;IMPSBenenficiary;463795;123457;4.0;2478623864983269;92721975938759183898788169457898470996
[INFO] 2018-04-03 10:27:36,853 ExtentManager sendReq - Response received from Server : 6D00;Beneficiary IMPSBenenficiary deleted successfully;03/04/2018 10:28;TXNID:809310246422;BID:C463795
[INFO] 2018-04-03 10:27:36,854 ExtentManager sendReq - Transaction ID : 809310246422
[INFO] 2018-04-03 10:27:36,915 ExtentManager sendReq - ******************************END********************************

[INFO] 2018-04-03 10:27:36,922 ExtentManager sendReq - ******************************START******************************
[INFO] 2018-04-03 10:27:36,922 ExtentManager sendReq - Request : Generate MMID
[INFO] 2018-04-03 10:27:36,924 ExtentManager sendReq - Hmaced Request : d6b684d8a7561705e6b5d4467651b319dddd979adbf0d51776a10875c0bdcb80*!9894060407APIM;Y;15316170605690416310253121025515855714;001;463795;123457;4.0;2478623864983269;163380557492272600820346587611292520153
[INFO] 2018-04-03 10:27:38,203 ExtentManager sendReq - Response received from Server : IM00;2478XXXXXX983269*9060159#5012XXXXXX349826*9060207#2011XXXXX800065*9060246#2011XXXXX800005*9060374#5012XXXXXX849862*9060533#5012XXXXXX000000*9060709#5012XXXXXX849822*9060782#5012XXXXXX849800*9060829#5012XXXXXX349283*9060926#5012XXXXXX849860*9060983;1;N;03/04/2018 10:28;TXNID:809310246423;BID:C463795
[INFO] 2018-04-03 10:27:38,204 ExtentManager sendReq - Transaction ID : 809310246423
[INFO] 2018-04-03 10:27:38,265 ExtentManager sendReq - ******************************END********************************

[INFO] 2018-04-03 10:27:38,266 ExtentManager sendReq - ******************************START******************************
[INFO] 2018-04-03 10:27:38,266 ExtentManager sendReq - Request : IMPSP2AInstantPaymentWithRandomAccandIFSCcode
[INFO] 2018-04-03 10:27:38,268 ExtentManager sendReq - Hmaced Request : acda710b2c7824e2657110a9c65afd217054cdfe59cf0b1a54f60bbcc14e669c*!9894060407APK1;Y;15316170605690416310253121025515855714;9894012555555;SA;HDFC0637832;20;IMPSTest;463795;123457;4.0;2478623864983269;139337095151646641329502230250114222100
[INFO] 2018-04-03 10:27:41,179 ExtentManager sendReq - Response received from Server : K109;NBIN not configured for the entered IFS Code;03/04/2018 10:28;TXNID:809310246424;BID:C463795
[INFO] 2018-04-03 10:27:41,180 ExtentManager sendReq - Transaction ID : 809310246424
[INFO] 2018-04-03 10:27:41,235 ExtentManager sendReq - ******************************END********************************

[INFO] 2018-04-03 10:27:41,238 ExtentManager sendReq - ******************************START******************************
[INFO] 2018-04-03 10:27:41,238 ExtentManager sendReq - Request : Generate MMID
[INFO] 2018-04-03 10:27:41,239 ExtentManager sendReq - Hmaced Request : fa34511e1b00e80399c95af8c6e0a6f21a73dce89c06f8413015b38c129464d0*!9894060407APIM;Y;15316170605690416310253121025515855714;001;463795;123457;4.0;2478623864983269;161207092347956601750081571207664225458
[INFO] 2018-04-03 10:27:42,300 ExtentManager sendReq - Response received from Server : IM00;2478XXXXXX983269*9060159#5012XXXXXX349826*9060207#2011XXXXX800065*9060246#2011XXXXX800005*9060374#5012XXXXXX849862*9060533#5012XXXXXX000000*9060709#5012XXXXXX849822*9060782#5012XXXXXX849800*9060829#5012XXXXXX349283*9060926#5012XXXXXX849860*9060983;1;N;03/04/2018 10:28;TXNID:809310246425;BID:C463795
[INFO] 2018-04-03 10:27:42,300 ExtentManager sendReq - Transaction ID : 809310246425
[INFO] 2018-04-03 10:27:42,360 ExtentManager sendReq - ******************************END********************************

[INFO] 2018-04-03 10:27:42,361 ExtentManager sendReq - ******************************START******************************
[INFO] 2018-04-03 10:27:42,361 ExtentManager sendReq - Request : IMPSP2AInstantPaymentWithExceededAmount
[INFO] 2018-04-03 10:27:42,362 ExtentManager sendReq - Hmaced Request : 96c109b823bc54087df7d82342418b0c9e6609eb1041a865c42f865d1e497c11*!9894060407APK1;Y;15316170605690416310253121025515855714;9894012000000;SA;HDFC0000001;256487;IMPSTest;463795;123457;4.0;2478623864983269;61891117844585640014233571010608577703
[INFO] 2018-04-03 10:27:43,516 ExtentManager sendReq - Response received from Server : K121;Maximum Amount permitted for this transaction is Rs. 5,000.00. Please enter a lesser amount;03/04/2018 10:28;TXNID:809310246426;BID:C463795
[INFO] 2018-04-03 10:27:43,516 ExtentManager sendReq - Transaction ID : 809310246426
[INFO] 2018-04-03 10:27:43,566 ExtentManager sendReq - ******************************END********************************

[INFO] 2018-04-03 10:27:43,569 ExtentManager sendReq - ******************************START******************************
[INFO] 2018-04-03 10:27:43,569 ExtentManager sendReq - Request : Generate MMID
[INFO] 2018-04-03 10:27:43,570 ExtentManager sendReq - Hmaced Request : d33575312b51fc22e3fddfb44bb0c6496a399055206563ad513d5fc3cc7a4154*!9894060407APIM;Y;15316170605690416310253121025515855714;001;463795;123457;4.0;2478623864983269;167674572570419951390850394306367277394
[INFO] 2018-04-03 10:27:44,846 ExtentManager sendReq - Response received from Server : IM00;2478XXXXXX983269*9060159#5012XXXXXX349826*9060207#2011XXXXX800065*9060246#2011XXXXX800005*9060374#5012XXXXXX849862*9060533#5012XXXXXX000000*9060709#5012XXXXXX849822*9060782#5012XXXXXX849800*9060829#5012XXXXXX349283*9060926#5012XXXXXX849860*9060983;1;N;03/04/2018 10:28;TXNID:809310246427;BID:C463795
[INFO] 2018-04-03 10:27:44,847 ExtentManager sendReq - Transaction ID : 809310246427
[INFO] 2018-04-03 10:27:44,903 ExtentManager sendReq - ******************************END********************************

[INFO] 2018-04-03 10:27:44,904 ExtentManager sendReq - ******************************START******************************
[INFO] 2018-04-03 10:27:44,904 ExtentManager sendReq - Request : IMPSP2AInstantPaymentWithInsufficientAmount
[INFO] 2018-04-03 10:27:44,906 ExtentManager sendReq - Hmaced Request : 2f561c04f1175233a85a69a5ef7b3cccfb430bd6109c934eaacefe02ba04c760*!9894060407APK1;Y;15316170605690416310253121025515855714;9894012000000;SA;HDFC0000001;4;IMPSTest;463795;123457;4.0;2478623864983269;177753163299127189783413159057835640689
[INFO] 2018-04-03 10:27:46,092 ExtentManager sendReq - Response received from Server : K120;Minimum Amount permitted for this transaction is Rs. 5.00. Please enter a higher amount;03/04/2018 10:28;TXNID:809310246428;BID:C463795
[INFO] 2018-04-03 10:27:46,092 ExtentManager sendReq - Transaction ID : 809310246428
[INFO] 2018-04-03 10:27:46,141 ExtentManager sendReq - ******************************END********************************

[INFO] 2018-04-03 10:27:46,143 ExtentManager sendReq - ******************************START******************************
[INFO] 2018-04-03 10:27:46,144 ExtentManager sendReq - Request : IMPSP2AAddBeneficiaryWithRandomAccandIFSCcode
[INFO] 2018-04-03 10:27:46,144 ExtentManager sendReq - Hmaced Request : 5aeac847e04f8a678c9e6fe0c47c2fb83af4f3f1f90e960fc90311ab507ee25c*!9894060407APK2;Y;15316170605690416310253121025515855714;9894012555555;SA;HDFC0637832;IMPSBenenficiary;463795;123457;4.0;2478623864983269;64129978799898613023818981622932499204
[INFO] 2018-04-03 10:27:47,074 ExtentManager sendReq - Response received from Server : K209;Invalid IFS code;03/04/2018 10:28;TXNID:809310246429;BID:C463795
[INFO] 2018-04-03 10:27:47,075 ExtentManager sendReq - Transaction ID : 809310246429
[INFO] 2018-04-03 10:27:47,125 ExtentManager sendReq - ******************************END********************************

[INFO] 2018-04-03 10:27:47,127 ExtentManager sendReq - ******************************START******************************
[INFO] 2018-04-03 10:27:47,127 ExtentManager sendReq - Request : IMPSP2ABeneficiaryPaymentConfirmationWithExceedeAmount
[INFO] 2018-04-03 10:27:47,130 ExtentManager sendReq - Hmaced Request : f6e09410cff77bd4bb61480100947013288fd98af0323598717e48942840bff0*!9894060407APK5;Y;15316170605690416310253121025515855714;IMPSBenenficiary;256487;IMPSTest;463795;123457;4.0;2478623864983269;138313512454353609416264632274410586008
[INFO] 2018-04-03 10:27:48,065 ExtentManager sendReq - Response received from Server : K521;Maximum Amount permitted for this transaction is Rs. 5,000.00. Please enter a lesser amount;03/04/2018 10:28;TXNID:809310246430;BID:C463795
[INFO] 2018-04-03 10:27:48,065 ExtentManager sendReq - Transaction ID : 809310246430
[INFO] 2018-04-03 10:27:48,115 ExtentManager sendReq - ******************************END********************************

[INFO] 2018-04-03 10:27:48,117 ExtentManager sendReq - ******************************START******************************
[INFO] 2018-04-03 10:27:48,117 ExtentManager sendReq - Request : IMPSP2ABeneficiaryPaymentConfirmationWithInsufficientAmount
[INFO] 2018-04-03 10:27:48,118 ExtentManager sendReq - Hmaced Request : 60c3875e31a4f1974aa67883a86114f8da8ac7f8583797584a5680919d3129b1*!9894060407APK5;Y;15316170605690416310253121025515855714;IMPSBenenficiary;4;IMPSTest;463795;123457;4.0;2478623864983269;53231295999125717597130989989052703740
[INFO] 2018-04-03 10:27:49,353 ExtentManager sendReq - Response received from Server : K520;Minimum Amount permitted for this transaction is Rs. 5.00. Please enter a higher amount;03/04/2018 10:28;TXNID:809310246431;BID:C463795
[INFO] 2018-04-03 10:27:49,354 ExtentManager sendReq - Transaction ID : 809310246431
[INFO] 2018-04-03 10:27:49,414 ExtentManager sendReq - ******************************END********************************

[INFO] 2018-04-03 10:27:49,420 ExtentManager sendReq - ******************************START******************************
[INFO] 2018-04-03 10:27:49,421 ExtentManager sendReq - Request : IMPSP2UInstantPayment
[INFO] 2018-04-03 10:27:49,423 ExtentManager sendReq - Hmaced Request : 4f39fcae0eef64b28ed4665ef8d3b7e6474c683356596a085ba4a0780b21e669*!9894060407AP1U;Y;15316170605690416310253121025515855714;989401300000;SA;20;IMPSTest;463795;123457;4.0;2478623864983269;40140310168082427593036938068905858732
[INFO] 2018-04-03 10:27:52,620 ExtentManager sendReq - Response received from Server : 1U00;Your a/c no. XXXXXXXX3269 is debited for Rs. 20.00 on 03-04-18 and a/c linked to AADHAAR XXXXXXX000 credited (IMPS Ref no 809310246432);03/04/2018 10:28;TXNID:809310246432;BID:C463795
[INFO] 2018-04-03 10:27:52,621 ExtentManager sendReq - Transaction ID : 809310246432
[INFO] 2018-04-03 10:27:52,680 ExtentManager sendReq - ******************************END********************************

[INFO] 2018-04-03 10:27:52,686 ExtentManager sendReq - ******************************START******************************
[INFO] 2018-04-03 10:27:52,687 ExtentManager sendReq - Request : impsP2UAddBenPreConf
[INFO] 2018-04-03 10:27:52,689 ExtentManager sendReq - Hmaced Request : 0656ec2d0cd53a34ab7cce562f102215a65599c9d92f12d9f0d045f0d93d9c1c*!9894060407AP2U;Y;15316170605690416310253121025515855714;989401300000;SA;IMPSBenenficiary;463795;123457;4.0;2478623864983269;122950755907898503531420493532991076042
[INFO] 2018-04-03 10:27:53,872 ExtentManager sendReq - Response received from Server : 2U00;989401300000;SA;IMPSBenenficiary;03/04/2018 10:28;TXNID:809310246433;BID:C463795
[INFO] 2018-04-03 10:27:53,873 ExtentManager sendReq - Transaction ID : 809310246433
[INFO] 2018-04-03 10:27:53,936 ExtentManager sendReq - ******************************END********************************

[INFO] 2018-04-03 10:27:53,942 ExtentManager sendReq - ******************************START******************************
[INFO] 2018-04-03 10:27:53,942 ExtentManager sendReq - Request : IMPSP2UAddBeneficiaryconfirmation
[INFO] 2018-04-03 10:27:53,945 ExtentManager sendReq - Hmaced Request : 5550d0e08b7e6d71d07aca5223e1d4b29c75c213f09de7eb55be9a5a5e719c8a*!9894060407AP3U;Y;15316170605690416310253121025515855714;989401300000;SA;IMPSBenenficiary;463795;123457;4.0;2478623864983269;164765953248129779557596622750922239254
[INFO] 2018-04-03 10:27:55,196 ExtentManager sendReq - Response received from Server : 3U00;Beneficiary IMPSBenenficiary added successfully;03/04/2018 10:29;TXNID:809310246434;BID:C463795
[INFO] 2018-04-03 10:27:55,197 ExtentManager sendReq - Transaction ID : 809310246434
[INFO] 2018-04-03 10:27:55,261 ExtentManager sendReq - ******************************END********************************

[INFO] 2018-04-03 10:27:55,268 ExtentManager sendReq - ******************************START******************************
[INFO] 2018-04-03 10:27:55,268 ExtentManager sendReq - Request : IMPSP2UBeneficiaryPaymentListenquiryWKw
[INFO] 2018-04-03 10:27:55,270 ExtentManager sendReq - Hmaced Request : 4360545c1b1649ff5b867f85dc27ad38c67fc68446ee3e21a057e82bc55dcb8f*!9894060407AP4U;Y;15316170605690416310253121025515855714;IMPSBenenficiary;001;463795;123457;4.0;2478623864983269;60673653888905861467244493451734879747
[INFO] 2018-04-03 10:27:56,233 ExtentManager sendReq - Response received from Server : 4U00;IMPSBenenficiary;IMPSBenenficiary;1;N;TXNID:809310246435;BID:C463795
[INFO] 2018-04-03 10:27:56,233 ExtentManager sendReq - Transaction ID : 809310246435
[INFO] 2018-04-03 10:27:56,312 ExtentManager sendReq - ******************************END********************************

[INFO] 2018-04-03 10:27:56,318 ExtentManager sendReq - ******************************START******************************
[INFO] 2018-04-03 10:27:56,318 ExtentManager sendReq - Request : IMPSP2UBeneficiaryPaymentListenquiryWoKw
[INFO] 2018-04-03 10:27:56,320 ExtentManager sendReq - Hmaced Request : ae4178f6228ec2e1d4ddf88b666feb7e573a9973254126b11b031175e3979847*!9894060407AP4U;Y;15316170605690416310253121025515855714;;001;463795;123457;4.0;2478623864983269;64336352304512480444730327895782477522
[INFO] 2018-04-03 10:27:58,496 ExtentManager sendReq - Response received from Server : 4U00; ;aadar#IMPSBenenficiary;1;N;TXNID:809310246436;BID:C463795
[INFO] 2018-04-03 10:27:58,497 ExtentManager sendReq - Transaction ID : 809310246436
[INFO] 2018-04-03 10:27:58,562 ExtentManager sendReq - ******************************END********************************

[INFO] 2018-04-03 10:27:58,567 ExtentManager sendReq - ******************************START******************************
[INFO] 2018-04-03 10:27:58,568 ExtentManager sendReq - Request : IMPSP2UAddBeneficiaryconfirmation
[INFO] 2018-04-03 10:27:58,570 ExtentManager sendReq - Hmaced Request : 755ed66a60e85103ad9bf7c826e9d169db1b19dfcf848428074bf7acf5c26cd9*!9894060407AP5U;Y;15316170605690416310253121025515855714;IMPSBenenficiary;20;IMPSTest;463795;123457;4.0;2478623864983269;195098874670010939368032297600671376745
[INFO] 2018-04-03 10:28:02,845 ExtentManager sendReq - Response received from Server : 5U00;Your a/c no. XXXXXXXX3269 is debited for Rs. 20.00 on 03-04-18 and a/c linked to AADHAAR XXXXXXX000 credited (IMPS Ref no 809310246437);03/04/2018 10:29;TXNID:809310246437;BID:C463795
[INFO] 2018-04-03 10:28:02,846 ExtentManager sendReq - Transaction ID : 809310246437
[INFO] 2018-04-03 10:28:02,910 ExtentManager sendReq - ******************************END********************************

[INFO] 2018-04-03 10:28:02,916 ExtentManager sendReq - ******************************START******************************
[INFO] 2018-04-03 10:28:02,917 ExtentManager sendReq - Request : IMPSP2UBeneficiarySearchListenquiry
[INFO] 2018-04-03 10:28:02,918 ExtentManager sendReq - Hmaced Request : 1fae4c866a2ec8c019ae29722df19b15024e87aa2dadd0c7b3510244ae112b18*!9894060407AP6U;Y;15316170605690416310253121025515855714;IMPSBenenficiary;001;463795;123457;4.0;2478623864983269;136107615721334920513429417449441782238
[INFO] 2018-04-03 10:28:03,984 ExtentManager sendReq - Response received from Server : 6U00;IMPSBenenficiary;IMPSBenenficiary*989401300000*SA;1;N;TXNID:809310246438;BID:C463795
[INFO] 2018-04-03 10:28:03,985 ExtentManager sendReq - Transaction ID : 809310246438
[INFO] 2018-04-03 10:28:04,048 ExtentManager sendReq - ******************************END********************************

[INFO] 2018-04-03 10:28:04,055 ExtentManager sendReq - ******************************START******************************
[INFO] 2018-04-03 10:28:04,055 ExtentManager sendReq - Request : IMPSP2UBeneficiarySearchListenquiryWoKw
[INFO] 2018-04-03 10:28:04,057 ExtentManager sendReq - Hmaced Request : 14614d99f7c2335fe71e1ff95e6a64a677686110d83d1c0a3bc96cd321807f5a*!9894060407AP6U;Y;15316170605690416310253121025515855714;;001;463795;123457;4.0;2478623864983269;4871445663146976420934794198115634769
[INFO] 2018-04-03 10:28:05,104 ExtentManager sendReq - Response received from Server : 6U00; ;aadar*989403000002*SA#IMPSBenenficiary*989401300000*SA;1;N;TXNID:809310246439;BID:C463795
[INFO] 2018-04-03 10:28:05,104 ExtentManager sendReq - Transaction ID : 809310246439
[INFO] 2018-04-03 10:28:05,159 ExtentManager sendReq - ******************************END********************************

[INFO] 2018-04-03 10:28:05,163 ExtentManager sendReq - ******************************START******************************
[INFO] 2018-04-03 10:28:05,164 ExtentManager sendReq - Request : IMPSP2UDeleteBeneficiaryListenquiry
[INFO] 2018-04-03 10:28:05,165 ExtentManager sendReq - Hmaced Request : be050907b92a68e9c154541cae84e076c651529dbe048bef3e47c7cb7e436c83*!9894060407AP7U;Y;15316170605690416310253121025515855714;IMPSBenenficiary;001;463795;123457;4.0;2478623864983269;114584731165713160901462050466028879865
[INFO] 2018-04-03 10:28:06,357 ExtentManager sendReq - Response received from Server : 7U00;IMPSBenenficiary;IMPSBenenficiary;1;N;TXNID:809310246440;BID:C463795
[INFO] 2018-04-03 10:28:06,358 ExtentManager sendReq - Transaction ID : 809310246440
[INFO] 2018-04-03 10:28:06,422 ExtentManager sendReq - ******************************END********************************

[INFO] 2018-04-03 10:28:06,428 ExtentManager sendReq - ******************************START******************************
[INFO] 2018-04-03 10:28:06,429 ExtentManager sendReq - Request : IMPSP2UDeleteBeneficiaryListenquiry
[INFO] 2018-04-03 10:28:06,431 ExtentManager sendReq - Hmaced Request : f286455796cb621c12764454314d185c4d06cc165e248014793cc9348beed20c*!9894060407AP7U;Y;15316170605690416310253121025515855714;;001;463795;123457;4.0;2478623864983269;23842094108129186709228961595522333793
[INFO] 2018-04-03 10:28:07,526 ExtentManager sendReq - Response received from Server : 7U00; ;aadar#IMPSBenenficiary;1;N;TXNID:809310246441;BID:C463795
[INFO] 2018-04-03 10:28:07,527 ExtentManager sendReq - Transaction ID : 809310246441
[INFO] 2018-04-03 10:28:07,610 ExtentManager sendReq - ******************************END********************************

[INFO] 2018-04-03 10:28:07,616 ExtentManager sendReq - ******************************START******************************
[INFO] 2018-04-03 10:28:07,617 ExtentManager sendReq - Request : IMPSP2UDeleteBeneficiaryConfirmation
[INFO] 2018-04-03 10:28:07,618 ExtentManager sendReq - Hmaced Request : 25809dcdfeb2beeeebfcfd10aaba5383784b7c3ad268a7c7dcd702aa8c511844*!9894060407AP8U;Y;15316170605690416310253121025515855714;IMPSBenenficiary;463795;123457;4.0;2478623864983269;147264433234563342641571613647076922161
[INFO] 2018-04-03 10:28:08,570 ExtentManager sendReq - Response received from Server : 8U00;Beneficiary IMPSBenenficiary deleted successfully;03/04/2018 10:29;TXNID:809310246442;BID:C463795
[INFO] 2018-04-03 10:28:08,572 ExtentManager sendReq - Transaction ID : 809310246442
[INFO] 2018-04-03 10:28:08,645 ExtentManager sendReq - ******************************END********************************

[INFO] 2018-04-03 10:28:08,651 ExtentManager sendReq - ******************************START******************************
[INFO] 2018-04-03 10:28:08,652 ExtentManager sendReq - Request : IMPSP2UInstantPaymentWithInvalidAadhar
[INFO] 2018-04-03 10:28:08,653 ExtentManager sendReq - Hmaced Request : 32d003d45ce3a883ce64506eeaef664c300daac388a38e6d627e62887605adcc*!9894060407AP1U;Y;15316170605690416310253121025515855714;989401355555;SA;20;IMPSTest;463795;123457;4.0;2478623864983269;154138231165081571624478737010541369136
[INFO] 2018-04-03 10:28:12,349 ExtentManager sendReq - Response received from Server : 1U00;Your a/c no. XXXXXXXX3269 is debited for Rs. 20.00 on 03-04-18 and a/c linked to AADHAAR XXXXXXX555 credited (IMPS Ref no 809310246443);03/04/2018 10:29;TXNID:809310246443;BID:C463795
[INFO] 2018-04-03 10:28:12,350 ExtentManager sendReq - Transaction ID : 809310246443
[INFO] 2018-04-03 10:28:12,415 ExtentManager sendReq - ******************************END********************************

[INFO] 2018-04-03 10:28:12,422 ExtentManager sendReq - ******************************START******************************
[INFO] 2018-04-03 10:28:12,423 ExtentManager sendReq - Request : IMPSP2UInstantPaymentWithExceededAmount
[INFO] 2018-04-03 10:28:12,425 ExtentManager sendReq - Hmaced Request : f66ecf7900ee4e8a4d8cfe27689edd8a878c79b7a997c7e91c074d259c6188c9*!9894060407AP1U;Y;15316170605690416310253121025515855714;989401300000;SA;256487;IMPSTest;463795;123457;4.0;2478623864983269;120167992832616737129752328365013383016
[INFO] 2018-04-03 10:28:13,632 ExtentManager sendReq - Response received from Server : 1U21;Maximum Amount permitted for this transaction is Rs. 5,000.00. Please enter a lesser amount;03/04/2018 10:29;TXNID:809310246444;BID:C463795
[INFO] 2018-04-03 10:28:13,633 ExtentManager sendReq - Transaction ID : 809310246444
[INFO] 2018-04-03 10:28:13,695 ExtentManager sendReq - ******************************END********************************

[INFO] 2018-04-03 10:28:13,702 ExtentManager sendReq - ******************************START******************************
[INFO] 2018-04-03 10:28:13,703 ExtentManager sendReq - Request : IMPSP2UInstantPaymentWithInsufficientAmount
[INFO] 2018-04-03 10:28:13,704 ExtentManager sendReq - Hmaced Request : 1be24dc96317c4d08ec7513343a603ac3c306770b65b8152fd1013997d2dffea*!9894060407AP1U;Y;15316170605690416310253121025515855714;989401300000;SA;4;IMPSTest;463795;123457;4.0;2478623864983269;165725761803167027667401495813761811473
[INFO] 2018-04-03 10:28:14,908 ExtentManager sendReq - Response received from Server : 1U20;Minimum Amount permitted for this transaction is Rs. 5.00. Please enter a higher amount;03/04/2018 10:29;TXNID:809310246445;BID:C463795
[INFO] 2018-04-03 10:28:14,908 ExtentManager sendReq - Transaction ID : 809310246445
[INFO] 2018-04-03 10:28:14,968 ExtentManager sendReq - ******************************END********************************

[INFO] 2018-04-03 10:28:14,974 ExtentManager sendReq - ******************************START******************************
[INFO] 2018-04-03 10:28:14,975 ExtentManager sendReq - Request : IMPSP2UBeneficiaryPaymentConfirmationWithExceededAmount
[INFO] 2018-04-03 10:28:14,977 ExtentManager sendReq - Hmaced Request : 890c1cc2db92742e330eaa83ae5f2b65d32ad0c8f10a6aab6ba29651c822ae60*!9894060407AP5U;Y;15316170605690416310253121025515855714;IMPSBenenficiary;256487;IMPSTest;463795;123457;4.0;2478623864983269;131820244933762657952532334918172910298
[INFO] 2018-04-03 10:28:16,021 ExtentManager sendReq - Response received from Server : 5U21;Maximum Amount permitted for this transaction is Rs. 5,000.00. Please enter a lesser amount;03/04/2018 10:29;TXNID:809310246446;BID:C463795
[INFO] 2018-04-03 10:28:16,022 ExtentManager sendReq - Transaction ID : 809310246446
[INFO] 2018-04-03 10:28:16,080 ExtentManager sendReq - ******************************END********************************

[INFO] 2018-04-03 10:28:16,091 ExtentManager sendReq - ******************************START******************************
[INFO] 2018-04-03 10:28:16,091 ExtentManager sendReq - Request : IMPSP2UBeneficiaryPaymentConfirmationWithInsufficientAmount
[INFO] 2018-04-03 10:28:16,093 ExtentManager sendReq - Hmaced Request : ba5ba8b47e0fc494cafa4bf5f37b184797b93e95233367432881f3388cd42f23*!9894060407AP5U;Y;15316170605690416310253121025515855714;IMPSBenenficiary;4;IMPSTest;463795;123457;4.0;2478623864983269;201628490771773855191944183298413507396
[INFO] 2018-04-03 10:28:17,053 ExtentManager sendReq - Response received from Server : 5U20;Minimum Amount permitted for this transaction is Rs. 5.00. Please enter a higher amount;03/04/2018 10:29;TXNID:809310246447;BID:C463795
[INFO] 2018-04-03 10:28:17,053 ExtentManager sendReq - Transaction ID : 809310246447
[INFO] 2018-04-03 10:28:17,124 ExtentManager sendReq - ******************************END********************************

