[INFO] 2018-04-03 10:14:24,167 ExtentManager setUp - Running Mobile banking API Automation testing on mPAY 4.0

[INFO] 2018-04-03 10:14:24,332 ExtentManager sendReq - ******************************START******************************
[INFO] 2018-04-03 10:14:24,332 ExtentManager sendReq - Request : Generate MMID
[INFO] 2018-04-03 10:14:24,465 ExtentManager sendReq - Hmaced Request : 760adb6fcdce23847406581ce194904a45e9aab10d1027a667f9f2831a5f8c7b*!9894060407APIM;Y;15316170605690416310253121025515855714;001;463795;123457;4.0;2478623864983269;92431630807248215145634854751590401954
[INFO] 2018-04-03 10:14:25,617 ExtentManager sendReq - Response received from Server : IM00;2478XXXXXX983269*9060159#5012XXXXXX349826*9060207#2011XXXXX800065*9060246#2011XXXXX800005*9060374#5012XXXXXX849862*9060533#5012XXXXXX000000*9060709#5012XXXXXX849822*9060782#5012XXXXXX849800*9060829#5012XXXXXX349283*9060926#5012XXXXXX849860*9060983;1;N;03/04/2018 10:15;TXNID:809310246333;BID:C463795
[INFO] 2018-04-03 10:14:25,618 ExtentManager sendReq - Transaction ID : 809310246333
[INFO] 2018-04-03 10:14:26,528 ExtentManager sendReq - ******************************END********************************

[INFO] 2018-04-03 10:14:26,529 ExtentManager sendReq - ******************************START******************************
[INFO] 2018-04-03 10:14:26,529 ExtentManager sendReq - Request : IMPSP2PInstantPayment
[INFO] 2018-04-03 10:14:26,530 ExtentManager sendReq - Hmaced Request : a4d881d3dc02ab9b76c1af9f61391a4fab27eb9241b4459434433701abbf71ce*!9894060407APQI;Y;15316170605690416310253121025515855714;9894011000;9240123;20;IMPSTest;463795;123457;4.0;2478623864983269;162615112236475893545169373325166696281
[INFO] 2018-04-03 10:14:31,011 ExtentManager sendReq - Response received from Server : QI00;Your a/c no. XXXXXXXX3269 is debited for Rs. 25.00 on 03-04-18 and a/c linked to mobile 9XXXXXX000 credited (IMPS Ref no 809310246334);03/04/2018 10:15;TXNID:809310246334;BID:C463795
[INFO] 2018-04-03 10:14:31,012 ExtentManager sendReq - Transaction ID : 809310246334
[INFO] 2018-04-03 10:14:31,090 ExtentManager sendReq - ******************************END********************************

[INFO] 2018-04-03 10:14:31,136 ExtentManager sendReq - ******************************START******************************
[INFO] 2018-04-03 10:14:31,137 ExtentManager sendReq - Request : IMPSP2PAddBeneficiaryPreConfirmation
[INFO] 2018-04-03 10:14:31,141 ExtentManager sendReq - Hmaced Request : d9ff1a0405a5076ae9a983acf7d7445da6e6f6151c8aac0dfa4dff5bc82c4cc0*!9894060407APW1;Y;15316170605690416310253121025515855714;9240123;9894011000;IMPSBenenficiary;463795;123457;4.0;2478623864983269;161827274751948559347672680835449705092
[INFO] 2018-04-03 10:14:32,201 ExtentManager sendReq - Response received from Server : W100;HDFC Bank;9240123;9894011000;IMPSBenenficiary;03/04/2018 10:15;TXNID:809310246335;BID:C463795
[INFO] 2018-04-03 10:14:32,202 ExtentManager sendReq - Transaction ID : 809310246335
[INFO] 2018-04-03 10:14:32,279 ExtentManager sendReq - ******************************END********************************

[INFO] 2018-04-03 10:14:32,287 ExtentManager sendReq - ******************************START******************************
[INFO] 2018-04-03 10:14:32,288 ExtentManager sendReq - Request : IMPSP2PAddBeneficiaryconfirmation
[INFO] 2018-04-03 10:14:32,292 ExtentManager sendReq - Hmaced Request : 68b5c5fcc2dad3f0e6dd688bdeb84d2d0233256c75606ea1ef591435558b36f9*!9894060407APW2;Y;15316170605690416310253121025515855714;9240123;9894011000;IMPSBenenficiary;463795;123457;4.0;2478623864983269;135881437338023495261054094910627396861
[INFO] 2018-04-03 10:14:33,864 ExtentManager sendReq - Response received from Server : W200;Beneficiary IMPSBenenficiary added successfully;03/04/2018 10:15;TXNID:809310246336;BID:C463795
[INFO] 2018-04-03 10:14:33,865 ExtentManager sendReq - Transaction ID : 809310246336
[INFO] 2018-04-03 10:14:33,934 ExtentManager sendReq - ******************************END********************************

[INFO] 2018-04-03 10:14:33,942 ExtentManager sendReq - ******************************START******************************
[INFO] 2018-04-03 10:14:33,943 ExtentManager sendReq - Request : IMPSP2PBeneficiaryPaymentListenquiry
[INFO] 2018-04-03 10:14:33,955 ExtentManager sendReq - Hmaced Request : acd9df05b1a27cb6788e76424f1309f7573576814468c25fb8972730192aeacf*!9894060407APW3;Y;15316170605690416310253121025515855714;P;IMPSBenenficiary;001;463795;123457;4.0;2478623864983269;199719275882814062987741901416931457304
[INFO] 2018-04-03 10:14:35,219 ExtentManager sendReq - Response received from Server : W300;P;IMPSBenenficiary;impsbenenficiary;1;N;TXNID:809310246337;BID:C463795
[INFO] 2018-04-03 10:14:35,220 ExtentManager sendReq - Transaction ID : 809310246337
[INFO] 2018-04-03 10:14:35,297 ExtentManager sendReq - ******************************END********************************

[INFO] 2018-04-03 10:14:35,304 ExtentManager sendReq - ******************************START******************************
[INFO] 2018-04-03 10:14:35,305 ExtentManager sendReq - Request : IMPSP2PBeneficiaryPaymentListenquiry
[INFO] 2018-04-03 10:14:35,308 ExtentManager sendReq - Hmaced Request : dc0115e28010af02e1859d260cf94234feb64760bd2fbc6863be59514c64d74e*!9894060407APW3;Y;15316170605690416310253121025515855714;P;;001;463795;123457;4.0;2478623864983269;48392086817957277961387827160241820098
[INFO] 2018-04-03 10:14:36,486 ExtentManager sendReq - Response received from Server : W300;P; ;impsbenenficiary;1;N;TXNID:809310246338;BID:C463795
[INFO] 2018-04-03 10:14:36,487 ExtentManager sendReq - Transaction ID : 809310246338
[INFO] 2018-04-03 10:14:36,549 ExtentManager sendReq - ******************************END********************************

[INFO] 2018-04-03 10:14:36,558 ExtentManager sendReq - ******************************START******************************
[INFO] 2018-04-03 10:14:36,559 ExtentManager sendReq - Request : IMPSP2PBeneficiaryPaymentConfirmation
[INFO] 2018-04-03 10:14:36,562 ExtentManager sendReq - Hmaced Request : 126b438c6bba5fc96f86e1a6fdda683a9ab96ddb397214e5112e7f3d4ee0cf8b*!9894060407APW4;Y;15316170605690416310253121025515855714;20;IMPSTest;IMPSBenenficiary;463795;123457;4.0;2478623864983269;26248975073253168967529637979118976484
[INFO] 2018-04-03 10:14:40,468 ExtentManager sendReq - Response received from Server : W400;Your a/c no. XXXXXXXX3269 is debited for Rs. 20.00 on 03-04-18 and a/c linked to mobile 9XXXXXX000 credited (IMPS Ref no 809310246339);03/04/2018 10:15;TXNID:809310246339;BID:C463795
[INFO] 2018-04-03 10:14:40,469 ExtentManager sendReq - Transaction ID : 809310246339
[INFO] 2018-04-03 10:14:40,531 ExtentManager sendReq - ******************************END********************************

[INFO] 2018-04-03 10:14:40,538 ExtentManager sendReq - ******************************START******************************
[INFO] 2018-04-03 10:14:40,539 ExtentManager sendReq - Request : IMPSP2PBeneficiarySearchListenquiryWKw
[INFO] 2018-04-03 10:14:40,542 ExtentManager sendReq - Hmaced Request : 4ebf62d47a10b475e05b8fab789675e047bcc7a08d2c90340426b4f2821f9834*!9894060407APD9;Y;15316170605690416310253121025515855714;IMPSBenenficiary;001;463795;123457;4.0;2478623864983269;146317875748500496438635650819071474935
[INFO] 2018-04-03 10:14:41,810 ExtentManager sendReq - Response received from Server : D900;IMPSBenenficiary;impsbenenficiary*HDFC Bank*9240123*9894011000;1;N;TXNID:809310246340;BID:C463795
[INFO] 2018-04-03 10:14:41,811 ExtentManager sendReq - Transaction ID : 809310246340
[INFO] 2018-04-03 10:14:41,874 ExtentManager sendReq - ******************************END********************************

[INFO] 2018-04-03 10:14:41,882 ExtentManager sendReq - ******************************START******************************
[INFO] 2018-04-03 10:14:41,883 ExtentManager sendReq - Request : IMPSP2PBeneficiarySearchListenquiryWoKw
[INFO] 2018-04-03 10:14:41,885 ExtentManager sendReq - Hmaced Request : 7c1093cd8624af95ea05dabd599eced92474dfe91495d3617791af41288b3435*!9894060407APD9;Y;15316170605690416310253121025515855714;;001;463795;123457;4.0;2478623864983269;131506336671012337684836707016289924865
[INFO] 2018-04-03 10:14:42,956 ExtentManager sendReq - Response received from Server : D900; ;impsbenenficiary*HDFC Bank*9240123*9894011000;1;N;TXNID:809310246341;BID:C463795
[INFO] 2018-04-03 10:14:42,957 ExtentManager sendReq - Transaction ID : 809310246341
[INFO] 2018-04-03 10:14:43,019 ExtentManager sendReq - ******************************END********************************

[INFO] 2018-04-03 10:14:43,026 ExtentManager sendReq - ******************************START******************************
[INFO] 2018-04-03 10:14:43,027 ExtentManager sendReq - Request : IMPSP2PDeleteBeneficiaryListenquiry
[INFO] 2018-04-03 10:14:43,029 ExtentManager sendReq - Hmaced Request : 000cd3b48a6bc77a1e0f6b9b7c07dffd68fc6b14dce8c2b828d79d73d916d43b*!9894060407AP5L;Y;15316170605690416310253121025515855714;IMPSBenenficiary;001;463795;123457;4.0;2478623864983269;182512890958864889118228607739642772822
[INFO] 2018-04-03 10:14:43,976 ExtentManager sendReq - Response received from Server : 5L00;IMPSBenenficiary;impsbenenficiary;1;N;TXNID:809310246342;BID:C463795
[INFO] 2018-04-03 10:14:43,977 ExtentManager sendReq - Transaction ID : 809310246342
[INFO] 2018-04-03 10:14:44,045 ExtentManager sendReq - ******************************END********************************

[INFO] 2018-04-03 10:14:44,051 ExtentManager sendReq - ******************************START******************************
[INFO] 2018-04-03 10:14:44,051 ExtentManager sendReq - Request : IMPSP2PDeleteBeneficiaryListenquiry
[INFO] 2018-04-03 10:14:44,054 ExtentManager sendReq - Hmaced Request : be61c665b5750f12a6e8a6598745baa64facb72e3b5965f902a70dbd1e24b6be*!9894060407AP5L;Y;15316170605690416310253121025515855714;;001;463795;123457;4.0;2478623864983269;160591379878044421181889534611454325535
[INFO] 2018-04-03 10:14:45,421 ExtentManager sendReq - Response received from Server : 5L00; ;impsbenenficiary;1;N;TXNID:809310246343;BID:C463795
[INFO] 2018-04-03 10:14:45,422 ExtentManager sendReq - Transaction ID : 809310246343
[INFO] 2018-04-03 10:14:45,483 ExtentManager sendReq - ******************************END********************************

[INFO] 2018-04-03 10:14:45,490 ExtentManager sendReq - ******************************START******************************
[INFO] 2018-04-03 10:14:45,491 ExtentManager sendReq - Request : IMPSP2PDeleteBeneficiaryConfirmation
[INFO] 2018-04-03 10:14:45,494 ExtentManager sendReq - Hmaced Request : b9d234d2f5adfc74fbd2b3b40c5a67652f2797ae04219ec11cdf1f12bcfe33fd*!9894060407AP5D;Y;15316170605690416310253121025515855714;IMPSBenenficiary;463795;123457;4.0;2478623864983269;168197711660719934797572002187727504155
[INFO] 2018-04-03 10:14:46,663 ExtentManager sendReq - Response received from Server : 5D00;Beneficiary IMPSBenenficiary deleted successfully;03/04/2018 10:15;TXNID:809310246344;BID:C463795
[INFO] 2018-04-03 10:14:46,664 ExtentManager sendReq - Transaction ID : 809310246344
[INFO] 2018-04-03 10:14:46,728 ExtentManager sendReq - ******************************END********************************

[INFO] 2018-04-03 10:14:46,734 ExtentManager sendReq - ******************************START******************************
[INFO] 2018-04-03 10:14:46,735 ExtentManager sendReq - Request : Generate MMID
[INFO] 2018-04-03 10:14:46,737 ExtentManager sendReq - Hmaced Request : cbec542da635b6197022b67e3f96e3cd6360bd2ffcedccd024daa05323e6970a*!9894060407APIM;Y;15316170605690416310253121025515855714;001;463795;123457;4.0;2478623864983269;165604167864185089182855863489585140946
[INFO] 2018-04-03 10:14:47,622 ExtentManager sendReq - Response received from Server : IM00;2478XXXXXX983269*9060159#5012XXXXXX349826*9060207#2011XXXXX800065*9060246#2011XXXXX800005*9060374#5012XXXXXX849862*9060533#5012XXXXXX000000*9060709#5012XXXXXX849822*9060782#5012XXXXXX849800*9060829#5012XXXXXX349283*9060926#5012XXXXXX849860*9060983;1;N;03/04/2018 10:15;TXNID:809310246345;BID:C463795
[INFO] 2018-04-03 10:14:47,623 ExtentManager sendReq - Transaction ID : 809310246345
[INFO] 2018-04-03 10:14:47,690 ExtentManager sendReq - ******************************END********************************

[INFO] 2018-04-03 10:14:47,691 ExtentManager sendReq - ******************************START******************************
[INFO] 2018-04-03 10:14:47,692 ExtentManager sendReq - Request : IMPSP2PInstantPaymentWithInvalidMMID
[INFO] 2018-04-03 10:14:47,694 ExtentManager sendReq - Hmaced Request : ab2b400e208825c4e35cdebd6395c9e0f47539a42c7497c3d500edebd46334f1*!9894060407APQI;Y;15316170605690416310253121025515855714;9894011000;6372728;20;IMPSTest;463795;123457;4.0;2478623864983269;25718751593879841084966650470248126
[INFO] 2018-04-03 10:14:51,319 ExtentManager sendReq - Response received from Server : QI00;Your a/c no. XXXXXXXX3269 is debited for Rs. 25.00 on 03-04-18 and a/c linked to mobile 9XXXXXX000 credited (IMPS Ref no 809310246346);03/04/2018 10:15;TXNID:809310246346;BID:C463795
[INFO] 2018-04-03 10:14:51,320 ExtentManager sendReq - Transaction ID : 809310246346
[INFO] 2018-04-03 10:14:51,381 ExtentManager sendReq - ******************************END********************************

[INFO] 2018-04-03 10:14:51,388 ExtentManager sendReq - ******************************START******************************
[INFO] 2018-04-03 10:14:51,388 ExtentManager sendReq - Request : Generate MMID
[INFO] 2018-04-03 10:14:51,391 ExtentManager sendReq - Hmaced Request : 1db9a78613e7dbc2ad4f6d3b702678e74b85603c672d0a78ecd53aa1f0163a53*!9894060407APIM;Y;15316170605690416310253121025515855714;001;463795;123457;4.0;2478623864983269;136603237426073969814413284350493171197
[INFO] 2018-04-03 10:14:52,551 ExtentManager sendReq - Response received from Server : IM00;2478XXXXXX983269*9060159#5012XXXXXX349826*9060207#2011XXXXX800065*9060246#2011XXXXX800005*9060374#5012XXXXXX849862*9060533#5012XXXXXX000000*9060709#5012XXXXXX849822*9060782#5012XXXXXX849800*9060829#5012XXXXXX349283*9060926#5012XXXXXX849860*9060983;1;N;03/04/2018 10:15;TXNID:809310246347;BID:C463795
[INFO] 2018-04-03 10:14:52,552 ExtentManager sendReq - Transaction ID : 809310246347
[INFO] 2018-04-03 10:14:52,616 ExtentManager sendReq - ******************************END********************************

[INFO] 2018-04-03 10:14:52,617 ExtentManager sendReq - ******************************START******************************
[INFO] 2018-04-03 10:14:52,618 ExtentManager sendReq - Request : IMPSP2PInstantPaymentWithExceededAmount
[INFO] 2018-04-03 10:14:52,621 ExtentManager sendReq - Hmaced Request : 67d1adc6882d0023cf3cbb5b375bb2d19cfe15d1a72ae2d972e336b1d32f6f4b*!9894060407APQI;Y;15316170605690416310253121025515855714;9894011000;9240123;25648778;IMPSTest;463795;123457;4.0;2478623864983269;127341663992592012807936727461602114128
[INFO] 2018-04-03 10:14:53,879 ExtentManager sendReq - Response received from Server : QI21;Maximum Amount permitted for this transaction is Rs. 5,000.00. Please enter a lesser amount;03/04/2018 10:15;TXNID:809310246348;BID:C463795
[INFO] 2018-04-03 10:14:53,885 ExtentManager sendReq - Transaction ID : 809310246348
[INFO] 2018-04-03 10:14:53,964 ExtentManager sendReq - ******************************END********************************

[INFO] 2018-04-03 10:14:53,975 ExtentManager sendReq - ******************************START******************************
[INFO] 2018-04-03 10:14:53,976 ExtentManager sendReq - Request : Generate MMID
[INFO] 2018-04-03 10:14:53,979 ExtentManager sendReq - Hmaced Request : 331f730c786f8472c806c18a65fed975a2e4edccb4bfa605ef3117ff134a19ec*!9894060407APIM;Y;15316170605690416310253121025515855714;001;463795;123457;4.0;2478623864983269;140742469525722650412049260859688536824
[INFO] 2018-04-03 10:14:55,196 ExtentManager sendReq - Response received from Server : IM00;2478XXXXXX983269*9060159#5012XXXXXX349826*9060207#2011XXXXX800065*9060246#2011XXXXX800005*9060374#5012XXXXXX849862*9060533#5012XXXXXX000000*9060709#5012XXXXXX849822*9060782#5012XXXXXX849800*9060829#5012XXXXXX349283*9060926#5012XXXXXX849860*9060983;1;N;03/04/2018 10:16;TXNID:809310246349;BID:C463795
[INFO] 2018-04-03 10:14:55,197 ExtentManager sendReq - Transaction ID : 809310246349
[INFO] 2018-04-03 10:14:55,291 ExtentManager sendReq - ******************************END********************************

[INFO] 2018-04-03 10:14:55,292 ExtentManager sendReq - ******************************START******************************
[INFO] 2018-04-03 10:14:55,292 ExtentManager sendReq - Request : IMPSP2PInstantPaymentWithInsufficientAmount
[INFO] 2018-04-03 10:14:55,295 ExtentManager sendReq - Hmaced Request : 413c2aec61148976ddf3ba34fb631df1a2cfac3e4bfff86ad633071524774472*!9894060407APQI;Y;15316170605690416310253121025515855714;9894011000;9240123;4;IMPSTest;463795;123457;4.0;2478623864983269;30178544405713302025701547263303692947
[INFO] 2018-04-03 10:14:56,252 ExtentManager sendReq - Response received from Server : QI20;Minimum Amount permitted for this transaction is Rs. 5.00. Please enter a higher amount;03/04/2018 10:16;TXNID:809310246350;BID:C463795
[INFO] 2018-04-03 10:14:56,253 ExtentManager sendReq - Transaction ID : 809310246350
[INFO] 2018-04-03 10:14:56,342 ExtentManager sendReq - ******************************END********************************

[INFO] 2018-04-03 10:14:56,350 ExtentManager sendReq - ******************************START******************************
[INFO] 2018-04-03 10:14:56,350 ExtentManager sendReq - Request : IMPSP2PBeneficiaryPaymentConfirmationwithExceededAmount
[INFO] 2018-04-03 10:14:56,352 ExtentManager sendReq - Hmaced Request : 20b2fed3ef11109861b437df79867669450415829cf5d92976515dc56b0fd3f6*!9894060407APW4;Y;15316170605690416310253121025515855714;25648778;IMPSTest;IMPSBenenficiary;463795;123457;4.0;2478623864983269;172896682612362461777267545373202795863
[INFO] 2018-04-03 10:14:58,588 ExtentManager sendReq - Response received from Server : W409;Beneficiary not registered. Please register the Beneficiary and proceed;03/04/2018 10:16;TXNID:809310246351;BID:C463795
[INFO] 2018-04-03 10:14:58,589 ExtentManager sendReq - Transaction ID : 809310246351
[INFO] 2018-04-03 10:14:58,670 ExtentManager sendReq - ******************************END********************************

[INFO] 2018-04-03 10:14:58,677 ExtentManager sendReq - ******************************START******************************
[INFO] 2018-04-03 10:14:58,678 ExtentManager sendReq - Request : IMPSP2PBeneficiaryPaymentConfirmationwithInsufficientAmount
[INFO] 2018-04-03 10:14:58,680 ExtentManager sendReq - Hmaced Request : 6907a88d07c5b08725d56a78e5c8f2fe05e2be7ad5371d2dd1b3392feb24cd03*!9894060407APW4;Y;15316170605690416310253121025515855714;4;IMPSTest;IMPSBenenficiary;463795;123457;4.0;2478623864983269;165552808076008918217332673305446283726
[INFO] 2018-04-03 10:14:59,837 ExtentManager sendReq - Response received from Server : W409;Beneficiary not registered. Please register the Beneficiary and proceed;03/04/2018 10:16;TXNID:809310246352;BID:C463795
[INFO] 2018-04-03 10:14:59,837 ExtentManager sendReq - Transaction ID : 809310246352
[INFO] 2018-04-03 10:14:59,903 ExtentManager sendReq - ******************************END********************************

[INFO] 2018-04-03 10:14:59,911 ExtentManager sendReq - ******************************START******************************
[INFO] 2018-04-03 10:14:59,912 ExtentManager sendReq - Request : Generate MMID
[INFO] 2018-04-03 10:14:59,914 ExtentManager sendReq - Hmaced Request : 88a01b46eca4c85b561e5dbc1adeb7beba294d6b58ae1f1c8258c3d67c3d0240*!9894060407APIM;Y;15316170605690416310253121025515855714;001;463795;123457;4.0;2478623864983269;108359025991121187480358997084193079557
[INFO] 2018-04-03 10:15:00,962 ExtentManager sendReq - Response received from Server : IM00;2478XXXXXX983269*9060159#5012XXXXXX349826*9060207#2011XXXXX800065*9060246#2011XXXXX800005*9060374#5012XXXXXX849862*9060533#5012XXXXXX000000*9060709#5012XXXXXX849822*9060782#5012XXXXXX849800*9060829#5012XXXXXX349283*9060926#5012XXXXXX849860*9060983;1;N;03/04/2018 10:16;TXNID:809310246353;BID:C463795
[INFO] 2018-04-03 10:15:00,963 ExtentManager sendReq - Transaction ID : 809310246353
[INFO] 2018-04-03 10:15:01,015 ExtentManager sendReq - ******************************END********************************

[INFO] 2018-04-03 10:15:01,016 ExtentManager sendReq - ******************************START******************************
[INFO] 2018-04-03 10:15:01,016 ExtentManager sendReq - Request : IMPSP2AInstantPayment
[INFO] 2018-04-03 10:15:01,017 ExtentManager sendReq - Hmaced Request : 0cacea4a47db887920d5ce6376e31e0fa22827e2b510f4baedec60f6c49c8795*!9894060407APK1;Y;15316170605690416310253121025515855714;9894012000000;SA;HDFC0000001;20;IMPSTest;463795;123457;4.0;2478623864983269;58209881951290858399421970658047193162
[INFO] 2018-04-03 10:15:04,671 ExtentManager sendReq - Response received from Server : K100;Your a/c no. XXXXXXXX3269 is debited for Rs. 25.00 on 03-04-18 and a/c XXXXXXX000 credited (IMPS Ref no 809310246354);03/04/2018 10:16;TXNID:809310246354;BID:C463795
[INFO] 2018-04-03 10:15:04,672 ExtentManager sendReq - Transaction ID : 809310246354
[INFO] 2018-04-03 10:15:04,733 ExtentManager sendReq - ******************************END********************************

[INFO] 2018-04-03 10:15:04,740 ExtentManager sendReq - ******************************START******************************
[INFO] 2018-04-03 10:15:04,741 ExtentManager sendReq - Request : IMPSP2AAddBeneficiary
[INFO] 2018-04-03 10:15:04,743 ExtentManager sendReq - Hmaced Request : 8f1ae65b43b107005e57d90caae36a8fd27df0bfb576146dc4e7622a75d1f611*!9894060407APK2;Y;15316170605690416310253121025515855714;9894012000000;SA;HDFC0000001;IMPSBenenficiary;463795;123457;4.0;2478623864983269;155846731192947961719716367943079639690
[INFO] 2018-04-03 10:15:05,881 ExtentManager sendReq - Response received from Server : K200;9894012000000;SA;HDFC BANK LTD.;MUMBAI;HDFC0000001;IMPSBenenficiary;03/04/2018 10:16;TXNID:809310246355;BID:C463795
[INFO] 2018-04-03 10:15:05,881 ExtentManager sendReq - Transaction ID : 809310246355
[INFO] 2018-04-03 10:15:05,949 ExtentManager sendReq - ******************************END********************************

[INFO] 2018-04-03 10:15:05,956 ExtentManager sendReq - ******************************START******************************
[INFO] 2018-04-03 10:15:05,956 ExtentManager sendReq - Request : IMPSP2AAddBeneficiaryconfirmation
[INFO] 2018-04-03 10:15:05,959 ExtentManager sendReq - Hmaced Request : 321a113f06cfd9e7c27f98306d6ee7feaca2f187e94314c7dc970b7df11be9dc*!9894060407APK3;Y;15316170605690416310253121025515855714;9894012000000;SA;HDFC0000001;IMPSBenenficiary;463795;123457;4.0;2478623864983269;122792270957537255595059850043929233617
[INFO] 2018-04-03 10:15:07,142 ExtentManager sendReq - Response received from Server : K300;Beneficiary IMPSBenenficiary added successfully;03/04/2018 10:16;TXNID:809310246356;BID:C463795
[INFO] 2018-04-03 10:15:07,143 ExtentManager sendReq - Transaction ID : 809310246356
[INFO] 2018-04-03 10:15:07,206 ExtentManager sendReq - ******************************END********************************

[INFO] 2018-04-03 10:15:07,213 ExtentManager sendReq - ******************************START******************************
[INFO] 2018-04-03 10:15:07,213 ExtentManager sendReq - Request : IMPSP2ABeneficiaryPaymentListenquiry
[INFO] 2018-04-03 10:15:07,215 ExtentManager sendReq - Hmaced Request : 979d2891af47321944e20344478f12a18a72d472dff340b2a60ccd0b6cf74a58*!9894060407APK4;Y;15316170605690416310253121025515855714;IMPSBenenficiary;1;463795;123457;4.0;2478623864983269;81560433594337688309331009118840099447
[INFO] 2018-04-03 10:15:08,147 ExtentManager sendReq - Response received from Server : K400;IMPSBenenficiary;IMPSBenenficiary*HDFC0000001*9894012000000*SA;1;N;TXNID:809310246357;BID:C463795
[INFO] 2018-04-03 10:15:08,148 ExtentManager sendReq - Transaction ID : 809310246357
[INFO] 2018-04-03 10:15:08,212 ExtentManager sendReq - ******************************END********************************

[INFO] 2018-04-03 10:15:08,219 ExtentManager sendReq - ******************************START******************************
[INFO] 2018-04-03 10:15:08,220 ExtentManager sendReq - Request : IMPSP2ABeneficiaryPaymentListenquiry
[INFO] 2018-04-03 10:15:08,222 ExtentManager sendReq - Hmaced Request : d11a54c727f46bc4fd8320b7e053342ad956087841be7bb35e66f4876da003f2*!9894060407APK4;Y;15316170605690416310253121025515855714;;1;463795;123457;4.0;2478623864983269;151205167047553668054414692712413079424
[INFO] 2018-04-03 10:15:09,197 ExtentManager sendReq - Response received from Server : K400; ;IMPSBenenficiary*HDFC0000001*9894012000000*SA;1;N;TXNID:809310246358;BID:C463795
[INFO] 2018-04-03 10:15:09,198 ExtentManager sendReq - Transaction ID : 809310246358
[INFO] 2018-04-03 10:15:09,249 ExtentManager sendReq - ******************************END********************************

[INFO] 2018-04-03 10:15:09,251 ExtentManager sendReq - ******************************START******************************
[INFO] 2018-04-03 10:15:09,251 ExtentManager sendReq - Request : IMPSP2ABeneficiaryPaymentConfirmation
[INFO] 2018-04-03 10:15:09,252 ExtentManager sendReq - Hmaced Request : 0c4bbb48ef2dd583106702e52ea2290518e368d291db6c01d1846e357cdc2420*!9894060407APK5;Y;15316170605690416310253121025515855714;IMPSBenenficiary;20;IMPSTest;463795;123457;4.0;2478623864983269;63536866848198850460027231464502202940
[INFO] 2018-04-03 10:15:12,941 ExtentManager sendReq - Response received from Server : K500;Your a/c no. XXXXXXXX3269 is debited for Rs. 20.00 on 03-04-18 and a/c XXXXXXX000 credited (IMPS Ref no 809310246359);03/04/2018 10:16;TXNID:809310246359;BID:C463795
[INFO] 2018-04-03 10:15:12,945 ExtentManager sendReq - Transaction ID : 809310246359
[INFO] 2018-04-03 10:15:13,006 ExtentManager sendReq - ******************************END********************************

[INFO] 2018-04-03 10:15:13,011 ExtentManager sendReq - ******************************START******************************
[INFO] 2018-04-03 10:15:13,011 ExtentManager sendReq - Request : IMPSP2ABeneficiarySearchListenquiry
[INFO] 2018-04-03 10:15:13,012 ExtentManager sendReq - Hmaced Request : eebee341b42d190a5d93b9492547d16d71a298771a66e59fae84cf2fd02eaa3e*!9894060407AP4W;Y;15316170605690416310253121025515855714;;1;463795;123457;4.0;2478623864983269;160515911586415730727178157193567424166
[INFO] 2018-04-03 10:15:14,378 ExtentManager sendReq - Response received from Server : 4W00; ;IMPSBenenficiary*HDFC BANK LTD.*9894012000000*SA*HDFC0000001;1;N;TXNID:809310246360;BID:C463795
[INFO] 2018-04-03 10:15:14,378 ExtentManager sendReq - Transaction ID : 809310246360
[INFO] 2018-04-03 10:15:14,438 ExtentManager sendReq - ******************************END********************************

[INFO] 2018-04-03 10:15:14,444 ExtentManager sendReq - ******************************START******************************
[INFO] 2018-04-03 10:15:14,445 ExtentManager sendReq - Request : IMPSP2ABeneficiarySearchListenquiry
[INFO] 2018-04-03 10:15:14,447 ExtentManager sendReq - Hmaced Request : 3c40cd44adf67496e2ac4b5e565e371ea979c6d17293989a95bdfdb2a0ecc8b8*!9894060407AP4W;Y;15316170605690416310253121025515855714;IMPSBenenficiary;1;463795;123457;4.0;2478623864983269;73935512351739561635019178521549539955
[INFO] 2018-04-03 10:15:15,517 ExtentManager sendReq - Response received from Server : 4W00;IMPSBenenficiary;IMPSBenenficiary*HDFC BANK LTD.*9894012000000*SA*HDFC0000001;1;N;TXNID:809310246361;BID:C463795
[INFO] 2018-04-03 10:15:15,518 ExtentManager sendReq - Transaction ID : 809310246361
[INFO] 2018-04-03 10:15:15,592 ExtentManager sendReq - ******************************END********************************

[INFO] 2018-04-03 10:15:15,598 ExtentManager sendReq - ******************************START******************************
[INFO] 2018-04-03 10:15:15,599 ExtentManager sendReq - Request : IMPSP2ADeleteBeneficiaryListenquiry
[INFO] 2018-04-03 10:15:15,601 ExtentManager sendReq - Hmaced Request : 89a607bb614ccb4c777ffb45cb89b6d249229d60a6c38715a3aa33f9bcac586d*!9894060407AP6L;Y;15316170605690416310253121025515855714;IMPSBenenficiary;1;463795;123457;4.0;2478623864983269;84876804843243550044164902113037151150
[INFO] 2018-04-03 10:15:16,648 ExtentManager sendReq - Response received from Server : 6L00;IMPSBenenficiary;IMPSBenenficiary;1;N;TXNID:809310246362;BID:C463795
[INFO] 2018-04-03 10:15:16,649 ExtentManager sendReq - Transaction ID : 809310246362
[INFO] 2018-04-03 10:15:16,710 ExtentManager sendReq - ******************************END********************************

[INFO] 2018-04-03 10:15:16,716 ExtentManager sendReq - ******************************START******************************
[INFO] 2018-04-03 10:15:16,716 ExtentManager sendReq - Request : IMPSP2ADeleteBeneficiaryConfirmation
[INFO] 2018-04-03 10:15:16,718 ExtentManager sendReq - Hmaced Request : 9a2d80aadc59739cbcb21df65e15ffda1e7411d2865004c44dc928b65d509929*!9894060407AP6D;Y;15316170605690416310253121025515855714;IMPSBenenficiary;463795;123457;4.0;2478623864983269;71225649048802957465524895208229574006
[INFO] 2018-04-03 10:15:18,163 ExtentManager sendReq - Response received from Server : 6D00;Beneficiary IMPSBenenficiary deleted successfully;03/04/2018 10:16;TXNID:809310246363;BID:C463795
[INFO] 2018-04-03 10:15:18,163 ExtentManager sendReq - Transaction ID : 809310246363
[INFO] 2018-04-03 10:15:18,218 ExtentManager sendReq - ******************************END********************************

[INFO] 2018-04-03 10:15:18,220 ExtentManager sendReq - ******************************START******************************
[INFO] 2018-04-03 10:15:18,220 ExtentManager sendReq - Request : Generate MMID
[INFO] 2018-04-03 10:15:18,221 ExtentManager sendReq - Hmaced Request : 9848ca8fc75ede3915240664a2596a67a43f933226c55efa3307df01cda8cfc5*!9894060407APIM;Y;15316170605690416310253121025515855714;001;463795;123457;4.0;2478623864983269;28554782366672248478177660950525270889
[INFO] 2018-04-03 10:15:19,171 ExtentManager sendReq - Response received from Server : IM00;2478XXXXXX983269*9060159#5012XXXXXX349826*9060207#2011XXXXX800065*9060246#2011XXXXX800005*9060374#5012XXXXXX849862*9060533#5012XXXXXX000000*9060709#5012XXXXXX849822*9060782#5012XXXXXX849800*9060829#5012XXXXXX349283*9060926#5012XXXXXX849860*9060983;1;N;03/04/2018 10:16;TXNID:809310246364;BID:C463795
[INFO] 2018-04-03 10:15:19,172 ExtentManager sendReq - Transaction ID : 809310246364
[INFO] 2018-04-03 10:15:19,235 ExtentManager sendReq - ******************************END********************************

[INFO] 2018-04-03 10:15:19,236 ExtentManager sendReq - ******************************START******************************
[INFO] 2018-04-03 10:15:19,237 ExtentManager sendReq - Request : IMPSP2AInstantPaymentWithRandomAccandIFSCcode
[INFO] 2018-04-03 10:15:19,243 ExtentManager sendReq - Hmaced Request : 340d08aefb0586713d219e52f23ad4810f1e2c29afd16f569f90cb91af7f762e*!9894060407APK1;Y;15316170605690416310253121025515855714;9894012555555;SA;HDFC0637832;20;IMPSTest;463795;123457;4.0;2478623864983269;194117761936022786560654398177043413206
[INFO] 2018-04-03 10:15:20,806 ExtentManager sendReq - Response received from Server : K109;NBIN not configured for the entered IFS Code;03/04/2018 10:16;TXNID:809310246365;BID:C463795
[INFO] 2018-04-03 10:15:20,807 ExtentManager sendReq - Transaction ID : 809310246365
[INFO] 2018-04-03 10:15:20,863 ExtentManager sendReq - ******************************END********************************

[INFO] 2018-04-03 10:15:20,867 ExtentManager sendReq - ******************************START******************************
[INFO] 2018-04-03 10:15:20,868 ExtentManager sendReq - Request : Generate MMID
[INFO] 2018-04-03 10:15:20,869 ExtentManager sendReq - Hmaced Request : 5420049fc19bd4090020053d2cbaf834469a4dfa66662f318875993b692127f1*!9894060407APIM;Y;15316170605690416310253121025515855714;001;463795;123457;4.0;2478623864983269;118488053014317732158457411514447532175
[INFO] 2018-04-03 10:15:22,032 ExtentManager sendReq - Response received from Server : IM00;2478XXXXXX983269*9060159#5012XXXXXX349826*9060207#2011XXXXX800065*9060246#2011XXXXX800005*9060374#5012XXXXXX849862*9060533#5012XXXXXX000000*9060709#5012XXXXXX849822*9060782#5012XXXXXX849800*9060829#5012XXXXXX349283*9060926#5012XXXXXX849860*9060983;1;N;03/04/2018 10:16;TXNID:809310246366;BID:C463795
[INFO] 2018-04-03 10:15:22,033 ExtentManager sendReq - Transaction ID : 809310246366
[INFO] 2018-04-03 10:15:22,097 ExtentManager sendReq - ******************************END********************************

[INFO] 2018-04-03 10:15:22,098 ExtentManager sendReq - ******************************START******************************
[INFO] 2018-04-03 10:15:22,099 ExtentManager sendReq - Request : IMPSP2AInstantPaymentWithExceededAmount
[INFO] 2018-04-03 10:15:22,101 ExtentManager sendReq - Hmaced Request : be6986d24bb5222e437f147ccc9c984fb8edf2e6445cab51e9ec554278d278a3*!9894060407APK1;Y;15316170605690416310253121025515855714;9894012000000;SA;HDFC0000001;25648778;IMPSTest;463795;123457;4.0;2478623864983269;174431132154053878987369911166404882358
[INFO] 2018-04-03 10:15:23,173 ExtentManager sendReq - Response received from Server : K121;Maximum Amount permitted for this transaction is Rs. 5,000.00. Please enter a lesser amount;03/04/2018 10:16;TXNID:809310246367;BID:C463795
[INFO] 2018-04-03 10:15:23,174 ExtentManager sendReq - Transaction ID : 809310246367
[INFO] 2018-04-03 10:15:23,237 ExtentManager sendReq - ******************************END********************************

[INFO] 2018-04-03 10:15:23,244 ExtentManager sendReq - ******************************START******************************
[INFO] 2018-04-03 10:15:23,245 ExtentManager sendReq - Request : Generate MMID
[INFO] 2018-04-03 10:15:23,246 ExtentManager sendReq - Hmaced Request : f0ecc22a80ee78a998a6363ca1dd5c95a7a51624cae4c98d6de6c321a69fb02a*!9894060407APIM;Y;15316170605690416310253121025515855714;001;463795;123457;4.0;2478623864983269;28727442165553579924415342100087369788
[INFO] 2018-04-03 10:15:24,289 ExtentManager sendReq - Response received from Server : IM00;2478XXXXXX983269*9060159#5012XXXXXX349826*9060207#2011XXXXX800065*9060246#2011XXXXX800005*9060374#5012XXXXXX849862*9060533#5012XXXXXX000000*9060709#5012XXXXXX849822*9060782#5012XXXXXX849800*9060829#5012XXXXXX349283*9060926#5012XXXXXX849860*9060983;1;N;03/04/2018 10:16;TXNID:809310246368;BID:C463795
[INFO] 2018-04-03 10:15:24,290 ExtentManager sendReq - Transaction ID : 809310246368
[INFO] 2018-04-03 10:15:24,350 ExtentManager sendReq - ******************************END********************************

[INFO] 2018-04-03 10:15:24,351 ExtentManager sendReq - ******************************START******************************
[INFO] 2018-04-03 10:15:24,351 ExtentManager sendReq - Request : IMPSP2AInstantPaymentWithInsufficientAmount
[INFO] 2018-04-03 10:15:24,353 ExtentManager sendReq - Hmaced Request : b10795c72b3969eda2c172cc92d0a68627ec1036f64b43dd3ace48170c138394*!9894060407APK1;Y;15316170605690416310253121025515855714;9894012000000;SA;HDFC0000001;4;IMPSTest;463795;123457;4.0;2478623864983269;116364523936539392461041137996089048771
[INFO] 2018-04-03 10:15:25,731 ExtentManager sendReq - Response received from Server : K120;Minimum Amount permitted for this transaction is Rs. 5.00. Please enter a higher amount;03/04/2018 10:16;TXNID:809310246369;BID:C463795
[INFO] 2018-04-03 10:15:25,732 ExtentManager sendReq - Transaction ID : 809310246369
[INFO] 2018-04-03 10:15:25,794 ExtentManager sendReq - ******************************END********************************

[INFO] 2018-04-03 10:15:25,801 ExtentManager sendReq - ******************************START******************************
[INFO] 2018-04-03 10:15:25,802 ExtentManager sendReq - Request : IMPSP2AAddBeneficiaryWithRandomAccandIFSCcode
[INFO] 2018-04-03 10:15:25,804 ExtentManager sendReq - Hmaced Request : 825314dd96c381f980e8da5abecaf780435258d6235bd16991dcd2bdae8274af*!9894060407APK2;Y;15316170605690416310253121025515855714;9894012555555;SA;HDFC0637832;IMPSBenenficiary;463795;123457;4.0;2478623864983269;175039491355258388562441273738663558435
[INFO] 2018-04-03 10:15:26,746 ExtentManager sendReq - Response received from Server : K209;Invalid IFS code;03/04/2018 10:16;TXNID:809310246370;BID:C463795
[INFO] 2018-04-03 10:15:26,747 ExtentManager sendReq - Transaction ID : 809310246370
[INFO] 2018-04-03 10:15:26,815 ExtentManager sendReq - ******************************END********************************

[INFO] 2018-04-03 10:15:26,822 ExtentManager sendReq - ******************************START******************************
[INFO] 2018-04-03 10:15:26,823 ExtentManager sendReq - Request : IMPSP2ABeneficiaryPaymentConfirmationWithExceedeAmount
[INFO] 2018-04-03 10:15:26,824 ExtentManager sendReq - Hmaced Request : c926e707c246160c7df2459eb48a03e7c061d5b458c340185f50b593c6cb3a97*!9894060407APK5;Y;15316170605690416310253121025515855714;IMPSBenenficiary;25648778;IMPSTest;463795;123457;4.0;2478623864983269;18446789386383111305027249824128149414
[INFO] 2018-04-03 10:15:29,273 ExtentManager sendReq - Response received from Server : K521;Maximum Amount permitted for this transaction is Rs. 5,000.00. Please enter a lesser amount;03/04/2018 10:16;TXNID:809310246371;BID:C463795
[INFO] 2018-04-03 10:15:29,274 ExtentManager sendReq - Transaction ID : 809310246371
[INFO] 2018-04-03 10:15:29,334 ExtentManager sendReq - ******************************END********************************

[INFO] 2018-04-03 10:15:29,341 ExtentManager sendReq - ******************************START******************************
[INFO] 2018-04-03 10:15:29,341 ExtentManager sendReq - Request : IMPSP2ABeneficiaryPaymentConfirmationWithInsufficientAmount
[INFO] 2018-04-03 10:15:29,343 ExtentManager sendReq - Hmaced Request : 19d3b7c8060fb01c1a96c47cc42cc5b6c65c38e45a9acca5648c2adeed6d41e2*!9894060407APK5;Y;15316170605690416310253121025515855714;IMPSBenenficiary;4;IMPSTest;463795;123457;4.0;2478623864983269;198985421088524439451447049781233439663
[INFO] 2018-04-03 10:15:30,598 ExtentManager sendReq - Response received from Server : K520;Minimum Amount permitted for this transaction is Rs. 5.00. Please enter a higher amount;03/04/2018 10:16;TXNID:809310246372;BID:C463795
[INFO] 2018-04-03 10:15:30,599 ExtentManager sendReq - Transaction ID : 809310246372
[INFO] 2018-04-03 10:15:30,659 ExtentManager sendReq - ******************************END********************************

[INFO] 2018-04-03 10:15:30,665 ExtentManager sendReq - ******************************START******************************
[INFO] 2018-04-03 10:15:30,666 ExtentManager sendReq - Request : IMPSP2UInstantPayment
[INFO] 2018-04-03 10:15:30,668 ExtentManager sendReq - Hmaced Request : 1b8f582f656af884ceb23d21dd9280091319719c1f851c841c06a3d645334699*!9894060407AP1U;Y;15316170605690416310253121025515855714;989401300000;SA;20;IMPSTest;463795;123457;4.0;2478623864983269;182811516918177970273707946642212643304
[INFO] 2018-04-03 10:15:33,947 ExtentManager sendReq - Response received from Server : 1U00;Your a/c no. XXXXXXXX3269 is debited for Rs. 20.00 on 03-04-18 and a/c linked to AADHAAR XXXXXXX000 credited (IMPS Ref no 809310246373);03/04/2018 10:16;TXNID:809310246373;BID:C463795
[INFO] 2018-04-03 10:15:33,948 ExtentManager sendReq - Transaction ID : 809310246373
[INFO] 2018-04-03 10:15:34,010 ExtentManager sendReq - ******************************END********************************

[INFO] 2018-04-03 10:15:34,015 ExtentManager sendReq - ******************************START******************************
[INFO] 2018-04-03 10:15:34,016 ExtentManager sendReq - Request : impsP2UAddBenPreConf
[INFO] 2018-04-03 10:15:34,018 ExtentManager sendReq - Hmaced Request : 5400deaab1a1470f446a73a3f228965e8abde8001d175059e59a7631a32242e0*!9894060407AP2U;Y;15316170605690416310253121025515855714;989401300000;SA;IMPSBenenficiary;463795;123457;4.0;2478623864983269;112306217017787163976556130769246497208
[INFO] 2018-04-03 10:15:35,221 ExtentManager sendReq - Response received from Server : 2U00;989401300000;SA;IMPSBenenficiary;03/04/2018 10:16;TXNID:809310246374;BID:C463795
[INFO] 2018-04-03 10:15:35,222 ExtentManager sendReq - Transaction ID : 809310246374
[INFO] 2018-04-03 10:15:35,283 ExtentManager sendReq - ******************************END********************************

[INFO] 2018-04-03 10:15:35,288 ExtentManager sendReq - ******************************START******************************
[INFO] 2018-04-03 10:15:35,289 ExtentManager sendReq - Request : IMPSP2UAddBeneficiaryconfirmation
[INFO] 2018-04-03 10:15:35,291 ExtentManager sendReq - Hmaced Request : 4d445e190d4b1ed6d6bc964aa5715456d3230181a4a99b1d047e087289d553ab*!9894060407AP3U;Y;15316170605690416310253121025515855714;989401300000;SA;IMPSBenenficiary;463795;123457;4.0;2478623864983269;83186884340826630516996671419340044910
[INFO] 2018-04-03 10:15:36,228 ExtentManager sendReq - Response received from Server : 3U00;Beneficiary IMPSBenenficiary added successfully;03/04/2018 10:16;TXNID:809310246375;BID:C463795
[INFO] 2018-04-03 10:15:36,229 ExtentManager sendReq - Transaction ID : 809310246375
[INFO] 2018-04-03 10:15:36,289 ExtentManager sendReq - ******************************END********************************

[INFO] 2018-04-03 10:15:36,300 ExtentManager sendReq - ******************************START******************************
[INFO] 2018-04-03 10:15:36,302 ExtentManager sendReq - Request : IMPSP2UBeneficiaryPaymentListenquiryWKw
[INFO] 2018-04-03 10:15:36,304 ExtentManager sendReq - Hmaced Request : f5b1ea592f24c94894b44d5bd7ae6b0f82130b597dfb93304e74fd165625f447*!9894060407AP4U;Y;15316170605690416310253121025515855714;IMPSBenenficiary;001;463795;123457;4.0;2478623864983269;110503516699676398752787634302110676212
[INFO] 2018-04-03 10:15:37,262 ExtentManager sendReq - Response received from Server : 4U00;IMPSBenenficiary;IMPSBenenficiary;1;N;TXNID:809310246376;BID:C463795
[INFO] 2018-04-03 10:15:37,263 ExtentManager sendReq - Transaction ID : 809310246376
[INFO] 2018-04-03 10:15:37,324 ExtentManager sendReq - ******************************END********************************

[INFO] 2018-04-03 10:15:37,330 ExtentManager sendReq - ******************************START******************************
[INFO] 2018-04-03 10:15:37,330 ExtentManager sendReq - Request : IMPSP2UBeneficiaryPaymentListenquiryWoKw
[INFO] 2018-04-03 10:15:37,332 ExtentManager sendReq - Hmaced Request : aeccd967237d74ad68f90470e69072b40ada962a3c08bc58083071450c277699*!9894060407AP4U;Y;15316170605690416310253121025515855714;;001;463795;123457;4.0;2478623864983269;115154926793566632886332685937404975251
[INFO] 2018-04-03 10:15:38,613 ExtentManager sendReq - Response received from Server : 4U00; ;aadar#IMPSBenenficiary;1;N;TXNID:809310246377;BID:C463795
[INFO] 2018-04-03 10:15:38,613 ExtentManager sendReq - Transaction ID : 809310246377
[INFO] 2018-04-03 10:15:38,673 ExtentManager sendReq - ******************************END********************************

[INFO] 2018-04-03 10:15:38,678 ExtentManager sendReq - ******************************START******************************
[INFO] 2018-04-03 10:15:38,679 ExtentManager sendReq - Request : IMPSP2UAddBeneficiaryconfirmation
[INFO] 2018-04-03 10:15:38,680 ExtentManager sendReq - Hmaced Request : 3eaf5710ea55e56ffe5a8ceb1dccef023220c9a8e1c2ccfc3034a9687620b76c*!9894060407AP5U;Y;15316170605690416310253121025515855714;IMPSBenenficiary;20;IMPSTest;463795;123457;4.0;2478623864983269;1726810105372757563736562730647429152
[INFO] 2018-04-03 10:15:42,792 ExtentManager sendReq - Response received from Server : 5U00;Your a/c no. XXXXXXXX3269 is debited for Rs. 20.00 on 03-04-18 and a/c linked to AADHAAR XXXXXXX000 credited (IMPS Ref no 809310246378);03/04/2018 10:16;TXNID:809310246378;BID:C463795
[INFO] 2018-04-03 10:15:42,793 ExtentManager sendReq - Transaction ID : 809310246378
[INFO] 2018-04-03 10:15:42,855 ExtentManager sendReq - ******************************END********************************

[INFO] 2018-04-03 10:15:42,861 ExtentManager sendReq - ******************************START******************************
[INFO] 2018-04-03 10:15:42,861 ExtentManager sendReq - Request : IMPSP2UBeneficiarySearchListenquiry
[INFO] 2018-04-03 10:15:42,863 ExtentManager sendReq - Hmaced Request : c25dc42139bbec7714b52bc75899ef9c0fa56dffd6fed2ec78e29f0189dd3b10*!9894060407AP6U;Y;15316170605690416310253121025515855714;IMPSBenenficiary;001;463795;123457;4.0;2478623864983269;43174822194951035271032522226157806558
[INFO] 2018-04-03 10:15:43,914 ExtentManager sendReq - Response received from Server : 6U00;IMPSBenenficiary;IMPSBenenficiary*989401300000*SA;1;N;TXNID:809310246379;BID:C463795
[INFO] 2018-04-03 10:15:43,914 ExtentManager sendReq - Transaction ID : 809310246379
[INFO] 2018-04-03 10:15:43,976 ExtentManager sendReq - ******************************END********************************

[INFO] 2018-04-03 10:15:43,981 ExtentManager sendReq - ******************************START******************************
[INFO] 2018-04-03 10:15:43,982 ExtentManager sendReq - Request : IMPSP2UBeneficiarySearchListenquiryWoKw
[INFO] 2018-04-03 10:15:43,984 ExtentManager sendReq - Hmaced Request : b9e6bd11e4ad13e2430e3f9622924d6a9e73d2f4024b12e9cdbc545e2a40833c*!9894060407AP6U;Y;15316170605690416310253121025515855714;;001;463795;123457;4.0;2478623864983269;38753011984271864769303628359610832076
[INFO] 2018-04-03 10:15:44,959 ExtentManager sendReq - Response received from Server : 6U00; ;aadar*989403000002*SA#IMPSBenenficiary*989401300000*SA;1;N;TXNID:809310246380;BID:C463795
[INFO] 2018-04-03 10:15:44,960 ExtentManager sendReq - Transaction ID : 809310246380
[INFO] 2018-04-03 10:15:45,019 ExtentManager sendReq - ******************************END********************************

[INFO] 2018-04-03 10:15:45,024 ExtentManager sendReq - ******************************START******************************
[INFO] 2018-04-03 10:15:45,025 ExtentManager sendReq - Request : IMPSP2UDeleteBeneficiaryListenquiry
[INFO] 2018-04-03 10:15:45,027 ExtentManager sendReq - Hmaced Request : e3c4f741d2924cd5642b47e41755c7b572c355a63ca3b7d77c443bdbc545c76c*!9894060407AP7U;Y;15316170605690416310253121025515855714;IMPSBenenficiary;001;463795;123457;4.0;2478623864983269;5106114786661076301686055018603065338
[INFO] 2018-04-03 10:15:46,086 ExtentManager sendReq - Response received from Server : 7U00;IMPSBenenficiary;IMPSBenenficiary;1;N;TXNID:809310246381;BID:C463795
[INFO] 2018-04-03 10:15:46,087 ExtentManager sendReq - Transaction ID : 809310246381
[INFO] 2018-04-03 10:15:46,153 ExtentManager sendReq - ******************************END********************************

[INFO] 2018-04-03 10:15:46,159 ExtentManager sendReq - ******************************START******************************
[INFO] 2018-04-03 10:15:46,160 ExtentManager sendReq - Request : IMPSP2UDeleteBeneficiaryListenquiry
[INFO] 2018-04-03 10:15:46,162 ExtentManager sendReq - Hmaced Request : cc2b84130d3f3211b14590413c76a5ba4a8b3deb6bb7b1ae4de9c6c101db48bf*!9894060407AP7U;Y;15316170605690416310253121025515855714;;001;463795;123457;4.0;2478623864983269;155454348593536703630534829309271259513
[INFO] 2018-04-03 10:15:47,433 ExtentManager sendReq - Response received from Server : 7U00; ;aadar#IMPSBenenficiary;1;N;TXNID:809310246382;BID:C463795
[INFO] 2018-04-03 10:15:47,433 ExtentManager sendReq - Transaction ID : 809310246382
[INFO] 2018-04-03 10:15:47,511 ExtentManager sendReq - ******************************END********************************

[INFO] 2018-04-03 10:15:47,517 ExtentManager sendReq - ******************************START******************************
[INFO] 2018-04-03 10:15:47,518 ExtentManager sendReq - Request : IMPSP2UDeleteBeneficiaryConfirmation
[INFO] 2018-04-03 10:15:47,519 ExtentManager sendReq - Hmaced Request : 7612b2c89904b064389f795a102dcf36635208d91a7fcbe3d853c4adb8944e79*!9894060407AP8U;Y;15316170605690416310253121025515855714;IMPSBenenficiary;463795;123457;4.0;2478623864983269;143508493742204025893252748618244523066
[INFO] 2018-04-03 10:15:49,007 ExtentManager sendReq - Response received from Server : 8U00;Beneficiary IMPSBenenficiary deleted successfully;03/04/2018 10:16;TXNID:809310246383;BID:C463795
[INFO] 2018-04-03 10:15:49,008 ExtentManager sendReq - Transaction ID : 809310246383
[INFO] 2018-04-03 10:15:49,068 ExtentManager sendReq - ******************************END********************************

[INFO] 2018-04-03 10:15:49,073 ExtentManager sendReq - ******************************START******************************
[INFO] 2018-04-03 10:15:49,074 ExtentManager sendReq - Request : IMPSP2UInstantPaymentWithInvalidAadhar
[INFO] 2018-04-03 10:15:49,076 ExtentManager sendReq - Hmaced Request : 97bc8695048cfea60ad534f577a70974cfde02b788d4909ac76832c5666e45d5*!9894060407AP1U;Y;15316170605690416310253121025515855714;989401355555;SA;20;IMPSTest;463795;123457;4.0;2478623864983269;150948739209930117395839779032893229957
[INFO] 2018-04-03 10:15:52,698 ExtentManager sendReq - Response received from Server : 1U00;Your a/c no. XXXXXXXX3269 is debited for Rs. 20.00 on 03-04-18 and a/c linked to AADHAAR XXXXXXX555 credited (IMPS Ref no 809310246384);03/04/2018 10:16;TXNID:809310246384;BID:C463795
[INFO] 2018-04-03 10:15:52,699 ExtentManager sendReq - Transaction ID : 809310246384
[INFO] 2018-04-03 10:15:52,759 ExtentManager sendReq - ******************************END********************************

[INFO] 2018-04-03 10:15:52,765 ExtentManager sendReq - ******************************START******************************
[INFO] 2018-04-03 10:15:52,766 ExtentManager sendReq - Request : IMPSP2UInstantPaymentWithExceededAmount
[INFO] 2018-04-03 10:15:52,767 ExtentManager sendReq - Hmaced Request : 8e479f486cfc751afcfef9115558a013e3b0e40e11be0415dd7898ec39878f28*!9894060407AP1U;Y;15316170605690416310253121025515855714;989401300000;SA;25648778;IMPSTest;463795;123457;4.0;2478623864983269;18679819130290901558437384490470094961
[INFO] 2018-04-03 10:15:53,727 ExtentManager sendReq - Response received from Server : 1U21;Maximum Amount permitted for this transaction is Rs. 5,000.00. Please enter a lesser amount;03/04/2018 10:16;TXNID:809310246385;BID:C463795
[INFO] 2018-04-03 10:15:53,728 ExtentManager sendReq - Transaction ID : 809310246385
[INFO] 2018-04-03 10:15:53,793 ExtentManager sendReq - ******************************END********************************

[INFO] 2018-04-03 10:15:53,799 ExtentManager sendReq - ******************************START******************************
[INFO] 2018-04-03 10:15:53,800 ExtentManager sendReq - Request : IMPSP2UInstantPaymentWithInsufficientAmount
[INFO] 2018-04-03 10:15:53,801 ExtentManager sendReq - Hmaced Request : 3c0ee1636084fe1d7d05d4392735365e9b9f7ef7bc6dfe36acdc6a334a878405*!9894060407AP1U;Y;15316170605690416310253121025515855714;989401300000;SA;4;IMPSTest;463795;123457;4.0;2478623864983269;99130956025786000005494147471199298532
[INFO] 2018-04-03 10:15:55,160 ExtentManager sendReq - Response received from Server : 1U20;Minimum Amount permitted for this transaction is Rs. 5.00. Please enter a higher amount;03/04/2018 10:17;TXNID:809310246386;BID:C463795
[INFO] 2018-04-03 10:15:55,161 ExtentManager sendReq - Transaction ID : 809310246386
[INFO] 2018-04-03 10:15:55,233 ExtentManager sendReq - ******************************END********************************

[INFO] 2018-04-03 10:15:55,246 ExtentManager sendReq - ******************************START******************************
[INFO] 2018-04-03 10:15:55,247 ExtentManager sendReq - Request : IMPSP2UBeneficiaryPaymentConfirmationWithExceededAmount
[INFO] 2018-04-03 10:15:55,248 ExtentManager sendReq - Hmaced Request : 3db6610ba666c0e8ea79798fb910c46afc6eca95f3e1c4ad8198405ca5832993*!9894060407AP5U;Y;15316170605690416310253121025515855714;IMPSBenenficiary;25648778;IMPSTest;463795;123457;4.0;2478623864983269;78374315810709582053214151575628206310
[INFO] 2018-04-03 10:15:56,216 ExtentManager sendReq - Response received from Server : 5U21;Maximum Amount permitted for this transaction is Rs. 5,000.00. Please enter a lesser amount;03/04/2018 10:17;TXNID:809310246387;BID:C463795
[INFO] 2018-04-03 10:15:56,216 ExtentManager sendReq - Transaction ID : 809310246387
[INFO] 2018-04-03 10:15:56,277 ExtentManager sendReq - ******************************END********************************

[INFO] 2018-04-03 10:15:56,283 ExtentManager sendReq - ******************************START******************************
[INFO] 2018-04-03 10:15:56,284 ExtentManager sendReq - Request : IMPSP2UBeneficiaryPaymentConfirmationWithInsufficientAmount
[INFO] 2018-04-03 10:15:56,285 ExtentManager sendReq - Hmaced Request : c80c121348ab8449653d8e6bf9a4ed619dfe661360fe5b4b7fcc11ffde179320*!9894060407AP5U;Y;15316170605690416310253121025515855714;IMPSBenenficiary;4;IMPSTest;463795;123457;4.0;2478623864983269;180850110969172347391551333244438598041
[INFO] 2018-04-03 10:15:58,247 ExtentManager sendReq - Response received from Server : 5U20;Minimum Amount permitted for this transaction is Rs. 5.00. Please enter a higher amount;03/04/2018 10:17;TXNID:809310246388;BID:C463795
[INFO] 2018-04-03 10:15:58,248 ExtentManager sendReq - Transaction ID : 809310246388
[INFO] 2018-04-03 10:15:58,313 ExtentManager sendReq - ******************************END********************************

