[INFO] 2018-04-03 12:05:08,496 ExtentManager setUp - Running Mobile banking API Automation testing on mPAY 4.0

[INFO] 2018-04-03 12:05:08,670 ExtentManager sendReqAppLogin - ******************************START******************************
[INFO] 2018-04-03 12:05:08,670 ExtentManager sendReqAppLogin - Request : App Login
[INFO] 2018-04-03 12:05:08,804 ExtentManager sendReqAppLogin - Hmaced Request : f14bd2ebcfb1fa3af12ae627a0c4b2886c81f654ced5c63075aa010a2357e032*!9894060407APGC;BVD:4.0.9%23ANDROID7.1.1%23H1920W1080%23LENOVO+Lenovo+K8+Plus%2310.175.117.48%2312.8354858%2C80.2235916%3B463795;123457;4.0;0;119416515757484658237874491135483461738
[INFO] 2018-04-03 12:05:10,152 ExtentManager sendReqAppLogin - Response received from Server : GC00;N; ; ;N; ; ;Y;7ffffffffffff0ef;ffffffffffffffff;ffffffffffffffff;N;N;N;0508;http://www.freshersopenings.in/wp-content/uploads/2013/08/fss-logo.jpg;BID:C463795
[INFO] 2018-04-03 12:05:10,153 ExtentManager sendReqAppLogin - ******************************END********************************

[INFO] 2018-04-03 12:05:10,175 ExtentManager sendReq - ******************************START******************************
[INFO] 2018-04-03 12:05:10,176 ExtentManager sendReq - Request : Balance Enquiry
[INFO] 2018-04-03 12:05:10,180 ExtentManager sendReq - Hmaced Request : b9ab5c6cda0531fcab92d7772c23cb2f670aed03f9339123c0ed69e202bc386b*!9894060407APBE;Y;15316170605690416310253121025515855714;463795;123457;4.0;2478623864983269;192252576134112362396829735414593244210
[INFO] 2018-04-03 12:05:11,940 ExtentManager sendReq - Response received from Server : BE00;2,080.88;2,065.13; ;03/04/2018 12:06;TXNID:809312246554;BID:C463795
[INFO] 2018-04-03 12:05:11,940 ExtentManager sendReq - Transaction ID : 809312246554
[INFO] 2018-04-03 12:05:12,308 ExtentManager sendReq - ******************************END********************************

[INFO] 2018-04-03 12:05:12,310 ExtentManager sendReq - ******************************START******************************
[INFO] 2018-04-03 12:05:12,311 ExtentManager sendReq - Request : Mini statement
[INFO] 2018-04-03 12:05:12,312 ExtentManager sendReq - Hmaced Request : db8ce9e962431cb78da11245a6bc75c6f5a7f500598d383ecd89829817d05a60*!9894060407APMS;Y;15316170605690416310253121025515855714;463795;123457;4.0;2478623864983269;3940859598598846123125426063823650748
[INFO] 2018-04-03 12:05:14,337 ExtentManager sendReq - Response received from Server : MS00;08/11/17 D NEFT/SUBRAMANIAN-VELRAJAN 103.00#08/11/17 D NEFT/VGN-Facility-Mgmt-Se 107.00#08/11/17 D eBank/Tr-To-S.ANISH-KUMAR 201.00#08/11/17 D RTGS/TATA-CARD/TMBLH17312 216000.00#08/11/17 D eBank/Tr-To-SAROJINI.C 204.00#08/11/17 D NEFT/testaudit/TMBLH17312 108.00#08/11/17 D NEFT/Shanmugavel/TMBLH173 102.00#08/11/17 D NEFT/ing-vysys-test3/TMBL 109.00#08/11/17 D NEFT/ANNA-NAGAR-OWNER/TMB 100.00;2,080.88;TXNID:809312246555;BID:C463795
[INFO] 2018-04-03 12:05:14,338 ExtentManager sendReq - Transaction ID : 809312246555
[INFO] 2018-04-03 12:05:14,406 ExtentManager sendReq - ******************************END********************************

[INFO] 2018-04-03 12:05:14,415 ExtentManager sendReq - ******************************START******************************
[INFO] 2018-04-03 12:05:14,416 ExtentManager sendReq - Request : Transaction History
[INFO] 2018-04-03 12:05:14,419 ExtentManager sendReq - Hmaced Request : c56f8e62851f8d3b7cb4e598913ecf80d077d9afb30aeb6ab5d7eeea6c27d310*!9894060407APTH;Y;15316170605690416310253121025515855714;001;463795;123457;4.0;2478623864983269;103992939025604178741773784735389515022
[INFO] 2018-04-03 12:05:19,159 ExtentManager sendReq - Response received from Server : TH00;Mini Statement*03/04/18 12:02*S*.0*-*-*MOB*809312246555#Balance enquiry*03/04/18 12:02*S*.0*-*-*MOB*809312246554#Mini Statement*03/04/18 12:02*F*.0*-*-*MOB*809312246546#Mini Statement*03/04/18 12:01*F*.0*-*-*MOB*809312246545#Mini Statement*03/04/18 12:01*F*.0*-*-*MOB*809312246544#Balance enquiry*03/04/18 12:01*F*.0*-*-*MOB*809312246543#Balance enquiry*03/04/18 12:01*F*.0*-*-*MOB*809312246542#Balance enquiry*03/04/18 12:01*F*.0*-*-*MOB*809312246541#Balance enquiry*03/04/18 12:01*F*.0*-*-*MOB*809312246540#Balance enquiry*03/04/18 12:01*F*.0*-*-*MOB*809312246539#Mini Statement*03/04/18 12:01*S*.0*-*-*MOB*809312246524#Balance enquiry*03/04/18 12:01*S*.0*-*-*MOB*809312246523#Mini Statement*03/04/18 11:56*F*.0*-*-*MOB*809312246511#Mini Statement*03/04/18 11:56*F*.0*-*-*MOB*809312246510#Mini Statement*03/04/18 11:56*F*.0*-*-*MOB*809312246509#Balance enquiry*03/04/18 11:56*F*.0*-*-*MOB*809312246508#Balance enquiry*03/04/18 11:56*F*.0*-*-*MOB*809312246507#Balance enquiry*03/04/18 11:56*F*.0*-*-*MOB*809312246506#Balance enquiry*03/04/18 11:56*F*.0*-*-*MOB*809312246505#Balance enquiry*03/04/18 11:56*F*.0*-*-*MOB*809312246504#Mini Statement*03/04/18 11:55*S*.0*-*-*MOB*809311246489#Balance enquiry*03/04/18 11:55*S*.0*-*-*MOB*809311246488#Mini Statement*03/04/18 11:50*F*.0*-*-*MOB*809311246478#Mini Statement*03/04/18 11:50*F*.0*-*-*MOB*809311246477#Mini Statement*03/04/18 11:50*F*.0*-*-*MOB*809311246476#Balance enquiry*03/04/18 11:50*S*.0*-*-*MOB*809311246475#Balance enquiry*03/04/18 11:50*S*.0*-*-*MOB*809311246474#Balance enquiry*03/04/18 11:50*F*.0*-*-*MOB*809311246473#Balance enquiry*03/04/18 11:50*F*.0*-*-*MOB*809311246472#Balance enquiry*03/04/18 11:50*F*.0*-*-*MOB*809311246471;1;Y;TXNID:809312246557;BID:C463795
[INFO] 2018-04-03 12:05:19,160 ExtentManager sendReq - Transaction ID : 809312246557
[INFO] 2018-04-03 12:05:19,232 ExtentManager sendReq - ******************************END********************************

[INFO] 2018-04-03 12:05:19,240 ExtentManager sendReq - ******************************START******************************
[INFO] 2018-04-03 12:05:19,241 ExtentManager sendReq - Request : Generate MMID
[INFO] 2018-04-03 12:05:19,244 ExtentManager sendReq - Hmaced Request : e3e24d71572c58f77862a795d6fcdc419224cbbc69755e665b5d15c98d42c54c*!9894060407APIM;Y;15316170605690416310253121025515855714;001;463795;123457;4.0;2478623864983269;103759055395930350155221462263065343959
[INFO] 2018-04-03 12:05:21,762 ExtentManager sendReq - Response received from Server : IM00;2478XXXXXX983269*9060821#5012XXXXXX000000*9060423#5012XXXXXX349283*9060332#5012XXXXXX349826*9060221#2011XXXXX800005*9060576#5012XXXXXX849862*9060688#2011XXXXX800065*9060778#5012XXXXXX849800*9060211#5012XXXXXX849822*9060523#5012XXXXXX849860*9060343;1;N;03/04/2018 12:06;TXNID:809312246558;BID:C463795
[INFO] 2018-04-03 12:05:21,763 ExtentManager sendReq - Transaction ID : 809312246558
[INFO] 2018-04-03 12:05:21,831 ExtentManager sendReq - ******************************END********************************

[INFO] 2018-04-03 12:05:21,839 ExtentManager sendReq - ******************************START******************************
[INFO] 2018-04-03 12:05:21,840 ExtentManager sendReq - Request : Retrieve MMID
[INFO] 2018-04-03 12:05:21,843 ExtentManager sendReq - Hmaced Request : f8de3269a2c6aeec644b8b2b8479cf058b0ee7e205fbd2282687bf47cf43a78c*!9894060407APS6;Y;15316170605690416310253121025515855714;2478623864983269;463795;123457;4.0;2478623864983269;192021248318874988515079599946491010432
[INFO] 2018-04-03 12:05:22,941 ExtentManager sendReq - Response received from Server : S600;Your MMID allotted for the A/C No. XXXXXXXX3269 is 9060821.You can Send and Receive Money through IMPS option in Mobile Banking.;03/04/2018 12:06;TXNID:809312246559;BID:C463795
[INFO] 2018-04-03 12:05:22,942 ExtentManager sendReq - Transaction ID : 809312246559
[INFO] 2018-04-03 12:05:23,005 ExtentManager sendReq - ******************************END********************************

[INFO] 2018-04-03 12:05:23,012 ExtentManager sendReq - ******************************START******************************
[INFO] 2018-04-03 12:05:23,013 ExtentManager sendReq - Request : Generate MMID
[INFO] 2018-04-03 12:05:23,017 ExtentManager sendReq - Hmaced Request : fb2d48d55910ea287327be5f5600a124b7c73c84103b5c1ce2f40ac1946fd6cb*!9894060407APIM;Y;15316170605690416310253121025515855714;001;463795;123457;4.0;2478623864983269;24864299197166453635336938954046943997
[INFO] 2018-04-03 12:05:24,388 ExtentManager sendReq - Response received from Server : IM00;5012XXXXXX849800*9060211#5012XXXXXX349826*9060221#5012XXXXXX349283*9060332#5012XXXXXX849860*9060343#5012XXXXXX000000*9060423#5012XXXXXX849822*9060523#2011XXXXX800005*9060576#5012XXXXXX849862*9060688#2011XXXXX800065*9060778#2478XXXXXX983269*9060821;1;N;03/04/2018 12:06;TXNID:809312246560;BID:C463795
[INFO] 2018-04-03 12:05:24,390 ExtentManager sendReq - Transaction ID : 809312246560
[INFO] 2018-04-03 12:05:24,492 ExtentManager sendReq - ******************************END********************************

[INFO] 2018-04-03 12:05:24,493 ExtentManager sendReq - ******************************START******************************
[INFO] 2018-04-03 12:05:24,493 ExtentManager sendReq - Request : Cancel MMID All
[INFO] 2018-04-03 12:05:24,496 ExtentManager sendReq - Hmaced Request : c58e66d209894f1751638da4c1bd1de1f57207efb6ee4314d74789f26ed075ad*!9894060407APRC;Y;15316170605690416310253121025515855714;ALL;463795;123457;4.0;2478623864983269;86606947042103402474446917683393913765
[INFO] 2018-04-03 12:05:25,978 ExtentManager sendReq - Response received from Server : RC00;IMPS Cancelled successfully;03/04/2018 12:06;TXNID:809312246561;BID:C463795
[INFO] 2018-04-03 12:05:25,979 ExtentManager sendReq - Transaction ID : 809312246561
[INFO] 2018-04-03 12:05:26,043 ExtentManager sendReq - ******************************END********************************

[INFO] 2018-04-03 12:05:26,053 ExtentManager sendReq - ******************************START******************************
[INFO] 2018-04-03 12:05:26,054 ExtentManager sendReq - Request : Generate MMID
[INFO] 2018-04-03 12:05:26,057 ExtentManager sendReq - Hmaced Request : 2d3c88a9070d5b1adb03462b672875c3ea429b05840b4aadd3dd357a87016a34*!9894060407APIM;Y;15316170605690416310253121025515855714;001;463795;123457;4.0;2478623864983269;195130334701282416066065592625696794986
[INFO] 2018-04-03 12:05:27,446 ExtentManager sendReq - Response received from Server : IM00;2478XXXXXX983269*9060357#5012XXXXXX000000*9060161#5012XXXXXX349283*9060366#5012XXXXXX349826*9060794#2011XXXXX800005*9060360#5012XXXXXX849862*9060832#2011XXXXX800065*9060560#5012XXXXXX849800*9060961#5012XXXXXX849822*9060292#5012XXXXXX849860*9060403;1;N;03/04/2018 12:06;TXNID:809312246562;BID:C463795
[INFO] 2018-04-03 12:05:27,450 ExtentManager sendReq - Transaction ID : 809312246562
[INFO] 2018-04-03 12:05:27,514 ExtentManager sendReq - ******************************END********************************

[INFO] 2018-04-03 12:05:27,515 ExtentManager sendReq - ******************************START******************************
[INFO] 2018-04-03 12:05:27,515 ExtentManager sendReq - Request : Cancel MMID Single
[INFO] 2018-04-03 12:05:27,518 ExtentManager sendReq - Hmaced Request : 5f5b40341ab27bf118f5015046566c83ea8b5b4dd33f89b6fa5fc6eed6e6cdc2*!9894060407APRC;Y;15316170605690416310253121025515855714;2478623864983269;463795;123457;4.0;2478623864983269;104739827310274262955098060415720181216
[INFO] 2018-04-03 12:05:28,791 ExtentManager sendReq - Response received from Server : RC00;Your MMID 9060357 allotted for the A/C No. XXXXXXXX3269 is cancelled.;03/04/2018 12:06;TXNID:809312246563;BID:C463795
[INFO] 2018-04-03 12:05:28,791 ExtentManager sendReq - Transaction ID : 809312246563
[INFO] 2018-04-03 12:05:28,855 ExtentManager sendReq - ******************************END********************************

[INFO] 2018-04-03 12:05:28,862 ExtentManager sendReq - ******************************START******************************
[INFO] 2018-04-03 12:05:28,863 ExtentManager sendReq - Request : Email ID fetch
[INFO] 2018-04-03 12:05:28,866 ExtentManager sendReq - Hmaced Request : fe390f490df5e9c71658432c95e1d50231903da6c0ada26af35e1037bf337e1a*!9894060407APZ6;Y;15316170605690416310253121025515855714;463795;123457;4.0;2478623864983269;11798464002329750075965724122901928143
[INFO] 2018-04-03 12:05:29,711 ExtentManager sendReq - Response received from Server : Z600;abc@fss.com;03/04/2018 12:06;TXNID:809312246564;BID:C463795
[INFO] 2018-04-03 12:05:29,712 ExtentManager sendReq - Transaction ID : 809312246564
[INFO] 2018-04-03 12:05:29,777 ExtentManager sendReq - ******************************END********************************

[INFO] 2018-04-03 12:05:29,785 ExtentManager sendReq - ******************************START******************************
[INFO] 2018-04-03 12:05:29,785 ExtentManager sendReq - Request : Email ID Update
[INFO] 2018-04-03 12:05:29,788 ExtentManager sendReq - Hmaced Request : eee83d38f91917d9ba826e1f5bc1c8c8e90a989030364a5872e088355405dcdc*!9894060407APZ3;Y;15316170605690416310253121025515855714;abc@fss.com;463795;123457;4.0;2478623864983269;76992016990327371422312844418360505451
[INFO] 2018-04-03 12:05:30,955 ExtentManager sendReq - Response received from Server : Z300;Your E-mail ID configured successfully;03/04/2018 12:06;TXNID:809312246565;BID:C463795
[INFO] 2018-04-03 12:05:30,956 ExtentManager sendReq - Transaction ID : 809312246565
[INFO] 2018-04-03 12:05:31,016 ExtentManager sendReq - ******************************END********************************

[INFO] 2018-04-03 12:05:31,022 ExtentManager sendReq - ******************************START******************************
[INFO] 2018-04-03 12:05:31,023 ExtentManager sendReq - Request : Cheque status
[INFO] 2018-04-03 12:05:31,026 ExtentManager sendReq - Hmaced Request : 1d360be93ebcefc841e4f54bd5566983eb7e5936086437b86d45b77392cd416c*!9894060407APLW;Y;15316170605690416310253121025515855714;123456;463795;123457;4.0;2478623864983269;190439285594318308924151299492902728166
[INFO] 2018-04-03 12:05:33,323 ExtentManager sendReq - Response received from Server : LW00;Your cheque (123456) has been ;03/04/2018 12:06;TXNID:809312246566;BID:C463795
[INFO] 2018-04-03 12:05:33,324 ExtentManager sendReq - Transaction ID : 809312246566
[INFO] 2018-04-03 12:05:33,388 ExtentManager sendReq - ******************************END********************************

[INFO] 2018-04-03 12:05:33,394 ExtentManager sendReq - ******************************START******************************
[INFO] 2018-04-03 12:05:33,395 ExtentManager sendReq - Request : Account Fetch
[INFO] 2018-04-03 12:05:33,397 ExtentManager sendReq - Hmaced Request : 829b222fe0b00d47f3c0145d0434e07f92fb4a365a59acfd558133d88c46796f*!9894060407APSY;2;463795;123457;4.0;0;44006855880190800771005222734050595499
[INFO] 2018-04-03 12:05:38,105 ExtentManager sendReq - Response received from Server : SY00;N;test;2;6;5012432476849822*10#201150050800005*20#5012432472349283*10#5012432476849860*10#201150050800065*10#5012433476349826*10;Y;TXNID:809312246567;BID:C463795
[INFO] 2018-04-03 12:05:38,105 ExtentManager sendReq - Transaction ID : 809312246567
[INFO] 2018-04-03 12:05:38,168 ExtentManager sendReq - ******************************END********************************

[INFO] 2018-04-03 12:05:38,174 ExtentManager sendReq - ******************************START******************************
[INFO] 2018-04-03 12:05:38,180 ExtentManager sendReq - Request : Stop Cheque
[INFO] 2018-04-03 12:05:38,184 ExtentManager sendReq - Hmaced Request : 635ebcff2db14fb7c18534809e06d882994f79ee6d78fd6741295ef9af053756*!9894060407APL4;Y;15316170605690416310253121025515855714;123456;463795;123457;4.0;2478623864983269;23274749788378231967978427059380578562
[INFO] 2018-04-03 12:05:40,166 ExtentManager sendReq - Response received from Server : L400;Stop Payment request issued for Cheque no. 123456 (a/c no. XXXXXXXX3269) has been executed successfully.;03/04/2018 12:06;TXNID:809312246568;BID:C463795
[INFO] 2018-04-03 12:05:40,167 ExtentManager sendReq - Transaction ID : 809312246568
[INFO] 2018-04-03 12:05:40,234 ExtentManager sendReq - ******************************END********************************

[INFO] 2018-04-03 12:05:40,240 ExtentManager sendReq - ******************************START******************************
[INFO] 2018-04-03 12:05:40,241 ExtentManager sendReq - Request : Change Login Password
[INFO] 2018-04-03 12:05:40,244 ExtentManager sendReq - Hmaced Request : 2039b349b3c2179be8e9baf04b8270bc7871ad03ed5a233c59977e8d29fc0b86*!9894060407APP5;8609547570776098518502128580812621291;463795;123457;4.0;0;141854651508033225153530869675082347338
[INFO] 2018-04-03 12:05:41,313 ExtentManager sendReq - Response received from Server : P500;Login password has been changed successfully;1234;03/04/2018 12:06;TXNID:809312246569;BID:C463795
[INFO] 2018-04-03 12:05:41,314 ExtentManager sendReq - Transaction ID : 809312246569
[INFO] 2018-04-03 12:05:41,374 ExtentManager sendReq - ******************************END********************************

[INFO] 2018-04-03 12:05:41,380 ExtentManager sendReq - ******************************START******************************
[INFO] 2018-04-03 12:05:41,381 ExtentManager sendReq - Request : Balance Enquiry with closed Account
[INFO] 2018-04-03 12:05:41,383 ExtentManager sendReq - Hmaced Request : a43e91b00d388998b2f3476c60c6a18d191a302b181706a8ffed82a590c21c83*!9894060407APBE;Y;15316170605690416310253121025515855714;463795;123457;4.0;2478623864983012;108046541221726514846581034148115258714
[INFO] 2018-04-03 12:05:42,538 ExtentManager sendReq - Response received from Server : BEAF;Your Mobile Number is not registered for TMB Mconnect. Please contact your branch;03/04/2018 12:06;TXNID:809312246570;BID:C463795
[INFO] 2018-04-03 12:05:42,539 ExtentManager sendReq - Transaction ID : 809312246570
[INFO] 2018-04-03 12:05:42,602 ExtentManager sendReq - ******************************END********************************

[INFO] 2018-04-03 12:05:42,613 ExtentManager sendReq - ******************************START******************************
[INFO] 2018-04-03 12:05:42,613 ExtentManager sendReq - Request : Balance Enquiry with Inactive Account
[INFO] 2018-04-03 12:05:42,616 ExtentManager sendReq - Hmaced Request : c7296c43043ec9a5f4a1d7cc7de1a95a674a8307c7daa8b88c8e630554b434a4*!9894060407APBE;Y;15316170605690416310253121025515855714;463795;123457;4.0;2478623864983014;137306622765163563886831051718664698643
[INFO] 2018-04-03 12:05:43,576 ExtentManager sendReq - Response received from Server : BEAF;Your Mobile Number is not registered for TMB Mconnect. Please contact your branch;03/04/2018 12:06;TXNID:809312246571;BID:C463795
[INFO] 2018-04-03 12:05:43,577 ExtentManager sendReq - Transaction ID : 809312246571
[INFO] 2018-04-03 12:05:43,639 ExtentManager sendReq - ******************************END********************************

[INFO] 2018-04-03 12:05:43,647 ExtentManager sendReq - ******************************START******************************
[INFO] 2018-04-03 12:05:43,648 ExtentManager sendReq - Request : Balance Enquiry with Blocked Account
[INFO] 2018-04-03 12:05:43,650 ExtentManager sendReq - Hmaced Request : 5344f8376959511fde5754326c77731fb8d9b16f1e1e5c3ed36c139bb0529fb7*!9894060407APBE;Y;15316170605690416310253121025515855714;463795;123457;4.0;2478623864983013;33340748095941652916016332011977940663
[INFO] 2018-04-03 12:05:44,629 ExtentManager sendReq - Response received from Server : BEAF;Your Mobile Number is not registered for TMB Mconnect. Please contact your branch;03/04/2018 12:06;TXNID:809312246572;BID:C463795
[INFO] 2018-04-03 12:05:44,630 ExtentManager sendReq - Transaction ID : 809312246572
[INFO] 2018-04-03 12:05:44,693 ExtentManager sendReq - ******************************END********************************

[INFO] 2018-04-03 12:05:44,700 ExtentManager sendReq - ******************************START******************************
[INFO] 2018-04-03 12:05:44,700 ExtentManager sendReq - Request : Balance Enquiry For Account Having Zero Balance
[INFO] 2018-04-03 12:05:44,702 ExtentManager sendReq - Hmaced Request : 2709df47a8a19ee659f1bc2fef849cbf8bfe6e3c8e35eac391b0ffd9bb8e8e49*!9894060407APBE;Y;15316170605690416310253121025515855714;463795;123457;4.0;2478623864983261;55923254145057789128931193460036973730
[INFO] 2018-04-03 12:05:45,750 ExtentManager sendReq - Response received from Server : BEAF;Your Mobile Number is not registered for TMB Mconnect. Please contact your branch;03/04/2018 12:06;TXNID:809312246573;BID:C463795
[INFO] 2018-04-03 12:05:45,750 ExtentManager sendReq - Transaction ID : 809312246573
[INFO] 2018-04-03 12:05:45,814 ExtentManager sendReq - ******************************END********************************

[INFO] 2018-04-03 12:05:45,821 ExtentManager sendReq - ******************************START******************************
[INFO] 2018-04-03 12:05:45,822 ExtentManager sendReq - Request : Balance Enquiry For Account Having Negative Balance
[INFO] 2018-04-03 12:05:45,824 ExtentManager sendReq - Hmaced Request : ed9456f054bcd76a9ed9af0b9bee2eeb9fc9e0e254c281d1b731de220d794d44*!9894060407APBE;Y;15316170605690416310253121025515855714;463795;123457;4.0;2478623864983262;107452363545932462952207562316509685145
[INFO] 2018-04-03 12:05:46,676 ExtentManager sendReq - Response received from Server : BEAF;Your Mobile Number is not registered for TMB Mconnect. Please contact your branch;03/04/2018 12:06;TXNID:809312246574;BID:C463795
[INFO] 2018-04-03 12:05:46,677 ExtentManager sendReq - Transaction ID : 809312246574
[INFO] 2018-04-03 12:05:46,742 ExtentManager sendReq - ******************************END********************************

[INFO] 2018-04-03 12:05:46,749 ExtentManager sendReq - ******************************START******************************
[INFO] 2018-04-03 12:05:46,750 ExtentManager sendReq - Request : Mini statement For Closed Account
[INFO] 2018-04-03 12:05:46,752 ExtentManager sendReq - Hmaced Request : 1d235f3272a8377bf357c51227f81ef345de92cfa3bd7ff3a3c85be373e03608*!9894060407APMS;Y;15316170605690416310253121025515855714;463795;123457;4.0;2478623864983012;97680100206320215147040761032149805696
[INFO] 2018-04-03 12:05:47,893 ExtentManager sendReq - Response received from Server : MSAF;Your Mobile Number is not registered for TMB Mconnect. Please contact your branch;03/04/2018 12:06;TXNID:809312246575;BID:C463795
[INFO] 2018-04-03 12:05:47,893 ExtentManager sendReq - Transaction ID : 809312246575
[INFO] 2018-04-03 12:05:47,954 ExtentManager sendReq - ******************************END********************************

[INFO] 2018-04-03 12:05:47,962 ExtentManager sendReq - ******************************START******************************
[INFO] 2018-04-03 12:05:47,962 ExtentManager sendReq - Request : Mini statement For Inactive Account
[INFO] 2018-04-03 12:05:47,965 ExtentManager sendReq - Hmaced Request : c8edef141f60dfedcf39813201f5532c7c6fdd0c1efbc47648c90b1a6c2d46fe*!9894060407APMS;Y;15316170605690416310253121025515855714;463795;123457;4.0;2478623864983014;127577573149454253962491298833962833307
[INFO] 2018-04-03 12:05:49,059 ExtentManager sendReq - Response received from Server : MSAF;Your Mobile Number is not registered for TMB Mconnect. Please contact your branch;03/04/2018 12:06;TXNID:809312246576;BID:C463795
[INFO] 2018-04-03 12:05:49,060 ExtentManager sendReq - Transaction ID : 809312246576
[INFO] 2018-04-03 12:05:49,120 ExtentManager sendReq - ******************************END********************************

[INFO] 2018-04-03 12:05:49,127 ExtentManager sendReq - ******************************START******************************
[INFO] 2018-04-03 12:05:49,127 ExtentManager sendReq - Request : Mini Statement For Blocked Account
[INFO] 2018-04-03 12:05:49,130 ExtentManager sendReq - Hmaced Request : 9ef799d61a8e68d864c0eca9cbe43dbcf2947b63eff1ad2cc08559cc40ecffb9*!9894060407APMS;Y;15316170605690416310253121025515855714;463795;123457;4.0;2478623864983013;135643516278607268893798787501441810090
[INFO] 2018-04-03 12:05:51,874 ExtentManager sendReq - Response received from Server : MSAF;Your Mobile Number is not registered for TMB Mconnect. Please contact your branch;03/04/2018 12:06;TXNID:809312246577;BID:C463795
[INFO] 2018-04-03 12:05:51,875 ExtentManager sendReq - Transaction ID : 809312246577
[INFO] 2018-04-03 12:05:51,935 ExtentManager sendReq - ******************************END********************************

[INFO] 2018-04-03 12:05:51,942 ExtentManager sendReq - ******************************START******************************
[INFO] 2018-04-03 12:05:51,942 ExtentManager sendReq - Request : Cheque Status Check Not Issued To Customer
[INFO] 2018-04-03 12:05:51,944 ExtentManager sendReq - Hmaced Request : e3963ffd895838007ace64bebb01096f1819a3318db86f162462e1fac7c71640*!9894060407APLW;Y;15316170605690416310253121025515855714;23453;463795;123457;4.0;2478623864983269;62810145543876684757687054678502918537
[INFO] 2018-04-03 12:05:54,930 ExtentManager sendReq - Response received from Server : LW00;Your cheque (23453) has been ;03/04/2018 12:07;TXNID:809312246578;BID:C463795
[INFO] 2018-04-03 12:05:54,936 ExtentManager sendReq - Transaction ID : 809312246578
[INFO] 2018-04-03 12:05:54,999 ExtentManager sendReq - ******************************END********************************

[INFO] 2018-04-03 12:05:55,005 ExtentManager sendReq - ******************************START******************************
[INFO] 2018-04-03 12:05:55,006 ExtentManager sendReq - Request : Stop Cheque Check Already Stopped
[INFO] 2018-04-03 12:05:55,008 ExtentManager sendReq - Hmaced Request : 77fedf6b46280b67bbddd0185bbaed24d7c7b0b7ef879bbe80b755ca70bf1840*!9894060407APL4;Y;15316170605690416310253121025515855714;123456;463795;123457;4.0;2478623864983269;85698480596117934009752943817730145394
[INFO] 2018-04-03 12:05:56,997 ExtentManager sendReq - Response received from Server : L400;Stop Payment request issued for Cheque no. 123456 (a/c no. XXXXXXXX3269) has been executed successfully.;03/04/2018 12:07;TXNID:809312246579;BID:C463795
[INFO] 2018-04-03 12:05:56,998 ExtentManager sendReq - Transaction ID : 809312246579
[INFO] 2018-04-03 12:05:57,074 ExtentManager sendReq - ******************************END********************************

[INFO] 2018-04-03 12:05:57,080 ExtentManager sendReq - ******************************START******************************
[INFO] 2018-04-03 12:05:57,081 ExtentManager sendReq - Request : Again Cancel All MMIDs
[INFO] 2018-04-03 12:05:57,083 ExtentManager sendReq - Hmaced Request : 165b91fbec0e86b35095b493bc397ab70a7ebe0bd2617d9edd3260f5dbe77727*!9894060407APIM;Y;15316170605690416310253121025515855714;001;463795;123457;4.0;2478623864983269;30334150347214084893394675991451281960
[INFO] 2018-04-03 12:05:58,649 ExtentManager sendReq - Response received from Server : IM00;5012XXXXXX000000*9060161#5012XXXXXX849822*9060292#2011XXXXX800005*9060360#5012XXXXXX349283*9060366#5012XXXXXX849860*9060403#2011XXXXX800065*9060560#5012XXXXXX349826*9060794#5012XXXXXX849862*9060832#5012XXXXXX849800*9060961#2478XXXXXX983269*9060919;1;N;03/04/2018 12:07;TXNID:809312246580;BID:C463795
[INFO] 2018-04-03 12:05:58,650 ExtentManager sendReq - Transaction ID : 809312246580
[INFO] 2018-04-03 12:05:58,718 ExtentManager sendReq - ******************************END********************************

[INFO] 2018-04-03 12:05:58,719 ExtentManager sendReq - ******************************START******************************
[INFO] 2018-04-03 12:05:58,720 ExtentManager sendReq - Request : Again Cancel All MMIDs
[INFO] 2018-04-03 12:05:58,721 ExtentManager sendReq - Hmaced Request : 3b7059efc2d2e222e6e69ebe93da862f850a7b5265f3e4383a2f45b8755100ea*!9894060407APRC;Y;15316170605690416310253121025515855714;ALL;463795;123457;4.0;2478623864983269;111778212338025765034727515308651435167
[INFO] 2018-04-03 12:06:00,102 ExtentManager sendReq - Response received from Server : RC00;IMPS Cancelled successfully;03/04/2018 12:07;TXNID:809312246581;BID:C463795
[INFO] 2018-04-03 12:06:00,103 ExtentManager sendReq - Transaction ID : 809312246581
[INFO] 2018-04-03 12:06:00,165 ExtentManager sendReq - ******************************END********************************

[INFO] 2018-04-03 12:06:00,171 ExtentManager sendReq - ******************************START******************************
[INFO] 2018-04-03 12:06:00,172 ExtentManager sendReq - Request : Retrieve MMID
[INFO] 2018-04-03 12:06:00,174 ExtentManager sendReq - Hmaced Request : 7417f9a82f8fd65fb50d50c0e77c138dab3ab67b1d8b651dcb5f9929bd4f7651*!9894060407APS6;Y;15316170605690416310253121025515855714;2478623864983269;463795;123457;4.0;2478623864983269;75408227051006156144489439433788194193
[INFO] 2018-04-03 12:06:01,234 ExtentManager sendReq - Response received from Server : S609;Please do Generate MMID to proceed with the transaction.;03/04/2018 12:07;TXNID:809312246582;BID:C463795
[INFO] 2018-04-03 12:06:01,235 ExtentManager sendReq - Transaction ID : 809312246582
[INFO] 2018-04-03 12:06:01,286 ExtentManager sendReq - ******************************END********************************

[INFO] 2018-04-03 12:06:01,290 ExtentManager sendReq - ******************************START******************************
[INFO] 2018-04-03 12:06:01,290 ExtentManager sendReq - Request : Generate MMID
[INFO] 2018-04-03 12:06:01,291 ExtentManager sendReq - Hmaced Request : be6f862349d09f1f25c19d76e5e0daba1b4a15b5e990904ef22dbf81e153a4f8*!9894060407APS6;Y;15316170605690416310253121025515855714;2478623864983269;463795;123457;4.0;2478623864983269;35005158184225901640686023746180515047
[INFO] 2018-04-03 12:06:02,434 ExtentManager sendReq - Response received from Server : S609;Please do Generate MMID to proceed with the transaction.;03/04/2018 12:07;TXNID:809312246583;BID:C463795
[INFO] 2018-04-03 12:06:02,435 ExtentManager sendReq - Transaction ID : 809312246583
[INFO] 2018-04-03 12:06:02,486 ExtentManager sendReq - ******************************END********************************

