[INFO] 2018-04-03 16:00:29,194 ExtentManager setUp - Running Mobile banking API Automation testing on mPAY 4.0

[INFO] 2018-04-03 16:00:29,385 ExtentManager sendReq - ******************************START******************************
[INFO] 2018-04-03 16:00:29,386 ExtentManager sendReq - Request : m2m Quick FT
[INFO] 2018-04-03 16:00:29,567 ExtentManager sendReq - Hmaced Request : 7403370d6750a4a31c1dc2426d4fda6df19390e469e5408b2294807c5aaa8e05*!9894060407APQM;Y;15316170605690416310253121025515855714;8778602561;10;test   ;463795;123457;4.0;2478623864983269;68085350218135808566251627081355377936
[INFO] 2018-04-03 16:00:33,982 ExtentManager sendReq - Response received from Server : QMIM;Invalid mPIN. Please try again.;03/04/2018 16:01;TXNID:809316246659;BID:C463795
[INFO] 2018-04-03 16:00:33,983 ExtentManager sendReq - Transaction ID : 809316246659
[INFO] 2018-04-03 16:00:35,332 ExtentManager sendReq - ******************************END********************************

[INFO] 2018-04-03 16:00:35,340 ExtentManager sendReq - ******************************START******************************
[INFO] 2018-04-03 16:00:35,341 ExtentManager sendReq - Request : m2m Benificiary Account list
[INFO] 2018-04-03 16:00:35,342 ExtentManager sendReq - Hmaced Request : 44eaf48263e28076fdc174ca8705657e378c78e1304ee61213c0e37b72b54974*!9894060407APRM;Y;15316170605690416310253121025515855714;463795;8778602561;FTBeneficiary;0001;463795;123457;4.0;2478623864983269;38742547153934383495272648688662073381
[INFO] 2018-04-03 16:00:36,621 ExtentManager sendReq - Response received from Server : RMIM;Invalid mPIN. Please try again.;03/04/2018 16:01;TXNID:809316246660;BID:C463795
[INFO] 2018-04-03 16:00:36,622 ExtentManager sendReq - Transaction ID : 809316246660
[INFO] 2018-04-03 16:00:36,688 ExtentManager sendReq - ******************************END********************************

[INFO] 2018-04-03 16:00:36,697 ExtentManager sendReq - ******************************START******************************
[INFO] 2018-04-03 16:00:36,698 ExtentManager sendReq - Request : m2m Benificiary Registration
[INFO] 2018-04-03 16:00:36,701 ExtentManager sendReq - Hmaced Request : edba7adc61b416bf8135522e750f57142e7aa0bc6b9e032371d25e6bbf76e016*!9894060407APC1;Y;15316170605690416310253121025515855714;463795;8778602561;FTBeneficiary;3286478326489632;463795;123457;4.0;2478623864983269;43193443794587095670409687574452851945
[INFO] 2018-04-03 16:00:37,746 ExtentManager sendReq - Response received from Server : C109;Your account has been blocked / deactivated;03/04/2018 16:01;TXNID:809316246661;BID:C463795
[INFO] 2018-04-03 16:00:37,747 ExtentManager sendReq - Transaction ID : 809316246661
[INFO] 2018-04-03 16:00:37,812 ExtentManager sendReq - ******************************END********************************

[INFO] 2018-04-03 16:00:37,821 ExtentManager sendReq - ******************************START******************************
[INFO] 2018-04-03 16:00:37,822 ExtentManager sendReq - Request : m2m Register benificiary search
[INFO] 2018-04-03 16:00:37,825 ExtentManager sendReq - Hmaced Request : d7c0db3277ade7a5a9ca7279aa42e896a73ad5e4b64b6e6d027a1c2247eb5a29*!9894060407APF1;Y;15316170605690416310253121025515855714;P;001;463795;123457;4.0;2478623864983269;152085427351677251415472476273545430016
[INFO] 2018-04-03 16:00:38,979 ExtentManager sendReq - Response received from Server : F109;Your account has been blocked / deactivated;03/04/2018 16:01;TXNID:809316246662;BID:C463795
[INFO] 2018-04-03 16:00:38,980 ExtentManager sendReq - Transaction ID : 809316246662
[INFO] 2018-04-03 16:00:39,044 ExtentManager sendReq - ******************************END********************************

[INFO] 2018-04-03 16:00:39,061 ExtentManager sendReq - ******************************START******************************
[INFO] 2018-04-03 16:00:39,062 ExtentManager sendReq - Request : m2m benificiary payment
[INFO] 2018-04-03 16:00:39,065 ExtentManager sendReq - Hmaced Request : f9efdf34edf13995600c6178c4dfc24670db19acfde7de004779016db3899bef*!9894060407APFT;Y;15316170605690416310253121025515855714;10;test   ;FTBeneficiary;463795;123457;4.0;2478623864983269;65829638216681144259889024358605179434
[INFO] 2018-04-03 16:00:40,326 ExtentManager sendReq - Response received from Server : FT09;Your account has been blocked / deactivated;03/04/2018 16:01;TXNID:809316246663;BID:C463795
[INFO] 2018-04-03 16:00:40,327 ExtentManager sendReq - Transaction ID : 809316246663
[INFO] 2018-04-03 16:00:40,391 ExtentManager sendReq - ******************************END********************************

[INFO] 2018-04-03 16:00:40,399 ExtentManager sendReq - ******************************START******************************
[INFO] 2018-04-03 16:00:40,400 ExtentManager sendReq - Request : m2m benificiary search
[INFO] 2018-04-03 16:00:40,404 ExtentManager sendReq - Hmaced Request : 4b874dfafc294aa6f0fe8aae428a353f6d50d7fa2c48620d2400be503057dcdd*!9894060407APD5;Y;15316170605690416310253121025515855714;;001;463795;123457;4.0;2478623864983269;134243833920676586015130482496630586802
[INFO] 2018-04-03 16:00:41,644 ExtentManager sendReq - Response received from Server : D509;Your account has been blocked / deactivated;03/04/2018 16:01;TXNID:809316246664;BID:C463795
[INFO] 2018-04-03 16:00:41,644 ExtentManager sendReq - Transaction ID : 809316246664
[INFO] 2018-04-03 16:00:41,697 ExtentManager sendReq - ******************************END********************************

[INFO] 2018-04-03 16:00:41,700 ExtentManager sendReq - ******************************START******************************
[INFO] 2018-04-03 16:00:41,700 ExtentManager sendReq - Request : m2m benificiary search
[INFO] 2018-04-03 16:00:41,701 ExtentManager sendReq - Hmaced Request : 5222aeb258dbf21c24f73bd004064619c7882f3bb1fc875b1577f07e4520ed4a*!9894060407APD5;Y;15316170605690416310253121025515855714;FTBeneficiary;001;463795;123457;4.0;2478623864983269;149971423696583176900894506190085246509
[INFO] 2018-04-03 16:00:43,151 ExtentManager sendReq - Response received from Server : D509;Your account has been blocked / deactivated;03/04/2018 16:01;TXNID:809316246665;BID:C463795
[INFO] 2018-04-03 16:00:43,152 ExtentManager sendReq - Transaction ID : 809316246665
[INFO] 2018-04-03 16:00:43,216 ExtentManager sendReq - ******************************END********************************

[INFO] 2018-04-03 16:00:43,224 ExtentManager sendReq - ******************************START******************************
[INFO] 2018-04-03 16:00:43,225 ExtentManager sendReq - Request : m2m benificiary delete search
[INFO] 2018-04-03 16:00:43,228 ExtentManager sendReq - Hmaced Request : a784611616e9f982485158c326d618ed6dc26b1d90c4773784a894c6f5645d14*!9894060407AP2L;Y;15316170605690416310253121025515855714;;001;463795;123457;4.0;2478623864983269;51405754027858833685520750186390161711
[INFO] 2018-04-03 16:00:44,000 ExtentManager sendReq - Response received from Server : 2L09;Your account has been blocked / deactivated;03/04/2018 16:01;TXNID:809316246666;BID:C463795
[INFO] 2018-04-03 16:00:44,001 ExtentManager sendReq - Transaction ID : 809316246666
[INFO] 2018-04-03 16:00:44,065 ExtentManager sendReq - ******************************END********************************

[INFO] 2018-04-03 16:00:44,073 ExtentManager sendReq - ******************************START******************************
[INFO] 2018-04-03 16:00:44,073 ExtentManager sendReq - Request : m2m benificiary delete search
[INFO] 2018-04-03 16:00:44,076 ExtentManager sendReq - Hmaced Request : 9e429700442cde95a1292e99d6f446b2e73eda1746d08c4ada15df477cefe271*!9894060407AP2L;Y;15316170605690416310253121025515855714;FTBeneficiary;001;463795;123457;4.0;2478623864983269;104833647626782477126117314092432302477
[INFO] 2018-04-03 16:00:45,067 ExtentManager sendReq - Response received from Server : 2L09;Your account has been blocked / deactivated;03/04/2018 16:01;TXNID:809316246667;BID:C463795
[INFO] 2018-04-03 16:00:45,068 ExtentManager sendReq - Transaction ID : 809316246667
[INFO] 2018-04-03 16:00:45,137 ExtentManager sendReq - ******************************END********************************

[INFO] 2018-04-03 16:00:45,145 ExtentManager sendReq - ******************************START******************************
[INFO] 2018-04-03 16:00:45,146 ExtentManager sendReq - Request : M2M benificiary delete
[INFO] 2018-04-03 16:00:45,148 ExtentManager sendReq - Hmaced Request : e6714a0c01822fef8bc77da8f0790d0671f271bac3f6cac1e54dae49a39f5351*!9894060407AP2D;Y;15316170605690416310253121025515855714;FTBeneficiary;463795;123457;4.0;2478623864983269;31122769787841644684701990016419153888
[INFO] 2018-04-03 16:00:46,446 ExtentManager sendReq - Response received from Server : 2D09;Your account has been blocked / deactivated;03/04/2018 16:01;TXNID:809316246668;BID:C463795
[INFO] 2018-04-03 16:00:46,447 ExtentManager sendReq - Transaction ID : 809316246668
[INFO] 2018-04-03 16:00:46,510 ExtentManager sendReq - ******************************END********************************

[INFO] 2018-04-03 16:00:46,518 ExtentManager sendReq - ******************************START******************************
[INFO] 2018-04-03 16:00:46,519 ExtentManager sendReq - Request : m2m Quick FT Benificiary Not Registered For Mobile Banking
[INFO] 2018-04-03 16:00:46,521 ExtentManager sendReq - Hmaced Request : b8c0172d0c494eceb7b080db4352b412df2e68e00d03fc918912b0bef730c983*!9894060407APQM;Y;15316170605690416310253121025515855714;9372655151;10;test   ;463795;123457;4.0;2478623864983269;198718023371975736263825185975830101956
[INFO] 2018-04-03 16:00:47,395 ExtentManager sendReq - Response received from Server : QM09;Your account has been blocked / deactivated;03/04/2018 16:01;TXNID:809316246669;BID:C463795
[INFO] 2018-04-03 16:00:47,396 ExtentManager sendReq - Transaction ID : 809316246669
[INFO] 2018-04-03 16:00:47,459 ExtentManager sendReq - ******************************END********************************

[INFO] 2018-04-03 16:00:47,468 ExtentManager sendReq - ******************************START******************************
[INFO] 2018-04-03 16:00:47,468 ExtentManager sendReq - Request : m2m Quick FT Insufficient Amount
[INFO] 2018-04-03 16:00:47,471 ExtentManager sendReq - Hmaced Request : aaefafde3668c323d2c6db736f1b64bc28ef67002808fa313c26614fbf26a228*!9894060407APQM;Y;15316170605690416310253121025515855714;8778602561;4;test   ;463795;123457;4.0;2478623864983269;106222537148012815435355198533620324024
[INFO] 2018-04-03 16:00:48,254 ExtentManager sendReq - Response received from Server : QM09;Your account has been blocked / deactivated;03/04/2018 16:01;TXNID:809316246670;BID:C463795
[INFO] 2018-04-03 16:00:48,254 ExtentManager sendReq - Transaction ID : 809316246670
[INFO] 2018-04-03 16:00:48,317 ExtentManager sendReq - ******************************END********************************

[INFO] 2018-04-03 16:00:48,325 ExtentManager sendReq - ******************************START******************************
[INFO] 2018-04-03 16:00:48,325 ExtentManager sendReq - Request : m2m Quick FT Amount Exceeds Limit
[INFO] 2018-04-03 16:00:48,328 ExtentManager sendReq - Hmaced Request : 286a472c4c07f85d64684bec7b61f1b510d829d7d4cf2c88e2a8e54de99b9e35*!9894060407APQM;Y;15316170605690416310253121025515855714;8778602561;256487;test   ;463795;123457;4.0;2478623864983269;111190511349729371828804633557082040325
[INFO] 2018-04-03 16:00:49,312 ExtentManager sendReq - Response received from Server : QM09;Your account has been blocked / deactivated;03/04/2018 16:01;TXNID:809316246671;BID:C463795
[INFO] 2018-04-03 16:00:49,313 ExtentManager sendReq - Transaction ID : 809316246671
[INFO] 2018-04-03 16:00:49,376 ExtentManager sendReq - ******************************END********************************

[INFO] 2018-04-03 16:00:49,382 ExtentManager sendReq - ******************************START******************************
[INFO] 2018-04-03 16:00:49,383 ExtentManager sendReq - Request : m2m Ben Reg Acclist For Random Mobile No
[INFO] 2018-04-03 16:00:49,385 ExtentManager sendReq - Hmaced Request : baf59d9b0ec6b4bec630612f1cda3d03b95704d226fec00b2b4abc0f30ed600f*!9894060407APRM;Y;15316170605690416310253121025515855714;463795;9372655151;FTBeneficiary;0001;463795;123457;4.0;2478623864983269;23412826397823026574021851158928733413
[INFO] 2018-04-03 16:00:51,468 ExtentManager sendReq - Response received from Server : RM09;Your account has been blocked / deactivated;03/04/2018 16:01;TXNID:809316246672;BID:C463795
[INFO] 2018-04-03 16:00:51,469 ExtentManager sendReq - Transaction ID : 809316246672
[INFO] 2018-04-03 16:00:51,540 ExtentManager sendReq - ******************************END********************************

[INFO] 2018-04-03 16:00:51,547 ExtentManager sendReq - ******************************START******************************
[INFO] 2018-04-03 16:00:51,548 ExtentManager sendReq - Request : m2m ben payment Exceed Transaction Amount
[INFO] 2018-04-03 16:00:51,550 ExtentManager sendReq - Hmaced Request : 5394449460bff9abd155440f170565577c57268e1b15542400727e9208ea7b28*!9894060407APFT;Y;15316170605690416310253121025515855714;256487;test   ;FTBeneficiary;463795;123457;4.0;2478623864983269;85594072950162018481058735243012773436
[INFO] 2018-04-03 16:00:52,623 ExtentManager sendReq - Response received from Server : FT09;Your account has been blocked / deactivated;03/04/2018 16:01;TXNID:809316246673;BID:C463795
[INFO] 2018-04-03 16:00:52,629 ExtentManager sendReq - Transaction ID : 809316246673
[INFO] 2018-04-03 16:00:52,692 ExtentManager sendReq - ******************************END********************************

[INFO] 2018-04-03 16:00:52,700 ExtentManager sendReq - ******************************START******************************
[INFO] 2018-04-03 16:00:52,700 ExtentManager sendReq - Request : m2m ben payment Insufficient Amount
[INFO] 2018-04-03 16:00:52,704 ExtentManager sendReq - Hmaced Request : fffe512f66e7a9a95e88b13c14d6aac6c49806207b5248a7a61dc280db08cc12*!9894060407APFT;Y;15316170605690416310253121025515855714;4;test   ;FTBeneficiary;463795;123457;4.0;2478623864983269;63007019809810282323402963997821472115
[INFO] 2018-04-03 16:00:54,053 ExtentManager sendReq - Response received from Server : FT09;Your account has been blocked / deactivated;03/04/2018 16:01;TXNID:809316246674;BID:C463795
[INFO] 2018-04-03 16:00:54,054 ExtentManager sendReq - Transaction ID : 809316246674
[INFO] 2018-04-03 16:00:54,118 ExtentManager sendReq - ******************************END********************************

[INFO] 2018-04-03 16:00:54,127 ExtentManager sendReq - ******************************START******************************
[INFO] 2018-04-03 16:00:54,128 ExtentManager sendReq - Request : m2m Ben Del Same Ben SearchWKw
[INFO] 2018-04-03 16:00:54,130 ExtentManager sendReq - Hmaced Request : f2b611d7cdb54bdac64f25b110328b36d1ccbef68c1a11fdaf1733d65cb5aec5*!9894060407AP2L;Y;15316170605690416310253121025515855714;FTBeneficiary;001;463795;123457;4.0;2478623864983269;166571057597534096033939979872770882013
[INFO] 2018-04-03 16:00:55,386 ExtentManager sendReq - Response received from Server : 2L09;Your account has been blocked / deactivated;03/04/2018 16:02;TXNID:809316246675;BID:C463795
[INFO] 2018-04-03 16:00:55,387 ExtentManager sendReq - Transaction ID : 809316246675
[INFO] 2018-04-03 16:00:55,443 ExtentManager sendReq - ******************************END********************************

[INFO] 2018-04-03 16:00:55,446 ExtentManager sendReq - ******************************START******************************
[INFO] 2018-04-03 16:00:55,446 ExtentManager sendReq - Request : P2A Quick FT
[INFO] 2018-04-03 16:00:55,448 ExtentManager sendReq - Hmaced Request : 1fb70ae7b2ad3a22ad76ec7ecfe34c1e5f2c800678db56acb7c00d53c53d158c*!9894060407APQT;Y;15316170605690416310253121025515855714;3286478326489632;10;10;test   ;001;463795;123457;4.0;2478623864983269;143597174181805717048572957377127885719
[INFO] 2018-04-03 16:00:56,394 ExtentManager sendReq - Response received from Server : QT09;Your account has been blocked / deactivated;03/04/2018 16:02;TXNID:809316246676;BID:C463795
[INFO] 2018-04-03 16:00:56,394 ExtentManager sendReq - Transaction ID : 809316246676
[INFO] 2018-04-03 16:00:56,460 ExtentManager sendReq - ******************************END********************************

[INFO] 2018-04-03 16:00:56,467 ExtentManager sendReq - ******************************START******************************
[INFO] 2018-04-03 16:00:56,468 ExtentManager sendReq - Request : m2a benificary registration search
[INFO] 2018-04-03 16:00:56,470 ExtentManager sendReq - Hmaced Request : 7e3dc489de12f5dfaa458307b8d54304f9d8ccbb31b2d8989a4b0deb1ebe779e*!9894060407APRA;Y;15316170605690416310253121025515855714;463795;3286478326489632;10;FTBeneficiary;463795;123457;4.0;2478623864983269;86149571109371234680760776385913904429
[INFO] 2018-04-03 16:00:57,321 ExtentManager sendReq - Response received from Server : RA09;Your account has been blocked / deactivated;03/04/2018 16:02;TXNID:809316246677;BID:C463795
[INFO] 2018-04-03 16:00:57,322 ExtentManager sendReq - Transaction ID : 809316246677
[INFO] 2018-04-03 16:00:57,394 ExtentManager sendReq - ******************************END********************************

[INFO] 2018-04-03 16:00:57,400 ExtentManager sendReq - ******************************START******************************
[INFO] 2018-04-03 16:00:57,401 ExtentManager sendReq - Request : m2a benificiary req
[INFO] 2018-04-03 16:00:57,403 ExtentManager sendReq - Hmaced Request : f13391f9606b4a124f57b48d5a432bcca7ef0ed56770cad547d640bf172b3130*!9894060407APC2;Y;15316170605690416310253121025515855714;463795;3286478326489632;10;FTBeneficiary;463795;123457;4.0;2478623864983269;107901520659073393788347806135905163535
[INFO] 2018-04-03 16:00:58,509 ExtentManager sendReq - Response received from Server : C209;Your account has been blocked / deactivated;03/04/2018 16:02;TXNID:809316246678;BID:C463795
[INFO] 2018-04-03 16:00:58,510 ExtentManager sendReq - Transaction ID : 809316246678
[INFO] 2018-04-03 16:00:58,581 ExtentManager sendReq - ******************************END********************************

[INFO] 2018-04-03 16:00:58,590 ExtentManager sendReq - ******************************START******************************
[INFO] 2018-04-03 16:00:58,591 ExtentManager sendReq - Request : m2a benificiary payment search
[INFO] 2018-04-03 16:00:58,593 ExtentManager sendReq - Hmaced Request : 250b08f65db9a527052ed7f662411675b17aefa5d645b30693b02ebc1997187b*!9894060407APF2;Y;15316170605690416310253121025515855714;F;001;463795;123457;4.0;2478623864983269;32936292340582342998663235270149816732
[INFO] 2018-04-03 16:00:59,786 ExtentManager sendReq - Response received from Server : F209;Your account has been blocked / deactivated;03/04/2018 16:02;TXNID:809316246679;BID:C463795
[INFO] 2018-04-03 16:00:59,787 ExtentManager sendReq - Transaction ID : 809316246679
[INFO] 2018-04-03 16:00:59,850 ExtentManager sendReq - ******************************END********************************

[INFO] 2018-04-03 16:00:59,857 ExtentManager sendReq - ******************************START******************************
[INFO] 2018-04-03 16:00:59,858 ExtentManager sendReq - Request : m2a benificiary payment
[INFO] 2018-04-03 16:00:59,860 ExtentManager sendReq - Hmaced Request : 08280b97af86adfdc030e39a62dbb782b6e25867b80b0aa538f3566f382e067e*!9894060407APFA;Y;15316170605690416310253121025515855714;10;test   ;FTBeneficiary;463795;123457;4.0;2478623864983269;93186009485143190945869279424160633156
[INFO] 2018-04-03 16:01:01,340 ExtentManager sendReq - Response received from Server : FA09;Your account has been blocked / deactivated;03/04/2018 16:02;TXNID:809316246680;BID:C463795
[INFO] 2018-04-03 16:01:01,341 ExtentManager sendReq - Transaction ID : 809316246680
[INFO] 2018-04-03 16:01:01,404 ExtentManager sendReq - ******************************END********************************

[INFO] 2018-04-03 16:01:01,411 ExtentManager sendReq - ******************************START******************************
[INFO] 2018-04-03 16:01:01,411 ExtentManager sendReq - Request : m2a benificiary details Without Keyword
[INFO] 2018-04-03 16:01:01,414 ExtentManager sendReq - Hmaced Request : aae8b21c74888541f6597f006cd7cfeef3b14ba88d2d734f60d243742602c7cd*!9894060407APD6;Y;15316170605690416310253121025515855714;;001;463795;123457;4.0;2478623864983269;107326227276942955634620513681269878342
[INFO] 2018-04-03 16:01:03,831 ExtentManager sendReq - Response received from Server : D609;Your account has been blocked / deactivated;03/04/2018 16:02;TXNID:809316246681;BID:C463795
[INFO] 2018-04-03 16:01:03,832 ExtentManager sendReq - Transaction ID : 809316246681
[INFO] 2018-04-03 16:01:03,895 ExtentManager sendReq - ******************************END********************************

[INFO] 2018-04-03 16:01:03,902 ExtentManager sendReq - ******************************START******************************
[INFO] 2018-04-03 16:01:03,903 ExtentManager sendReq - Request : m2a benificiary details With Keyword
[INFO] 2018-04-03 16:01:03,905 ExtentManager sendReq - Hmaced Request : 8548d235430c6f794f70c9abe23db1da2fbd268de31b86f2cd221ff5e370ec51*!9894060407APD6;Y;15316170605690416310253121025515855714;FTBeneficiary;001;463795;123457;4.0;2478623864983269;155842353977610305678742990175283936157
[INFO] 2018-04-03 16:01:05,065 ExtentManager sendReq - Response received from Server : D609;Your account has been blocked / deactivated;03/04/2018 16:02;TXNID:809316246682;BID:C463795
[INFO] 2018-04-03 16:01:05,065 ExtentManager sendReq - Transaction ID : 809316246682
[INFO] 2018-04-03 16:01:05,128 ExtentManager sendReq - ******************************END********************************

[INFO] 2018-04-03 16:01:05,135 ExtentManager sendReq - ******************************START******************************
[INFO] 2018-04-03 16:01:05,136 ExtentManager sendReq - Request : m2a benificiary deregistration search without keyword
[INFO] 2018-04-03 16:01:05,139 ExtentManager sendReq - Hmaced Request : 86af4dedaaddae03212e9e189b5990afc5fe32857c3444be7eb31645922f62c3*!9894060407AP3L;Y;15316170605690416310253121025515855714;;001;463795;123457;4.0;2478623864983269;134008073062445576952362208746930022941
[INFO] 2018-04-03 16:01:06,236 ExtentManager sendReq - Response received from Server : 3L09;Your account has been blocked / deactivated;03/04/2018 16:02;TXNID:809316246683;BID:C463795
[INFO] 2018-04-03 16:01:06,237 ExtentManager sendReq - Transaction ID : 809316246683
[INFO] 2018-04-03 16:01:06,301 ExtentManager sendReq - ******************************END********************************

[INFO] 2018-04-03 16:01:06,313 ExtentManager sendReq - ******************************START******************************
[INFO] 2018-04-03 16:01:06,313 ExtentManager sendReq - Request : m2a benificiary deregistration search with keyword
[INFO] 2018-04-03 16:01:06,315 ExtentManager sendReq - Hmaced Request : e723dafa38cbf8eea8cc484f27e15b15e1e5f94a520b8f6151b466cac2c98876*!9894060407AP3L;Y;15316170605690416310253121025515855714;FTBeneficiary;001;463795;123457;4.0;2478623864983269;44182795299664870825043816653391859986
[INFO] 2018-04-03 16:01:07,280 ExtentManager sendReq - Response received from Server : 3L09;Your account has been blocked / deactivated;03/04/2018 16:02;TXNID:809316246684;BID:C463795
[INFO] 2018-04-03 16:01:07,281 ExtentManager sendReq - Transaction ID : 809316246684
[INFO] 2018-04-03 16:01:07,347 ExtentManager sendReq - ******************************END********************************

[INFO] 2018-04-03 16:01:07,354 ExtentManager sendReq - ******************************START******************************
[INFO] 2018-04-03 16:01:07,354 ExtentManager sendReq - Request : m2a benificiary deregistration search with keyword
[INFO] 2018-04-03 16:01:07,357 ExtentManager sendReq - Hmaced Request : d29a16dcf5f104b1f4c6e8e267e673768f851269678761e4d7fbc2b319100255*!9894060407AP3D;Y;15316170605690416310253121025515855714;FTBeneficiary;463795;123457;4.0;2478623864983269;185463656653341358149463274081997068380
[INFO] 2018-04-03 16:01:08,352 ExtentManager sendReq - Response received from Server : 3D09;Your account has been blocked / deactivated;03/04/2018 16:02;TXNID:809316246685;BID:C463795
[INFO] 2018-04-03 16:01:08,353 ExtentManager sendReq - Transaction ID : 809316246685
[INFO] 2018-04-03 16:01:08,415 ExtentManager sendReq - ******************************END********************************

[INFO] 2018-04-03 16:01:08,422 ExtentManager sendReq - ******************************START******************************
[INFO] 2018-04-03 16:01:08,423 ExtentManager sendReq - Request : m2a Quick FT Random Ben Account
[INFO] 2018-04-03 16:01:08,425 ExtentManager sendReq - Hmaced Request : 34ec5c6630809797e58f51ac71459e80c4b7e76236bd9d4e794f34e89b73060c*!9894060407APQT;Y;15316170605690416310253121025515855714;3286478326489000;10;10;test   ;001;463795;123457;4.0;2478623864983269;131123807757698332587036989619954197863
[INFO] 2018-04-03 16:01:09,184 ExtentManager sendReq - Response received from Server : QT09;Your account has been blocked / deactivated;03/04/2018 16:02;TXNID:809316246686;BID:C463795
[INFO] 2018-04-03 16:01:09,184 ExtentManager sendReq - Transaction ID : 809316246686
[INFO] 2018-04-03 16:01:09,238 ExtentManager sendReq - ******************************END********************************

[INFO] 2018-04-03 16:01:09,240 ExtentManager sendReq - ******************************START******************************
[INFO] 2018-04-03 16:01:09,241 ExtentManager sendReq - Request : m2a Quick FT Exceeds Transaction Amount
[INFO] 2018-04-03 16:01:09,241 ExtentManager sendReq - Hmaced Request : f253174d5ad6b969561ff6bfbf2c23c28a29dcaf532b3b4bcb7f03bab8a8e3f4*!9894060407APQT;Y;15316170605690416310253121025515855714;3286478326489632;10;256487;test   ;001;463795;123457;4.0;2478623864983269;13060825717703307125047541443869518175
[INFO] 2018-04-03 16:01:10,401 ExtentManager sendReq - Response received from Server : QT09;Your account has been blocked / deactivated;03/04/2018 16:02;TXNID:809316246687;BID:C463795
[INFO] 2018-04-03 16:01:10,402 ExtentManager sendReq - Transaction ID : 809316246687
[INFO] 2018-04-03 16:01:10,463 ExtentManager sendReq - ******************************END********************************

[INFO] 2018-04-03 16:01:10,470 ExtentManager sendReq - ******************************START******************************
[INFO] 2018-04-03 16:01:10,470 ExtentManager sendReq - Request : m2a QuickFT Insufficient Amount
[INFO] 2018-04-03 16:01:10,472 ExtentManager sendReq - Hmaced Request : 6335ccee067a7e1d1a09737cd98601c6a668326cbf97807c7728b414a4f1664b*!9894060407APQT;Y;15316170605690416310253121025515855714;3286478326489632;10;4;test   ;001;463795;123457;4.0;2478623864983269;178414111267022499128271830436525310135
[INFO] 2018-04-03 16:01:12,075 ExtentManager sendReq - Response received from Server : QT09;Your account has been blocked / deactivated;03/04/2018 16:02;TXNID:809316246688;BID:C463795
[INFO] 2018-04-03 16:01:12,075 ExtentManager sendReq - Transaction ID : 809316246688
[INFO] 2018-04-03 16:01:12,128 ExtentManager sendReq - ******************************END********************************

[INFO] 2018-04-03 16:01:12,133 ExtentManager sendReq - ******************************START******************************
[INFO] 2018-04-03 16:01:12,133 ExtentManager sendReq - Request : m2a Ben Reg With Random Ben Account
[INFO] 2018-04-03 16:01:12,133 ExtentManager sendReq - Hmaced Request : d8fa7edc18fd084ed0c54851d2330b722950e01d3398e479e62dbbfa533764a0*!9894060407APC2;Y;15316170605690416310253121025515855714;463795;3286478326489001;10;FTBeneficiary;463795;123457;4.0;2478623864983269;145516805627157242117701809199655056653
[INFO] 2018-04-03 16:01:13,229 ExtentManager sendReq - Response received from Server : C209;Your account has been blocked / deactivated;03/04/2018 16:02;TXNID:809316246689;BID:C463795
[INFO] 2018-04-03 16:01:13,229 ExtentManager sendReq - Transaction ID : 809316246689
[INFO] 2018-04-03 16:01:13,290 ExtentManager sendReq - ******************************END********************************

[INFO] 2018-04-03 16:01:13,297 ExtentManager sendReq - ******************************START******************************
[INFO] 2018-04-03 16:01:13,298 ExtentManager sendReq - Request : m2a Ben Payment Exceed Transaction Amount
[INFO] 2018-04-03 16:01:13,300 ExtentManager sendReq - Hmaced Request : 74d00c810f29fb65f6e266626d0180f3e4a296a5aa8cbc750761ddae628a90d5*!9894060407APFA;Y;15316170605690416310253121025515855714;256487;test   ;FTBeneficiary;463795;123457;4.0;2478623864983269;113097859280488965797950138432425743729
[INFO] 2018-04-03 16:01:14,184 ExtentManager sendReq - Response received from Server : FA09;Your account has been blocked / deactivated;03/04/2018 16:02;TXNID:809316246690;BID:C463795
[INFO] 2018-04-03 16:01:14,185 ExtentManager sendReq - Transaction ID : 809316246690
[INFO] 2018-04-03 16:01:14,245 ExtentManager sendReq - ******************************END********************************

[INFO] 2018-04-03 16:01:14,251 ExtentManager sendReq - ******************************START******************************
[INFO] 2018-04-03 16:01:14,251 ExtentManager sendReq - Request : m2a Ben Payment InSufficient Amount
[INFO] 2018-04-03 16:01:14,252 ExtentManager sendReq - Hmaced Request : 46eca780fda8b1da7babe0a59dbb361af75f8fa557107568d2e5e25c08935ae1*!9894060407APFA;Y;15316170605690416310253121025515855714;4;test   ;FTBeneficiary;463795;123457;4.0;2478623864983269;115687964969592374630696662202238374758
[INFO] 2018-04-03 16:01:15,116 ExtentManager sendReq - Response received from Server : FA09;Your account has been blocked / deactivated;03/04/2018 16:02;TXNID:809316246691;BID:C463795
[INFO] 2018-04-03 16:01:15,117 ExtentManager sendReq - Transaction ID : 809316246691
[INFO] 2018-04-03 16:01:15,181 ExtentManager sendReq - ******************************END********************************

[INFO] 2018-04-03 16:01:15,187 ExtentManager sendReq - ******************************START******************************
[INFO] 2018-04-03 16:01:15,188 ExtentManager sendReq - Request : m2a Ben De-register Same Ben
[INFO] 2018-04-03 16:01:15,190 ExtentManager sendReq - Hmaced Request : 5d9ed3d5c0471c22f6ac8df3116afe18addadb9b0d62e70d1a854771e492cf1c*!9894060407AP3D;Y;15316170605690416310253121025515855714;FTBeneficiary;463795;123457;4.0;2478623864983269;150902057133410665237639817240381556235
[INFO] 2018-04-03 16:01:16,149 ExtentManager sendReq - Response received from Server : 3D09;Your account has been blocked / deactivated;03/04/2018 16:02;TXNID:809316246692;BID:C463795
[INFO] 2018-04-03 16:01:16,149 ExtentManager sendReq - Transaction ID : 809316246692
[INFO] 2018-04-03 16:01:16,203 ExtentManager sendReq - ******************************END********************************

[INFO] 2018-04-03 16:01:16,205 ExtentManager sendReq - ******************************START******************************
[INFO] 2018-04-03 16:01:16,205 ExtentManager sendReq - Request : NEFT benificiary registration
[INFO] 2018-04-03 16:01:16,206 ExtentManager sendReq - Hmaced Request : 0b623d2f2d33e6644782e08d86e14ee3811fd4e4400466792e7337380163e3c7*!9894060407APQ2;Y;15316170605690416310253121025515855714;32864783264;SA;HDFC0000001;NeftBeneficiary;463795;123457;4.0;2478623864983269;72284730054480507047473498202768149265
[INFO] 2018-04-03 16:01:17,178 ExtentManager sendReq - Response received from Server : Q209;Your account has been blocked / deactivated;03/04/2018 16:02;TXNID:809316246693;BID:C463795
[INFO] 2018-04-03 16:01:17,179 ExtentManager sendReq - Transaction ID : 809316246693
[INFO] 2018-04-03 16:01:17,241 ExtentManager sendReq - ******************************END********************************

[INFO] 2018-04-03 16:01:17,248 ExtentManager sendReq - ******************************START******************************
[INFO] 2018-04-03 16:01:17,249 ExtentManager sendReq - Request : NEFT benificiary registration confirm
[INFO] 2018-04-03 16:01:17,250 ExtentManager sendReq - Hmaced Request : 4bbf9be63a50cb1485091383ef0960228a3c84a1ebdda75c2f14602d3e6fd982*!9894060407APQ3;Y;15316170605690416310253121025515855714;32864783264;SA;HDFC0000001;NeftBeneficiary;463795;123457;4.0;2478623864983269;9469186557508809656713861341989599185
