[INFO] 2018-03-22 16:37:50,958 ExtentManager setUp - Running Mobile banking API Automation testing on mPAY 4.0

[INFO] 2018-03-22 16:37:51,107 ExtentManager sendReqAppLogin - ******************************START******************************
[INFO] 2018-03-22 16:37:51,107 ExtentManager sendReqAppLogin - Request : App Login
[INFO] 2018-03-22 16:37:51,762 ExtentManager sendReqAppLogin - Hmaced Request : 88b023ea570e54249b18c7b267b0fe7d2baace317ea3aeba45cb62254d5470ac*!9894060407APGC;BVD:4.0.9%23ANDROID7.1.1%23H1920W1080%23LENOVO+Lenovo+K8+Plus%2310.175.117.48%2312.8354858%2C80.2235916%3B463795;123457;4.0;0;168288523290581317121620491107714907126
[INFO] 2018-03-22 16:37:53,067 ExtentManager sendReqAppLogin - Response received from Server : GC00;N; ; ;N; ; ;Y;7ffffffffffff0ef;ffffffffffffffff;ffffffffffffffff;N;N;N;0508;http://www.freshersopenings.in/wp-content/uploads/2013/08/fss-logo.jpg;BID:C463795
[INFO] 2018-03-22 16:37:53,069 ExtentManager sendReqAppLogin - ******************************END********************************

[INFO] 2018-03-22 16:37:53,089 ExtentManager sendReq - ******************************START******************************
[INFO] 2018-03-22 16:37:53,090 ExtentManager sendReq - Request : Balance Enquiry
[INFO] 2018-03-22 16:37:53,093 ExtentManager sendReq - Hmaced Request : e1b17702f3ae7aa643e47ad2786ac940a6f34f1ebd477d8833b3b68f228a6f30*!9894060407APBE;Y;15316170605690416310253121025515855714;463795;123457;4.0;2478623864983269;166527238422436270536393225281148504341
[INFO] 2018-03-22 16:37:55,290 ExtentManager sendReq - Response received from Server : BE00;2,080.88;2,065.13; ;22/03/2018 16:39;TXNID:808116245113;BID:C463795
[INFO] 2018-03-22 16:37:55,290 ExtentManager sendReq - Transaction ID : 808116245113
[INFO] 2018-03-22 16:37:55,290 ExtentManager sendReq - ******************************END********************************

[INFO] 2018-03-22 16:37:55,292 ExtentManager sendReq - ******************************START******************************
[INFO] 2018-03-22 16:37:55,292 ExtentManager sendReq - Request : Mini statement
[INFO] 2018-03-22 16:37:55,293 ExtentManager sendReq - Hmaced Request : 30983db67507b4f3edaa4f947c74c8aa3bef6d08a8d234d7aa585957a879f240*!9894060407APMS;Y;15316170605690416310253121025515855714;463795;123457;4.0;2478623864983269;163247818029047482499255875517451474140
[INFO] 2018-03-22 16:37:56,960 ExtentManager sendReq - Response received from Server : MS00;08/11/17 D NEFT/SUBRAMANIAN-VELRAJAN 103.00#08/11/17 D NEFT/VGN-Facility-Mgmt-Se 107.00#08/11/17 D eBank/Tr-To-S.ANISH-KUMAR 201.00#08/11/17 D RTGS/TATA-CARD/TMBLH17312 216000.00#08/11/17 D eBank/Tr-To-SAROJINI.C 204.00#08/11/17 D NEFT/testaudit/TMBLH17312 108.00#08/11/17 D NEFT/Shanmugavel/TMBLH173 102.00#08/11/17 D NEFT/ing-vysys-test3/TMBL 109.00#08/11/17 D NEFT/ANNA-NAGAR-OWNER/TMB 100.00;2,080.88;TXNID:808116245114;BID:C463795
[INFO] 2018-03-22 16:37:56,961 ExtentManager sendReq - Transaction ID : 808116245114
[INFO] 2018-03-22 16:37:56,962 ExtentManager sendReq - ******************************END********************************

[INFO] 2018-03-22 16:37:56,970 ExtentManager sendReq - ******************************START******************************
[INFO] 2018-03-22 16:37:56,971 ExtentManager sendReq - Request : Transaction History
[INFO] 2018-03-22 16:37:56,974 ExtentManager sendReq - Hmaced Request : 73994ad48fe01cced9bbc6a2a9aa99c1ff64ed6203e5407555ccd2ffc565c61b*!9894060407APTH;Y;15316170605690416310253121025515855714;001;463795;123457;4.0;2478623864983269;87170267965081510226388463569722500868
[INFO] 2018-03-22 16:37:58,555 ExtentManager sendReq - Response received from Server : TH00;Mini Statement*22/03/18 16:37*S*.0*-*-*MOB*808116245114#Balance enquiry*22/03/18 16:37*S*.0*-*-*MOB*808116245113#Mini Statement*22/03/18 16:34*S*.0*-*-*MOB*808116245098#Balance enquiry*22/03/18 16:34*S*.0*-*-*MOB*808116245097#Mini Statement*22/03/18 16:22*S*.0*-*-*MOB*808116245095#Mini Statement*22/03/18 16:22*F*.0*-*-*MOB*808116245094#Balance enquiry*22/03/18 16:22*S*.0*-*-*MOB*808116245093#Balance enquiry*22/03/18 16:22*F*.0*-*-*MOB*808116245092#Balance enquiry*22/03/18 15:56*S*.0*-*-*MOB*808115245090#Balance enquiry*14/03/18 15:19*S*.0*-*-*MOB*807315244528#Balance enquiry*14/03/18 15:18*S*.0*-*-*MOB*807315244526#Mini Statement*02/03/18 15:56*F*.0*-*-*MOB*806115244030#IMPS*02/03/18 15:50*F*56.0*2478XXXXXX983269*-*MOB*806115244029#IMPS*02/03/18 12:39*S*23.0*2478XXXXXX983269*-*MOB*806112244028#IMPS*02/03/18 12:32*F*12.0*2478XXXXXX983269*-*MOB*806112244027#IMPS*02/03/18 12:31*F*23.0*2478XXXXXX983269*-*MOB*806112244026#IMPS*02/03/18 12:29*S*11.0*2478XXXXXX983269*-*MOB*806112244025#IMPS*02/03/18 12:02*F*123.0*2478XXXXXX983269*-*MOB*806112244024#IMPS*02/03/18 11:52*F*23.0*2478XXXXXX983269*-*MOB*806111244023#IMPS*02/03/18 11:50*F*12.0*2478XXXXXX983269*-*MOB*806111244022#IMPS*02/03/18 11:38*F*40.0*2478XXXXXX983269*-*MOB*806111244020#IMPS*02/03/18 11:01*F*33.0*2478XXXXXX983269*-*MOB*806111244019#IMPS*02/03/18 10:55*F*35.0*2478XXXXXX983269*-*MOB*806110244018#IMPS*02/03/18 10:45*F*20.0*2478XXXXXX983269*-*MOB*806110244017#IMPS*02/03/18 10:40*F*10.0*2478XXXXXX983269*-*MOB*806110244016#Balance enquiry*02/03/18 10:35*F*.0*-*-*MOB*806110244015#Balance enquiry*28/02/18 15:00*F*.0*-*-*MOB*805915243996#Balance enquiry*28/02/18 14:59*F*.0*-*-*MOB*805915243992;1;N;TXNID:808116245115;BID:C463795
[INFO] 2018-03-22 16:37:58,556 ExtentManager sendReq - Transaction ID : 808116245115
[INFO] 2018-03-22 16:37:58,557 ExtentManager sendReq - ******************************END********************************

[INFO] 2018-03-22 16:37:58,561 ExtentManager sendReq - ******************************START******************************
[INFO] 2018-03-22 16:37:58,561 ExtentManager sendReq - Request : Generate MMID
[INFO] 2018-03-22 16:37:58,563 ExtentManager sendReq - Hmaced Request : 8d5f6e80cdb82eee080be3accac857c8c0aa2808dfae35c978eeae19b93f02be*!9894060407APIM;Y;15316170605690416310253121025515855714;001;463795;123457;4.0;2478623864983269;180655333386824099187530675701764458460
[INFO] 2018-03-22 16:38:00,286 ExtentManager sendReq - Response received from Server : IM00;2011XXXXX800005*9060801#5012XXXXXX849822*9060802#5012XXXXXX849800*9060803#2011XXXXX800065*9060804#5012XXXXXX849862*9060805#5012XXXXXX849860*9060806#5012XXXXXX349826*9060807#5012XXXXXX349283*9060808#5012XXXXXX000000*9060809#2478XXXXXX983269*9060805;1;N;22/03/2018 16:39;TXNID:808116245116;BID:C463795
[INFO] 2018-03-22 16:38:00,287 ExtentManager sendReq - Transaction ID : 808116245116
[INFO] 2018-03-22 16:38:00,289 ExtentManager sendReq - ******************************END********************************

[INFO] 2018-03-22 16:38:00,296 ExtentManager sendReq - ******************************START******************************
[INFO] 2018-03-22 16:38:00,297 ExtentManager sendReq - Request : Retrieve MMID
[INFO] 2018-03-22 16:38:00,300 ExtentManager sendReq - Hmaced Request : 9e1e547d14b562ce82ec3ba4658cb0cb0b383335166e1b24e57ca1d995d3eb5d*!9894060407APS6;Y;15316170605690416310253121025515855714;2478623864983269;463795;123457;4.0;2478623864983269;81146860095499019209574757769517777368
[INFO] 2018-03-22 16:38:01,567 ExtentManager sendReq - Response received from Server : S600;Your MMID allotted for the A/C No. XXXXXXXX3269 is 9060805.You can Send and Receive Money through IMPS option in Mobile Banking.;22/03/2018 16:39;TXNID:808116245117;BID:C463795
[INFO] 2018-03-22 16:38:01,568 ExtentManager sendReq - Transaction ID : 808116245117
[INFO] 2018-03-22 16:38:01,569 ExtentManager sendReq - ******************************END********************************

[INFO] 2018-03-22 16:38:01,576 ExtentManager sendReq - ******************************START******************************
[INFO] 2018-03-22 16:38:01,577 ExtentManager sendReq - Request : Generate MMID
[INFO] 2018-03-22 16:38:01,580 ExtentManager sendReq - Hmaced Request : bf2530db0e2f5c85e96849cf1b2277fe914a1fb961f48521808d3425b289eea8*!9894060407APIM;Y;15316170605690416310253121025515855714;001;463795;123457;4.0;2478623864983269;174270948082517318553648640768192313685
[INFO] 2018-03-22 16:38:03,044 ExtentManager sendReq - Response received from Server : IM00;2011XXXXX800005*9060801#5012XXXXXX849822*9060802#5012XXXXXX849800*9060803#2011XXXXX800065*9060804#2478XXXXXX983269*9060805#5012XXXXXX849862*9060805#5012XXXXXX849860*9060806#5012XXXXXX349826*9060807#5012XXXXXX349283*9060808#5012XXXXXX000000*9060809;1;N;22/03/2018 16:39;TXNID:808116245118;BID:C463795
[INFO] 2018-03-22 16:38:03,046 ExtentManager sendReq - Transaction ID : 808116245118
[INFO] 2018-03-22 16:38:03,047 ExtentManager sendReq - ******************************END********************************

[INFO] 2018-03-22 16:38:03,048 ExtentManager sendReq - ******************************START******************************
[INFO] 2018-03-22 16:38:03,048 ExtentManager sendReq - Request : Cancel MMID All
[INFO] 2018-03-22 16:38:03,051 ExtentManager sendReq - Hmaced Request : 8c2bf7561cbf8a0f658322e3d2c8c16ad1d3f67dd984556cfe9b4074151fc48b*!9894060407APRC;Y;15316170605690416310253121025515855714;ALL;463795;123457;4.0;2478623864983269;122372861249826298014139502696698718828
[INFO] 2018-03-22 16:38:04,435 ExtentManager sendReq - Response received from Server : RC00;IMPS Cancelled successfully;22/03/2018 16:39;TXNID:808116245119;BID:C463795
[INFO] 2018-03-22 16:38:04,436 ExtentManager sendReq - Transaction ID : 808116245119
[INFO] 2018-03-22 16:38:04,437 ExtentManager sendReq - ******************************END********************************

[INFO] 2018-03-22 16:38:04,444 ExtentManager sendReq - ******************************START******************************
[INFO] 2018-03-22 16:38:04,445 ExtentManager sendReq - Request : Generate MMID
[INFO] 2018-03-22 16:38:04,447 ExtentManager sendReq - Hmaced Request : 500f492c5d7832f60c73a4578b684fc62e7456e88590e732571f4ce5621e8ebb*!9894060407APIM;Y;15316170605690416310253121025515855714;001;463795;123457;4.0;2478623864983269;160738782514159242643207912940052472271
[INFO] 2018-03-22 16:38:06,667 ExtentManager sendReq - Response received from Server : IM00;2011XXXXX800005*9060451#2011XXXXX800065*9060891#2478XXXXXX983269*9060674#5012XXXXXX000000*9060708#5012XXXXXX349826*9060781#5012XXXXXX849800*9060351#5012XXXXXX849822*9060007#5012XXXXXX849860*9060288#5012XXXXXX849862*9060030#5012XXXXXX349283*9060769;1;N;22/03/2018 16:39;TXNID:808116245120;BID:C463795
[INFO] 2018-03-22 16:38:06,667 ExtentManager sendReq - Transaction ID : 808116245120
[INFO] 2018-03-22 16:38:06,668 ExtentManager sendReq - ******************************END********************************

[INFO] 2018-03-22 16:38:06,669 ExtentManager sendReq - ******************************START******************************
[INFO] 2018-03-22 16:38:06,669 ExtentManager sendReq - Request : Cancel MMID Single
[INFO] 2018-03-22 16:38:06,672 ExtentManager sendReq - Hmaced Request : de0f1f1713a92ff72d84efcdbf1f420c3e5339f9b6a6cd2a614ee7a42db4a17f*!9894060407APRC;Y;15316170605690416310253121025515855714;2478623864983269;463795;123457;4.0;2478623864983269;8016057790137773040303459228061256627
[INFO] 2018-03-22 16:38:07,959 ExtentManager sendReq - Response received from Server : RC00;Your MMID 9060674 allotted for the A/C No. XXXXXXXX3269 is cancelled.;22/03/2018 16:39;TXNID:808116245121;BID:C463795
[INFO] 2018-03-22 16:38:07,960 ExtentManager sendReq - Transaction ID : 808116245121
[INFO] 2018-03-22 16:38:07,961 ExtentManager sendReq - ******************************END********************************

[INFO] 2018-03-22 16:38:07,968 ExtentManager sendReq - ******************************START******************************
[INFO] 2018-03-22 16:38:07,969 ExtentManager sendReq - Request : Email ID fetch
[INFO] 2018-03-22 16:38:07,971 ExtentManager sendReq - Hmaced Request : be6983f3fcb5866b4247a351d39fb9787adc68d84fa6af772c620195d3cf5115*!9894060407APZ6;Y;15316170605690416310253121025515855714;463795;123457;4.0;2478623864983269;27237255615978186820253302762522862750
[INFO] 2018-03-22 16:38:12,732 ExtentManager sendReq - Response received from Server : Z600;abc@fss.com;22/03/2018 16:39;TXNID:808116245122;BID:C463795
[INFO] 2018-03-22 16:38:12,733 ExtentManager sendReq - Transaction ID : 808116245122
[INFO] 2018-03-22 16:38:12,734 ExtentManager sendReq - ******************************END********************************

[INFO] 2018-03-22 16:38:12,740 ExtentManager sendReq - ******************************START******************************
[INFO] 2018-03-22 16:38:12,741 ExtentManager sendReq - Request : Email ID Fetch
[INFO] 2018-03-22 16:38:12,744 ExtentManager sendReq - Hmaced Request : 8eedbd4165306abd6fe9d903349add22157a2192ade27c5ef3a5c500d219f577*!9894060407APZ3;Y;15316170605690416310253121025515855714;abc@fss.com;463795;123457;4.0;2478623864983269;159106134851926400810763215527319412451
[INFO] 2018-03-22 16:38:15,866 ExtentManager sendReq - Response received from Server : Z300;Your E-mail ID configured successfully;22/03/2018 16:39;TXNID:808116245123;BID:C463795
[INFO] 2018-03-22 16:38:15,867 ExtentManager sendReq - Transaction ID : 808116245123
[INFO] 2018-03-22 16:38:15,868 ExtentManager sendReq - ******************************END********************************

[INFO] 2018-03-22 16:38:15,872 ExtentManager sendReq - ******************************START******************************
[INFO] 2018-03-22 16:38:15,873 ExtentManager sendReq - Request : Cheque status
[INFO] 2018-03-22 16:38:15,875 ExtentManager sendReq - Hmaced Request : 2f09500c281b7a2481d09025881d72e355b3ab52a557e07ea247b84f5cddab2a*!9894060407APLW;Y;15316170605690416310253121025515855714;123456;463795;123457;4.0;2478623864983269;42646563174175365277586320829785662712
[INFO] 2018-03-22 16:38:18,077 ExtentManager sendReq - Response received from Server : LW00;Your cheque (123456) has been ;22/03/2018 16:39;TXNID:808116245124;BID:C463795
[INFO] 2018-03-22 16:38:18,078 ExtentManager sendReq - Transaction ID : 808116245124
[INFO] 2018-03-22 16:38:18,079 ExtentManager sendReq - ******************************END********************************

[INFO] 2018-03-22 16:38:18,085 ExtentManager sendReq - ******************************START******************************
[INFO] 2018-03-22 16:38:18,085 ExtentManager sendReq - Request : Account Fetch
[INFO] 2018-03-22 16:38:18,088 ExtentManager sendReq - Hmaced Request : fc0e1801d649f906c53bbe9c30221b122b59bea8e10b5a47db9d323b3cefa405*!9894060407APSY;2;463795;123457;4.0;0;64032882724687726461187644018788358573
[INFO] 2018-03-22 16:38:22,399 ExtentManager sendReq - Response received from Server : SY00;N;test;2;6;5012432476849862*10#5012432476849860*10#5012432476849800*10#201150050800005*20#5012432470000000*10#5012432472349283*10;Y;TXNID:808116245125;BID:C463795
[INFO] 2018-03-22 16:38:22,400 ExtentManager sendReq - Transaction ID : 808116245125
[INFO] 2018-03-22 16:38:22,400 ExtentManager sendReq - ******************************END********************************

[INFO] 2018-03-22 16:38:22,406 ExtentManager sendReq - ******************************START******************************
[INFO] 2018-03-22 16:38:22,407 ExtentManager sendReq - Request : Stop Cheque
[INFO] 2018-03-22 16:38:22,409 ExtentManager sendReq - Hmaced Request : a651b57614af8119579379a0fcac3197d5bb10df95596128f33802d3fe3bcd8a*!9894060407APL4;Y;15316170605690416310253121025515855714;123456;463795;123457;4.0;2478623864983269;140840810689312581402615211529042035251
[INFO] 2018-03-22 16:38:24,192 ExtentManager sendReq - Response received from Server : L400;Stop Payment request issued for Cheque no. 123456 (a/c no. XXXXXXXX3269) has been executed successfully.;22/03/2018 16:39;TXNID:808116245126;BID:C463795
[INFO] 2018-03-22 16:38:24,193 ExtentManager sendReq - Transaction ID : 808116245126
[INFO] 2018-03-22 16:38:24,193 ExtentManager sendReq - ******************************END********************************

[INFO] 2018-03-22 16:38:24,199 ExtentManager sendReq - ******************************START******************************
[INFO] 2018-03-22 16:38:24,200 ExtentManager sendReq - Request : Change Login Password
[INFO] 2018-03-22 16:38:24,203 ExtentManager sendReq - Hmaced Request : fe5965be0f4aaff9dd51077a0cd17becc754a9819a9cdaea1a4b8de9fc9d92b0*!9894060407APP5;8609547570776098518502128580812621291;463795;123457;4.0;0;163157343271722134319970755649032773115
[INFO] 2018-03-22 16:38:27,361 ExtentManager sendReq - Response received from Server : P500;Login password has been changed successfully;1234;22/03/2018 16:39;TXNID:808116245127;BID:C463795
[INFO] 2018-03-22 16:38:27,362 ExtentManager sendReq - Transaction ID : 808116245127
[INFO] 2018-03-22 16:38:27,362 ExtentManager sendReq - ******************************END********************************

[INFO] 2018-03-22 17:02:45,022 ExtentManager setUp - Running Mobile banking API Automation testing on mPAY 4.0

[INFO] 2018-03-22 17:02:45,164 ExtentManager sendReq - ******************************START******************************
[INFO] 2018-03-22 17:02:45,164 ExtentManager sendReq - Request : IMPSP2PInstantPayment
[INFO] 2018-03-22 17:02:45,825 ExtentManager sendReq - Hmaced Request : ba9b737e5b60bc26cdeb13dd0c4e10d5670f5959e0cc6da4ed7929905089e4dc*!9894060407APQI;Y;15316170605690416310253121025515855714;9352478845;9240123;7;dfsjh;463795;123457;4.0;2478623864983269;116508282087256523506699229793642580150
[INFO] 2018-03-22 17:02:47,540 ExtentManager sendReq - Response received from Server : QI09;Register for IMPS to proceed with the transaction.;22/03/2018 17:03;TXNID:808117245128;BID:C463795
[INFO] 2018-03-22 17:02:47,541 ExtentManager sendReq - Transaction ID : 808117245128
[INFO] 2018-03-22 17:02:47,541 ExtentManager sendReq - ******************************END********************************

[INFO] 2018-03-22 17:02:47,563 ExtentManager sendReq - ******************************START******************************
[INFO] 2018-03-22 17:02:47,564 ExtentManager sendReq - Request : IMPSP2AInstantPayment
[INFO] 2018-03-22 17:02:47,566 ExtentManager sendReq - Hmaced Request : fc589169b4bf98a8c8e49ead9760f370ec6595f33a59a31a8010de1dbe9e3f14*!9894060407APK1;Y;15316170605690416310253121025515855714;3727163937362819373;SA;HDFC0000001;10;tehry;463795;123457;4.0;2478623864983269;12145338239914783949550613059460517075
[INFO] 2018-03-22 17:02:49,124 ExtentManager sendReq - Response received from Server : K109;Register for IMPS to proceed with the transaction.;22/03/2018 17:03;TXNID:808117245129;BID:C463795
[INFO] 2018-03-22 17:02:49,125 ExtentManager sendReq - Transaction ID : 808117245129
[INFO] 2018-03-22 17:02:49,126 ExtentManager sendReq - ******************************END********************************

[INFO] 2018-03-22 17:02:49,135 ExtentManager sendReq - ******************************START******************************
[INFO] 2018-03-22 17:02:49,136 ExtentManager sendReq - Request : IMPSP2UInstantPayment
[INFO] 2018-03-22 17:02:49,139 ExtentManager sendReq - Hmaced Request : 18fe6144a57c51c47e3c9b54b29436cc35d06c68eae8938a0420245c47f1af6d*!9894060407APQI;Y;15316170605690416310253121025515855714;;SA;;;463795;123457;4.0;2478623864983269;116050525506710845532183705376458581535
[INFO] 2018-03-22 17:02:49,588 ExtentManager sendReq - Response received from Server : QI09;Please enter a valid Beneficiary MMID to proceed with the transaction.;22/03/2018 17:03;TXNID:808117245130;BID:C463795
[INFO] 2018-03-22 17:02:49,589 ExtentManager sendReq - Transaction ID : 808117245130
[INFO] 2018-03-22 17:02:49,590 ExtentManager sendReq - ******************************END********************************

[INFO] 2018-03-22 17:02:49,598 ExtentManager sendReq - ******************************START******************************
[INFO] 2018-03-22 17:02:49,599 ExtentManager sendReq - Request : IMPSP2PAddBeneficiary
[INFO] 2018-03-22 17:02:49,603 ExtentManager sendReq - Hmaced Request : c803a4eef15987a4c91ee43e95dcaee1d7862437a1b48025479174cac8333f9d*!9894060407APW1;Y;15316170605690416310253121025515855714;9240143;9372616576;yashuuuu;463795;123457;4.0;null;176452876698899195277022729968606744386
[INFO] 2018-03-22 17:02:50,762 ExtentManager sendReq - Response received from Server : W1AF;Your Mobile Number is not registered for TMB Mconnect. Please contact your branch;22/03/2018 17:03;TXNID:808117245131;BID:C463795
[INFO] 2018-03-22 17:02:50,763 ExtentManager sendReq - Transaction ID : 808117245131
[INFO] 2018-03-22 17:02:50,764 ExtentManager sendReq - ******************************END********************************

[INFO] 2018-03-22 17:02:50,773 ExtentManager sendReq - ******************************START******************************
[INFO] 2018-03-22 17:02:50,773 ExtentManager sendReq - Request : IMPSP2PAddBeneficiaryconfirmation
[INFO] 2018-03-22 17:02:50,777 ExtentManager sendReq - Hmaced Request : 70da605e4d8503f46bb73e1e0c860594c982ce4ebf552557e3a03e67c50f32aa*!9894060407APW2;Y;15316170605690416310253121025515855714;9240143;9372616576;yashuuuu;463795;123457;4.0;2478623864983269;16080037753777729133849536337470509906
[INFO] 2018-03-22 17:02:51,732 ExtentManager sendReq - Response received from Server : W209;Register for IMPS to proceed with the transaction.;22/03/2018 17:03;TXNID:808117245132;BID:C463795
[INFO] 2018-03-22 17:02:51,733 ExtentManager sendReq - Transaction ID : 808117245132
[INFO] 2018-03-22 17:02:51,734 ExtentManager sendReq - ******************************END********************************

[INFO] 2018-03-22 17:02:51,741 ExtentManager sendReq - ******************************START******************************
[INFO] 2018-03-22 17:02:51,745 ExtentManager sendReq - Request : IMPSP2PBeneficiarySearchListenquiry
[INFO] 2018-03-22 17:02:51,747 ExtentManager sendReq - Hmaced Request : 9e10f658da7fc1c0bbbd926b140c819ac92c75e0e85392c3ec149e15522109fc*!9894060407APD9;Y;15316170605690416310253121025515855714;niiki;001;463795;123457;4.0;2478623864983269;48098214471401330406609317598017458592
[INFO] 2018-03-22 17:02:53,022 ExtentManager sendReq - Response received from Server : D901;Beneficiary niiki not found.;22/03/2018 17:03;TXNID:808117245133;BID:C463795
[INFO] 2018-03-22 17:02:53,023 ExtentManager sendReq - Transaction ID : 808117245133
[INFO] 2018-03-22 17:02:53,024 ExtentManager sendReq - ******************************END********************************

[INFO] 2018-03-22 17:02:53,031 ExtentManager sendReq - ******************************START******************************
[INFO] 2018-03-22 17:02:53,032 ExtentManager sendReq - Request : IMPSP2PDeleteBeneficiaryListenquiry
[INFO] 2018-03-22 17:02:53,035 ExtentManager sendReq - Hmaced Request : 7983df3ad56e65d2800d9117e93bf59ca2cd5640d816e68e2eafd907c48a5929*!9894060407AP5L;Y;15316170605690416310253121025515855714;;001;463795;123457;4.0;2478623864983269;8879282864816697581210497361402704285
[INFO] 2018-03-22 17:02:54,280 ExtentManager sendReq - Response received from Server : 5L01;You are yet to register a beneficiary;22/03/2018 17:03;TXNID:808117245134;BID:C463795
[INFO] 2018-03-22 17:02:54,281 ExtentManager sendReq - Transaction ID : 808117245134
[INFO] 2018-03-22 17:02:54,281 ExtentManager sendReq - ******************************END********************************

[INFO] 2018-03-22 17:02:54,287 ExtentManager sendReq - ******************************START******************************
[INFO] 2018-03-22 17:02:54,288 ExtentManager sendReq - Request : IMPSP2PDeleteBeneficiaryConfirmation
[INFO] 2018-03-22 17:02:54,290 ExtentManager sendReq - Hmaced Request : 8da351354b8b9fa619e1f06dbf430db511e060e6b6c3d8d53110551eb861c389*!9894060407AP5L;Y;15316170605690416310253121025515855714;;001;463795;123457;4.0;2478623864983269;109468702608858568695676147869989128018
[INFO] 2018-03-22 17:02:55,647 ExtentManager sendReq - Response received from Server : 5L01;You are yet to register a beneficiary;22/03/2018 17:04;TXNID:808117245135;BID:C463795
[INFO] 2018-03-22 17:02:55,648 ExtentManager sendReq - Transaction ID : 808117245135
[INFO] 2018-03-22 17:02:55,649 ExtentManager sendReq - ******************************END********************************

[INFO] 2018-03-22 17:02:55,655 ExtentManager sendReq - ******************************START******************************
[INFO] 2018-03-22 17:02:55,657 ExtentManager sendReq - Request : IMPSP2PBeneficiaryPaymentListenquiry
[INFO] 2018-03-22 17:02:55,660 ExtentManager sendReq - Hmaced Request : 1bfe8a15a5a831553dad48d6458c0325ed90466779b287f368cb0b1e10b8bfb2*!9894060407APW3;Y;15316170605690416310253121025515855714;P;niiki;001;463795;123457;4.0;2478623864983269;47146684141552990307933053211013347695
[INFO] 2018-03-22 17:02:56,715 ExtentManager sendReq - Response received from Server : W309;Register for IMPS to proceed with the transaction.;22/03/2018 17:04;TXNID:808117245136;BID:C463795
[INFO] 2018-03-22 17:02:56,716 ExtentManager sendReq - Transaction ID : 808117245136
[INFO] 2018-03-22 17:02:56,717 ExtentManager sendReq - ******************************END********************************

[INFO] 2018-03-22 17:02:56,724 ExtentManager sendReq - ******************************START******************************
[INFO] 2018-03-22 17:02:56,724 ExtentManager sendReq - Request : IMPSP2PBeneficiaryPaymentConfirmation
[INFO] 2018-03-22 17:02:56,727 ExtentManager sendReq - Hmaced Request : 8b59644830e57f2b6e63a169248c2e3d52afd16bb29e2654c496feda5d42ec78*!9894060407APW4;Y;15316170605690416310253121025515855714;20;trans;yashuuuu;463795;123457;4.0;2478623864983269;86699719212036194911674647224658190934
[INFO] 2018-03-22 17:02:57,880 ExtentManager sendReq - Response received from Server : W409;Register for IMPS to proceed with the transaction.;22/03/2018 17:04;TXNID:808117245137;BID:C463795
[INFO] 2018-03-22 17:02:57,880 ExtentManager sendReq - Transaction ID : 808117245137
[INFO] 2018-03-22 17:02:57,881 ExtentManager sendReq - ******************************END********************************

[INFO] 2018-03-22 17:02:57,884 ExtentManager sendReq - ******************************START******************************
[INFO] 2018-03-22 17:02:57,884 ExtentManager sendReq - Request : IMPSP2AAddBeneficiary
[INFO] 2018-03-22 17:02:57,885 ExtentManager sendReq - Hmaced Request : 9a47284d71eab2191779b99d767e2b73b5d4e6120ed559687ffec8024e192872*!9894060407APK2;Y;15316170605690416310253121025515855714;6473839242827281547;SA;HDFC0000002;nickii;463795;123457;4.0;2478623864983269;144457862149737081995188502991416334651
[INFO] 2018-03-22 17:02:59,350 ExtentManager sendReq - Response received from Server : K209;Register for IMPS to proceed with the transaction.;22/03/2018 17:04;TXNID:808117245138;BID:C463795
[INFO] 2018-03-22 17:02:59,350 ExtentManager sendReq - Transaction ID : 808117245138
[INFO] 2018-03-22 17:02:59,351 ExtentManager sendReq - ******************************END********************************

[INFO] 2018-03-22 17:02:59,356 ExtentManager sendReq - ******************************START******************************
[INFO] 2018-03-22 17:02:59,357 ExtentManager sendReq - Request : IMPSP2AAddBeneficiaryconfirmation
[INFO] 2018-03-22 17:02:59,359 ExtentManager sendReq - Hmaced Request : f06ece01a33e2be50aeafb00d617c0b292136c4094e3409b43c9f34b0b907baa*!9894060407APK3;Y;15316170605690416310253121025515855714;6473839242827281547;SA;HDFC0000002;nickii;463795;123457;4.0;2478623864983269;131164710151329188437695571082019043122
[INFO] 2018-03-22 17:03:01,137 ExtentManager sendReq - Response received from Server : K300;Beneficiary nickii added successfully;22/03/2018 17:04;TXNID:808117245139;BID:C463795
[INFO] 2018-03-22 17:03:01,138 ExtentManager sendReq - Transaction ID : 808117245139
[INFO] 2018-03-22 17:03:01,138 ExtentManager sendReq - ******************************END********************************

[INFO] 2018-03-22 17:03:01,144 ExtentManager sendReq - ******************************START******************************
[INFO] 2018-03-22 17:03:01,149 ExtentManager sendReq - Request : IMPSP2ABeneficiarySearchListenquiry
[INFO] 2018-03-22 17:03:01,151 ExtentManager sendReq - Hmaced Request : db82d8037d2d1e4cc7df353330877fb778e72d324de2aebd8146e5a92f4f337d*!9894060407APD9;Y;15316170605690416310253121025515855714;;001;463795;123457;4.0;2478623864983269;53912502816450155326104236283958787722
[INFO] 2018-03-22 17:03:02,221 ExtentManager sendReq - Response received from Server : D901;You are yet to register a beneficiary;22/03/2018 17:04;TXNID:808117245140;BID:C463795
[INFO] 2018-03-22 17:03:02,222 ExtentManager sendReq - Transaction ID : 808117245140
[INFO] 2018-03-22 17:03:02,222 ExtentManager sendReq - ******************************END********************************

[INFO] 2018-03-22 17:03:02,229 ExtentManager sendReq - ******************************START******************************
[INFO] 2018-03-22 17:03:02,230 ExtentManager sendReq - Request : IMPSP2ADeleteBeneficiaryListenquiry
[INFO] 2018-03-22 17:03:02,232 ExtentManager sendReq - Hmaced Request : bd9f0d9f72589d58e553b980d0e55044fe2818bdd3349d6667c44b40a34bd13a*!9894060407AP5L;Y;15316170605690416310253121025515855714;;001;463795;123457;4.0;2478623864983269;26698485850633673513021051957444199026
[INFO] 2018-03-22 17:03:03,301 ExtentManager sendReq - Response received from Server : 5L01;You are yet to register a beneficiary;22/03/2018 17:04;TXNID:808117245141;BID:C463795
[INFO] 2018-03-22 17:03:03,302 ExtentManager sendReq - Transaction ID : 808117245141
[INFO] 2018-03-22 17:03:03,303 ExtentManager sendReq - ******************************END********************************

[INFO] 2018-03-22 17:03:03,309 ExtentManager sendReq - ******************************START******************************
[INFO] 2018-03-22 17:03:03,310 ExtentManager sendReq - Request : IMPSP2ADeleteBeneficiaryConfirmation
[INFO] 2018-03-22 17:03:03,312 ExtentManager sendReq - Hmaced Request : c79f5f97693b1d5e5f50b0c75cad92112d44af16f9618ac78fc6013dee1abe94*!9894060407AP5L;Y;15316170605690416310253121025515855714;;001;463795;123457;4.0;2478623864983269;99510999401107429367395497683445330637
[INFO] 2018-03-22 17:03:04,447 ExtentManager sendReq - Response received from Server : 5L01;You are yet to register a beneficiary;22/03/2018 17:04;TXNID:808117245142;BID:C463795
[INFO] 2018-03-22 17:03:04,447 ExtentManager sendReq - Transaction ID : 808117245142
[INFO] 2018-03-22 17:03:04,447 ExtentManager sendReq - ******************************END********************************

[INFO] 2018-03-22 17:03:04,451 ExtentManager sendReq - ******************************START******************************
[INFO] 2018-03-22 17:03:04,452 ExtentManager sendReq - Request : IMPSP2ABeneficiaryPaymentListenquiry
[INFO] 2018-03-22 17:03:04,453 ExtentManager sendReq - Hmaced Request : d8a4058027b52ca9d0f18e19c9cf4d2c6f5e09ec9ed6dbd6834c213d8cd9470b*!9894060407APK4;Y;15316170605690416310253121025515855714;nickii;1;463795;123457;4.0;2478623864983269;63749713627835337250935318470520028958
[INFO] 2018-03-22 17:03:05,912 ExtentManager sendReq - Response received from Server : K400;nickii;nickii*HDFC0000002*6473839242827281547*SA;1;N;TXNID:808117245143;BID:C463795
[INFO] 2018-03-22 17:03:05,912 ExtentManager sendReq - Transaction ID : 808117245143
[INFO] 2018-03-22 17:03:05,913 ExtentManager sendReq - ******************************END********************************

[INFO] 2018-03-22 17:03:05,917 ExtentManager sendReq - ******************************START******************************
[INFO] 2018-03-22 17:03:05,917 ExtentManager sendReq - Request : IMPSP2ABeneficiaryPaymentConfirmation
[INFO] 2018-03-22 17:03:05,918 ExtentManager sendReq - Hmaced Request : a5393e3ff20b59df2ade3f7e1fbd3fa4d23a4d3385ad69478a75cd6cdf012b72*!9894060407APK5;Y;15316170605690416310253121025515855714;nickii;10;gffsa;463795;123457;4.0;2478623864983269;85491794105802482893584919122724121473
[INFO] 2018-03-22 17:03:07,117 ExtentManager sendReq - Response received from Server : K509;Register for IMPS to proceed with the transaction.;22/03/2018 17:04;TXNID:808117245144;BID:C463795
[INFO] 2018-03-22 17:03:07,118 ExtentManager sendReq - Transaction ID : 808117245144
[INFO] 2018-03-22 17:03:07,118 ExtentManager sendReq - ******************************END********************************

[INFO] 2018-03-22 17:07:41,738 ExtentManager setUp - Running Mobile banking API Automation testing on mPAY 4.0

[INFO] 2018-03-22 17:07:41,879 ExtentManager sendReq - ******************************START******************************
[INFO] 2018-03-22 17:07:41,879 ExtentManager sendReq - Request : IMPSP2PInstantPayment
[INFO] 2018-03-22 17:07:42,509 ExtentManager sendReq - Hmaced Request : a003d439d7652905b2e68f634115ea4f473747070d9ad798b9277f93f17797e5*!9894060407APQI;Y;15316170605690416310253121025515855714;9352478845;9240123;7;dfsjh;463795;123457;4.0;2478623864983269;189890322861146008526435361515723482250
[INFO] 2018-03-22 17:07:43,710 ExtentManager sendReq - Response received from Server : QI09;Register for IMPS to proceed with the transaction.;22/03/2018 17:08;TXNID:808117245145;BID:C463795
[INFO] 2018-03-22 17:07:43,711 ExtentManager sendReq - Transaction ID : 808117245145
[INFO] 2018-03-22 17:07:43,712 ExtentManager sendReq - ******************************END********************************

[INFO] 2018-03-22 17:07:43,737 ExtentManager sendReq - ******************************START******************************
[INFO] 2018-03-22 17:07:43,738 ExtentManager sendReq - Request : IMPSP2AInstantPayment
[INFO] 2018-03-22 17:07:43,742 ExtentManager sendReq - Hmaced Request : 1487b782c85e2b8eb137e032a95d5dd8c1002cedce4b4699ed4631f5fe2cf698*!9894060407APK1;Y;15316170605690416310253121025515855714;3727163937362819373;SA;HDFC0000001;10;tehry;463795;123457;4.0;2478623864983269;186548733222963501718664462968576276405
[INFO] 2018-03-22 17:07:44,796 ExtentManager sendReq - Response received from Server : K109;Register for IMPS to proceed with the transaction.;22/03/2018 17:08;TXNID:808117245146;BID:C463795
[INFO] 2018-03-22 17:07:44,797 ExtentManager sendReq - Transaction ID : 808117245146
[INFO] 2018-03-22 17:07:44,798 ExtentManager sendReq - ******************************END********************************

[INFO] 2018-03-22 17:07:44,807 ExtentManager sendReq - ******************************START******************************
[INFO] 2018-03-22 17:07:44,808 ExtentManager sendReq - Request : IMPSP2UInstantPayment
[INFO] 2018-03-22 17:07:44,811 ExtentManager sendReq - Hmaced Request : 16117eb5c67eab5f7547e7697ba846f97c592087d715e8d4bb049031be72988e*!9894060407APQI;Y;15316170605690416310253121025515855714;;SA;;;463795;123457;4.0;2478623864983269;37626749057332537278714232008785223664
[INFO] 2018-03-22 17:07:45,188 ExtentManager sendReq - Response received from Server : QI09;Please enter a valid Beneficiary MMID to proceed with the transaction.;22/03/2018 17:08;TXNID:808117245147;BID:C463795
[INFO] 2018-03-22 17:07:45,189 ExtentManager sendReq - Transaction ID : 808117245147
[INFO] 2018-03-22 17:07:45,190 ExtentManager sendReq - ******************************END********************************

[INFO] 2018-03-22 17:07:45,199 ExtentManager sendReq - ******************************START******************************
[INFO] 2018-03-22 17:07:45,200 ExtentManager sendReq - Request : IMPSP2PAddBeneficiary
[INFO] 2018-03-22 17:07:45,203 ExtentManager sendReq - Hmaced Request : 6602c7355bda07196f36e0ff15af607e63f19060b3d467eecd2de0be6b4539f6*!9894060407APW1;Y;15316170605690416310253121025515855714;9240143;9372616576;yashuuuu;463795;123457;4.0;null;147157895360561933124093615551222115842
[INFO] 2018-03-22 17:07:46,292 ExtentManager sendReq - Response received from Server : W1AF;Your Mobile Number is not registered for TMB Mconnect. Please contact your branch;22/03/2018 17:08;TXNID:808117245148;BID:C463795
[INFO] 2018-03-22 17:07:46,293 ExtentManager sendReq - Transaction ID : 808117245148
[INFO] 2018-03-22 17:07:46,294 ExtentManager sendReq - ******************************END********************************

[INFO] 2018-03-22 17:07:46,302 ExtentManager sendReq - ******************************START******************************
[INFO] 2018-03-22 17:07:46,303 ExtentManager sendReq - Request : IMPSP2PAddBeneficiaryconfirmation
[INFO] 2018-03-22 17:07:46,305 ExtentManager sendReq - Hmaced Request : 1e3ca92c306be54b5b1455fa9e1bd7ce3fc827e6337d6553d1b4dc410a7a6731*!9894060407APW2;Y;15316170605690416310253121025515855714;9240143;9372616576;yashuuuu;463795;123457;4.0;2478623864983269;168247673806721424125933406324426680363
[INFO] 2018-03-22 17:07:47,454 ExtentManager sendReq - Response received from Server : W209;Register for IMPS to proceed with the transaction.;22/03/2018 17:08;TXNID:808117245149;BID:C463795
[INFO] 2018-03-22 17:07:47,455 ExtentManager sendReq - Transaction ID : 808117245149
[INFO] 2018-03-22 17:07:47,457 ExtentManager sendReq - ******************************END********************************

[INFO] 2018-03-22 17:07:47,466 ExtentManager sendReq - ******************************START******************************
[INFO] 2018-03-22 17:07:47,472 ExtentManager sendReq - Request : IMPSP2PBeneficiarySearchListenquiry
[INFO] 2018-03-22 17:07:47,474 ExtentManager sendReq - Hmaced Request : bb0cf4d55565a0539e3148125504127dd02cb6f185ce18a3be97a7b2bd782040*!9894060407APD9;Y;15316170605690416310253121025515855714;niiki;001;463795;123457;4.0;2478623864983269;67640793333580526737630710186386297815
