[INFO] 2018-03-29 17:02:45,163 ExtentManager setUp - Running Mobile banking API Automation testing on mPAY 4.0

[INFO] 2018-03-29 17:02:45,341 ExtentManager sendReq - ******************************START******************************
[INFO] 2018-03-29 17:02:45,341 ExtentManager sendReq - Request : m2m Quick FT
[INFO] 2018-03-29 17:02:46,017 ExtentManager sendReq - Hmaced Request : a5385658773a1f69bdc8e239824e6f221a0f7b39a211f414770208818b347bcf*!9894060407APQM;Y;15316170605690416310253121025515855714;8778602561;10;test   ;463795;123457;4.0;2478623864983269;190317750272546424740915200721564324260
[INFO] 2018-03-29 17:02:48,290 ExtentManager sendReq - Response received from Server : QM00;Fund Transfer to 3286XXX326489632 - +918778602561 successful. Rs. 10.00 debited from 2478XXX864983269;29/03/2018 17:03;TXNID:808817245235;BID:C463795
[INFO] 2018-03-29 17:02:48,290 ExtentManager sendReq - Transaction ID : 808817245235
[INFO] 2018-03-29 17:02:48,291 ExtentManager sendReq - ******************************END********************************

[INFO] 2018-03-29 17:02:48,296 ExtentManager sendReq - ******************************START******************************
[INFO] 2018-03-29 17:02:48,300 ExtentManager sendReq - Request : m2m Benificiary Account list
[INFO] 2018-03-29 17:02:48,301 ExtentManager sendReq - Hmaced Request : 6bbf1637bf11ad06d3c6ae3e5162314dea84e8d87bd0729c6676951edabae4e6*!9894060407APRM;Y;15316170605690416310253121025515855714;463795;8778602561;FTBeneficiary;0001;463795;123457;4.0;2478623864983269;91133819830297646784677304099660888387
[INFO] 2018-03-29 17:02:49,551 ExtentManager sendReq - Response received from Server : RM09;Beneficiary already added. Please contact bank for further details;29/03/2018 17:03;TXNID:808817245236;BID:C463795
[INFO] 2018-03-29 17:02:49,552 ExtentManager sendReq - Transaction ID : 808817245236
[INFO] 2018-03-29 17:02:49,552 ExtentManager sendReq - ******************************END********************************

[INFO] 2018-03-29 17:02:49,555 ExtentManager sendReq - ******************************START******************************
[INFO] 2018-03-29 17:02:49,556 ExtentManager sendReq - Request : m2m Benificiary Registration
[INFO] 2018-03-29 17:02:49,561 ExtentManager sendReq - Hmaced Request : a8d2716de7c50a5b5c37129b1a940f10640a03cdb79978e35541622b67e205ba*!9894060407APC1;Y;15316170605690416310253121025515855714;463795;8778602561;FTBeneficiary;3286478326489632;463795;123457;4.0;2478623864983269;191444284837408933838558481509531339286
[INFO] 2018-03-29 17:02:50,746 ExtentManager sendReq - Response received from Server : C100;Beneficiary FTBeneficiary added successfully;29/03/2018 17:03;TXNID:808817245237;BID:C463795
[INFO] 2018-03-29 17:02:50,747 ExtentManager sendReq - Transaction ID : 808817245237
[INFO] 2018-03-29 17:02:50,747 ExtentManager sendReq - ******************************END********************************

[INFO] 2018-03-29 17:02:50,749 ExtentManager sendReq - ******************************START******************************
[INFO] 2018-03-29 17:02:50,750 ExtentManager sendReq - Request : m2m Register benificiary search
[INFO] 2018-03-29 17:02:50,751 ExtentManager sendReq - Hmaced Request : 250e6edd17b83e8ecbeea984f8da8e6e7ce66d486fcae56cdb72a71380525ac6*!9894060407APF1;Y;15316170605690416310253121025515855714;P;001;463795;123457;4.0;2478623864983269;14966351503420921723561425123470443325
[INFO] 2018-03-29 17:02:51,810 ExtentManager sendReq - Response received from Server : F100;P;FTBeneficiary#Mwm;1;N;TXNID:808817245238;BID:C463795
[INFO] 2018-03-29 17:02:51,810 ExtentManager sendReq - Transaction ID : 808817245238
[INFO] 2018-03-29 17:02:51,811 ExtentManager sendReq - ******************************END********************************

[INFO] 2018-03-29 17:02:51,813 ExtentManager sendReq - ******************************START******************************
[INFO] 2018-03-29 17:02:51,813 ExtentManager sendReq - Request : m2m benificiary payment
[INFO] 2018-03-29 17:02:51,814 ExtentManager sendReq - Hmaced Request : 5efdf15acb7b5d2dac7fa6656fe0a4fa1712d948a5246938cedd13d9f7a235a6*!9894060407APFT;Y;15316170605690416310253121025515855714;10;test   ;FTBeneficiary;463795;123457;4.0;2478623864983269;32929751765034300620556177780147272294
[INFO] 2018-03-29 17:02:54,092 ExtentManager sendReq - Response received from Server : FT00;Fund Transfer to rest - +918778602561 successful. Rs. 10.00 debited from 2478XXX864983269;29/03/2018 17:03;TXNID:808817245239;BID:C463795
[INFO] 2018-03-29 17:02:54,093 ExtentManager sendReq - Transaction ID : 808817245239
[INFO] 2018-03-29 17:02:54,093 ExtentManager sendReq - ******************************END********************************

[INFO] 2018-03-29 17:02:54,095 ExtentManager sendReq - ******************************START******************************
[INFO] 2018-03-29 17:02:54,095 ExtentManager sendReq - Request : m2m benificiary search
[INFO] 2018-03-29 17:02:54,096 ExtentManager sendReq - Hmaced Request : af85a4bce44a1b739c66123e735a538bcb1259a36d7978847c63ba46cd14dc84*!9894060407APD5;Y;15316170605690416310253121025515855714;;001;463795;123457;4.0;2478623864983269;29074723913566538644569827517141377015
[INFO] 2018-03-29 17:02:56,647 ExtentManager sendReq - Response received from Server : D500; ;FTBeneficiary*8778602561#Mwm*8778602561;1;N;TXNID:808817245240;BID:C463795
[INFO] 2018-03-29 17:02:56,647 ExtentManager sendReq - Transaction ID : 808817245240
[INFO] 2018-03-29 17:02:56,647 ExtentManager sendReq - ******************************END********************************

[INFO] 2018-03-29 17:02:56,649 ExtentManager sendReq - ******************************START******************************
[INFO] 2018-03-29 17:02:56,649 ExtentManager sendReq - Request : m2m benificiary search
[INFO] 2018-03-29 17:02:56,650 ExtentManager sendReq - Hmaced Request : 9aa6454bf8b8bc0c268e03a58f581f52bdbf2dc895179f1b60e3bff4c40d6e8a*!9894060407APD5;Y;15316170605690416310253121025515855714;FTBeneficiary;001;463795;123457;4.0;2478623864983269;8688188521085075705691390056426041933
[INFO] 2018-03-29 17:02:57,611 ExtentManager sendReq - Response received from Server : D500;FTBeneficiary;FTBeneficiary*8778602561;1;N;TXNID:808817245241;BID:C463795
[INFO] 2018-03-29 17:02:57,611 ExtentManager sendReq - Transaction ID : 808817245241
[INFO] 2018-03-29 17:02:57,612 ExtentManager sendReq - ******************************END********************************

[INFO] 2018-03-29 17:02:57,614 ExtentManager sendReq - ******************************START******************************
[INFO] 2018-03-29 17:02:57,616 ExtentManager sendReq - Request : m2m benificiary delete search
[INFO] 2018-03-29 17:02:57,617 ExtentManager sendReq - Hmaced Request : 31a6ff8d42e3134fa57297814e573fc4ba6a8e157166e69a10c06409ccab7fa6*!9894060407AP2L;Y;15316170605690416310253121025515855714;;001;463795;123457;4.0;2478623864983269;170775278530770729653547760692717591212
[INFO] 2018-03-29 17:02:59,294 ExtentManager sendReq - Response received from Server : 2L00; ;FTBeneficiary#Mwm;1;N;TXNID:808817245242;BID:C463795
[INFO] 2018-03-29 17:02:59,294 ExtentManager sendReq - Transaction ID : 808817245242
[INFO] 2018-03-29 17:02:59,294 ExtentManager sendReq - ******************************END********************************

[INFO] 2018-03-29 17:02:59,296 ExtentManager sendReq - ******************************START******************************
[INFO] 2018-03-29 17:02:59,296 ExtentManager sendReq - Request : m2m benificiary delete search
[INFO] 2018-03-29 17:02:59,297 ExtentManager sendReq - Hmaced Request : 9f956e0d1121b6f137db7d6c0a6d4cf9a6eb25f804aa83de9c34c7de753de382*!9894060407AP2L;Y;15316170605690416310253121025515855714;FTBeneficiary;001;463795;123457;4.0;2478623864983269;131358142190078023053587186042856939073
[INFO] 2018-03-29 17:03:00,464 ExtentManager sendReq - Response received from Server : 2L00;FTBeneficiary;FTBeneficiary;1;N;TXNID:808817245243;BID:C463795
[INFO] 2018-03-29 17:03:00,464 ExtentManager sendReq - Transaction ID : 808817245243
[INFO] 2018-03-29 17:03:00,464 ExtentManager sendReq - ******************************END********************************

[INFO] 2018-03-29 17:03:00,469 ExtentManager sendReq - ******************************START******************************
[INFO] 2018-03-29 17:03:00,469 ExtentManager sendReq - Request : M2M benificiary delete
[INFO] 2018-03-29 17:03:00,469 ExtentManager sendReq - Hmaced Request : 6bd434badfc72b4f86d088483f39f85ac86c06e40aa1a3de35e6b8c598e0b25e*!9894060407AP2D;Y;15316170605690416310253121025515855714;FTBeneficiary;463795;123457;4.0;2478623864983269;89270469305291521151879226500865960469
[INFO] 2018-03-29 17:03:01,423 ExtentManager sendReq - Response received from Server : 2D00;Beneficiary FTBeneficiary deleted successfully;29/03/2018 17:04;TXNID:808817245244;BID:C463795
[INFO] 2018-03-29 17:03:01,423 ExtentManager sendReq - Transaction ID : 808817245244
[INFO] 2018-03-29 17:03:01,423 ExtentManager sendReq - ******************************END********************************

