[INFO] 2018-03-29 18:06:51,809 ExtentManager setUp - Running Mobile banking API Automation testing on mPAY 4.0

[INFO] 2018-03-29 18:06:51,953 ExtentManager sendReq - ******************************START******************************
[INFO] 2018-03-29 18:06:51,953 ExtentManager sendReq - Request : m2a benificiary details Without Keyword
[INFO] 2018-03-29 18:06:52,567 ExtentManager sendReq - Hmaced Request : 647bd34e8d21443c408572b9047715fd04ed78fb6eaa88988a4b1e96a2a1a5b0*!9894060407APD6;Y;15316170605690416310253121025515855714;;001;463795;123457;4.0;2478623864983269;48446816996834751341976586752298962180
[INFO] 2018-03-29 18:06:53,679 ExtentManager sendReq - Response received from Server : D601;You are yet to register a beneficiary;29/03/2018 18:07;TXNID:808818245316;BID:C463795
[INFO] 2018-03-29 18:06:53,679 ExtentManager sendReq - Transaction ID : 808818245316
[INFO] 2018-03-29 18:06:53,680 ExtentManager sendReq - ******************************END********************************

[INFO] 2018-03-29 18:06:53,686 ExtentManager sendReq - ******************************START******************************
[INFO] 2018-03-29 18:06:53,687 ExtentManager sendReq - Request : m2a benificiary details With Keyword
[INFO] 2018-03-29 18:06:53,690 ExtentManager sendReq - Hmaced Request : b840c0791e4c74b415107abfb76a0e758170e20985b49d9570325eb8bff2cd0e*!9894060407APD6;Y;15316170605690416310253121025515855714;FTBeneficiary;001;463795;123457;4.0;2478623864983269;110115594683716688696794662867579144751
[INFO] 2018-03-29 18:06:54,672 ExtentManager sendReq - Response received from Server : D601;Beneficiary FTBeneficiary not found.;29/03/2018 18:07;TXNID:808818245317;BID:C463795
[INFO] 2018-03-29 18:06:54,673 ExtentManager sendReq - Transaction ID : 808818245317
[INFO] 2018-03-29 18:06:54,674 ExtentManager sendReq - ******************************END********************************

[INFO] 2018-03-29 18:06:54,682 ExtentManager sendReq - ******************************START******************************
[INFO] 2018-03-29 18:06:54,683 ExtentManager sendReq - Request : m2a benificiary deregistration search without keyword
[INFO] 2018-03-29 18:06:54,686 ExtentManager sendReq - Hmaced Request : 8beab6507aa064ef64b2eb1bee24551f281e47547d7568b8afec8f82471317a6*!9894060407AP3L;Y;15316170605690416310253121025515855714;;001;463795;123457;4.0;2478623864983269;138351328473215376179889611697264863783
[INFO] 2018-03-29 18:06:56,658 ExtentManager sendReq - Response received from Server : 3L01;You are yet to register a beneficiary;29/03/2018 18:08;TXNID:808818245318;BID:C463795
[INFO] 2018-03-29 18:06:56,659 ExtentManager sendReq - Transaction ID : 808818245318
[INFO] 2018-03-29 18:06:56,660 ExtentManager sendReq - ******************************END********************************

[INFO] 2018-03-29 18:06:56,667 ExtentManager sendReq - ******************************START******************************
[INFO] 2018-03-29 18:06:56,668 ExtentManager sendReq - Request : m2a benificiary deregistration search with keyword
[INFO] 2018-03-29 18:06:56,671 ExtentManager sendReq - Hmaced Request : ccb8c84ace747506870f763618af41d22f532306e61871867eb6631869c08ecd*!9894060407AP3L;Y;15316170605690416310253121025515855714;FTBeneficiary;001;463795;123457;4.0;2478623864983269;6961509416259489795743071192952440094
[INFO] 2018-03-29 18:06:57,852 ExtentManager sendReq - Response received from Server : 3L01;Beneficiary FTBeneficiary not found.;29/03/2018 18:08;TXNID:808818245319;BID:C463795
[INFO] 2018-03-29 18:06:57,853 ExtentManager sendReq - Transaction ID : 808818245319
[INFO] 2018-03-29 18:06:57,853 ExtentManager sendReq - ******************************END********************************

[INFO] 2018-03-29 18:06:57,855 ExtentManager sendReq - ******************************START******************************
[INFO] 2018-03-29 18:06:57,855 ExtentManager sendReq - Request : m2a benificiary deregistration search with keyword
[INFO] 2018-03-29 18:06:57,856 ExtentManager sendReq - Hmaced Request : ee0dc4acf9a9160d91cc9492d40509f3ca86c82ad3ccea5c492f0bc84ec16bcd*!9894060407AP3D;Y;15316170605690416310253121025515855714;FTBeneficiary;463795;123457;4.0;2478623864983269;161553659695549748818780728181776639007
[INFO] 2018-03-29 18:06:59,671 ExtentManager sendReq - Response received from Server : 3D01;Beneficiary deregistration not successful;29/03/2018 18:08;TXNID:808818245320;BID:C463795
[INFO] 2018-03-29 18:06:59,672 ExtentManager sendReq - Transaction ID : 808818245320
[INFO] 2018-03-29 18:06:59,673 ExtentManager sendReq - ******************************END********************************

