[INFO] 2018-03-29 16:18:09,215 ExtentManager setUp - Running Mobile banking API Automation testing on mPAY 4.0

[INFO] 2018-03-29 16:18:09,466 ExtentManager sendReqAppLogin - ******************************START******************************
[INFO] 2018-03-29 16:18:09,466 ExtentManager sendReqAppLogin - Request : App Login
[INFO] 2018-03-29 16:18:10,087 ExtentManager sendReqAppLogin - Hmaced Request : df89cc44a94c56206a91ed0b762e4e83735159e47300f97ffb23aa66d6e7fc45*!9894060407APGC;BVD:4.0.9%23ANDROID7.1.1%23H1920W1080%23LENOVO+Lenovo+K8+Plus%2310.175.117.48%2312.8354858%2C80.2235916%3B463795;123457;4.0;0;65572202955694536751258420462946019684
[INFO] 2018-03-29 16:18:11,502 ExtentManager sendReqAppLogin - Response received from Server : GC00;N; ; ;N; ; ;Y;7ffffffffffff0ef;ffffffffffffffff;ffffffffffffffff;N;N;N;0508;http://www.freshersopenings.in/wp-content/uploads/2013/08/fss-logo.jpg;BID:C463795
[INFO] 2018-03-29 16:18:11,503 ExtentManager sendReqAppLogin - ******************************END********************************

[INFO] 2018-03-29 16:18:11,512 ExtentManager sendReq - ******************************START******************************
[INFO] 2018-03-29 16:18:11,512 ExtentManager sendReq - Request : Balance Enquiry
[INFO] 2018-03-29 16:18:11,513 ExtentManager sendReq - Hmaced Request : 6d26a09f35c7d1137ac8d01759f0c155d8267080faba69bc28a5a2b8e2a8aab1*!9894060407APBE;Y;15316170605690416310253121025515855714;463795;123457;4.0;2478623864983269;45053396227508541967451097440354966407
[INFO] 2018-03-29 16:18:13,386 ExtentManager sendReq - Response received from Server : BE00;2,080.88;2,065.13; ;29/03/2018 16:19;TXNID:808816245178;BID:C463795
[INFO] 2018-03-29 16:18:13,387 ExtentManager sendReq - Transaction ID : 808816245178
[INFO] 2018-03-29 16:18:13,387 ExtentManager sendReq - ******************************END********************************

[INFO] 2018-03-29 16:18:13,389 ExtentManager sendReq - ******************************START******************************
[INFO] 2018-03-29 16:18:13,390 ExtentManager sendReq - Request : Mini statement
[INFO] 2018-03-29 16:18:13,391 ExtentManager sendReq - Hmaced Request : ddc40f57d1c89424e5830bd6dcd06a9c262603898996de105f5bd707ee7779a9*!9894060407APMS;Y;15316170605690416310253121025515855714;463795;123457;4.0;2478623864983269;91309616582964194305279836592764435043
[INFO] 2018-03-29 16:18:14,954 ExtentManager sendReq - Response received from Server : MS00;08/11/17 D NEFT/SUBRAMANIAN-VELRAJAN 103.00#08/11/17 D NEFT/VGN-Facility-Mgmt-Se 107.00#08/11/17 D eBank/Tr-To-S.ANISH-KUMAR 201.00#08/11/17 D RTGS/TATA-CARD/TMBLH17312 216000.00#08/11/17 D eBank/Tr-To-SAROJINI.C 204.00#08/11/17 D NEFT/testaudit/TMBLH17312 108.00#08/11/17 D NEFT/Shanmugavel/TMBLH173 102.00#08/11/17 D NEFT/ing-vysys-test3/TMBL 109.00#08/11/17 D NEFT/ANNA-NAGAR-OWNER/TMB 100.00;2,080.88;TXNID:808816245179;BID:C463795
[INFO] 2018-03-29 16:18:14,955 ExtentManager sendReq - Transaction ID : 808816245179
[INFO] 2018-03-29 16:18:14,957 ExtentManager sendReq - ******************************END********************************

[INFO] 2018-03-29 16:18:14,964 ExtentManager sendReq - ******************************START******************************
[INFO] 2018-03-29 16:18:14,965 ExtentManager sendReq - Request : Transaction History
[INFO] 2018-03-29 16:18:14,968 ExtentManager sendReq - Hmaced Request : 9506c05819e600cc3eb63544939130e63091523c66694b795c94df6317ff33c2*!9894060407APTH;Y;15316170605690416310253121025515855714;001;463795;123457;4.0;2478623864983269;58865996002954715402295551882978751019
[INFO] 2018-03-29 16:18:16,734 ExtentManager sendReq - Response received from Server : TH00;Mini Statement*29/03/18 16:15*S*.0*-*-*MOB*808816245179#Balance enquiry*29/03/18 16:15*S*.0*-*-*MOB*808816245178#Balance enquiry*29/03/18 15:32*S*.0*-*-*MOB*808815245160#M2M*29/03/18 14:46*S*11.0*2478XXXXXX983269*-*MOB*808814245158#M2M*29/03/18 14:39*S*21.0*2478XXXXXX983269*-*MOB*808814245157#M2M*29/03/18 14:39*F*20.0*2478XXXXXX983269*-*MOB*808814245156#M2M*29/03/18 13:08*S*11.0*2478XXXXXX983269*-*MOB*808813245152#IMPS*29/03/18 13:04*S*57.0*2478XXXXXX983269*-*MOB*808813245150#IMPS*29/03/18 13:03*F*10.0*2478XXXXXX983269*-*MOB*808813245148#M2M*29/03/18 13:02*F*20.0*2478XXXXXX983269*-*MOB*808813245146#M2M*29/03/18 13:01*F*20.0*2478XXXXXX983269*-*MOB*808813245145#IMPS*29/03/18 12:59*F*10.0*2478XXXXXX983269*nickii*MOB*808813245144#IMPS*29/03/18 12:59*F*20.0*2478XXXXXX983269*yashuuuu*MOB*808813245137#IMPS*29/03/18 12:59*F*.0*2478XXXXXX983269*-*MOB*808813245130#IMPS*29/03/18 12:59*F*10.0*2478XXXXXX983269*-*MOB*808813245129#IMPS*29/03/18 12:59*F*7.0*2478XXXXXX983269*-*MOB*808813245128#NEFT*29/03/18 12:58*F*.0*2478XXXXXX983269*-*MOB*808813245126#NEFT*29/03/18 12:58*F*.0*2478XXXXXX983269*-*MOB*808813245123#M2A*29/03/18 12:58*F*.0*2478XXXXXX983269*-*MOB*808813245121#M2A*29/03/18 12:58*F*.0*2478XXXXXX983269*-*MOB*808813245120#M2M*29/03/18 12:58*F*20.0*2478XXXXXX983269*-*MOB*808813245114#Mini Statement*29/03/18 12:57*S*.0*-*-*MOB*808813245100#Balance enquiry*29/03/18 12:57*S*.0*-*-*MOB*808813245099#Balance enquiry*29/03/18 12:55*S*.0*-*-*MOB*808812245097#Mini Statement*29/03/18 12:54*F*.0*-*-*MOB*808812245083#Balance enquiry*29/03/18 12:53*F*.0*-*-*MOB*808812245082#Balance enquiry*29/03/18 12:52*F*.0*-*-*MOB*808812245080#Balance enquiry*14/03/18 15:19*S*.0*-*-*MOB*807315244528#Balance enquiry*14/03/18 15:18*S*.0*-*-*MOB*807315244526#Mini Statement*02/03/18 15:56*F*.0*-*-*MOB*806115244030;1;Y;TXNID:808816245180;BID:C463795
[INFO] 2018-03-29 16:18:16,735 ExtentManager sendReq - Transaction ID : 808816245180
[INFO] 2018-03-29 16:18:16,736 ExtentManager sendReq - ******************************END********************************

[INFO] 2018-03-29 16:18:16,743 ExtentManager sendReq - ******************************START******************************
[INFO] 2018-03-29 16:18:16,744 ExtentManager sendReq - Request : Generate MMID
[INFO] 2018-03-29 16:18:16,747 ExtentManager sendReq - Hmaced Request : 1b9d825ad0a204c8930041ba0d37d95ebcc34b05c3b5402a89e3a655ea54fc70*!9894060407APIM;Y;15316170605690416310253121025515855714;001;463795;123457;4.0;2478623864983269;84587787814800500208776474939404028241
[INFO] 2018-03-29 16:18:17,808 ExtentManager sendReq - Response received from Server : IM00;2478XXXXXX983269*9060284#2011XXXXX800005*9060725#5012XXXXXX849822*9060726#5012XXXXXX849800*9060727#2011XXXXX800065*9060728#5012XXXXXX849862*9060729#5012XXXXXX849860*9060730#5012XXXXXX349826*9060731#5012XXXXXX349283*9060732#5012XXXXXX000000*9060733;1;N;29/03/2018 16:19;TXNID:808816245181;BID:C463795
[INFO] 2018-03-29 16:18:17,809 ExtentManager sendReq - Transaction ID : 808816245181
[INFO] 2018-03-29 16:18:17,810 ExtentManager sendReq - ******************************END********************************

[INFO] 2018-03-29 16:18:17,815 ExtentManager sendReq - ******************************START******************************
[INFO] 2018-03-29 16:18:17,816 ExtentManager sendReq - Request : Retrieve MMID
[INFO] 2018-03-29 16:18:17,818 ExtentManager sendReq - Hmaced Request : 7ab69c754cc00434c6f17a832fcf5b65534ec5bd907651b0851117aa19158bc6*!9894060407APS6;Y;15316170605690416310253121025515855714;2478623864983269;463795;123457;4.0;2478623864983269;107708797309582242808041540586465643157
[INFO] 2018-03-29 16:18:18,899 ExtentManager sendReq - Response received from Server : S600;Your MMID allotted for the A/C No. XXXXXXXX3269 is 9060284.You can Send and Receive Money through IMPS option in Mobile Banking.;29/03/2018 16:19;TXNID:808816245182;BID:C463795
[INFO] 2018-03-29 16:18:18,900 ExtentManager sendReq - Transaction ID : 808816245182
[INFO] 2018-03-29 16:18:18,901 ExtentManager sendReq - ******************************END********************************

[INFO] 2018-03-29 16:18:18,909 ExtentManager sendReq - ******************************START******************************
[INFO] 2018-03-29 16:18:18,910 ExtentManager sendReq - Request : Generate MMID
[INFO] 2018-03-29 16:18:18,914 ExtentManager sendReq - Hmaced Request : 222b115fc6f0030ba344b903c72d2089b9c922c818707b4d92705b3345bb1b05*!9894060407APIM;Y;15316170605690416310253121025515855714;001;463795;123457;4.0;2478623864983269;39258517240483645154240638570982268514
[INFO] 2018-03-29 16:18:20,370 ExtentManager sendReq - Response received from Server : IM00;2478XXXXXX983269*9060284#2011XXXXX800005*9060725#5012XXXXXX849822*9060726#5012XXXXXX849800*9060727#2011XXXXX800065*9060728#5012XXXXXX849862*9060729#5012XXXXXX849860*9060730#5012XXXXXX349826*9060731#5012XXXXXX349283*9060732#5012XXXXXX000000*9060733;1;N;29/03/2018 16:19;TXNID:808816245183;BID:C463795
[INFO] 2018-03-29 16:18:20,372 ExtentManager sendReq - Transaction ID : 808816245183
[INFO] 2018-03-29 16:18:20,372 ExtentManager sendReq - ******************************END********************************

[INFO] 2018-03-29 16:18:20,373 ExtentManager sendReq - ******************************START******************************
[INFO] 2018-03-29 16:18:20,373 ExtentManager sendReq - Request : Cancel MMID All
[INFO] 2018-03-29 16:18:20,375 ExtentManager sendReq - Hmaced Request : 3107df925a7fd4cbf4880614676c6d62827b07d1a3550a8d9e460cb5cf2807cc*!9894060407APRC;Y;15316170605690416310253121025515855714;ALL;463795;123457;4.0;2478623864983269;7111711095263533781350840862521557315
[INFO] 2018-03-29 16:18:21,455 ExtentManager sendReq - Response received from Server : RC00;IMPS Cancelled successfully;29/03/2018 16:19;TXNID:808816245184;BID:C463795
[INFO] 2018-03-29 16:18:21,456 ExtentManager sendReq - Transaction ID : 808816245184
[INFO] 2018-03-29 16:18:21,457 ExtentManager sendReq - ******************************END********************************

[INFO] 2018-03-29 16:18:21,463 ExtentManager sendReq - ******************************START******************************
[INFO] 2018-03-29 16:18:21,465 ExtentManager sendReq - Request : Generate MMID
[INFO] 2018-03-29 16:18:21,468 ExtentManager sendReq - Hmaced Request : 82fcd91915c5e53a6c71984e2701d36abe988f4bf3c757f50efba3d4549e9fe3*!9894060407APIM;Y;15316170605690416310253121025515855714;001;463795;123457;4.0;2478623864983269;31129028612583551262917074968886150319
[INFO] 2018-03-29 16:18:23,071 ExtentManager sendReq - Response received from Server : IM00;2011XXXXX800005*9060427#2011XXXXX800065*9060148#2478XXXXXX983269*9060180#5012XXXXXX000000*9060159#5012XXXXXX349826*9060683#5012XXXXXX849800*9060488#5012XXXXXX849822*9060831#5012XXXXXX849860*9060325#5012XXXXXX849862*9060308#5012XXXXXX349283*9060124;1;N;29/03/2018 16:19;TXNID:808816245185;BID:C463795
[INFO] 2018-03-29 16:18:23,071 ExtentManager sendReq - Transaction ID : 808816245185
[INFO] 2018-03-29 16:18:23,072 ExtentManager sendReq - ******************************END********************************

[INFO] 2018-03-29 16:18:23,073 ExtentManager sendReq - ******************************START******************************
[INFO] 2018-03-29 16:18:23,074 ExtentManager sendReq - Request : Cancel MMID Single
[INFO] 2018-03-29 16:18:23,077 ExtentManager sendReq - Hmaced Request : 25fbd8719f3f68a89313a7035fd3f830e4be2213ce2d46f6f44f0be4df7bbed2*!9894060407APRC;Y;15316170605690416310253121025515855714;2478623864983269;463795;123457;4.0;2478623864983269;182655901188872935802738458234193582294
[INFO] 2018-03-29 16:18:27,137 ExtentManager sendReq - Response received from Server : RC00;Your MMID 9060180 allotted for the A/C No. XXXXXXXX3269 is cancelled.;29/03/2018 16:19;TXNID:808816245186;BID:C463795
[INFO] 2018-03-29 16:18:27,138 ExtentManager sendReq - Transaction ID : 808816245186
[INFO] 2018-03-29 16:18:27,138 ExtentManager sendReq - ******************************END********************************

[INFO] 2018-03-29 16:18:27,145 ExtentManager sendReq - ******************************START******************************
[INFO] 2018-03-29 16:18:27,145 ExtentManager sendReq - Request : Email ID fetch
[INFO] 2018-03-29 16:18:27,148 ExtentManager sendReq - Hmaced Request : 0c3290c61955b70def24e5abd87ab56a991fcc6019e71d68b76211e5a0cb491e*!9894060407APZ6;Y;15316170605690416310253121025515855714;463795;123457;4.0;2478623864983269;190387750858329522303698872017317168764
[INFO] 2018-03-29 16:18:28,229 ExtentManager sendReq - Response received from Server : Z600;abc@fss.com;29/03/2018 16:19;TXNID:808816245187;BID:C463795
[INFO] 2018-03-29 16:18:28,230 ExtentManager sendReq - Transaction ID : 808816245187
[INFO] 2018-03-29 16:18:28,231 ExtentManager sendReq - ******************************END********************************

[INFO] 2018-03-29 16:18:28,237 ExtentManager sendReq - ******************************START******************************
[INFO] 2018-03-29 16:18:28,238 ExtentManager sendReq - Request : Email ID Fetch
[INFO] 2018-03-29 16:18:28,241 ExtentManager sendReq - Hmaced Request : f049b30591bade39a5a4213fb50e9ddd26e44975aed4431d58dd78bba5ab017f*!9894060407APZ3;Y;15316170605690416310253121025515855714;abc@fss.com;463795;123457;4.0;2478623864983269;25859832431509481163004283126265119740
[INFO] 2018-03-29 16:18:29,396 ExtentManager sendReq - Response received from Server : Z300;Your E-mail ID configured successfully;29/03/2018 16:19;TXNID:808816245188;BID:C463795
[INFO] 2018-03-29 16:18:29,397 ExtentManager sendReq - Transaction ID : 808816245188
[INFO] 2018-03-29 16:18:29,397 ExtentManager sendReq - ******************************END********************************

[INFO] 2018-03-29 16:18:29,403 ExtentManager sendReq - ******************************START******************************
[INFO] 2018-03-29 16:18:29,404 ExtentManager sendReq - Request : Cheque status
[INFO] 2018-03-29 16:18:29,407 ExtentManager sendReq - Hmaced Request : 507a7cf46988963af9659b811bc9aec4cd4cb728f19f12ad0d7a57a9adb88712*!9894060407APLW;Y;15316170605690416310253121025515855714;123456;463795;123457;4.0;2478623864983269;40441814840327896597058613515198177489
[INFO] 2018-03-29 16:18:31,612 ExtentManager sendReq - Response received from Server : LW00;Your cheque (123456) has been ;29/03/2018 16:19;TXNID:808816245189;BID:C463795
[INFO] 2018-03-29 16:18:31,613 ExtentManager sendReq - Transaction ID : 808816245189
[INFO] 2018-03-29 16:18:31,613 ExtentManager sendReq - ******************************END********************************

[INFO] 2018-03-29 16:18:31,625 ExtentManager sendReq - ******************************START******************************
[INFO] 2018-03-29 16:18:31,625 ExtentManager sendReq - Request : Account Fetch
[INFO] 2018-03-29 16:18:31,628 ExtentManager sendReq - Hmaced Request : e170c4321054a9345c3b11cc1c42911c3ce0375004a512dfa69235e6bfa0b02e*!9894060407APSY;2;463795;123457;4.0;0;68898303721072291741223978294802259154
[INFO] 2018-03-29 16:18:36,149 ExtentManager sendReq - Response received from Server : SY00;N;test;2;6;201150050800065*10#5012432470000000*10#5012432476849862*10#5012432476849860*10#201150050800005*20#5012432476849800*10;Y;TXNID:808816245190;BID:C463795
[INFO] 2018-03-29 16:18:36,150 ExtentManager sendReq - Transaction ID : 808816245190
[INFO] 2018-03-29 16:18:36,150 ExtentManager sendReq - ******************************END********************************

[INFO] 2018-03-29 16:18:36,155 ExtentManager sendReq - ******************************START******************************
[INFO] 2018-03-29 16:18:36,156 ExtentManager sendReq - Request : Stop Cheque
[INFO] 2018-03-29 16:18:36,159 ExtentManager sendReq - Hmaced Request : 9fccd226ea725b670757c8b891df9ac904275a865831a2d9e3bcf9e027f0f94f*!9894060407APL4;Y;15316170605690416310253121025515855714;123456;463795;123457;4.0;2478623864983269;103751981662026826601035200615966507179
[INFO] 2018-03-29 16:18:37,821 ExtentManager sendReq - Response received from Server : L400;Stop Payment request issued for Cheque no. 123456 (a/c no. XXXXXXXX3269) has been executed successfully.;29/03/2018 16:19;TXNID:808816245191;BID:C463795
[INFO] 2018-03-29 16:18:37,822 ExtentManager sendReq - Transaction ID : 808816245191
[INFO] 2018-03-29 16:18:37,823 ExtentManager sendReq - ******************************END********************************

[INFO] 2018-03-29 16:18:37,829 ExtentManager sendReq - ******************************START******************************
[INFO] 2018-03-29 16:18:37,830 ExtentManager sendReq - Request : Change Login Password
[INFO] 2018-03-29 16:18:37,833 ExtentManager sendReq - Hmaced Request : 8b37ba4c9d35e07c8624d8b587e94b66e356daecaff6d3711e34a86988f93348*!9894060407APP5;8609547570776098518502128580812621291;463795;123457;4.0;0;149252345015656942247903017224555022851
[INFO] 2018-03-29 16:18:38,889 ExtentManager sendReq - Response received from Server : P500;Login password has been changed successfully;1234;29/03/2018 16:19;TXNID:808816245192;BID:C463795
[INFO] 2018-03-29 16:18:38,890 ExtentManager sendReq - Transaction ID : 808816245192
[INFO] 2018-03-29 16:18:38,890 ExtentManager sendReq - ******************************END********************************

