[INFO] 2018-03-29 20:50:37,773 ExtentManager setUp - Running Mobile banking API Automation testing on mPAY 4.0

[INFO] 2018-03-29 20:50:37,929 ExtentManager sendReq - ******************************START******************************
[INFO] 2018-03-29 20:50:37,929 ExtentManager sendReq - Request : Generate MMID
[INFO] 2018-03-29 20:50:38,599 ExtentManager sendReq - Hmaced Request : 97fbbf16692febdc4a23a388949c32e70fb2b21b86e776222cbb8c457c186380*!9894060407APIM;Y;15316170605690416310253121025515855714;001;463795;123457;4.0;2478623864983269;68180088725236489875430375648540434252
[INFO] 2018-03-29 20:50:39,819 ExtentManager sendReq - Response received from Server : IM00;5012XXXXXX349283*9060124#2011XXXXX800065*9060148#5012XXXXXX000000*9060159#5012XXXXXX849862*9060308#5012XXXXXX849860*9060325#2011XXXXX800005*9060427#5012XXXXXX849800*9060488#5012XXXXXX349826*9060683#5012XXXXXX849822*9060831#2478XXXXXX983269*9060387;1;N;29/03/2018 20:51;TXNID:808820245449;BID:C463795
[INFO] 2018-03-29 20:50:39,819 ExtentManager sendReq - Transaction ID : 808820245449
[INFO] 2018-03-29 20:50:39,819 ExtentManager sendReq - ******************************END********************************

[INFO] 2018-03-29 20:50:39,820 ExtentManager sendReq - ******************************START******************************
[INFO] 2018-03-29 20:50:39,820 ExtentManager sendReq - Request : IMPSP2PInstantPayment
[INFO] 2018-03-29 20:50:39,821 ExtentManager sendReq - Hmaced Request : 60508b573213eabac1f2ed290020afecaa010765cef6549944e2a6263723b848*!9894060407APQI;Y;15316170605690416310253121025515855714;9352478845;9240123;7;dfsjh;463795;123457;4.0;2478623864983269;181645636464251540238382236137068731852
[INFO] 2018-03-29 20:51:22,096 ExtentManager sendReq - Response received from Server : QI08;Your last transaction has been timed out due to technical problem. Please retry after some time;29/03/2018 20:52;TXNID:808820245450;BID:C463795
[INFO] 2018-03-29 20:51:22,097 ExtentManager sendReq - Transaction ID : 808820245450
[INFO] 2018-03-29 20:51:22,098 ExtentManager sendReq - ******************************END********************************

[INFO] 2018-03-29 20:51:22,125 ExtentManager sendReq - ******************************START******************************
[INFO] 2018-03-29 20:51:22,126 ExtentManager sendReq - Request : IMPSP2AInstantPayment
[INFO] 2018-03-29 20:51:22,129 ExtentManager sendReq - Hmaced Request : af80ed9b5a55d930f830a0f7b877e18f19de3da0fa733946d504defde11f9280*!9894060407APK1;Y;15316170605690416310253121025515855714;3727163937362819373;SA;HDFC0000001;10;tehry;463795;123457;4.0;2478623864983269;86780741243598312665402496349423355987
[INFO] 2018-03-29 20:51:27,279 ExtentManager sendReq - Response received from Server : K100;Your a/c no. XXXXXXXX3269 is debited for Rs. 15.00 on 29-03-18 and a/c XXXXXXX373 credited (IMPS Ref no 808820245451);29/03/2018 20:52;TXNID:808820245451;BID:C463795
[INFO] 2018-03-29 20:51:27,279 ExtentManager sendReq - Transaction ID : 808820245451
[INFO] 2018-03-29 20:51:27,280 ExtentManager sendReq - ******************************END********************************

[INFO] 2018-03-29 20:51:27,286 ExtentManager sendReq - ******************************START******************************
[INFO] 2018-03-29 20:51:27,287 ExtentManager sendReq - Request : IMPSP2UInstantPayment
[INFO] 2018-03-29 20:51:27,289 ExtentManager sendReq - Hmaced Request : 52c388bef90139892025f2ca7f6aace4399f5264ab210555e85e09ba1bb7f6b2*!9894060407APQI;Y;15316170605690416310253121025515855714;;SA;;;463795;123457;4.0;2478623864983269;43753086453153579646659287584181810579
[INFO] 2018-03-29 20:51:27,626 ExtentManager sendReq - Response received from Server : QI09;Please enter a valid Beneficiary MMID to proceed with the transaction.;29/03/2018 20:52;TXNID:808820245452;BID:C463795
[INFO] 2018-03-29 20:51:27,627 ExtentManager sendReq - Transaction ID : 808820245452
[INFO] 2018-03-29 20:51:27,627 ExtentManager sendReq - ******************************END********************************

[INFO] 2018-03-29 20:51:27,634 ExtentManager sendReq - ******************************START******************************
[INFO] 2018-03-29 20:51:27,635 ExtentManager sendReq - Request : IMPSP2PAddBeneficiary
[INFO] 2018-03-29 20:51:27,637 ExtentManager sendReq - Hmaced Request : 628d4fea81093a1f7e41e3b20d189b78e0c79a6dc12a611344fdc68ddddf9fe4*!9894060407APW1;Y;15316170605690416310253121025515855714;9240143;9372616576;yashuuuu;463795;123457;4.0;null;18796380684507269411386435756875610417
[INFO] 2018-03-29 20:51:28,412 ExtentManager sendReq - Response received from Server : W1AF;Your Mobile Number is not registered for TMB Mconnect. Please contact your branch;29/03/2018 20:52;TXNID:808820245453;BID:C463795
[INFO] 2018-03-29 20:51:28,413 ExtentManager sendReq - Transaction ID : 808820245453
[INFO] 2018-03-29 20:51:28,414 ExtentManager sendReq - ******************************END********************************

[INFO] 2018-03-29 20:51:28,422 ExtentManager sendReq - ******************************START******************************
[INFO] 2018-03-29 20:51:28,423 ExtentManager sendReq - Request : IMPSP2PAddBeneficiaryconfirmation
[INFO] 2018-03-29 20:51:28,426 ExtentManager sendReq - Hmaced Request : b266248509623f89e0a8192dc2ead6a643630202dacbf94a9a63fbfeea0f6ccb*!9894060407APW2;Y;15316170605690416310253121025515855714;9240143;9372616576;yashuuuu;463795;123457;4.0;2478623864983269;23117698021651686971342943683066006333
[INFO] 2018-03-29 20:51:29,487 ExtentManager sendReq - Response received from Server : W200;Beneficiary yashuuuu added successfully;29/03/2018 20:52;TXNID:808820245454;BID:C463795
[INFO] 2018-03-29 20:51:29,488 ExtentManager sendReq - Transaction ID : 808820245454
[INFO] 2018-03-29 20:51:29,489 ExtentManager sendReq - ******************************END********************************

[INFO] 2018-03-29 20:51:29,495 ExtentManager sendReq - ******************************START******************************
[INFO] 2018-03-29 20:51:29,496 ExtentManager sendReq - Request : IMPSP2PBeneficiarySearchListenquiry
[INFO] 2018-03-29 20:51:29,499 ExtentManager sendReq - Hmaced Request : 1049ad04144704f57a895ff4b5122d9b6767e8a1d9dc1e176e6852876e767138*!9894060407APD9;Y;15316170605690416310253121025515855714;niiki;001;463795;123457;4.0;2478623864983269;144574026825571053124070829986371455870
[INFO] 2018-03-29 20:51:30,751 ExtentManager sendReq - Response received from Server : D901;Beneficiary niiki not found.;29/03/2018 20:52;TXNID:808820245455;BID:C463795
[INFO] 2018-03-29 20:51:30,752 ExtentManager sendReq - Transaction ID : 808820245455
[INFO] 2018-03-29 20:51:30,753 ExtentManager sendReq - ******************************END********************************

[INFO] 2018-03-29 20:51:30,761 ExtentManager sendReq - ******************************START******************************
[INFO] 2018-03-29 20:51:30,762 ExtentManager sendReq - Request : IMPSP2PDeleteBeneficiaryListenquiry
[INFO] 2018-03-29 20:51:30,765 ExtentManager sendReq - Hmaced Request : 89ba1d8947ba8eeb4813872a0eb022aaf106cd63ad319560b338363497a1c89d*!9894060407AP5L;Y;15316170605690416310253121025515855714;;001;463795;123457;4.0;2478623864983269;40698915035621666867494823564169296294
[INFO] 2018-03-29 20:51:31,718 ExtentManager sendReq - Response received from Server : 5L00; ;yashuuuu;1;N;TXNID:808820245456;BID:C463795
[INFO] 2018-03-29 20:51:31,719 ExtentManager sendReq - Transaction ID : 808820245456
[INFO] 2018-03-29 20:51:31,727 ExtentManager sendReq - ******************************END********************************

[INFO] 2018-03-29 20:51:31,734 ExtentManager sendReq - ******************************START******************************
[INFO] 2018-03-29 20:51:31,735 ExtentManager sendReq - Request : IMPSP2PDeleteBeneficiaryConfirmation
[INFO] 2018-03-29 20:51:31,737 ExtentManager sendReq - Hmaced Request : 3b3f8901464e73bdd75af57810c77249d31867a3d58111142a2d9f8039880c77*!9894060407AP5L;Y;15316170605690416310253121025515855714;;001;463795;123457;4.0;2478623864983269;170654863050655350706980215715923101799
[INFO] 2018-03-29 20:51:33,003 ExtentManager sendReq - Response received from Server : 5L00; ;yashuuuu;1;N;TXNID:808820245457;BID:C463795
[INFO] 2018-03-29 20:51:33,004 ExtentManager sendReq - Transaction ID : 808820245457
[INFO] 2018-03-29 20:51:33,005 ExtentManager sendReq - ******************************END********************************

[INFO] 2018-03-29 20:51:33,011 ExtentManager sendReq - ******************************START******************************
[INFO] 2018-03-29 20:51:33,012 ExtentManager sendReq - Request : IMPSP2PBeneficiaryPaymentListenquiry
[INFO] 2018-03-29 20:51:33,015 ExtentManager sendReq - Hmaced Request : b9d8215bc03fe2055fd813a884fded5da0a143c689bd2c84776cffeb7b57a9d8*!9894060407APW3;Y;15316170605690416310253121025515855714;P;niiki;001;463795;123457;4.0;2478623864983269;57113095565430025899007232716181588277
[INFO] 2018-03-29 20:51:34,298 ExtentManager sendReq - Response received from Server : W309;Beneficiary niiki not found.;29/03/2018 20:52;TXNID:808820245458;BID:C463795
[INFO] 2018-03-29 20:51:34,298 ExtentManager sendReq - Transaction ID : 808820245458
[INFO] 2018-03-29 20:51:34,299 ExtentManager sendReq - ******************************END********************************

[INFO] 2018-03-29 20:51:34,306 ExtentManager sendReq - ******************************START******************************
[INFO] 2018-03-29 20:51:34,307 ExtentManager sendReq - Request : IMPSP2PBeneficiaryPaymentConfirmation
[INFO] 2018-03-29 20:51:34,309 ExtentManager sendReq - Hmaced Request : 451942abbfec0827405b65413b37b1a466d0ec8724bfc39987731af2ea6a7189*!9894060407APW4;Y;15316170605690416310253121025515855714;20;trans;yashuuuu;463795;123457;4.0;2478623864983269;87661202257426306247588659258326690737
[INFO] 2018-03-29 20:51:38,287 ExtentManager sendReq - Response received from Server : W400;Your a/c no. XXXXXXXX3269 is debited for Rs. 20.00 on 29-03-18 and a/c linked to mobile 9XXXXXX576 credited (IMPS Ref no 808820245459);29/03/2018 20:52;TXNID:808820245459;BID:C463795
[INFO] 2018-03-29 20:51:38,287 ExtentManager sendReq - Transaction ID : 808820245459
[INFO] 2018-03-29 20:51:38,288 ExtentManager sendReq - ******************************END********************************

[INFO] 2018-03-29 20:51:38,294 ExtentManager sendReq - ******************************START******************************
[INFO] 2018-03-29 20:51:38,295 ExtentManager sendReq - Request : IMPSP2AAddBeneficiary
[INFO] 2018-03-29 20:51:38,298 ExtentManager sendReq - Hmaced Request : 0566c4f86eeb3578dba07f9150aa4177b3bd28ec525b03f3951949f3d6079238*!9894060407APK2;Y;15316170605690416310253121025515855714;6473839242827281547;SA;HDFC0000002;nickii;463795;123457;4.0;2478623864983269;141069177113535389938678627963695693453
[INFO] 2018-03-29 20:51:39,035 ExtentManager sendReq - Response received from Server : K209;You have already registered the nickname for another beneficiary;29/03/2018 20:52;TXNID:808820245460;BID:C463795
[INFO] 2018-03-29 20:51:39,036 ExtentManager sendReq - Transaction ID : 808820245460
[INFO] 2018-03-29 20:51:39,036 ExtentManager sendReq - ******************************END********************************

[INFO] 2018-03-29 20:51:39,043 ExtentManager sendReq - ******************************START******************************
[INFO] 2018-03-29 20:51:39,044 ExtentManager sendReq - Request : IMPSP2AAddBeneficiaryconfirmation
[INFO] 2018-03-29 20:51:39,047 ExtentManager sendReq - Hmaced Request : 55626c4a1a6f5539a7e47a5898be275c0f24f58ed961092cb5d32a0a878c4f1b*!9894060407APK3;Y;15316170605690416310253121025515855714;6473839242827281547;SA;HDFC0000002;nickii;463795;123457;4.0;2478623864983269;88976267289604196527594076026396571554
[INFO] 2018-03-29 20:51:39,982 ExtentManager sendReq - Response received from Server : K309;You have already registered the nickname for another beneficiary;29/03/2018 20:52;TXNID:808820245461;BID:C463795
[INFO] 2018-03-29 20:51:39,983 ExtentManager sendReq - Transaction ID : 808820245461
[INFO] 2018-03-29 20:51:39,984 ExtentManager sendReq - ******************************END********************************

[INFO] 2018-03-29 20:51:39,990 ExtentManager sendReq - ******************************START******************************
[INFO] 2018-03-29 20:51:39,991 ExtentManager sendReq - Request : IMPSP2ABeneficiarySearchListenquiry
[INFO] 2018-03-29 20:51:39,993 ExtentManager sendReq - Hmaced Request : 04130e36ea3ed8ef2143d66d9bdac29b4a2cc26b5d751d09fc3fc52b06316479*!9894060407APD9;Y;15316170605690416310253121025515855714;;001;463795;123457;4.0;2478623864983269;203063606595120528062489038058167580599
[INFO] 2018-03-29 20:51:40,852 ExtentManager sendReq - Response received from Server : D900; ;yashuuuu*HDFC Bank*9240143*9372616576;1;N;TXNID:808820245462;BID:C463795
[INFO] 2018-03-29 20:51:40,853 ExtentManager sendReq - Transaction ID : 808820245462
[INFO] 2018-03-29 20:51:40,853 ExtentManager sendReq - ******************************END********************************

[INFO] 2018-03-29 20:51:40,859 ExtentManager sendReq - ******************************START******************************
[INFO] 2018-03-29 20:51:40,860 ExtentManager sendReq - Request : IMPSP2ADeleteBeneficiaryListenquiry
[INFO] 2018-03-29 20:51:40,862 ExtentManager sendReq - Hmaced Request : 390176f5f8bcb813b267303cf0ce18eccc06e8dad85556914d859692985ce798*!9894060407AP5L;Y;15316170605690416310253121025515855714;;001;463795;123457;4.0;2478623864983269;63827354041258274586733698800686625811
[INFO] 2018-03-29 20:51:41,744 ExtentManager sendReq - Response received from Server : 5L00; ;yashuuuu;1;N;TXNID:808820245463;BID:C463795
[INFO] 2018-03-29 20:51:41,745 ExtentManager sendReq - Transaction ID : 808820245463
[INFO] 2018-03-29 20:51:41,745 ExtentManager sendReq - ******************************END********************************

[INFO] 2018-03-29 20:51:41,750 ExtentManager sendReq - ******************************START******************************
[INFO] 2018-03-29 20:51:41,753 ExtentManager sendReq - Request : IMPSP2ADeleteBeneficiaryConfirmation
[INFO] 2018-03-29 20:51:41,755 ExtentManager sendReq - Hmaced Request : 325db294033860abb5dd45c1cc6a30dfd3aebd58f990ff368c768554f686285a*!9894060407AP5L;Y;15316170605690416310253121025515855714;;001;463795;123457;4.0;2478623864983269;27062644681294354657031070859812690854
[INFO] 2018-03-29 20:51:43,087 ExtentManager sendReq - Response received from Server : 5L00; ;yashuuuu;1;N;TXNID:808820245464;BID:C463795
[INFO] 2018-03-29 20:51:43,088 ExtentManager sendReq - Transaction ID : 808820245464
[INFO] 2018-03-29 20:51:43,089 ExtentManager sendReq - ******************************END********************************

[INFO] 2018-03-29 20:51:43,096 ExtentManager sendReq - ******************************START******************************
[INFO] 2018-03-29 20:51:43,097 ExtentManager sendReq - Request : IMPSP2ABeneficiaryPaymentListenquiry
[INFO] 2018-03-29 20:51:43,099 ExtentManager sendReq - Hmaced Request : 336818416df7f699da0d3dc5e2834623a1b369f3b7b078a53afefb0c0f8ee384*!9894060407APK4;Y;15316170605690416310253121025515855714;nickii;1;463795;123457;4.0;2478623864983269;29276403168386793947047905145757126963
[INFO] 2018-03-29 20:51:44,052 ExtentManager sendReq - Response received from Server : K400;nickii;nickii*HDFC0000002*6473839242827281547*SA;1;N;TXNID:808820245465;BID:C463795
[INFO] 2018-03-29 20:51:44,053 ExtentManager sendReq - Transaction ID : 808820245465
[INFO] 2018-03-29 20:51:44,054 ExtentManager sendReq - ******************************END********************************

[INFO] 2018-03-29 20:51:44,060 ExtentManager sendReq - ******************************START******************************
[INFO] 2018-03-29 20:51:44,061 ExtentManager sendReq - Request : IMPSP2ABeneficiaryPaymentConfirmation
[INFO] 2018-03-29 20:51:44,063 ExtentManager sendReq - Hmaced Request : 99307cd93d9eade5529f45f0940ad92174bbef66a63bfa9bbc702ea19a5a0584*!9894060407APK5;Y;15316170605690416310253121025515855714;nickii;10;gffsa;463795;123457;4.0;2478623864983269;10211264602023269734572519047514029612
[INFO] 2018-03-29 20:51:47,698 ExtentManager sendReq - Response received from Server : K500;Your a/c no. XXXXXXXX3269 is debited for Rs. 10.00 on 29-03-18 and a/c XXXXXXX547 credited (IMPS Ref no 808820245466);29/03/2018 20:52;TXNID:808820245466;BID:C463795
[INFO] 2018-03-29 20:51:47,699 ExtentManager sendReq - Transaction ID : 808820245466
[INFO] 2018-03-29 20:51:47,700 ExtentManager sendReq - ******************************END********************************

