[INFO] 2018-03-29 20:42:53,818 ExtentManager setUp - Running Mobile banking API Automation testing on mPAY 4.0

[INFO] 2018-03-29 20:42:53,967 ExtentManager sendReq - ******************************START******************************
[INFO] 2018-03-29 20:42:53,967 ExtentManager sendReq - Request : NEFT benificiary registration
[INFO] 2018-03-29 20:42:54,626 ExtentManager sendReq - Hmaced Request : f149ed1937f4ae46b74133e74d1da1e7df93efef746895266e7b7c51761072da*!9894060407APQ2;Y;15316170605690416310253121025515855714;32864783264;SA;HDFC0000001;NeftBeneficiary;463795;123457;4.0;2478623864983269;174534126893343612658404199294350662358
[INFO] 2018-03-29 20:42:56,844 ExtentManager sendReq - Response received from Server : Q200;HDFC BANK LTD.;MUMBAI;32864783264;SA;HDFC0000001;NeftBeneficiary;HDFC;29/03/2018 20:44;TXNID:808820245391;BID:C463795
[INFO] 2018-03-29 20:42:56,845 ExtentManager sendReq - Transaction ID : 808820245391
[INFO] 2018-03-29 20:42:56,846 ExtentManager sendReq - ******************************END********************************

[INFO] 2018-03-29 20:42:56,866 ExtentManager sendReq - ******************************START******************************
[INFO] 2018-03-29 20:42:56,866 ExtentManager sendReq - Request : NEFT benificiary registration confirm
[INFO] 2018-03-29 20:42:56,868 ExtentManager sendReq - Hmaced Request : 26d5fa5a5436d972f9c609ad4b314b917dcb72fab143f664db3a852b5b6c17a7*!9894060407APQ3;Y;15316170605690416310253121025515855714;32864783264;SA;HDFC0000001;NeftBeneficiary;463795;123457;4.0;2478623864983269;33650495080098963001141686792427551031
[INFO] 2018-03-29 20:42:57,932 ExtentManager sendReq - Response received from Server : Q300;Beneficiary successfully created. Payment can be made after 1 hours;29/03/2018 20:44;TXNID:808820245392;BID:C463795
[INFO] 2018-03-29 20:42:57,933 ExtentManager sendReq - Transaction ID : 808820245392
[INFO] 2018-03-29 20:42:57,933 ExtentManager sendReq - ******************************END********************************

[INFO] 2018-03-29 20:42:57,940 ExtentManager sendReq - ******************************START******************************
[INFO] 2018-03-29 20:42:57,941 ExtentManager sendReq - Request : NEFT benificiary list
[INFO] 2018-03-29 20:42:57,945 ExtentManager sendReq - Hmaced Request : 45b8669c8e40e2333a4aacf6ad9a671819dee7c332b7017850f0423e39a8dde1*!9894060407APQ7;Y;15316170605690416310253121025515855714;P;001;463795;123457;4.0;2478623864983269;39913890685613025919722977080431805705
[INFO] 2018-03-29 20:42:58,888 ExtentManager sendReq - Response received from Server : Q700;P;NeftBeneficiary#nefttest;1;N;TXNID:808820245393;BID:C463795
[INFO] 2018-03-29 20:42:58,889 ExtentManager sendReq - Transaction ID : 808820245393
[INFO] 2018-03-29 20:42:58,890 ExtentManager sendReq - ******************************END********************************

[INFO] 2018-03-29 20:42:58,902 ExtentManager sendReq - ******************************START******************************
[INFO] 2018-03-29 20:42:58,903 ExtentManager sendReq - Request : NEFT benificiary payment
[INFO] 2018-03-29 20:42:58,906 ExtentManager sendReq - Hmaced Request : 1520bd6e74bbe01a0770ef9e3ea22da1daf61735f2c1932ed7f38c2911d9b3bb*!9894060407APQ8;Y;15316170605690416310253121025515855714;30;NeftTest;NeftBeneficiary;463795;123457;4.0;2478623864983269;117800137607433428780093711564898676297
[INFO] 2018-03-29 20:42:59,967 ExtentManager sendReq - Response received from Server : Q832;Beneficiary not activated yet. Please try after sometime;29/03/2018 20:44;TXNID:808820245394;BID:C463795
[INFO] 2018-03-29 20:42:59,968 ExtentManager sendReq - Transaction ID : 808820245394
[INFO] 2018-03-29 20:42:59,970 ExtentManager sendReq - ******************************END********************************

[INFO] 2018-03-29 20:42:59,975 ExtentManager sendReq - ******************************START******************************
[INFO] 2018-03-29 20:42:59,975 ExtentManager sendReq - Request : NEFT benificiary detail
[INFO] 2018-03-29 20:42:59,977 ExtentManager sendReq - Hmaced Request : 93193649b9b4a39f305b7765826d8b2bd5dd0a8f145688d65b0ec5cdfd5308cc*!9894060407APNL;Y;15316170605690416310253121025515855714;NeftBeneficiary;001;463795;123457;4.0;2478623864983269;140713953255172848652625373169603466102
[INFO] 2018-03-29 20:43:01,277 ExtentManager sendReq - Response received from Server : NL00;NeftBeneficiary;NeftBeneficiary*HDFC BANK LTD.*MUMBAI*32864783264*SA*HDFC0000001;1;N;TXNID:808820245395;BID:C463795
[INFO] 2018-03-29 20:43:01,278 ExtentManager sendReq - Transaction ID : 808820245395
[INFO] 2018-03-29 20:43:01,279 ExtentManager sendReq - ******************************END********************************

[INFO] 2018-03-29 20:43:01,285 ExtentManager sendReq - ******************************START******************************
[INFO] 2018-03-29 20:43:01,286 ExtentManager sendReq - Request : NEFT benificiary de-registration list
[INFO] 2018-03-29 20:43:01,289 ExtentManager sendReq - Hmaced Request : fe1f25c77517a2905d41e2a5087a566edca1508fef2fc01857c5774aec1136e0*!9894060407AP4L;Y;15316170605690416310253121025515855714;;001;463795;123457;4.0;2478623864983269;68671716029017111781290856883356075053
[INFO] 2018-03-29 20:43:02,357 ExtentManager sendReq - Response received from Server : 4L00; ;NeftBeneficiary#nefttest;1;N;TXNID:808820245396;BID:C463795
[INFO] 2018-03-29 20:43:02,358 ExtentManager sendReq - Transaction ID : 808820245396
[INFO] 2018-03-29 20:43:02,359 ExtentManager sendReq - ******************************END********************************

[INFO] 2018-03-29 20:43:02,366 ExtentManager sendReq - ******************************START******************************
[INFO] 2018-03-29 20:43:02,367 ExtentManager sendReq - Request : NEFT benificiary de-registration confirm
[INFO] 2018-03-29 20:43:02,371 ExtentManager sendReq - Hmaced Request : 4676b0908373cea10d8c7d7d6b8f7d7f3c7d51815a36d856b1cd8e7a3d65c9a2*!9894060407AP4D;Y;15316170605690416310253121025515855714;NeftBeneficiary;463795;123457;4.0;2478623864983269;152438573152526795020651298041530200960
[INFO] 2018-03-29 20:43:03,518 ExtentManager sendReq - Response received from Server : 4D00;Beneficiary NeftBeneficiary deleted successfully;29/03/2018 20:44;TXNID:808820245397;BID:C463795
[INFO] 2018-03-29 20:43:03,519 ExtentManager sendReq - Transaction ID : 808820245397
[INFO] 2018-03-29 20:43:03,519 ExtentManager sendReq - ******************************END********************************

