[INFO] 2018-03-29 17:05:09,037 ExtentManager setUp - Running Mobile banking API Automation testing on mPAY 4.0

[INFO] 2018-03-29 17:05:09,180 ExtentManager sendReq - ******************************START******************************
[INFO] 2018-03-29 17:05:09,181 ExtentManager sendReq - Request : m2m Quick FT
[INFO] 2018-03-29 17:05:09,797 ExtentManager sendReq - Hmaced Request : eda3647bf9cca6070c3e9cdbeee228c4607b17dfe5bb88efd275526ff405e0e0*!9894060407APQM;Y;15316170605690416310253121025515855714;8778602561;10;test   ;463795;123457;4.0;2478623864983269;89587521334004719304272216959921805305
[INFO] 2018-03-29 17:05:11,920 ExtentManager sendReq - Response received from Server : QM00;Fund Transfer to 3286XXX326489632 - +918778602561 successful. Rs. 10.00 debited from 2478XXX864983269;29/03/2018 17:06;TXNID:808817245252;BID:C463795
[INFO] 2018-03-29 17:05:11,921 ExtentManager sendReq - Transaction ID : 808817245252
[INFO] 2018-03-29 17:05:11,921 ExtentManager sendReq - ******************************END********************************

[INFO] 2018-03-29 17:05:11,936 ExtentManager sendReq - ******************************START******************************
[INFO] 2018-03-29 17:05:11,943 ExtentManager sendReq - Request : m2m Benificiary Account list
[INFO] 2018-03-29 17:05:11,945 ExtentManager sendReq - Hmaced Request : e6b0c73cbe3a85483ad376caebed13d8c6946a4a22e6a069eee643b595b57053*!9894060407APRM;Y;15316170605690416310253121025515855714;463795;8778602561;FTBeneficiary;0001;463795;123457;4.0;2478623864983269;17264421452818875186893681086672276069
[INFO] 2018-03-29 17:05:13,322 ExtentManager sendReq - Response received from Server : RM00;rest;8778602561;FTBeneficiary;3286478326489632#5012432470000000#5012432472349283;1;Y;TXNID:808817245253;BID:C463795
[INFO] 2018-03-29 17:05:13,323 ExtentManager sendReq - Transaction ID : 808817245253
[INFO] 2018-03-29 17:05:13,324 ExtentManager sendReq - ******************************END********************************

[INFO] 2018-03-29 17:05:13,332 ExtentManager sendReq - ******************************START******************************
[INFO] 2018-03-29 17:05:13,333 ExtentManager sendReq - Request : m2m Benificiary Registration
[INFO] 2018-03-29 17:05:13,335 ExtentManager sendReq - Hmaced Request : 1116cd5bd50bd6a9e52f4bae814e9ff4e6fa1bbab3802aa469e6d72f96990d3b*!9894060407APC1;Y;15316170605690416310253121025515855714;463795;8778602561;FTBeneficiary;3286478326489632;463795;123457;4.0;2478623864983269;21629393906377273982270991389903153029
[INFO] 2018-03-29 17:05:14,411 ExtentManager sendReq - Response received from Server : C100;Beneficiary FTBeneficiary added successfully;29/03/2018 17:06;TXNID:808817245254;BID:C463795
[INFO] 2018-03-29 17:05:14,412 ExtentManager sendReq - Transaction ID : 808817245254
[INFO] 2018-03-29 17:05:14,412 ExtentManager sendReq - ******************************END********************************

[INFO] 2018-03-29 17:05:14,420 ExtentManager sendReq - ******************************START******************************
[INFO] 2018-03-29 17:05:14,421 ExtentManager sendReq - Request : m2m Register benificiary search
[INFO] 2018-03-29 17:05:14,424 ExtentManager sendReq - Hmaced Request : 06bbb45c91bcd02b28a886c79104cbfae870deb4c845b39c9daf6cac2d18350f*!9894060407APF1;Y;15316170605690416310253121025515855714;P;001;463795;123457;4.0;2478623864983269;144703233568149039264856128349099355574
[INFO] 2018-03-29 17:05:15,412 ExtentManager sendReq - Response received from Server : F100;P;FTBeneficiary;1;N;TXNID:808817245255;BID:C463795
[INFO] 2018-03-29 17:05:15,412 ExtentManager sendReq - Transaction ID : 808817245255
[INFO] 2018-03-29 17:05:15,414 ExtentManager sendReq - ******************************END********************************

[INFO] 2018-03-29 17:05:15,419 ExtentManager sendReq - ******************************START******************************
[INFO] 2018-03-29 17:05:15,420 ExtentManager sendReq - Request : m2m benificiary payment
[INFO] 2018-03-29 17:05:15,423 ExtentManager sendReq - Hmaced Request : a81ef869a87216d34712c98a6dc349f17259c64abf9dc1c83134331d01f2fa2f*!9894060407APFT;Y;15316170605690416310253121025515855714;10;test   ;FTBeneficiary;463795;123457;4.0;2478623864983269;167709051460790897520928797696427393826
[INFO] 2018-03-29 17:05:17,827 ExtentManager sendReq - Response received from Server : FT00;Fund Transfer to rest - +918778602561 successful. Rs. 10.00 debited from 2478XXX864983269;29/03/2018 17:06;TXNID:808817245256;BID:C463795
[INFO] 2018-03-29 17:05:17,828 ExtentManager sendReq - Transaction ID : 808817245256
[INFO] 2018-03-29 17:05:17,829 ExtentManager sendReq - ******************************END********************************

[INFO] 2018-03-29 17:05:17,836 ExtentManager sendReq - ******************************START******************************
[INFO] 2018-03-29 17:05:17,836 ExtentManager sendReq - Request : m2m benificiary search
[INFO] 2018-03-29 17:05:17,839 ExtentManager sendReq - Hmaced Request : 52c5dcdb3fcfc29be0dd2494184a0b28300e781b9aa97c556d9a9e8c402bfed1*!9894060407APD5;Y;15316170605690416310253121025515855714;;001;463795;123457;4.0;2478623864983269;108123639577622856702478143108401218411
[INFO] 2018-03-29 17:05:19,013 ExtentManager sendReq - Response received from Server : D500; ;FTBeneficiary*8778602561;1;N;TXNID:808817245257;BID:C463795
[INFO] 2018-03-29 17:05:19,014 ExtentManager sendReq - Transaction ID : 808817245257
[INFO] 2018-03-29 17:05:19,015 ExtentManager sendReq - ******************************END********************************

[INFO] 2018-03-29 17:05:19,021 ExtentManager sendReq - ******************************START******************************
[INFO] 2018-03-29 17:05:19,022 ExtentManager sendReq - Request : m2m benificiary search
[INFO] 2018-03-29 17:05:19,025 ExtentManager sendReq - Hmaced Request : c632944bf379f9ede36d9f37e0094af7ab8b26e78b9456ff4f4f988aa0323b8b*!9894060407APD5;Y;15316170605690416310253121025515855714;FTBeneficiary;001;463795;123457;4.0;2478623864983269;119324877483945840651959106733393373162
[INFO] 2018-03-29 17:05:20,419 ExtentManager sendReq - Response received from Server : D500;FTBeneficiary;FTBeneficiary*8778602561;1;N;TXNID:808817245258;BID:C463795
[INFO] 2018-03-29 17:05:20,421 ExtentManager sendReq - Transaction ID : 808817245258
[INFO] 2018-03-29 17:05:20,421 ExtentManager sendReq - ******************************END********************************

[INFO] 2018-03-29 17:05:20,428 ExtentManager sendReq - ******************************START******************************
[INFO] 2018-03-29 17:05:20,430 ExtentManager sendReq - Request : m2m benificiary delete search
[INFO] 2018-03-29 17:05:20,433 ExtentManager sendReq - Hmaced Request : 0618363987eebeaa705c5fac1dcb340ffdbc00c975112ae78c4b09abf399f4ff*!9894060407AP2L;Y;15316170605690416310253121025515855714;;001;463795;123457;4.0;2478623864983269;150569253546626981728731147175983196627
[INFO] 2018-03-29 17:05:21,485 ExtentManager sendReq - Response received from Server : 2L00; ;FTBeneficiary;1;N;TXNID:808817245259;BID:C463795
[INFO] 2018-03-29 17:05:21,485 ExtentManager sendReq - Transaction ID : 808817245259
[INFO] 2018-03-29 17:05:21,486 ExtentManager sendReq - ******************************END********************************

[INFO] 2018-03-29 17:05:21,493 ExtentManager sendReq - ******************************START******************************
[INFO] 2018-03-29 17:05:21,494 ExtentManager sendReq - Request : m2m benificiary delete search
[INFO] 2018-03-29 17:05:21,496 ExtentManager sendReq - Hmaced Request : 28cc2a530bc1e95e8f6f00a2e0be6df3629eadbaaed52256e8a84507259a1dae*!9894060407AP2L;Y;15316170605690416310253121025515855714;FTBeneficiary;001;463795;123457;4.0;2478623864983269;200072425612260302564927853250014846288
[INFO] 2018-03-29 17:05:22,562 ExtentManager sendReq - Response received from Server : 2L00;FTBeneficiary;FTBeneficiary;1;N;TXNID:808817245260;BID:C463795
[INFO] 2018-03-29 17:05:22,563 ExtentManager sendReq - Transaction ID : 808817245260
[INFO] 2018-03-29 17:05:22,563 ExtentManager sendReq - ******************************END********************************

[INFO] 2018-03-29 17:05:22,576 ExtentManager sendReq - ******************************START******************************
[INFO] 2018-03-29 17:05:22,577 ExtentManager sendReq - Request : M2M benificiary delete
[INFO] 2018-03-29 17:05:22,579 ExtentManager sendReq - Hmaced Request : 940a87e124a7f504c78288561d0bf8d9a9a9423b5546070e8da1b6ecdc4829c7*!9894060407AP2D;Y;15316170605690416310253121025515855714;FTBeneficiary;463795;123457;4.0;2478623864983269;103050465781815313880447298376116181621
[INFO] 2018-03-29 17:05:23,539 ExtentManager sendReq - Response received from Server : 2D00;Beneficiary FTBeneficiary deleted successfully;29/03/2018 17:06;TXNID:808817245261;BID:C463795
[INFO] 2018-03-29 17:05:23,540 ExtentManager sendReq - Transaction ID : 808817245261
[INFO] 2018-03-29 17:05:23,541 ExtentManager sendReq - ******************************END********************************

