[INFO] 2018-03-29 13:01:18,263 ExtentManager setUp - Running Mobile banking API Automation testing on mPAY 4.0

[INFO] 2018-03-29 13:01:18,410 ExtentManager sendReq - ******************************START******************************
[INFO] 2018-03-29 13:01:18,411 ExtentManager sendReq - Request : m2m Quick FT
[INFO] 2018-03-29 13:01:19,100 ExtentManager sendReq - Hmaced Request : 1cb6d1598b62db17f0810e2f78d3035aec63615019645cbf3d331666c1d0fbeb*!9894060407APQM;Y;15316170605690416310253121025515855714;9894060407;20;rtj;463795;123457;4.0;2478623864983269;122078794404906161050301494535942131770
[INFO] 2018-03-29 13:01:20,192 ExtentManager sendReq - Response received from Server : QM09;Beneficiary and Initiator account number cannot be same;29/03/2018 13:02;TXNID:808813245114;BID:C463795
[INFO] 2018-03-29 13:01:20,193 ExtentManager sendReq - Transaction ID : 808813245114
[INFO] 2018-03-29 13:01:20,194 ExtentManager sendReq - ******************************END********************************

[INFO] 2018-03-29 13:01:20,217 ExtentManager sendReq - ******************************START******************************
[INFO] 2018-03-29 13:01:20,218 ExtentManager sendReq - Request : m2m Benificiary Account list
[INFO] 2018-03-29 13:01:20,219 ExtentManager sendReq - Hmaced Request : 60ef4e23305dd5291f967ad94c3874be756bfd8cfa52d277c18fb92bfcf84d7e*!9894060407APRM;Y;15316170605690416310253121025515855714;;;0001;463795;123457;4.0;2478623864983269;42498684255333251815801283340751554006
[INFO] 2018-03-29 13:01:20,378 ExtentManager sendReq - Response received from Server : RM;Y;15316170605690416310253121025515855714; ; ;0001;463795;123457;4.0;2478623864983269;9894060407
[INFO] 2018-03-29 13:01:20,380 ExtentManager sendReq - ******************************END********************************

[INFO] 2018-03-29 13:01:20,389 ExtentManager sendReq - ******************************START******************************
[INFO] 2018-03-29 13:01:20,390 ExtentManager sendReq - Request : m2m Benificiary Registration
[INFO] 2018-03-29 13:01:20,393 ExtentManager sendReq - Hmaced Request : 7bd6c4d316dde2e7313afed3f39d929684bb4be620fce2252b99a63d17b911e5*!9894060407APC1;Y;15316170605690416310253121025515855714;9790954690;;;0001;463795;123457;4.0;2478623864983269;176204954234523732292579754361942341269
[INFO] 2018-03-29 13:01:20,846 ExtentManager sendReq - Response received from Server : C109;Due to technical problem your last transaction was not processed. Please retry after some time;29/03/2018 13:02;TXNID:808813245115;BID:C463795
[INFO] 2018-03-29 13:01:20,847 ExtentManager sendReq - Transaction ID : 808813245115
[INFO] 2018-03-29 13:01:20,850 ExtentManager sendReq - ******************************END********************************

[INFO] 2018-03-29 13:01:20,853 ExtentManager sendReq - ******************************START******************************
[INFO] 2018-03-29 13:01:20,853 ExtentManager sendReq - Request : m2m Register benificiary search
[INFO] 2018-03-29 13:01:20,854 ExtentManager sendReq - Hmaced Request : 7e6cc3f2e6c235249b25bbfb1fa11c4a88fd381c51e813b4d60402c923ad9bfc*!9894060407APF1;P;001;463795;123457;4.0;2478623864983269;113739059011103142528874727677372817
[INFO] 2018-03-29 13:01:20,986 ExtentManager sendReq - Response received from Server : F1;P;001;463795;123457;4.0;2478623864983269;9894060407
[INFO] 2018-03-29 13:01:20,987 ExtentManager sendReq - ******************************END********************************

[INFO] 2018-03-29 13:01:20,991 ExtentManager sendReq - ******************************START******************************
[INFO] 2018-03-29 13:01:20,991 ExtentManager sendReq - Request : m2m benificiary payment
[INFO] 2018-03-29 13:01:20,993 ExtentManager sendReq - Hmaced Request : 0d66c996a7c05898a946ac487f317c53b0bc866634aa17809b5e760f71721d7d*!9894060407APFT;Y;15316170605690416310253121025515855714;;;;P;001;463795;123457;4.0;2478623864983269;51292418902608822774088548320993443059
[INFO] 2018-03-29 13:01:21,342 ExtentManager sendReq - Response received from Server : FT09;Due to technical problem your last transaction was not processed. Please retry after some time;29/03/2018 13:02;TXNID:808813245116;BID:C463795
[INFO] 2018-03-29 13:01:21,343 ExtentManager sendReq - Transaction ID : 808813245116
[INFO] 2018-03-29 13:01:21,343 ExtentManager sendReq - ******************************END********************************

[INFO] 2018-03-29 13:01:21,346 ExtentManager sendReq - ******************************START******************************
[INFO] 2018-03-29 13:01:21,346 ExtentManager sendReq - Request : m2m benificiary search
[INFO] 2018-03-29 13:01:21,347 ExtentManager sendReq - Hmaced Request : 2813ede161bda8d3de8f1ac3812a6f2c951ea251bcc9e474015288a941e32edd*!9894060407APD5;Y;15316170605690416310253121025515855714;;001;463795;123457;4.0;2478623864983269;49352333350897454695319335761798748012
[INFO] 2018-03-29 13:01:23,316 ExtentManager sendReq - Response received from Server : D501;You are yet to register a beneficiary;29/03/2018 13:02;TXNID:808813245117;BID:C463795
[INFO] 2018-03-29 13:01:23,317 ExtentManager sendReq - Transaction ID : 808813245117
[INFO] 2018-03-29 13:01:23,318 ExtentManager sendReq - ******************************END********************************

[INFO] 2018-03-29 13:01:23,326 ExtentManager sendReq - ******************************START******************************
[INFO] 2018-03-29 13:01:23,327 ExtentManager sendReq - Request : m2m benificiary delete search
[INFO] 2018-03-29 13:01:23,330 ExtentManager sendReq - Hmaced Request : 4f722b5f43151cc2a18bf37047941b50557959e9d55dabd498c6fef4341b96a2*!9894060407AP2L;Y;15316170605690416310253121025515855714;;001;463795;123457;4.0;2478623864983269;24740915357958967218072584819628334121
[INFO] 2018-03-29 13:01:25,104 ExtentManager sendReq - Response received from Server : 2L01;You are yet to register a beneficiary;29/03/2018 13:02;TXNID:808813245118;BID:C463795
[INFO] 2018-03-29 13:01:25,104 ExtentManager sendReq - Transaction ID : 808813245118
[INFO] 2018-03-29 13:01:25,105 ExtentManager sendReq - ******************************END********************************

[INFO] 2018-03-29 13:01:25,112 ExtentManager sendReq - ******************************START******************************
[INFO] 2018-03-29 13:01:25,113 ExtentManager sendReq - Request : P2P benificiary delete
[INFO] 2018-03-29 13:01:25,116 ExtentManager sendReq - Hmaced Request : 05fed30b21e02f4e46b2b1f7540c3ceecefbb0cf080b5a6fdfe68cba8c086c66*!9894060407AP2D;Y;15316170605690416310253121025515855714;;001;463795;123457;4.0;2478623864983269;42874101371024776871704103138581515373
[INFO] 2018-03-29 13:01:26,293 ExtentManager sendReq - Response received from Server : 2D01;Beneficiary deregistration not successful;29/03/2018 13:02;TXNID:808813245119;BID:C463795
[INFO] 2018-03-29 13:01:26,294 ExtentManager sendReq - Transaction ID : 808813245119
[INFO] 2018-03-29 13:01:26,295 ExtentManager sendReq - ******************************END********************************

[INFO] 2018-03-29 13:01:26,302 ExtentManager sendReq - ******************************START******************************
[INFO] 2018-03-29 13:01:26,303 ExtentManager sendReq - Request : P2A Quick FT
[INFO] 2018-03-29 13:01:26,305 ExtentManager sendReq - Hmaced Request : 503bb436fdf16ba653b89cf71468a93153cd9be7d96a891fe3aa04d3e38d93ed*!9894060407APQT;Y;15316170605690416310253121025515855714;;;;test   ;001;463795;123457;4.0;2478623864983269;112526607157135622072954108313773344056
[INFO] 2018-03-29 13:01:27,291 ExtentManager sendReq - Response received from Server : QT20;Minimum Amount permitted for this transaction is Rs. 5.00. Please enter a higher amount;29/03/2018 13:02;TXNID:808813245120;BID:C463795
[INFO] 2018-03-29 13:01:27,291 ExtentManager sendReq - Transaction ID : 808813245120
[INFO] 2018-03-29 13:01:27,292 ExtentManager sendReq - ******************************END********************************

[INFO] 2018-03-29 13:01:27,299 ExtentManager sendReq - ******************************START******************************
[INFO] 2018-03-29 13:01:27,300 ExtentManager sendReq - Request : m2a benificary registration
[INFO] 2018-03-29 13:01:27,302 ExtentManager sendReq - Hmaced Request : 05674a41faa37b620aee0e9e7edc2e94e2694dff12dda8d428bc01b0d344ab4f*!9894060407APQT;Y;15316170605690416310253121025515855714;;;;test   ;001;463795;123457;4.0;2478623864983269;15554673986901201736763004043995379507
[INFO] 2018-03-29 13:01:28,354 ExtentManager sendReq - Response received from Server : QT20;Minimum Amount permitted for this transaction is Rs. 5.00. Please enter a higher amount;29/03/2018 13:02;TXNID:808813245121;BID:C463795
[INFO] 2018-03-29 13:01:28,355 ExtentManager sendReq - Transaction ID : 808813245121
[INFO] 2018-03-29 13:01:28,355 ExtentManager sendReq - ******************************END********************************

[INFO] 2018-03-29 13:01:28,368 ExtentManager sendReq - ******************************START******************************
[INFO] 2018-03-29 13:01:28,369 ExtentManager sendReq - Request : m2a benificiary search req
[INFO] 2018-03-29 13:01:28,372 ExtentManager sendReq - Hmaced Request : 7eff74530dd545d6d57a3f139f3700c083729058365393b63e1eac9c723d7363*!9894060407APF2;;P;001;463795;123457;4.0;2478623864983269;129297166198584506272038651716894393111
[INFO] 2018-03-29 13:01:29,236 ExtentManager sendReq - Response received from Server : F208;Please enter mPIN.Contact nearest branch for further assistance.;29/03/2018 13:02;TXNID:808813245122;BID:C463795
[INFO] 2018-03-29 13:01:29,237 ExtentManager sendReq - Transaction ID : 808813245122
[INFO] 2018-03-29 13:01:29,237 ExtentManager sendReq - ******************************END********************************

[INFO] 2018-03-29 13:01:29,244 ExtentManager sendReq - ******************************START******************************
[INFO] 2018-03-29 13:01:29,245 ExtentManager sendReq - Request : m2a benificiary details
[INFO] 2018-03-29 13:01:29,247 ExtentManager sendReq - Hmaced Request : 3ef953a029f0b83c21ef64eeeee7ac784bb83c57dfad46a5a92dea373ea066a1*!9894060407APD6;;001;463795;123457;4.0;2478623864983269;132483552580191987428017090726109487386
[INFO] 2018-03-29 13:01:29,376 ExtentManager sendReq - Response received from Server : D6; ;001;463795;123457;4.0;2478623864983269;9894060407
[INFO] 2018-03-29 13:01:29,376 ExtentManager sendReq - ******************************END********************************

[INFO] 2018-03-29 13:01:29,379 ExtentManager sendReq - ******************************START******************************
[INFO] 2018-03-29 13:01:29,379 ExtentManager sendReq - Request : m2a benificiary deregistration search
[INFO] 2018-03-29 13:01:29,380 ExtentManager sendReq - Hmaced Request : 094f788c43c866de84377f064ebcfa141662379c3cbcbd6d7006550fb8f73c9e*!9894060407AP3L;;001;463795;123457;4.0;2478623864983269;173708767935136774194522525471115585299
[INFO] 2018-03-29 13:01:29,623 ExtentManager sendReq - Response received from Server : 3L; ;001;463795;123457;4.0;2478623864983269;9894060407
[INFO] 2018-03-29 13:01:29,623 ExtentManager sendReq - ******************************END********************************

[INFO] 2018-03-29 13:01:29,628 ExtentManager sendReq - ******************************START******************************
[INFO] 2018-03-29 13:01:29,628 ExtentManager sendReq - Request : NEFT Quick FT
[INFO] 2018-03-29 13:01:29,629 ExtentManager sendReq - Hmaced Request : 9cb492f624c014a83c4b3b005fcaadddbb1103c02d3fddb65a3401796f54e3b0*!9894060407APQN;;;;;;001;463795;123457;4.0;2478623864983269;115429669271813025119903714426208584796
[INFO] 2018-03-29 13:01:30,475 ExtentManager sendReq - Response received from Server : QN08;Please enter mPIN.Contact nearest branch for further assistance.;29/03/2018 13:02;TXNID:808813245123;BID:C463795
[INFO] 2018-03-29 13:01:30,476 ExtentManager sendReq - Transaction ID : 808813245123
[INFO] 2018-03-29 13:01:30,477 ExtentManager sendReq - ******************************END********************************

[INFO] 2018-03-29 13:01:30,484 ExtentManager sendReq - ******************************START******************************
[INFO] 2018-03-29 13:01:30,484 ExtentManager sendReq - Request : NEFT benificiary registration
[INFO] 2018-03-29 13:01:30,486 ExtentManager sendReq - Hmaced Request : 3fac23a40d22deb5d8781ca901d1d469c5f52eab9db2338bb560663ddb020321*!9894060407APQ2;;;;;001;463795;123457;4.0;2478623864983269;166166203233299057178903225468989192240
[INFO] 2018-03-29 13:01:31,366 ExtentManager sendReq - Response received from Server : Q208;Please enter mPIN.Contact nearest branch for further assistance.;29/03/2018 13:02;TXNID:808813245124;BID:C463795
[INFO] 2018-03-29 13:01:31,367 ExtentManager sendReq - Transaction ID : 808813245124
[INFO] 2018-03-29 13:01:31,368 ExtentManager sendReq - ******************************END********************************

[INFO] 2018-03-29 13:01:31,375 ExtentManager sendReq - ******************************START******************************
[INFO] 2018-03-29 13:01:31,376 ExtentManager sendReq - Request : NEFT benificiary registration confirm
[INFO] 2018-03-29 13:01:31,378 ExtentManager sendReq - Hmaced Request : 824423fe5c1d6c74e66b8933f483feec3ed19d51b8eb1fc38c4380274f6c5e46*!9894060407APQ3;;;;;001;463795;123457;4.0;2478623864983269;126725546490949826082325770981244732772
[INFO] 2018-03-29 13:01:32,358 ExtentManager sendReq - Response received from Server : Q308;Please enter mPIN.Contact nearest branch for further assistance.;29/03/2018 13:02;TXNID:808813245125;BID:C463795
[INFO] 2018-03-29 13:01:32,359 ExtentManager sendReq - Transaction ID : 808813245125
[INFO] 2018-03-29 13:01:32,359 ExtentManager sendReq - ******************************END********************************

[INFO] 2018-03-29 13:01:32,366 ExtentManager sendReq - ******************************START******************************
[INFO] 2018-03-29 13:01:32,367 ExtentManager sendReq - Request : NEFT benificiary list
[INFO] 2018-03-29 13:01:32,369 ExtentManager sendReq - Hmaced Request : 11a097daf290936bcf5b52782dd7cc378b29626a20d0d43c479686143348fb24*!9894060407APQ7;P;001;463795;123457;4.0;2478623864983269;100521706126148677887926460013253063762
[INFO] 2018-03-29 13:01:32,516 ExtentManager sendReq - Response received from Server : Q7;P;001;463795;123457;4.0;2478623864983269;9894060407
[INFO] 2018-03-29 13:01:32,516 ExtentManager sendReq - ******************************END********************************

[INFO] 2018-03-29 13:01:32,520 ExtentManager sendReq - ******************************START******************************
[INFO] 2018-03-29 13:01:32,522 ExtentManager sendReq - Request : NEFT benificiary payment
[INFO] 2018-03-29 13:01:32,524 ExtentManager sendReq - Hmaced Request : 84e21c571c136e3d53307fd1d1e69b9a45749c23aabae32b1090d4d157d9402d*!9894060407APQ8;;;;463795;123457;4.0;2478623864983269;30703494795487966746645340183694827334
[INFO] 2018-03-29 13:01:35,502 ExtentManager sendReq - Response received from Server : Q808;Please enter mPIN.Contact nearest branch for further assistance.;29/03/2018 13:02;TXNID:808813245126;BID:C463795
[INFO] 2018-03-29 13:01:35,503 ExtentManager sendReq - Transaction ID : 808813245126
[INFO] 2018-03-29 13:01:35,503 ExtentManager sendReq - ******************************END********************************

[INFO] 2018-03-29 13:01:35,509 ExtentManager sendReq - ******************************START******************************
[INFO] 2018-03-29 13:01:35,510 ExtentManager sendReq - Request : NEFT benificiary detail
[INFO] 2018-03-29 13:01:35,512 ExtentManager sendReq - Hmaced Request : 73e01c3a28743fb08dd1ebc93f0ae2bc6dfb6a4f83d64c570326af71b71239f0*!9894060407APNL;N;;463795;123457;4.0;2478623864983269;165595073676160282560913061552996404187
[INFO] 2018-03-29 13:01:35,664 ExtentManager sendReq - Response received from Server : NL;N; ;463795;123457;4.0;2478623864983269;9894060407
[INFO] 2018-03-29 13:01:35,665 ExtentManager sendReq - ******************************END********************************

[INFO] 2018-03-29 13:01:35,672 ExtentManager sendReq - ******************************START******************************
[INFO] 2018-03-29 13:01:35,673 ExtentManager sendReq - Request : NEFT benificiary de-registration list
[INFO] 2018-03-29 13:01:35,675 ExtentManager sendReq - Hmaced Request : 506895d4b3b4bf00055852171482cb07e86fa315e0e8dcabed8b33a761188686*!9894060407AP4L;N;;001;463795;123457;4.0;2478623864983269;33514730771122381063304848422194442108
[INFO] 2018-03-29 13:01:36,834 ExtentManager sendReq - Response received from Server : 4L08;Please enter mPIN.Contact nearest branch for further assistance.;29/03/2018 13:02;TXNID:808813245127;BID:C463795
[INFO] 2018-03-29 13:01:36,835 ExtentManager sendReq - Transaction ID : 808813245127
[INFO] 2018-03-29 13:01:36,836 ExtentManager sendReq - ******************************END********************************

[INFO] 2018-03-29 13:01:36,842 ExtentManager sendReq - ******************************START******************************
[INFO] 2018-03-29 13:01:36,843 ExtentManager sendReq - Request : NEFT benificiary de-registration confirm
[INFO] 2018-03-29 13:01:36,845 ExtentManager sendReq - Hmaced Request : ded9e2036e05a51f267bff6af1d0f814dcdec8b90f8f0859a23d655d407de06f*!9894060407AP4D;N;;463795;123457;4.0;247862386498326928431805326635050944100466898652872789
[INFO] 2018-03-29 13:01:36,879 ExtentManager sendReq - Response received from Server : null
[INFO] 2018-03-29 13:01:36,886 ExtentManager sendReq - ******************************START******************************
[INFO] 2018-03-29 13:01:36,887 ExtentManager sendReq - Request : IMPSP2PInstantPayment
[INFO] 2018-03-29 13:01:36,889 ExtentManager sendReq - Hmaced Request : 812efd148be70eed1fe7a3bdd20895a9bd8577d1c0b39da2566229d3a58c8128*!9894060407APQI;Y;15316170605690416310253121025515855714;9352478845;9240123;7;dfsjh;463795;123457;4.0;2478623864983269;34551542758391972267734110657649962673
[INFO] 2018-03-29 13:01:37,849 ExtentManager sendReq - Response received from Server : QI09;Register for IMPS to proceed with the transaction.;29/03/2018 13:02;TXNID:808813245128;BID:C463795
[INFO] 2018-03-29 13:01:37,849 ExtentManager sendReq - Transaction ID : 808813245128
[INFO] 2018-03-29 13:01:37,850 ExtentManager sendReq - ******************************END********************************

[INFO] 2018-03-29 13:01:37,857 ExtentManager sendReq - ******************************START******************************
[INFO] 2018-03-29 13:01:37,857 ExtentManager sendReq - Request : IMPSP2AInstantPayment
[INFO] 2018-03-29 13:01:37,860 ExtentManager sendReq - Hmaced Request : c8d79fd89f0b9eb0d91b79b7f28fc0b0ce019c9f8e75868b58b5d75224e02935*!9894060407APK1;Y;15316170605690416310253121025515855714;3727163937362819373;SA;HDFC0000001;10;tehry;463795;123457;4.0;2478623864983269;20764356571372617389461031001015786964
[INFO] 2018-03-29 13:01:38,821 ExtentManager sendReq - Response received from Server : K109;Register for IMPS to proceed with the transaction.;29/03/2018 13:02;TXNID:808813245129;BID:C463795
[INFO] 2018-03-29 13:01:38,821 ExtentManager sendReq - Transaction ID : 808813245129
[INFO] 2018-03-29 13:01:38,822 ExtentManager sendReq - ******************************END********************************

[INFO] 2018-03-29 13:01:38,829 ExtentManager sendReq - ******************************START******************************
[INFO] 2018-03-29 13:01:38,830 ExtentManager sendReq - Request : IMPSP2UInstantPayment
[INFO] 2018-03-29 13:01:38,832 ExtentManager sendReq - Hmaced Request : 8b6be81be1f49195d80c2e36ca0dae8d23986843a152bdcdce2a7f4def4bc2d1*!9894060407APQI;Y;15316170605690416310253121025515855714;;SA;;;463795;123457;4.0;2478623864983269;184887986135057123159578004415230691456
[INFO] 2018-03-29 13:01:39,284 ExtentManager sendReq - Response received from Server : QI09;Please enter a valid Beneficiary MMID to proceed with the transaction.;29/03/2018 13:02;TXNID:808813245130;BID:C463795
[INFO] 2018-03-29 13:01:39,285 ExtentManager sendReq - Transaction ID : 808813245130
[INFO] 2018-03-29 13:01:39,285 ExtentManager sendReq - ******************************END********************************

[INFO] 2018-03-29 13:01:39,292 ExtentManager sendReq - ******************************START******************************
[INFO] 2018-03-29 13:01:39,292 ExtentManager sendReq - Request : IMPSP2PAddBeneficiary
[INFO] 2018-03-29 13:01:39,294 ExtentManager sendReq - Hmaced Request : a0742eb21ece9b36b6baa9e2620b675c150fc1e136a072d21b14d01128af0791*!9894060407APW1;Y;15316170605690416310253121025515855714;9240143;9372616576;yashuuuu;463795;123457;4.0;null;85182074307884007694619891867543654605
[INFO] 2018-03-29 13:01:40,172 ExtentManager sendReq - Response received from Server : W1AF;Your Mobile Number is not registered for TMB Mconnect. Please contact your branch;29/03/2018 13:02;TXNID:808813245131;BID:C463795
[INFO] 2018-03-29 13:01:40,177 ExtentManager sendReq - Transaction ID : 808813245131
[INFO] 2018-03-29 13:01:40,178 ExtentManager sendReq - ******************************END********************************

[INFO] 2018-03-29 13:01:40,185 ExtentManager sendReq - ******************************START******************************
[INFO] 2018-03-29 13:01:40,186 ExtentManager sendReq - Request : IMPSP2PAddBeneficiaryconfirmation
[INFO] 2018-03-29 13:01:40,188 ExtentManager sendReq - Hmaced Request : a1750135731704515a0275311192710f6a63abb8f3afcd8a7ba3aca1812ed1c4*!9894060407APW2;Y;15316170605690416310253121025515855714;9240143;9372616576;yashuuuu;463795;123457;4.0;2478623864983269;34394316042325890609918690820535264305
[INFO] 2018-03-29 13:01:41,245 ExtentManager sendReq - Response received from Server : W209;Register for IMPS to proceed with the transaction.;29/03/2018 13:02;TXNID:808813245132;BID:C463795
[INFO] 2018-03-29 13:01:41,245 ExtentManager sendReq - Transaction ID : 808813245132
[INFO] 2018-03-29 13:01:41,246 ExtentManager sendReq - ******************************END********************************

[INFO] 2018-03-29 13:01:41,250 ExtentManager sendReq - ******************************START******************************
[INFO] 2018-03-29 13:01:41,250 ExtentManager sendReq - Request : IMPSP2PBeneficiarySearchListenquiry
[INFO] 2018-03-29 13:01:41,251 ExtentManager sendReq - Hmaced Request : 778b4f85e5dbda177624ce9035b62e5efb198bbe464cf2dd830875e250fcbdcd*!9894060407APD9;Y;15316170605690416310253121025515855714;niiki;001;463795;123457;4.0;2478623864983269;175542587487769333352097354254860899066
[INFO] 2018-03-29 13:01:42,407 ExtentManager sendReq - Response received from Server : D901;Beneficiary niiki not found.;29/03/2018 13:02;TXNID:808813245133;BID:C463795
[INFO] 2018-03-29 13:01:42,408 ExtentManager sendReq - Transaction ID : 808813245133
[INFO] 2018-03-29 13:01:42,408 ExtentManager sendReq - ******************************END********************************

[INFO] 2018-03-29 13:01:42,414 ExtentManager sendReq - ******************************START******************************
[INFO] 2018-03-29 13:01:42,414 ExtentManager sendReq - Request : IMPSP2PDeleteBeneficiaryListenquiry
[INFO] 2018-03-29 13:01:42,416 ExtentManager sendReq - Hmaced Request : c4ac88ec54cb3f39728a0d6e9df3565df13cb18d8c35b63ff51793695432cde9*!9894060407AP5L;Y;15316170605690416310253121025515855714;;001;463795;123457;4.0;2478623864983269;69347091170447509629146977933860038558
[INFO] 2018-03-29 13:01:43,601 ExtentManager sendReq - Response received from Server : 5L01;You are yet to register a beneficiary;29/03/2018 13:02;TXNID:808813245134;BID:C463795
[INFO] 2018-03-29 13:01:43,602 ExtentManager sendReq - Transaction ID : 808813245134
[INFO] 2018-03-29 13:01:43,602 ExtentManager sendReq - ******************************END********************************

[INFO] 2018-03-29 13:01:43,608 ExtentManager sendReq - ******************************START******************************
[INFO] 2018-03-29 13:01:43,609 ExtentManager sendReq - Request : IMPSP2PDeleteBeneficiaryConfirmation
[INFO] 2018-03-29 13:01:43,611 ExtentManager sendReq - Hmaced Request : 3ea534ccda523c58bf054b2b021ac469fa4809e458e7dc09a3ef31aab24cd3ce*!9894060407AP5L;Y;15316170605690416310253121025515855714;;001;463795;123457;4.0;2478623864983269;139293196580069236890993347279295807738
[INFO] 2018-03-29 13:01:45,774 ExtentManager sendReq - Response received from Server : 5L01;You are yet to register a beneficiary;29/03/2018 13:02;TXNID:808813245135;BID:C463795
[INFO] 2018-03-29 13:01:45,775 ExtentManager sendReq - Transaction ID : 808813245135
[INFO] 2018-03-29 13:01:45,776 ExtentManager sendReq - ******************************END********************************

[INFO] 2018-03-29 13:01:45,782 ExtentManager sendReq - ******************************START******************************
[INFO] 2018-03-29 13:01:45,782 ExtentManager sendReq - Request : IMPSP2PBeneficiaryPaymentListenquiry
[INFO] 2018-03-29 13:01:45,784 ExtentManager sendReq - Hmaced Request : e604ed59f7995d3acf5f3b6f87c5ccbd8c94d2050a89f2b7d821a94b1d6c6fce*!9894060407APW3;Y;15316170605690416310253121025515855714;P;niiki;001;463795;123457;4.0;2478623864983269;38812813581033459947463975818171365611
[INFO] 2018-03-29 13:01:47,190 ExtentManager sendReq - Response received from Server : W309;Register for IMPS to proceed with the transaction.;29/03/2018 13:02;TXNID:808813245136;BID:C463795
[INFO] 2018-03-29 13:01:47,191 ExtentManager sendReq - Transaction ID : 808813245136
[INFO] 2018-03-29 13:01:47,192 ExtentManager sendReq - ******************************END********************************

[INFO] 2018-03-29 13:01:47,198 ExtentManager sendReq - ******************************START******************************
[INFO] 2018-03-29 13:01:47,199 ExtentManager sendReq - Request : IMPSP2PBeneficiaryPaymentConfirmation
[INFO] 2018-03-29 13:01:47,201 ExtentManager sendReq - Hmaced Request : 5ab69408ddefe076e77edeafee1d39646e2c19b9f5439230b836c9af4cade133*!9894060407APW4;Y;15316170605690416310253121025515855714;20;trans;yashuuuu;463795;123457;4.0;2478623864983269;76854231630243588235373290140030573642
[INFO] 2018-03-29 13:01:48,279 ExtentManager sendReq - Response received from Server : W409;Register for IMPS to proceed with the transaction.;29/03/2018 13:02;TXNID:808813245137;BID:C463795
[INFO] 2018-03-29 13:01:48,280 ExtentManager sendReq - Transaction ID : 808813245137
[INFO] 2018-03-29 13:01:48,280 ExtentManager sendReq - ******************************END********************************

[INFO] 2018-03-29 13:01:48,284 ExtentManager sendReq - ******************************START******************************
[INFO] 2018-03-29 13:01:48,285 ExtentManager sendReq - Request : IMPSP2AAddBeneficiary
[INFO] 2018-03-29 13:01:48,286 ExtentManager sendReq - Hmaced Request : 3c5de5eb2221a5727fcf0c2a4ffa8c25a42611d95acbec355c97df77f3e3294c*!9894060407APK2;Y;15316170605690416310253121025515855714;6473839242827281547;SA;HDFC0000002;nickii;463795;123457;4.0;2478623864983269;202467969075478658322920095761104924821
[INFO] 2018-03-29 13:01:49,264 ExtentManager sendReq - Response received from Server : K209;Register for IMPS to proceed with the transaction.;29/03/2018 13:02;TXNID:808813245138;BID:C463795
[INFO] 2018-03-29 13:01:49,269 ExtentManager sendReq - Transaction ID : 808813245138
[INFO] 2018-03-29 13:01:49,269 ExtentManager sendReq - ******************************END********************************

[INFO] 2018-03-29 13:01:49,275 ExtentManager sendReq - ******************************START******************************
[INFO] 2018-03-29 13:01:49,275 ExtentManager sendReq - Request : IMPSP2AAddBeneficiaryconfirmation
[INFO] 2018-03-29 13:01:49,277 ExtentManager sendReq - Hmaced Request : bcafa629443b3275879d2c6622cc4ee334fcb3fb2e7b03648926dd45453ddf78*!9894060407APK3;Y;15316170605690416310253121025515855714;6473839242827281547;SA;HDFC0000002;nickii;463795;123457;4.0;2478623864983269;73580322849447519154436444947334288129
[INFO] 2018-03-29 13:01:50,652 ExtentManager sendReq - Response received from Server : K300;Beneficiary nickii added successfully;29/03/2018 13:02;TXNID:808813245139;BID:C463795
[INFO] 2018-03-29 13:01:50,653 ExtentManager sendReq - Transaction ID : 808813245139
[INFO] 2018-03-29 13:01:50,653 ExtentManager sendReq - ******************************END********************************

[INFO] 2018-03-29 13:01:50,659 ExtentManager sendReq - ******************************START******************************
[INFO] 2018-03-29 13:01:50,659 ExtentManager sendReq - Request : IMPSP2ABeneficiarySearchListenquiry
[INFO] 2018-03-29 13:01:50,661 ExtentManager sendReq - Hmaced Request : 8fca691d818b191552e7ca70dda6504d97dec639b1180cb3dd2ce22e4b3881e7*!9894060407APD9;Y;15316170605690416310253121025515855714;;001;463795;123457;4.0;2478623864983269;161902433732727606088894240496311388086
[INFO] 2018-03-29 13:01:51,742 ExtentManager sendReq - Response received from Server : D901;You are yet to register a beneficiary;29/03/2018 13:02;TXNID:808813245140;BID:C463795
[INFO] 2018-03-29 13:01:51,742 ExtentManager sendReq - Transaction ID : 808813245140
[INFO] 2018-03-29 13:01:51,743 ExtentManager sendReq - ******************************END********************************

[INFO] 2018-03-29 13:01:51,748 ExtentManager sendReq - ******************************START******************************
[INFO] 2018-03-29 13:01:51,749 ExtentManager sendReq - Request : IMPSP2ADeleteBeneficiaryListenquiry
[INFO] 2018-03-29 13:01:51,750 ExtentManager sendReq - Hmaced Request : 6ab1b9edd46ba5bc4ddb59705656f0a5ac3f31c5586b6aabc5dfff925e15ef3c*!9894060407AP5L;Y;15316170605690416310253121025515855714;;001;463795;123457;4.0;2478623864983269;135554184777902066883132980719054969599
[INFO] 2018-03-29 13:01:53,633 ExtentManager sendReq - Response received from Server : 5L01;You are yet to register a beneficiary;29/03/2018 13:02;TXNID:808813245141;BID:C463795
[INFO] 2018-03-29 13:01:53,634 ExtentManager sendReq - Transaction ID : 808813245141
[INFO] 2018-03-29 13:01:53,634 ExtentManager sendReq - ******************************END********************************

[INFO] 2018-03-29 13:01:53,639 ExtentManager sendReq - ******************************START******************************
[INFO] 2018-03-29 13:01:53,639 ExtentManager sendReq - Request : IMPSP2ADeleteBeneficiaryConfirmation
[INFO] 2018-03-29 13:01:53,641 ExtentManager sendReq - Hmaced Request : 991da94a8864ef4555b910ebcd59911092b78589abb1c209838ca85cce7b938e*!9894060407AP5L;Y;15316170605690416310253121025515855714;;001;463795;123457;4.0;2478623864983269;108376861967214464655633574442757709718
[INFO] 2018-03-29 13:01:55,339 ExtentManager sendReq - Response received from Server : 5L01;You are yet to register a beneficiary;29/03/2018 13:03;TXNID:808813245142;BID:C463795
[INFO] 2018-03-29 13:01:55,340 ExtentManager sendReq - Transaction ID : 808813245142
[INFO] 2018-03-29 13:01:55,340 ExtentManager sendReq - ******************************END********************************

[INFO] 2018-03-29 13:01:55,347 ExtentManager sendReq - ******************************START******************************
[INFO] 2018-03-29 13:01:55,348 ExtentManager sendReq - Request : IMPSP2ABeneficiaryPaymentListenquiry
[INFO] 2018-03-29 13:01:55,349 ExtentManager sendReq - Hmaced Request : 84aac755a5ed416cc3b0bddc9e93dcf69e14217314df7d853ede904d6493d42d*!9894060407APK4;Y;15316170605690416310253121025515855714;nickii;1;463795;123457;4.0;2478623864983269;22126530873231623507507550599936698861
[INFO] 2018-03-29 13:01:56,819 ExtentManager sendReq - Response received from Server : K400;nickii;nickii*HDFC0000002*6473839242827281547*SA;1;N;TXNID:808813245143;BID:C463795
[INFO] 2018-03-29 13:01:56,820 ExtentManager sendReq - Transaction ID : 808813245143
[INFO] 2018-03-29 13:01:56,820 ExtentManager sendReq - ******************************END********************************

[INFO] 2018-03-29 13:01:56,825 ExtentManager sendReq - ******************************START******************************
[INFO] 2018-03-29 13:01:56,826 ExtentManager sendReq - Request : IMPSP2ABeneficiaryPaymentConfirmation
[INFO] 2018-03-29 13:01:56,828 ExtentManager sendReq - Hmaced Request : 688e752d52cf48a7b2d6e8b3677f20696583960a16140a84c4aef935bd01d25f*!9894060407APK5;Y;15316170605690416310253121025515855714;nickii;10;gffsa;463795;123457;4.0;2478623864983269;35908939788271429261534801678100672300
[INFO] 2018-03-29 13:01:57,724 ExtentManager sendReq - Response received from Server : K509;Register for IMPS to proceed with the transaction.;29/03/2018 13:03;TXNID:808813245144;BID:C463795
[INFO] 2018-03-29 13:01:57,725 ExtentManager sendReq - Transaction ID : 808813245144
[INFO] 2018-03-29 13:01:57,726 ExtentManager sendReq - ******************************END********************************

[INFO] 2018-03-29 13:02:04,009 ExtentManager endReport - Launching report canceled
[INFO] 2018-03-29 13:02:04,957 ExtentManager endReport - Sending mail was canceled
