[INFO] 2018-03-29 20:45:18,229 ExtentManager setUp - Running Mobile banking API Automation testing on mPAY 4.0

[INFO] 2018-03-29 20:45:18,389 ExtentManager sendReq - ******************************START******************************
[INFO] 2018-03-29 20:45:18,389 ExtentManager sendReq - Request : m2m Quick FT
[INFO] 2018-03-29 20:45:19,058 ExtentManager sendReq - Hmaced Request : 660975b01924ec7987b08d9d6f84d6fb38ee5111c69e03685ce42df2b3f5d062*!9894060407APQM;Y;15316170605690416310253121025515855714;8778602561;10;test   ;463795;123457;4.0;2478623864983269;73963080719309008216181463026321364241
[INFO] 2018-03-29 20:45:21,663 ExtentManager sendReq - Response received from Server : QM00;Fund Transfer to 3286XXX326489632 - +918778602561 successful. Rs. 10.00 debited from 2478XXX864983269;29/03/2018 20:46;TXNID:808820245405;BID:C463795
[INFO] 2018-03-29 20:45:21,663 ExtentManager sendReq - Transaction ID : 808820245405
[INFO] 2018-03-29 20:45:21,663 ExtentManager sendReq - ******************************END********************************

[INFO] 2018-03-29 20:45:21,669 ExtentManager sendReq - ******************************START******************************
[INFO] 2018-03-29 20:45:21,669 ExtentManager sendReq - Request : m2m Benificiary Account list
[INFO] 2018-03-29 20:45:21,670 ExtentManager sendReq - Hmaced Request : 68c27d395402453233d4ce431e9b009872443a557cda935d9fc02e055d019994*!9894060407APRM;Y;15316170605690416310253121025515855714;463795;8778602561;FTBeneficiary;0001;463795;123457;4.0;2478623864983269;185388254966405205974043472431780957156
[INFO] 2018-03-29 20:45:22,950 ExtentManager sendReq - Response received from Server : RM00;rest;8778602561;FTBeneficiary;3286478326489632#5012432470000000#5012432472349283;1;Y;TXNID:808820245406;BID:C463795
[INFO] 2018-03-29 20:45:22,951 ExtentManager sendReq - Transaction ID : 808820245406
[INFO] 2018-03-29 20:45:22,952 ExtentManager sendReq - ******************************END********************************

[INFO] 2018-03-29 20:45:22,959 ExtentManager sendReq - ******************************START******************************
[INFO] 2018-03-29 20:45:22,960 ExtentManager sendReq - Request : m2m Benificiary Registration
[INFO] 2018-03-29 20:45:22,962 ExtentManager sendReq - Hmaced Request : 10321e5af63e2908a4ff1481a877135a30548bbe6c49c2a6bce37a799ce2c8c5*!9894060407APC1;Y;15316170605690416310253121025515855714;463795;8778602561;FTBeneficiary;3286478326489632;463795;123457;4.0;2478623864983269;2525569116381435895059551101361498454
[INFO] 2018-03-29 20:45:24,343 ExtentManager sendReq - Response received from Server : C100;Beneficiary FTBeneficiary added successfully;29/03/2018 20:46;TXNID:808820245407;BID:C463795
[INFO] 2018-03-29 20:45:24,343 ExtentManager sendReq - Transaction ID : 808820245407
[INFO] 2018-03-29 20:45:24,344 ExtentManager sendReq - ******************************END********************************

[INFO] 2018-03-29 20:45:24,346 ExtentManager sendReq - ******************************START******************************
[INFO] 2018-03-29 20:45:24,347 ExtentManager sendReq - Request : m2m Register benificiary search
[INFO] 2018-03-29 20:45:24,347 ExtentManager sendReq - Hmaced Request : 6ae83bc3be5ca0e88e5b05ac45ba50002067d481c986171b72847b7032948253*!9894060407APF1;Y;15316170605690416310253121025515855714;P;001;463795;123457;4.0;2478623864983269;133425258695182855387612374943067993107
[INFO] 2018-03-29 20:45:26,406 ExtentManager sendReq - Response received from Server : F100;P;FTBeneficiary;1;N;TXNID:808820245408;BID:C463795
[INFO] 2018-03-29 20:45:26,407 ExtentManager sendReq - Transaction ID : 808820245408
[INFO] 2018-03-29 20:45:26,409 ExtentManager sendReq - ******************************END********************************

[INFO] 2018-03-29 20:45:26,417 ExtentManager sendReq - ******************************START******************************
[INFO] 2018-03-29 20:45:26,418 ExtentManager sendReq - Request : m2m benificiary payment
[INFO] 2018-03-29 20:45:26,421 ExtentManager sendReq - Hmaced Request : a58ce16cf50d0d24f08cf9e076ddc9bbab864b24610695b67bdbeaa231ce5fde*!9894060407APFT;Y;15316170605690416310253121025515855714;10;test   ;FTBeneficiary;463795;123457;4.0;2478623864983269;51289755412884520209428432599408623911
[INFO] 2018-03-29 20:45:28,899 ExtentManager sendReq - Response received from Server : FT00;Fund Transfer to rest - +918778602561 successful. Rs. 10.00 debited from 2478XXX864983269;29/03/2018 20:46;TXNID:808820245409;BID:C463795
[INFO] 2018-03-29 20:45:28,900 ExtentManager sendReq - Transaction ID : 808820245409
[INFO] 2018-03-29 20:45:28,901 ExtentManager sendReq - ******************************END********************************

[INFO] 2018-03-29 20:45:28,908 ExtentManager sendReq - ******************************START******************************
[INFO] 2018-03-29 20:45:28,909 ExtentManager sendReq - Request : m2m benificiary search
[INFO] 2018-03-29 20:45:28,912 ExtentManager sendReq - Hmaced Request : b2fd36186e49382359d4c8bcae0d9cdb43c13d6298bb81b373a8d48fe1bdae40*!9894060407APD5;Y;15316170605690416310253121025515855714;;001;463795;123457;4.0;2478623864983269;169985848202940277359364851824544289613
[INFO] 2018-03-29 20:45:29,880 ExtentManager sendReq - Response received from Server : D500; ;FTBeneficiary*8778602561;1;N;TXNID:808820245410;BID:C463795
[INFO] 2018-03-29 20:45:29,881 ExtentManager sendReq - Transaction ID : 808820245410
[INFO] 2018-03-29 20:45:29,882 ExtentManager sendReq - ******************************END********************************

[INFO] 2018-03-29 20:45:29,888 ExtentManager sendReq - ******************************START******************************
[INFO] 2018-03-29 20:45:29,889 ExtentManager sendReq - Request : m2m benificiary search
[INFO] 2018-03-29 20:45:29,892 ExtentManager sendReq - Hmaced Request : 132f0b0e25840899f3c3e20fdd1e03c625bb6f8caf14f780db047181686be799*!9894060407APD5;Y;15316170605690416310253121025515855714;FTBeneficiary;001;463795;123457;4.0;2478623864983269;13469072912805234729354714254649154582
[INFO] 2018-03-29 20:45:30,863 ExtentManager sendReq - Response received from Server : D500;FTBeneficiary;FTBeneficiary*8778602561;1;N;TXNID:808820245411;BID:C463795
[INFO] 2018-03-29 20:45:30,864 ExtentManager sendReq - Transaction ID : 808820245411
[INFO] 2018-03-29 20:45:30,865 ExtentManager sendReq - ******************************END********************************

[INFO] 2018-03-29 20:45:30,872 ExtentManager sendReq - ******************************START******************************
[INFO] 2018-03-29 20:45:30,874 ExtentManager sendReq - Request : m2m benificiary delete search
[INFO] 2018-03-29 20:45:30,877 ExtentManager sendReq - Hmaced Request : 219186f5addafde275e3a19bf135f7a36e5b4eb6ac6b4e3cf6db750e7e3c9e06*!9894060407AP2L;Y;15316170605690416310253121025515855714;;001;463795;123457;4.0;2478623864983269;83810050362781065732817091817845286565
[INFO] 2018-03-29 20:45:31,835 ExtentManager sendReq - Response received from Server : 2L00; ;FTBeneficiary;1;N;TXNID:808820245412;BID:C463795
[INFO] 2018-03-29 20:45:31,835 ExtentManager sendReq - Transaction ID : 808820245412
[INFO] 2018-03-29 20:45:31,836 ExtentManager sendReq - ******************************END********************************

[INFO] 2018-03-29 20:45:31,841 ExtentManager sendReq - ******************************START******************************
[INFO] 2018-03-29 20:45:31,841 ExtentManager sendReq - Request : m2m benificiary delete search
[INFO] 2018-03-29 20:45:31,844 ExtentManager sendReq - Hmaced Request : 5ae0660ca27995324ac53775a9018b2cee2b0c14fd4ff381a23a6be4ec8549b0*!9894060407AP2L;Y;15316170605690416310253121025515855714;FTBeneficiary;001;463795;123457;4.0;2478623864983269;172338305709976734043279612648893713931
[INFO] 2018-03-29 20:45:32,917 ExtentManager sendReq - Response received from Server : 2L00;FTBeneficiary;FTBeneficiary;1;N;TXNID:808820245413;BID:C463795
[INFO] 2018-03-29 20:45:32,918 ExtentManager sendReq - Transaction ID : 808820245413
[INFO] 2018-03-29 20:45:32,918 ExtentManager sendReq - ******************************END********************************

[INFO] 2018-03-29 20:45:32,924 ExtentManager sendReq - ******************************START******************************
[INFO] 2018-03-29 20:45:32,925 ExtentManager sendReq - Request : M2M benificiary delete
[INFO] 2018-03-29 20:45:32,928 ExtentManager sendReq - Hmaced Request : b63844e514ceeb89bbec4929057e0e44d42b9054e25c798c40f2009f37ed0704*!9894060407AP2D;Y;15316170605690416310253121025515855714;FTBeneficiary;463795;123457;4.0;2478623864983269;131995447482188263753245877987280977005
[INFO] 2018-03-29 20:45:33,984 ExtentManager sendReq - Response received from Server : 2D00;Beneficiary FTBeneficiary deleted successfully;29/03/2018 20:46;TXNID:808820245414;BID:C463795
[INFO] 2018-03-29 20:45:33,985 ExtentManager sendReq - Transaction ID : 808820245414
[INFO] 2018-03-29 20:45:33,985 ExtentManager sendReq - ******************************END********************************

[INFO] 2018-03-29 20:45:33,994 ExtentManager sendReq - ******************************START******************************
[INFO] 2018-03-29 20:45:33,996 ExtentManager sendReq - Request : P2A Quick FT
[INFO] 2018-03-29 20:45:33,998 ExtentManager sendReq - Hmaced Request : 28201c0e18a6f1c5f4b880b3dd385ce06886169ce9228f849397da6ff7054817*!9894060407APQT;Y;15316170605690416310253121025515855714;3286478326489632;10;10;test   ;001;463795;123457;4.0;2478623864983269;58089307501213339639997306219234045856
[INFO] 2018-03-29 20:45:36,149 ExtentManager sendReq - Response received from Server : QT00;Fund Transfer to 3286XXX326489632 - successful. Rs. 10.00 debited from 2478XXX864983269;29/03/2018 20:46;TXNID:808820245415;BID:C463795
[INFO] 2018-03-29 20:45:36,150 ExtentManager sendReq - Transaction ID : 808820245415
[INFO] 2018-03-29 20:45:36,150 ExtentManager sendReq - ******************************END********************************

[INFO] 2018-03-29 20:45:36,156 ExtentManager sendReq - ******************************START******************************
[INFO] 2018-03-29 20:45:36,157 ExtentManager sendReq - Request : m2a benificary registration search
[INFO] 2018-03-29 20:45:36,160 ExtentManager sendReq - Hmaced Request : a4573884422862711350a233c672e24ac6346bd19443d28223aa3c9655247963*!9894060407APRA;Y;15316170605690416310253121025515855714;463795;3286478326489632;10;FTBeneficiary;463795;123457;4.0;2478623864983269;76994852687681594012529723396505436335
[INFO] 2018-03-29 20:45:37,322 ExtentManager sendReq - Response received from Server : RA00;FTBeneficiary;3286478326489632;10;FTBeneficiary;29/03/2018 20:46;TXNID:808820245416;BID:C463795
[INFO] 2018-03-29 20:45:37,322 ExtentManager sendReq - Transaction ID : 808820245416
[INFO] 2018-03-29 20:45:37,322 ExtentManager sendReq - ******************************END********************************

[INFO] 2018-03-29 20:45:37,326 ExtentManager sendReq - ******************************START******************************
[INFO] 2018-03-29 20:45:37,326 ExtentManager sendReq - Request : m2a benificiary req
[INFO] 2018-03-29 20:45:37,327 ExtentManager sendReq - Hmaced Request : 46c45d6332ca155f3a519f09906d77663eda2832f405a8becbb1f5411c4760f5*!9894060407APC2;Y;15316170605690416310253121025515855714;463795;3286478326489632;10;FTBeneficiary;463795;123457;4.0;2478623864983269;172771623255445842453005128847976211705
[INFO] 2018-03-29 20:45:38,256 ExtentManager sendReq - Response received from Server : C200;Beneficiary FTBeneficiary added successfully;29/03/2018 20:46;TXNID:808820245417;BID:C463795
[INFO] 2018-03-29 20:45:38,256 ExtentManager sendReq - Transaction ID : 808820245417
[INFO] 2018-03-29 20:45:38,257 ExtentManager sendReq - ******************************END********************************

[INFO] 2018-03-29 20:45:38,263 ExtentManager sendReq - ******************************START******************************
[INFO] 2018-03-29 20:45:38,264 ExtentManager sendReq - Request : m2a benificiary payment search
[INFO] 2018-03-29 20:45:38,266 ExtentManager sendReq - Hmaced Request : 1b8e739238d59b42ca041a299b5364410b649c82a06516efd8c1c3330d15e01c*!9894060407APF2;Y;15316170605690416310253121025515855714;F;001;463795;123457;4.0;2478623864983269;141034978564319344590012490796947500569
[INFO] 2018-03-29 20:45:39,117 ExtentManager sendReq - Response received from Server : F200;F;FTBeneficiary;1;N;TXNID:808820245418;BID:C463795
[INFO] 2018-03-29 20:45:39,117 ExtentManager sendReq - Transaction ID : 808820245418
[INFO] 2018-03-29 20:45:39,118 ExtentManager sendReq - ******************************END********************************

[INFO] 2018-03-29 20:45:39,126 ExtentManager sendReq - ******************************START******************************
[INFO] 2018-03-29 20:45:39,127 ExtentManager sendReq - Request : m2a benificiary payment
[INFO] 2018-03-29 20:45:39,129 ExtentManager sendReq - Hmaced Request : 63de11361a1849068401e10f43ef65cef77c7a118564491f0a8f9548be6776dc*!9894060407APFA;Y;15316170605690416310253121025515855714;10;test   ;FTBeneficiary;463795;123457;4.0;2478623864983269;92929198485899644109327298824960174697
[INFO] 2018-03-29 20:45:41,533 ExtentManager sendReq - Response received from Server : FA00;Fund Transfer to FTBeneficiary - successful. Rs. 10.00 debited from 2478XXX864983269;29/03/2018 20:46;TXNID:808820245419;BID:C463795
[INFO] 2018-03-29 20:45:41,534 ExtentManager sendReq - Transaction ID : 808820245419
[INFO] 2018-03-29 20:45:41,534 ExtentManager sendReq - ******************************END********************************

[INFO] 2018-03-29 20:45:41,541 ExtentManager sendReq - ******************************START******************************
[INFO] 2018-03-29 20:45:41,546 ExtentManager sendReq - Request : m2a benificiary details Without Keyword
[INFO] 2018-03-29 20:45:41,549 ExtentManager sendReq - Hmaced Request : aa6efe7695e3d5c12a825b8bae046bb4737fb6f4d88eaaa07bdc102963b90c9b*!9894060407APD6;Y;15316170605690416310253121025515855714;;001;463795;123457;4.0;2478623864983269;132318592573135481967107056341020446248
[INFO] 2018-03-29 20:45:43,002 ExtentManager sendReq - Response received from Server : D600; ;FTBeneficiary*3286478326489632*10;1;N;TXNID:808820245420;BID:C463795
[INFO] 2018-03-29 20:45:43,002 ExtentManager sendReq - Transaction ID : 808820245420
[INFO] 2018-03-29 20:45:43,003 ExtentManager sendReq - ******************************END********************************

[INFO] 2018-03-29 20:45:43,011 ExtentManager sendReq - ******************************START******************************
[INFO] 2018-03-29 20:45:43,012 ExtentManager sendReq - Request : m2a benificiary details With Keyword
[INFO] 2018-03-29 20:45:43,015 ExtentManager sendReq - Hmaced Request : 407d49e0c1f6ea97446911b0bcf83a9218d7c8a0ee838f179877a5bb4f70c924*!9894060407APD6;Y;15316170605690416310253121025515855714;FTBeneficiary;001;463795;123457;4.0;2478623864983269;26454555057950898689164803605761063134
[INFO] 2018-03-29 20:45:44,060 ExtentManager sendReq - Response received from Server : D600;FTBeneficiary;FTBeneficiary*3286478326489632*10;1;N;TXNID:808820245421;BID:C463795
[INFO] 2018-03-29 20:45:44,061 ExtentManager sendReq - Transaction ID : 808820245421
[INFO] 2018-03-29 20:45:44,062 ExtentManager sendReq - ******************************END********************************

[INFO] 2018-03-29 20:45:44,068 ExtentManager sendReq - ******************************START******************************
[INFO] 2018-03-29 20:45:44,068 ExtentManager sendReq - Request : m2a benificiary deregistration search without keyword
[INFO] 2018-03-29 20:45:44,070 ExtentManager sendReq - Hmaced Request : 43c0f05af5e4f322a8a386dec53fff113639948152a915396487a31ea07d6a04*!9894060407AP3L;Y;15316170605690416310253121025515855714;;001;463795;123457;4.0;2478623864983269;128281099905339233218503009108191171167
[INFO] 2018-03-29 20:45:45,026 ExtentManager sendReq - Response received from Server : 3L00; ;FTBeneficiary;1;N;TXNID:808820245422;BID:C463795
[INFO] 2018-03-29 20:45:45,027 ExtentManager sendReq - Transaction ID : 808820245422
[INFO] 2018-03-29 20:45:45,027 ExtentManager sendReq - ******************************END********************************

[INFO] 2018-03-29 20:45:45,032 ExtentManager sendReq - ******************************START******************************
[INFO] 2018-03-29 20:45:45,033 ExtentManager sendReq - Request : m2a benificiary deregistration search with keyword
[INFO] 2018-03-29 20:45:45,035 ExtentManager sendReq - Hmaced Request : 90a7a94113f61e5ff849007916405f94f849bac287cb395f99d79e31b24fad44*!9894060407AP3L;Y;15316170605690416310253121025515855714;FTBeneficiary;001;463795;123457;4.0;2478623864983269;199246614484215612940761226153350535557
[INFO] 2018-03-29 20:45:45,998 ExtentManager sendReq - Response received from Server : 3L00;FTBeneficiary;FTBeneficiary;1;N;TXNID:808820245423;BID:C463795
[INFO] 2018-03-29 20:45:45,999 ExtentManager sendReq - Transaction ID : 808820245423
[INFO] 2018-03-29 20:45:45,999 ExtentManager sendReq - ******************************END********************************

[INFO] 2018-03-29 20:45:46,004 ExtentManager sendReq - ******************************START******************************
[INFO] 2018-03-29 20:45:46,004 ExtentManager sendReq - Request : m2a benificiary deregistration search with keyword
[INFO] 2018-03-29 20:45:46,006 ExtentManager sendReq - Hmaced Request : 7dd605d5f955b521530def84c04b86397717021481cd32aa6fff694133bc11d4*!9894060407AP3D;Y;15316170605690416310253121025515855714;FTBeneficiary;463795;123457;4.0;2478623864983269;97282857849336109903908218178257303082
[INFO] 2018-03-29 20:45:47,153 ExtentManager sendReq - Response received from Server : 3D00;Beneficiary FTBeneficiary deleted successfully;29/03/2018 20:46;TXNID:808820245424;BID:C463795
[INFO] 2018-03-29 20:45:47,154 ExtentManager sendReq - Transaction ID : 808820245424
[INFO] 2018-03-29 20:45:47,155 ExtentManager sendReq - ******************************END********************************

[INFO] 2018-03-29 20:45:47,161 ExtentManager sendReq - ******************************START******************************
[INFO] 2018-03-29 20:45:47,163 ExtentManager sendReq - Request : NEFT benificiary registration
[INFO] 2018-03-29 20:45:47,165 ExtentManager sendReq - Hmaced Request : ab7e41de841e3f056191bb09268927898f319ec933427955488f88998c1a3b17*!9894060407APQ2;Y;15316170605690416310253121025515855714;32864783264;SA;HDFC0000001;NeftBeneficiary;463795;123457;4.0;2478623864983269;112823879521210026641001941051766046915
[INFO] 2018-03-29 20:45:48,315 ExtentManager sendReq - Response received from Server : Q200;HDFC BANK LTD.;MUMBAI;32864783264;SA;HDFC0000001;NeftBeneficiary;HDFC;29/03/2018 20:46;TXNID:808820245425;BID:C463795
[INFO] 2018-03-29 20:45:48,316 ExtentManager sendReq - Transaction ID : 808820245425
[INFO] 2018-03-29 20:45:48,316 ExtentManager sendReq - ******************************END********************************

[INFO] 2018-03-29 20:45:48,323 ExtentManager sendReq - ******************************START******************************
[INFO] 2018-03-29 20:45:48,324 ExtentManager sendReq - Request : NEFT benificiary registration confirm
[INFO] 2018-03-29 20:45:48,327 ExtentManager sendReq - Hmaced Request : 569a386dc206c9bfe0890daa93454486e556f55c138708a98cc9c448780f01c2*!9894060407APQ3;Y;15316170605690416310253121025515855714;32864783264;SA;HDFC0000001;NeftBeneficiary;463795;123457;4.0;2478623864983269;44007893188606561836230973903526000210
[INFO] 2018-03-29 20:45:49,399 ExtentManager sendReq - Response received from Server : Q300;Beneficiary successfully created. Payment can be made after 1 hours;29/03/2018 20:46;TXNID:808820245426;BID:C463795
[INFO] 2018-03-29 20:45:49,400 ExtentManager sendReq - Transaction ID : 808820245426
[INFO] 2018-03-29 20:45:49,400 ExtentManager sendReq - ******************************END********************************

[INFO] 2018-03-29 20:45:49,406 ExtentManager sendReq - ******************************START******************************
[INFO] 2018-03-29 20:45:49,407 ExtentManager sendReq - Request : NEFT benificiary list
[INFO] 2018-03-29 20:45:49,411 ExtentManager sendReq - Hmaced Request : 2ff24d99b638131ea57a955854a688ed59a22750270c35882e7b408f700b875d*!9894060407APQ7;Y;15316170605690416310253121025515855714;P;001;463795;123457;4.0;2478623864983269;88191915478982426734026633524813672752
[INFO] 2018-03-29 20:45:50,373 ExtentManager sendReq - Response received from Server : Q700;P;NeftBeneficiary#nefttest;1;N;TXNID:808820245427;BID:C463795
[INFO] 2018-03-29 20:45:50,373 ExtentManager sendReq - Transaction ID : 808820245427
[INFO] 2018-03-29 20:45:50,374 ExtentManager sendReq - ******************************END********************************

[INFO] 2018-03-29 20:45:50,384 ExtentManager sendReq - ******************************START******************************
[INFO] 2018-03-29 20:45:50,384 ExtentManager sendReq - Request : NEFT benificiary payment
[INFO] 2018-03-29 20:45:50,387 ExtentManager sendReq - Hmaced Request : 4e7901b1232bd28f32772d7745c22044b908e4eb9ce53e55b0c2c3061c9709d2*!9894060407APQ8;Y;15316170605690416310253121025515855714;30;NeftTest;NeftBeneficiary;463795;123457;4.0;2478623864983269;68445805060562176313560979034538884319
[INFO] 2018-03-29 20:45:51,329 ExtentManager sendReq - Response received from Server : Q832;Beneficiary not activated yet. Please try after sometime;29/03/2018 20:46;TXNID:808820245428;BID:C463795
[INFO] 2018-03-29 20:45:51,330 ExtentManager sendReq - Transaction ID : 808820245428
[INFO] 2018-03-29 20:45:51,331 ExtentManager sendReq - ******************************END********************************

[INFO] 2018-03-29 20:45:51,336 ExtentManager sendReq - ******************************START******************************
[INFO] 2018-03-29 20:45:51,337 ExtentManager sendReq - Request : NEFT benificiary detail
[INFO] 2018-03-29 20:45:51,339 ExtentManager sendReq - Hmaced Request : 3232f01e11f9e0040e902916e5aff813c485624856868b7b1af306e66aff4ddf*!9894060407APNL;Y;15316170605690416310253121025515855714;NeftBeneficiary;001;463795;123457;4.0;2478623864983269;152917176290913388092278287805138997539
[INFO] 2018-03-29 20:45:52,483 ExtentManager sendReq - Response received from Server : NL00;NeftBeneficiary;NeftBeneficiary*HDFC BANK LTD.*MUMBAI*32864783264*SA*HDFC0000001;1;N;TXNID:808820245429;BID:C463795
[INFO] 2018-03-29 20:45:52,484 ExtentManager sendReq - Transaction ID : 808820245429
[INFO] 2018-03-29 20:45:52,485 ExtentManager sendReq - ******************************END********************************

[INFO] 2018-03-29 20:45:52,491 ExtentManager sendReq - ******************************START******************************
[INFO] 2018-03-29 20:45:52,492 ExtentManager sendReq - Request : NEFT benificiary de-registration list
[INFO] 2018-03-29 20:45:52,495 ExtentManager sendReq - Hmaced Request : 270341da16c83214232dbc856c19fb749b387b42ef8f686bfb9faff8b1fb040b*!9894060407AP4L;Y;15316170605690416310253121025515855714;;001;463795;123457;4.0;2478623864983269;58641474189449756076323483411897758088
[INFO] 2018-03-29 20:45:53,966 ExtentManager sendReq - Response received from Server : 4L00; ;NeftBeneficiary#nefttest;1;N;TXNID:808820245430;BID:C463795
[INFO] 2018-03-29 20:45:53,967 ExtentManager sendReq - Transaction ID : 808820245430
[INFO] 2018-03-29 20:45:53,967 ExtentManager sendReq - ******************************END********************************

[INFO] 2018-03-29 20:45:53,972 ExtentManager sendReq - ******************************START******************************
[INFO] 2018-03-29 20:45:53,973 ExtentManager sendReq - Request : NEFT benificiary de-registration confirm
[INFO] 2018-03-29 20:45:53,975 ExtentManager sendReq - Hmaced Request : ddb401d36b84733b2496e0c98481e4f20d55a72670656e0cd9d290d16b3b11e4*!9894060407AP4D;Y;15316170605690416310253121025515855714;NeftBeneficiary;463795;123457;4.0;2478623864983269;67421424981413735717329378935585781255
[INFO] 2018-03-29 20:45:55,029 ExtentManager sendReq - Response received from Server : 4D00;Beneficiary NeftBeneficiary deleted successfully;29/03/2018 20:47;TXNID:808820245431;BID:C463795
[INFO] 2018-03-29 20:45:55,030 ExtentManager sendReq - Transaction ID : 808820245431
[INFO] 2018-03-29 20:45:55,031 ExtentManager sendReq - ******************************END********************************

