[INFO] 2018-03-29 17:31:07,405 ExtentManager setUp - Running Mobile banking API Automation testing on mPAY 4.0

[INFO] 2018-03-29 17:31:07,568 ExtentManager sendReq - ******************************START******************************
[INFO] 2018-03-29 17:31:07,569 ExtentManager sendReq - Request : P2A Quick FT
[INFO] 2018-03-29 17:31:08,191 ExtentManager sendReq - Hmaced Request : 00c0041eac8fbfdb393eeaad0ed6d35dec145fc003371e47676377076613f78d*!9894060407APQT;Y;15316170605690416310253121025515855714;3286478326489632;10;10;test   ;001;463795;123457;4.0;2478623864983269;41819280500221077582066098057086598805
[INFO] 2018-03-29 17:31:11,006 ExtentManager sendReq - Response received from Server : QT00;Fund Transfer to 3286XXX326489632 - successful. Rs. 10.00 debited from 2478XXX864983269;29/03/2018 17:32;TXNID:808817245288;BID:C463795
[INFO] 2018-03-29 17:31:11,007 ExtentManager sendReq - Transaction ID : 808817245288
[INFO] 2018-03-29 17:31:11,007 ExtentManager sendReq - ******************************END********************************

[INFO] 2018-03-29 17:31:11,013 ExtentManager sendReq - ******************************START******************************
[INFO] 2018-03-29 17:31:11,013 ExtentManager sendReq - Request : m2a benificary registration
[INFO] 2018-03-29 17:31:11,014 ExtentManager sendReq - Hmaced Request : 8de5ed6473b5c4abe9644c85b9582e9afda915138c9064aa8847fd94969279e4*!9894060407APRA;Y;15316170605690416310253121025515855714;463795;3286478326489632;10;FTBeneficiary;463795;123457;4.0;2478623864983269;176458637784017254225295917736048298396
[INFO] 2018-03-29 17:31:12,405 ExtentManager sendReq - Response received from Server : RA00;FTBeneficiary;3286478326489632;10;FTBeneficiary;29/03/2018 17:32;TXNID:808817245289;BID:C463795
[INFO] 2018-03-29 17:31:12,405 ExtentManager sendReq - Transaction ID : 808817245289
[INFO] 2018-03-29 17:31:12,405 ExtentManager sendReq - ******************************END********************************

[INFO] 2018-03-29 17:31:12,407 ExtentManager sendReq - ******************************START******************************
[INFO] 2018-03-29 17:31:12,408 ExtentManager sendReq - Request : m2a benificary registration
[INFO] 2018-03-29 17:31:12,409 ExtentManager sendReq - Hmaced Request : 8925c0d584ca4085f760dd74ef8ae2690b961263a6e707a03177940b939d4c25*!9894060407APRA;Y;15316170605690416310253121025515855714;463795;3286478326489632;10;FTBeneficiary;463795;123457;4.0;2478623864983269;72786441985211814450996336061384572310
[INFO] 2018-03-29 17:31:13,457 ExtentManager sendReq - Response received from Server : RA00;FTBeneficiary;3286478326489632;10;FTBeneficiary;29/03/2018 17:32;TXNID:808817245290;BID:C463795
[INFO] 2018-03-29 17:31:13,458 ExtentManager sendReq - Transaction ID : 808817245290
[INFO] 2018-03-29 17:31:13,458 ExtentManager sendReq - ******************************END********************************

[INFO] 2018-03-29 17:31:13,460 ExtentManager sendReq - ******************************START******************************
[INFO] 2018-03-29 17:31:13,460 ExtentManager sendReq - Request : m2a benificiary search req
[INFO] 2018-03-29 17:31:13,461 ExtentManager sendReq - Hmaced Request : bf9199f209f5d7a10d2e228864e82308c28600dcbaa1e1c04e08f21e90027bea*!9894060407APC2;Y;15316170605690416310253121025515855714;463795;3286478326489632;10;FTBeneficiary;463795;123457;4.0;2478623864983269;64236615547228459937217584807804493637
[INFO] 2018-03-29 17:31:14,417 ExtentManager sendReq - Response received from Server : C200;Beneficiary FTBeneficiary added successfully;29/03/2018 17:32;TXNID:808817245291;BID:C463795
[INFO] 2018-03-29 17:31:14,417 ExtentManager sendReq - Transaction ID : 808817245291
[INFO] 2018-03-29 17:31:14,417 ExtentManager sendReq - ******************************END********************************

