[INFO] 2018-03-29 12:54:59,271 ExtentManager setUp - Running Mobile banking API Automation testing on mPAY 4.0

[INFO] 2018-03-29 12:54:59,420 ExtentManager sendReqAppLogin - ******************************START******************************
[INFO] 2018-03-29 12:54:59,420 ExtentManager sendReqAppLogin - Request : App Login
[INFO] 2018-03-29 12:55:00,049 ExtentManager sendReqAppLogin - Hmaced Request : 36ac3eef28ba8ff01cce79d579caecb2a2e673cbdc0cfabbb4af80c3403ca7d4*!9894060407APGC;BVD:4.0.9%23ANDROID7.1.1%23H1920W1080%23LENOVO+Lenovo+K8+Plus%2310.175.117.48%2312.8354858%2C80.2235916%3B463795;123457;4.0;0;107565591309532122151364053640492886669
[INFO] 2018-03-29 12:55:14,070 ExtentManager sendReqAppLogin - Response received from Server : GC00;N; ; ;N; ; ;Y;7ffffffffffff0ef;ffffffffffffffff;ffffffffffffffff;N;N;N;0508;http://www.freshersopenings.in/wp-content/uploads/2013/08/fss-logo.jpg;BID:C463795
[INFO] 2018-03-29 12:55:14,071 ExtentManager sendReqAppLogin - ******************************END********************************

[INFO] 2018-03-29 12:55:14,089 ExtentManager sendReq - ******************************START******************************
[INFO] 2018-03-29 12:55:14,089 ExtentManager sendReq - Request : Balance Enquiry
[INFO] 2018-03-29 12:55:14,091 ExtentManager sendReq - Hmaced Request : cf0f635db807a2b7a2d1a4be2378adc9799dd4afcdb5fe918d98f1cdf3fb1bfe*!9894060407APBE;Y;15316170605690416310253121025515855714;463795;123457;4.0;2478623864983269;102154270340334121509505789728706984000
[INFO] 2018-03-29 12:56:46,603 ExtentManager sendReq - Response received from Server : BE08;Your last transaction has been timed out due to technical problem. Please retry after some time;29/03/2018 12:57;TXNID:808812245080;BID:C463795
[INFO] 2018-03-29 12:56:46,604 ExtentManager sendReq - Transaction ID : 808812245080
[INFO] 2018-03-29 12:56:46,604 ExtentManager sendReq - ******************************END********************************

[INFO] 2018-03-29 12:56:46,608 ExtentManager sendReq - ******************************START******************************
[INFO] 2018-03-29 12:56:46,608 ExtentManager sendReq - Request : Mini statement
[INFO] 2018-03-29 12:56:46,609 ExtentManager sendReq - Hmaced Request : 2e06a75fd7d291ce2be7225ccc718910eea093cb0a816c8b19ee157ae8218b7c*!9894060407APMS;Y;15316170605690416310253121025515855714;463795;123457;4.0;2478623864983269;79044909285238533222931543224971049607
[INFO] 2018-03-29 12:56:48,316 ExtentManager sendReq - Response received from Server : MS09;System is temporarily unavailable.Inconvenience is regretted;29/03/2018 12:57;TXNID:808812245083;BID:C463795;BID:C463795
[INFO] 2018-03-29 12:56:48,317 ExtentManager sendReq - Transaction ID : 808812245083
[INFO] 2018-03-29 12:56:48,318 ExtentManager sendReq - ******************************END********************************

[INFO] 2018-03-29 12:56:48,320 ExtentManager sendReq - ******************************START******************************
[INFO] 2018-03-29 12:56:48,320 ExtentManager sendReq - Request : Transaction History
[INFO] 2018-03-29 12:56:48,321 ExtentManager sendReq - Hmaced Request : 47c4b186ff4cf0a7fe2099b5e09d885c9af93a27b1409347b5dea51613f984a8*!9894060407APTH;Y;15316170605690416310253121025515855714;001;463795;123457;4.0;2478623864983269;68370859435256874941193243251196289676
[INFO] 2018-03-29 12:56:50,703 ExtentManager sendReq - Response received from Server : TH00;Mini Statement*29/03/18 12:54*F*.0*-*-*MOB*808812245083#Balance enquiry*29/03/18 12:53*F*.0*-*-*MOB*808812245082#Balance enquiry*29/03/18 12:52*F*.0*-*-*MOB*808812245080#Balance enquiry*14/03/18 15:19*S*.0*-*-*MOB*807315244528#Balance enquiry*14/03/18 15:18*S*.0*-*-*MOB*807315244526#Mini Statement*02/03/18 15:56*F*.0*-*-*MOB*806115244030#IMPS*02/03/18 15:50*F*56.0*2478XXXXXX983269*-*MOB*806115244029#IMPS*02/03/18 12:39*S*23.0*2478XXXXXX983269*-*MOB*806112244028#IMPS*02/03/18 12:32*F*12.0*2478XXXXXX983269*-*MOB*806112244027#IMPS*02/03/18 12:31*F*23.0*2478XXXXXX983269*-*MOB*806112244026#IMPS*02/03/18 12:29*S*11.0*2478XXXXXX983269*-*MOB*806112244025#IMPS*02/03/18 12:02*F*123.0*2478XXXXXX983269*-*MOB*806112244024#IMPS*02/03/18 11:52*F*23.0*2478XXXXXX983269*-*MOB*806111244023#IMPS*02/03/18 11:50*F*12.0*2478XXXXXX983269*-*MOB*806111244022#IMPS*02/03/18 11:38*F*40.0*2478XXXXXX983269*-*MOB*806111244020#IMPS*02/03/18 11:01*F*33.0*2478XXXXXX983269*-*MOB*806111244019#IMPS*02/03/18 10:55*F*35.0*2478XXXXXX983269*-*MOB*806110244018#IMPS*02/03/18 10:45*F*20.0*2478XXXXXX983269*-*MOB*806110244017#IMPS*02/03/18 10:40*F*10.0*2478XXXXXX983269*-*MOB*806110244016#Balance enquiry*02/03/18 10:35*F*.0*-*-*MOB*806110244015#Balance enquiry*28/02/18 15:00*F*.0*-*-*MOB*805915243996#Balance enquiry*28/02/18 14:59*F*.0*-*-*MOB*805915243992;1;N;TXNID:808812245084;BID:C463795
[INFO] 2018-03-29 12:56:50,704 ExtentManager sendReq - Transaction ID : 808812245084
[INFO] 2018-03-29 12:56:50,704 ExtentManager sendReq - ******************************END********************************

[INFO] 2018-03-29 12:56:50,707 ExtentManager sendReq - ******************************START******************************
[INFO] 2018-03-29 12:56:50,707 ExtentManager sendReq - Request : Generate MMID
[INFO] 2018-03-29 12:56:50,708 ExtentManager sendReq - Hmaced Request : 7c4c1f25ea805adbb0ec54aea7e8ff5b90eb20c6708539816863f93286f47d64*!9894060407APIM;Y;15316170605690416310253121025515855714;001;463795;123457;4.0;2478623864983269;89649824016270029620654280508457042061
[INFO] 2018-03-29 12:56:52,004 ExtentManager sendReq - Response received from Server : IM00;2478XXXXXX983269*9060580#1171XXXXX300166*9060590#9992XXXXX203194*9060591;1;N;29/03/2018 12:57;TXNID:808812245085;BID:C463795
[INFO] 2018-03-29 12:56:52,004 ExtentManager sendReq - Transaction ID : 808812245085
[INFO] 2018-03-29 12:56:52,007 ExtentManager sendReq - ******************************END********************************

[INFO] 2018-03-29 12:56:52,010 ExtentManager sendReq - ******************************START******************************
[INFO] 2018-03-29 12:56:52,010 ExtentManager sendReq - Request : Retrieve MMID
[INFO] 2018-03-29 12:56:52,011 ExtentManager sendReq - Hmaced Request : 008d8bf016e5acec9b8a2327ecb3584b13c379429b96b37e99e451837991017a*!9894060407APS6;Y;15316170605690416310253121025515855714;2478623864983269;463795;123457;4.0;2478623864983269;162270302032453201765275110574732693031
[INFO] 2018-03-29 12:56:54,119 ExtentManager sendReq - Response received from Server : S600;Your MMID allotted for the A/C No. XXXXXXXX3269 is 9060580.You can Send and Receive Money through IMPS option in Mobile Banking.;29/03/2018 12:57;TXNID:808812245086;BID:C463795
[INFO] 2018-03-29 12:56:54,119 ExtentManager sendReq - Transaction ID : 808812245086
[INFO] 2018-03-29 12:56:54,119 ExtentManager sendReq - ******************************END********************************

[INFO] 2018-03-29 12:56:54,121 ExtentManager sendReq - ******************************START******************************
[INFO] 2018-03-29 12:56:54,121 ExtentManager sendReq - Request : Generate MMID
[INFO] 2018-03-29 12:56:54,123 ExtentManager sendReq - Hmaced Request : 79c8edb23c47ce59fb109e5afb54144b6f8a102fe48b20b1b8113c7af75a5994*!9894060407APIM;Y;15316170605690416310253121025515855714;001;463795;123457;4.0;2478623864983269;44877252644544760934917402597172672563
[INFO] 2018-03-29 12:56:58,224 ExtentManager sendReq - Response received from Server : IM00;2478XXXXXX983269*9060580#1171XXXXX300166*9060590#9992XXXXX203194*9060591;1;N;29/03/2018 12:58;TXNID:808812245087;BID:C463795
[INFO] 2018-03-29 12:56:58,225 ExtentManager sendReq - Transaction ID : 808812245087
[INFO] 2018-03-29 12:56:58,225 ExtentManager sendReq - ******************************END********************************

[INFO] 2018-03-29 12:56:58,225 ExtentManager sendReq - ******************************START******************************
[INFO] 2018-03-29 12:56:58,225 ExtentManager sendReq - Request : Cancel MMID All
[INFO] 2018-03-29 12:56:58,226 ExtentManager sendReq - Hmaced Request : 680f1158f0a198eb11b1152c36657a1a66731f29cce7f9d6dc8846e89e3c41de*!9894060407APRC;Y;15316170605690416310253121025515855714;ALL;463795;123457;4.0;2478623864983269;96039737533504314915796205145131919819
[INFO] 2018-03-29 12:56:59,533 ExtentManager sendReq - Response received from Server : RC00;IMPS Cancelled successfully;29/03/2018 12:58;TXNID:808812245088;BID:C463795
[INFO] 2018-03-29 12:56:59,533 ExtentManager sendReq - Transaction ID : 808812245088
[INFO] 2018-03-29 12:56:59,533 ExtentManager sendReq - ******************************END********************************

[INFO] 2018-03-29 12:56:59,536 ExtentManager sendReq - ******************************START******************************
[INFO] 2018-03-29 12:56:59,537 ExtentManager sendReq - Request : Generate MMID
[INFO] 2018-03-29 12:56:59,538 ExtentManager sendReq - Hmaced Request : 87e332835e2320e42c1328fd9b10721d0e8c473a33e773e96b8806e738b400b5*!9894060407APIM;Y;15316170605690416310253121025515855714;001;463795;123457;4.0;2478623864983269;119582218605733480928717213670688118640
[INFO] 2018-03-29 12:57:01,009 ExtentManager sendReq - Response received from Server : IM00;1171XXXXX300166*9060341#9992XXXXX203194*9060519#2478XXXXXX983269*9060487;1;N;29/03/2018 12:58;TXNID:808812245089;BID:C463795
[INFO] 2018-03-29 12:57:01,009 ExtentManager sendReq - Transaction ID : 808812245089
[INFO] 2018-03-29 12:57:01,009 ExtentManager sendReq - ******************************END********************************

[INFO] 2018-03-29 12:57:01,010 ExtentManager sendReq - ******************************START******************************
[INFO] 2018-03-29 12:57:01,010 ExtentManager sendReq - Request : Cancel MMID Single
[INFO] 2018-03-29 12:57:01,010 ExtentManager sendReq - Hmaced Request : 5b125f69398bc8187603b5c3d039bdc1513b28b739f8371b703627e0294dd57d*!9894060407APRC;Y;15316170605690416310253121025515855714;2478623864983269;463795;123457;4.0;2478623864983269;7293483408184261319375809209233580919
[INFO] 2018-03-29 12:57:02,406 ExtentManager sendReq - Response received from Server : RC00;Your MMID 9060487 allotted for the A/C No. XXXXXXXX3269 is cancelled.;29/03/2018 12:58;TXNID:808812245090;BID:C463795
[INFO] 2018-03-29 12:57:02,406 ExtentManager sendReq - Transaction ID : 808812245090
[INFO] 2018-03-29 12:57:02,406 ExtentManager sendReq - ******************************END********************************

[INFO] 2018-03-29 12:57:02,408 ExtentManager sendReq - ******************************START******************************
[INFO] 2018-03-29 12:57:02,409 ExtentManager sendReq - Request : Email ID fetch
[INFO] 2018-03-29 12:57:02,409 ExtentManager sendReq - Hmaced Request : 321cdbf45d9745481838299fc568617b59787c41014d4f287260361d8a758059*!9894060407APZ6;Y;15316170605690416310253121025515855714;463795;123457;4.0;2478623864983269;76614444320612534255587497713823484657
[INFO] 2018-03-29 12:57:03,408 ExtentManager sendReq - Response received from Server : Z600; ;29/03/2018 12:58;TXNID:808812245091;BID:C463795
[INFO] 2018-03-29 12:57:03,408 ExtentManager sendReq - Transaction ID : 808812245091
[INFO] 2018-03-29 12:57:03,408 ExtentManager sendReq - ******************************END********************************

[INFO] 2018-03-29 12:57:03,410 ExtentManager sendReq - ******************************START******************************
[INFO] 2018-03-29 12:57:03,410 ExtentManager sendReq - Request : Email ID Fetch
[INFO] 2018-03-29 12:57:03,411 ExtentManager sendReq - Hmaced Request : da907e529069d45cfe5c859d517cdde1adbeb7f3628545307852d440a1587c73*!9894060407APZ3;Y;15316170605690416310253121025515855714;abc@fss.com;463795;123457;4.0;2478623864983269;19927648638551310773503862806378377492
[INFO] 2018-03-29 12:57:06,327 ExtentManager sendReq - Response received from Server : Z300;Your E-mail ID configured successfully;29/03/2018 12:58;TXNID:808812245092;BID:C463795
[INFO] 2018-03-29 12:57:06,327 ExtentManager sendReq - Transaction ID : 808812245092
[INFO] 2018-03-29 12:57:06,328 ExtentManager sendReq - ******************************END********************************

[INFO] 2018-03-29 12:57:06,330 ExtentManager sendReq - ******************************START******************************
[INFO] 2018-03-29 12:57:06,330 ExtentManager sendReq - Request : Cheque status
[INFO] 2018-03-29 12:57:06,330 ExtentManager sendReq - Hmaced Request : 6f2c3cac8c771b59912412eefc4c00ef929b361cefb7fffe7e06c0dc6ced0441*!9894060407APLW;Y;15316170605690416310253121025515855714;123456;463795;123457;4.0;2478623864983269;32684054364439378549121537655111198059
[INFO] 2018-03-29 12:57:08,123 ExtentManager sendReq - Response received from Server : LW09;System is temporarily unavailable.Inconvenience is regretted;29/03/2018 12:58;TXNID:808812245093;BID:C463795;BID:C463795
[INFO] 2018-03-29 12:57:08,123 ExtentManager sendReq - Transaction ID : 808812245093
[INFO] 2018-03-29 12:57:08,123 ExtentManager sendReq - ******************************END********************************

[INFO] 2018-03-29 12:57:08,128 ExtentManager sendReq - ******************************START******************************
[INFO] 2018-03-29 12:57:08,129 ExtentManager sendReq - Request : Account Fetch
[INFO] 2018-03-29 12:57:08,129 ExtentManager sendReq - Hmaced Request : 99c75b1dab1e9a401d50e05c1b1c43eb433c4547480d6e0ca2c4106b2b316f33*!9894060407APSY;2;463795;123457;4.0;0;66087603270719382717822920447703829409
[INFO] 2018-03-29 12:57:09,346 ExtentManager sendReq - Response received from Server : SY09;System is temporarily unavailable.Inconvenience is regretted;29/03/2018 12:58;TXNID:808812245094;BID:C463795;BID:C463795
[INFO] 2018-03-29 12:57:09,347 ExtentManager sendReq - Transaction ID : 808812245094
[INFO] 2018-03-29 12:57:09,347 ExtentManager sendReq - ******************************END********************************

[INFO] 2018-03-29 12:57:09,349 ExtentManager sendReq - ******************************START******************************
[INFO] 2018-03-29 12:57:09,349 ExtentManager sendReq - Request : Stop Cheque
[INFO] 2018-03-29 12:57:09,350 ExtentManager sendReq - Hmaced Request : 5a0cc25eb3d4a620522d652e0e7ce94383a4a2d8befdd029738f49f0cd977656*!9894060407APL4;Y;15316170605690416310253121025515855714;123456;463795;123457;4.0;2478623864983269;121525341177389042617380744634423857724
[INFO] 2018-03-29 12:57:10,708 ExtentManager sendReq - Response received from Server : L409;System is temporarily unavailable.Inconvenience is regretted;29/03/2018 12:58;TXNID:808812245095;BID:C463795;BID:C463795
[INFO] 2018-03-29 12:57:10,708 ExtentManager sendReq - Transaction ID : 808812245095
[INFO] 2018-03-29 12:57:10,708 ExtentManager sendReq - ******************************END********************************

[INFO] 2018-03-29 12:57:10,711 ExtentManager sendReq - ******************************START******************************
[INFO] 2018-03-29 12:57:10,711 ExtentManager sendReq - Request : Change Login Password
[INFO] 2018-03-29 12:57:10,712 ExtentManager sendReq - Hmaced Request : 01a8efcc56f32db55319ae65ea703b636a3aec7aa59d2f8d1ac2fe61ca723192*!9894060407APP5;8609547570776098518502128580812621291;463795;123457;4.0;0;21843084572912341441082358602297897833
[INFO] 2018-03-29 12:57:13,446 ExtentManager sendReq - Response received from Server : P500;Login password has been changed successfully;1234;29/03/2018 12:58;TXNID:808812245096;BID:C463795
[INFO] 2018-03-29 12:57:13,447 ExtentManager sendReq - Transaction ID : 808812245096
[INFO] 2018-03-29 12:57:13,447 ExtentManager sendReq - ******************************END********************************

