[INFO] 2018-03-24 20:16:59,657 ExtentManager setUp - Running Mobile banking API Automation testing on mPAY 4.0

[INFO] 2018-03-24 20:16:59,928 ExtentManager sendReqAppLogin - ******************************START******************************
[INFO] 2018-03-24 20:16:59,929 ExtentManager sendReqAppLogin - Request : App Login
[INFO] 2018-03-24 20:17:00,126 ExtentManager sendReqAppLogin - Hmaced Request : b6f59cfd99a7169c503fb31da00d3b2114f8417dafb24e7ab81788ec23abd04f*!9894060407APGC;BVD:4.0.9%23ANDROID7.1.1%23H1920W1080%23LENOVO+Lenovo+K8+Plus%2310.175.117.48%2312.8354858%2C80.2235916%3B463795;123457;4.0;0;180124249253815284708061718179311948829
[INFO] 2018-03-24 20:17:02,175 ExtentManager sendReq - ******************************START******************************
[INFO] 2018-03-24 20:17:02,176 ExtentManager sendReq - Request : Balance Enquiry
[INFO] 2018-03-24 20:17:02,193 ExtentManager sendReq - Hmaced Request : bdcffce995f16a98d99a821d2209bc0311f4b6670932cb6a67e31c764438c1cf*!9894060407APBE;Y;15316170605690416310253121025515855714;463795;123457;4.0;2478623864983269;63307457392998575005320289948362959013
[INFO] 2018-03-24 20:17:04,034 ExtentManager sendReq - ******************************START******************************
[INFO] 2018-03-24 20:17:04,035 ExtentManager sendReq - Request : Mini statement
[INFO] 2018-03-24 20:17:04,059 ExtentManager sendReq - Hmaced Request : 92745f217d3f08f21d6d43f210e1a90946c0509ebd72ac001d65b419f3527762*!9894060407APMS;Y;15316170605690416310253121025515855714;463795;123457;4.0;2478623864983269;178362589928546560992719442381042684015
[INFO] 2018-03-24 20:17:06,060 ExtentManager sendReq - ******************************START******************************
[INFO] 2018-03-24 20:17:06,061 ExtentManager sendReq - Request : Transaction History
[INFO] 2018-03-24 20:17:06,065 ExtentManager sendReq - Hmaced Request : a5287955388d51114a86f35095adb38c69e507088362edce7d8908d45387d1af*!9894060407APTH;Y;15316170605690416310253121025515855714;001;463795;123457;4.0;2478623864983269;5680047022533672091162388763472571466
[INFO] 2018-03-24 20:17:08,305 ExtentManager sendReq - ******************************START******************************
[INFO] 2018-03-24 20:17:08,306 ExtentManager sendReq - Request : Generate MMID
[INFO] 2018-03-24 20:17:08,310 ExtentManager sendReq - Hmaced Request : 19e6606011358bfa47c6fef07e925f6a813cb42627c9332c80bcc4aa22c0245f*!9894060407APIM;Y;15316170605690416310253121025515855714;001;463795;123457;4.0;2478623864983269;5757560041111545360545977502471238382
[INFO] 2018-03-24 20:17:10,357 ExtentManager sendReq - ******************************START******************************
[INFO] 2018-03-24 20:17:10,358 ExtentManager sendReq - Request : Retrieve MMID
[INFO] 2018-03-24 20:17:10,361 ExtentManager sendReq - Hmaced Request : f0a3e44a643787b3a4436a10f6219170893340905fdffaea10f42dbda784b4aa*!9894060407APS6;Y;15316170605690416310253121025515855714;2478623864983269;463795;123457;4.0;2478623864983269;194961310444550061688727443479942346246
[INFO] 2018-03-24 20:17:12,402 ExtentManager sendReq - ******************************START******************************
[INFO] 2018-03-24 20:17:12,404 ExtentManager sendReq - Request : Generate MMID
[INFO] 2018-03-24 20:17:12,407 ExtentManager sendReq - Hmaced Request : 692b5ebb862fc4bf52532a01be1be4530d8e8bd648ffa0d9546fa30c3f4e47e4*!9894060407APIM;Y;15316170605690416310253121025515855714;001;463795;123457;4.0;2478623864983269;185957648464397792506361837473588354876
[INFO] 2018-03-24 20:17:14,047 ExtentManager sendReq - ******************************START******************************
[INFO] 2018-03-24 20:17:14,048 ExtentManager sendReq - Request : Generate MMID
[INFO] 2018-03-24 20:17:14,052 ExtentManager sendReq - Hmaced Request : d1242ab8ee9358c53aa6de8bd86da2fb01d2ffe85b70e572f260fe34eec6185b*!9894060407APIM;Y;15316170605690416310253121025515855714;001;463795;123457;4.0;2478623864983269;102990578062762222692185716226356063424
[INFO] 2018-03-24 20:17:16,312 ExtentManager sendReq - ******************************START******************************
[INFO] 2018-03-24 20:17:16,313 ExtentManager sendReq - Request : Email ID fetch
[INFO] 2018-03-24 20:17:16,315 ExtentManager sendReq - Hmaced Request : 561ce36e42795d6d596d466344404649b207aef8d9741a5e381131a2e34c81a1*!9894060407APZ6;Y;15316170605690416310253121025515855714;463795;123457;4.0;2478623864983269;184170853690455265819543167287889075441
[INFO] 2018-03-24 20:17:18,134 ExtentManager sendReq - ******************************START******************************
[INFO] 2018-03-24 20:17:18,135 ExtentManager sendReq - Request : Email ID Fetch
[INFO] 2018-03-24 20:17:18,138 ExtentManager sendReq - Hmaced Request : 159102e8f79d455bfd82705a3c6c5d880ba9aad22966910ea03202cef1ecac82*!9894060407APZ3;Y;15316170605690416310253121025515855714;abc@fss.com;463795;123457;4.0;2478623864983269;37540484874986936451584424806903182489
[INFO] 2018-03-24 20:17:19,978 ExtentManager sendReq - ******************************START******************************
[INFO] 2018-03-24 20:17:19,979 ExtentManager sendReq - Request : Cheque status
[INFO] 2018-03-24 20:17:19,983 ExtentManager sendReq - Hmaced Request : 9015cdc6e3025053b82e2e02d77a0fe70932963997e5ce250bcaea2757a0b805*!9894060407APLW;Y;15316170605690416310253121025515855714;123456;463795;123457;4.0;2478623864983269;64509014794026201185830019838201447688
[INFO] 2018-03-24 20:17:22,231 ExtentManager sendReq - ******************************START******************************
[INFO] 2018-03-24 20:17:22,234 ExtentManager sendReq - Request : Account Fetch
[INFO] 2018-03-24 20:17:22,237 ExtentManager sendReq - Hmaced Request : c8d3e3c180f94eb94195ed366f987f8c119ccb22212508d2ba0e558e27658f78*!9894060407APSY;2;463795;123457;4.0;0;48368415981333971794599669412346023872
[INFO] 2018-03-24 20:17:24,513 ExtentManager sendReq - ******************************START******************************
[INFO] 2018-03-24 20:17:24,514 ExtentManager sendReq - Request : Stop Cheque
[INFO] 2018-03-24 20:17:24,521 ExtentManager sendReq - Hmaced Request : 4ec42d5db04f5703c6b2ccc5f81c8c9503fe9299b41291ef25e810a7ff1be6dd*!9894060407APL4;Y;15316170605690416310253121025515855714;123456;463795;123457;4.0;2478623864983269;36875482506695217177676117663733383996
[INFO] 2018-03-24 20:17:26,560 ExtentManager sendReq - ******************************START******************************
[INFO] 2018-03-24 20:17:26,561 ExtentManager sendReq - Request : Change Login Password
[INFO] 2018-03-24 20:17:26,563 ExtentManager sendReq - Hmaced Request : 034279d082dfbb8f9b050c6f779974eebc9c3aa4fd824892875c449b36dec00f*!9894060407APP5;8609547570776098518502128580812621291;463795;123457;4.0;0;153742718433702059663163025677123619519
