2018-01-22 18:04:30 INFO  BaseObject:39 - ******************************START******************************
2018-01-22 18:04:30 INFO  BaseObject:40 - Request : Account Sync
2018-01-22 18:04:31 INFO  BaseObject:63 - Hmaced Request : f1f0691329a4cdc22145ae3ae9caab86113970add2a6f85d6914d5367fb79c39*!9865928748APSY;2;463795;123457;4.0;0;78354059068347376797238728960539177592
2018-01-22 18:04:35 INFO  BaseObject:76 - Response received from Server : SY00;N;K K legend;2;6;5012432470000000*10#5012432472349283*10#5012433476349826*10#201150050800005*20#5012432476849862*10#201150050800065*10;Y;TXNID:802218242358;BID:C463795
2018-01-22 18:04:35 INFO  BaseObject:78 - Transaction ID : 802218242358
2018-01-22 18:04:35 INFO  BaseObject:92 - ******************************END********************************

2018-01-22 18:04:35 INFO  BaseObject:39 - ******************************START******************************
2018-01-22 18:04:35 INFO  BaseObject:40 - Request : Balance Enquiry
2018-01-22 18:04:35 INFO  BaseObject:63 - Hmaced Request : 4c4b085564f4d70222bd07126de927b75af881d24a6cabe75e58d1ff37dc3657*!9865928748APBE;Y;41781320402139635621401969632506560255;463795;123457;4.0;161100350300067;96791059661143959725311852256450973076
2018-01-22 18:04:37 INFO  BaseObject:76 - Response received from Server : BE00;63,320.82;63,305.07; ;22/01/2018 18:05;TXNID:802218242359;BID:C463795
2018-01-22 18:04:37 INFO  BaseObject:78 - Transaction ID : 802218242359
2018-01-22 18:04:37 INFO  BaseObject:92 - ******************************END********************************

2018-01-22 18:04:37 INFO  BaseObject:39 - ******************************START******************************
2018-01-22 18:04:37 INFO  BaseObject:40 - Request : Generate MMID
2018-01-22 18:04:37 INFO  BaseObject:63 - Hmaced Request : db7f642620937207ade912c51f8d3bee868b05d2d2e3624cd54374af96000140*!9865928748APIM;Y;41781320402139635621401969632506560255;001;463795;123457;4.0;161100350300067;171221294558897499600303919438399690407
2018-01-22 18:04:39 INFO  BaseObject:76 - Response received from Server : IM00;1611XXXXX300067*9060433#5012XXXXXX000000*9060849#5012XXXXXX349283*9060430#5012XXXXXX349826*9060250#2011XXXXX800005*9060761#5012XXXXXX849862*9060721#2011XXXXX800065*9060574#5012XXXXXX849800*9060039#5012XXXXXX849822*9060174#5012XXXXXX849860*9060694;1;N;22/01/2018 18:05;TXNID:802218242360;BID:C463795
2018-01-22 18:04:39 INFO  BaseObject:78 - Transaction ID : 802218242360
2018-01-22 18:04:39 INFO  BaseObject:92 - ******************************END********************************

2018-01-22 18:04:39 INFO  BaseObject:39 - ******************************START******************************
2018-01-22 18:04:39 INFO  BaseObject:40 - Request : Cancel MMID All
2018-01-22 18:04:39 INFO  BaseObject:63 - Hmaced Request : 62646252d69ff675d8dbadda53bbd3cbcc29ab0864afef5579325d7ee0caa6d2*!9865928748APRC;Y;41781320402139635621401969632506560255;ALL;463795;123457;4.0;161100350300067;130747496301806358157028821200473947996
2018-01-22 18:04:40 INFO  BaseObject:76 - Response received from Server : RC00;IMPS Cancelled successfully;22/01/2018 18:05;TXNID:802218242361;BID:C463795
2018-01-22 18:04:40 INFO  BaseObject:78 - Transaction ID : 802218242361
2018-01-22 18:04:40 INFO  BaseObject:92 - ******************************END********************************

2018-01-22 18:04:40 INFO  BaseObject:39 - ******************************START******************************
2018-01-22 18:04:40 INFO  BaseObject:40 - Request : Generate MMID
2018-01-22 18:04:40 INFO  BaseObject:63 - Hmaced Request : d4e6a154a721d9abfb128846923702aec2c719fdcd7bffb9020902c3b0bdee1a*!9865928748APIM;Y;41781320402139635621401969632506560255;001;463795;123457;4.0;161100350300067;115705690197425507181778551861400618511
2018-01-22 18:04:42 INFO  BaseObject:76 - Response received from Server : IM00;1611XXXXX300067*9060616#5012XXXXXX000000*9060390#5012XXXXXX349283*9060374#5012XXXXXX349826*9060487#2011XXXXX800005*9060004#5012XXXXXX849862*9060983#2011XXXXX800065*9060920#5012XXXXXX849800*9060902#5012XXXXXX849822*9060850#5012XXXXXX849860*9060064;1;N;22/01/2018 18:05;TXNID:802218242362;BID:C463795
2018-01-22 18:04:42 INFO  BaseObject:78 - Transaction ID : 802218242362
2018-01-22 18:04:42 INFO  BaseObject:92 - ******************************END********************************

2018-01-22 18:04:42 INFO  BaseObject:39 - ******************************START******************************
2018-01-22 18:04:42 INFO  BaseObject:40 - Request : Cancel MMID Single
2018-01-22 18:04:42 INFO  BaseObject:63 - Hmaced Request : 7ce029956db582e309fc92259622da61f4362501f0b06ce23768670c3cd1af0a*!9865928748APRC;Y;41781320402139635621401969632506560255;161100350300067;463795;123457;4.0;161100350300067;121607405741815608685427221021861769514
2018-01-22 18:04:43 INFO  BaseObject:76 - Response received from Server : RC00;Your MMID 9060616 allotted for the A/C No. XXXXXXXX0067 is cancelled.;22/01/2018 18:05;TXNID:802218242363;BID:C463795
2018-01-22 18:04:43 INFO  BaseObject:78 - Transaction ID : 802218242363
2018-01-22 18:04:43 INFO  BaseObject:92 - ******************************END********************************

2018-01-22 18:04:43 INFO  BaseObject:39 - ******************************START******************************
2018-01-22 18:04:43 INFO  BaseObject:40 - Request : Cheque Status
2018-01-22 18:04:43 INFO  BaseObject:63 - Hmaced Request : 7f922fb9bd138df86ac109743188061684a84f54f331c026dcbc9bd1027c148c*!9865928748APLW;Y;41781320402139635621401969632506560255;1234567;463795;123457;4.0;161100350300067;183535331810982570186705440627507494812
2018-01-22 18:04:46 INFO  BaseObject:76 - Response received from Server : LW00;Your cheque (1234567) has been ;22/01/2018 18:05;TXNID:802218242364;BID:C463795
2018-01-22 18:04:46 INFO  BaseObject:78 - Transaction ID : 802218242364
2018-01-22 18:04:46 INFO  BaseObject:92 - ******************************END********************************

2018-01-22 18:04:46 INFO  BaseObject:39 - ******************************START******************************
2018-01-22 18:04:46 INFO  BaseObject:40 - Request : Email ID Fetch
2018-01-22 18:04:46 INFO  BaseObject:63 - Hmaced Request : 5aa5de01cf3221911f159e0da6e05af2694c3b0d40bd2add7efb8616271eb128*!9865928748APZ6;Y;41781320402139635621401969632506560255;463795;123457;4.0;161100350300067;41678435796575190404252552318660436178
2018-01-22 18:04:47 INFO  BaseObject:76 - Response received from Server : Z600;aboutsatham@gmail.com;22/01/2018 18:05;TXNID:802218242365;BID:C463795
2018-01-22 18:04:47 INFO  BaseObject:78 - Transaction ID : 802218242365
2018-01-22 18:04:47 INFO  BaseObject:92 - ******************************END********************************

2018-01-22 18:04:47 INFO  BaseObject:39 - ******************************START******************************
2018-01-22 18:04:47 INFO  BaseObject:40 - Request : Update Email ID
2018-01-22 18:04:47 INFO  BaseObject:63 - Hmaced Request : f11f7334bfe6d7cf16f2861a10f92dac061e59cc80294fbcecbd59a7df5b97ab*!9865928748APZ3;Y;41781320402139635621401969632506560255;aboutsatham@gmail.com;463795;123457;4.0;161100350300067;57390868503458626393479114971868377287
2018-01-22 18:04:48 INFO  BaseObject:76 - Response received from Server : Z300;Your E-mail ID configured successfully;22/01/2018 18:05;TXNID:802218242366;BID:C463795
2018-01-22 18:04:48 INFO  BaseObject:78 - Transaction ID : 802218242366
2018-01-22 18:04:48 INFO  BaseObject:92 - ******************************END********************************

2018-01-22 18:04:48 INFO  BaseObject:39 - ******************************START******************************
2018-01-22 18:04:48 INFO  BaseObject:40 - Request : Generate MMID
2018-01-22 18:04:48 INFO  BaseObject:63 - Hmaced Request : 6e12c1e6a061f7a3cd868f9bd5ed1f20efbe65c7858d06e257639705ec0fdd52*!9865928748APIM;Y;41781320402139635621401969632506560255;001;463795;123457;4.0;161100350300067;41669778710713876713268445880272474683
2018-01-22 18:04:50 INFO  BaseObject:76 - Response received from Server : IM00;2011XXXXX800005*9060004#5012XXXXXX849860*9060064#5012XXXXXX349283*9060374#5012XXXXXX000000*9060390#5012XXXXXX349826*9060487#5012XXXXXX849822*9060850#5012XXXXXX849800*9060902#2011XXXXX800065*9060920#5012XXXXXX849862*9060983#1611XXXXX300067*9060809;1;N;22/01/2018 18:05;TXNID:802218242367;BID:C463795
2018-01-22 18:04:50 INFO  BaseObject:78 - Transaction ID : 802218242367
2018-01-22 18:04:50 INFO  BaseObject:92 - ******************************END********************************

2018-01-22 18:04:50 INFO  BaseObject:39 - ******************************START******************************
2018-01-22 18:04:50 INFO  BaseObject:40 - Request : Mini Statement
2018-01-22 18:04:50 INFO  BaseObject:63 - Hmaced Request : 36e0d712712cd9447da2ce6eeb2080d05d42c9055d94fed926fdbf114de799b4*!9865928748APMS;Y;41781320402139635621401969632506560255;463795;123457;4.0;161100350300067;45320568239731365947557200459562471309
2018-01-22 18:04:51 INFO  BaseObject:76 - Response received from Server : MS00;08/11/17 D NEFT/SUBRAMANIAN-VELRAJAN 103.00#08/11/17 D NEFT/VGN-Facility-Mgmt-Se 107.00#08/11/17 D eBank/Tr-To-S.ANISH-KUMAR 201.00#08/11/17 D RTGS/TATA-CARD/TMBLH17312 216000.00#08/11/17 D eBank/Tr-To-SAROJINI.C 204.00#08/11/17 D NEFT/testaudit/TMBLH17312 108.00#08/11/17 D NEFT/Shanmugavel/TMBLH173 102.00#08/11/17 D NEFT/ing-vysys-test3/TMBL 109.00#08/11/17 D NEFT/ANNA-NAGAR-OWNER/TMB 100.00;63,320.82;TXNID:802218242368;BID:C463795
2018-01-22 18:04:51 INFO  BaseObject:78 - Transaction ID : 802218242368
2018-01-22 18:04:52 INFO  BaseObject:92 - ******************************END********************************

2018-01-22 18:04:52 INFO  BaseObject:39 - ******************************START******************************
2018-01-22 18:04:52 INFO  BaseObject:40 - Request : Retrieve MMID
2018-01-22 18:04:52 INFO  BaseObject:63 - Hmaced Request : b29ea8464573e8003c91d85634aa33eab007dea2b72974867d77a06a5fdc9b2c*!9865928748APS6;Y;41781320402139635621401969632506560255;161100350300067;463795;123457;4.0;161100350300067;195577582167276187144084862174244155642
2018-01-22 18:04:52 INFO  BaseObject:76 - Response received from Server : S600;Your MMID allotted for the A/C No. XXXXXXXX0067 is 9060809.You can Send and Receive Money through IMPS option in Mobile Banking.;22/01/2018 18:05;TXNID:802218242369;BID:C463795
2018-01-22 18:04:52 INFO  BaseObject:78 - Transaction ID : 802218242369
2018-01-22 18:04:53 INFO  BaseObject:92 - ******************************END********************************

2018-01-22 18:04:53 INFO  BaseObject:39 - ******************************START******************************
2018-01-22 18:04:53 INFO  BaseObject:40 - Request : Stop Cheque
2018-01-22 18:04:53 INFO  BaseObject:63 - Hmaced Request : 080ec16acf54a632ea8ba5b821a51d88d9c2c1d076d6b2ac43621b8e39a94ada*!9865928748APL4;Y;41781320402139635621401969632506560255;1234567;463795;123457;4.0;161100350300067;166162365185608143914080601371616604031
2018-01-22 18:04:54 INFO  BaseObject:76 - Response received from Server : L400;Stop Payment request issued for Cheque no. 1234567 (a/c no. XXXXXXXX0067) has been executed successfully.;22/01/2018 18:05;TXNID:802218242370;BID:C463795
2018-01-22 18:04:54 INFO  BaseObject:78 - Transaction ID : 802218242370
2018-01-22 18:04:54 INFO  BaseObject:92 - ******************************END********************************

2018-01-22 18:04:54 INFO  BaseObject:39 - ******************************START******************************
2018-01-22 18:04:54 INFO  BaseObject:40 - Request : Transaction history
2018-01-22 18:04:54 INFO  BaseObject:63 - Hmaced Request : 4f04ac5655e87a07ddeb8b6a4bb6bad80d2efdebfa0fd1597d5cee3df87903d3*!9865928748APTH;Y;41781320402139635621401969632506560255;001;463795;123457;4.0;161100350300067;200662716523304515632966206516782981647
2018-01-22 18:05:30 INFO  BaseObject:76 - Response received from Server : TH00;Mini Statement*22/01/18 18:04*S*.0*-*-*MOB*802218242368#Balance enquiry*22/01/18 18:04*S*.0*-*-*MOB*802218242359#Mini Statement*22/01/18 17:50*S*.0*-*-*MOB*802217242352#Balance enquiry*22/01/18 17:50*S*.0*-*-*MOB*802217242351#Mini Statement*22/01/18 15:09*S*.0*-*-*MOB*802215242343#Balance enquiry*22/01/18 15:09*S*.0*-*-*MOB*802215242334#Mini Statement*22/01/18 14:39*S*.0*-*-*MOB*802214242330#Mini Statement*22/01/18 12:41*S*.0*-*-*MOB*802212242301#Mini Statement*22/01/18 12:35*S*.0*-*-*MOB*802212242297#Mini Statement*22/01/18 12:30*S*.0*-*-*MOB*802212242293#Mini Statement*22/01/18 12:22*S*.0*-*-*MOB*802212242287#Balance enquiry*22/01/18 12:22*S*.0*-*-*MOB*802212242278#Mini Statement*22/01/18 12:10*S*.0*-*-*MOB*802212242269#Balance enquiry*22/01/18 12:10*S*.0*-*-*MOB*802212242260#Mini Statement*22/01/18 12:09*S*.0*-*-*MOB*802212242256#Balance enquiry*22/01/18 12:08*S*.0*-*-*MOB*802212242247#P2U*21/01/18 17:43*F*200.0*1611XXXXX300067*-*MOB*802117242245#IMPS*21/01/18 17:43*F*200.0*1611XXXXX300067*-*MOB*802117242244#IMPS*21/01/18 17:43*F*200.0*1611XXXXX300067*test*MOB*802117242239#IMPS*21/01/18 17:43*F*200.0*1611XXXXX300067*-*MOB*802117242236#IMPS*21/01/18 17:43*F*200.0*1611XXXXX300067*test*MOB*802117242231#Mini Statement*21/01/18 17:42*F*.0*-*-*MOB*802117242227#Balance enquiry*21/01/18 17:42*F*.0*-*-*MOB*802117242218#P2U*21/01/18 17:37*F*200.0*1611XXXXX300067*-*MOB*802117242216#IMPS*21/01/18 17:37*F*200.0*1611XXXXX300067*-*MOB*802117242215#IMPS*21/01/18 17:37*F*200.0*1611XXXXX300067*test*MOB*802117242210#IMPS*21/01/18 17:37*F*200.0*1611XXXXX300067*-*MOB*802117242207#IMPS*21/01/18 17:37*F*200.0*1611XXXXX300067*test*MOB*802117242202#Mini Statement*21/01/18 17:36*F*.0*-*-*MOB*802117242198#Balance enquiry*21/01/18 17:36*F*.0*-*-*MOB*802117242189;1;Y;TXNID:802218242371;BID:C463795
2018-01-22 18:05:30 INFO  BaseObject:78 - Transaction ID : 802218242371
2018-01-22 18:05:31 INFO  BaseObject:92 - ******************************END********************************

