2018-03-21 19:06:46 INFO  ExtentManager:71 - Running Mobile banking API Automation testing on mPAY 4.0

2018-03-21 19:06:46 INFO  ExtentManager:138 - ******************************START******************************
2018-03-21 19:06:46 INFO  ExtentManager:139 - Request : App Login
2018-03-21 19:06:46 INFO  ExtentManager:145 - Hmaced Request : 3499d8bb42a5973573ba2646acbe675bf7389119d98599cfb84a01a78396326f*!9894060407APSY;0001;454545;123457;4.0.5;0;174245132693499285681691906265086566756
2018-03-21 19:06:48 INFO  ExtentManager:159 - Response received from Server : SY00;N;DAVOS SEAWORTH;1;1;584327598432758*  ;N;TXNID:808019138472;BID:C454545
2018-03-21 19:06:48 INFO  ExtentManager:170 - ******************************END********************************

2018-03-21 19:06:48 INFO  ExtentManager:138 - ******************************START******************************
2018-03-21 19:06:48 INFO  ExtentManager:139 - Request : Balance Enquiry
2018-03-21 19:06:48 INFO  ExtentManager:145 - Hmaced Request : 7c1a5d8959963d0b6737a9dd0ca362e550876b93643d3c8d1d275c0a7785289f*!9894060407APBE;Y;57560065011725370936685646717511860633;454545;123457;4.0.5;584327598432758;91020824861435698309624246956840325259
2018-03-21 19:06:50 INFO  ExtentManager:159 - Response received from Server : BE00;0.20;0.20; ;21/03/2018 19:07;TXNID:808019138473;BID:C454545
2018-03-21 19:06:50 INFO  ExtentManager:170 - ******************************END********************************

2018-03-21 19:06:50 INFO  ExtentManager:138 - ******************************START******************************
2018-03-21 19:06:50 INFO  ExtentManager:139 - Request : Mini statement
2018-03-21 19:06:50 INFO  ExtentManager:145 - Hmaced Request : ee154b879c12a0eb5c9cfc49e96e8408964e324ea306eeb3fbf0b389eaef42ea*!9894060407APMS;Y;57560065011725370936685646717511860633;454545;123457;4.0.5;584327598432758;110595487623476501732465493683239577539
2018-03-21 19:06:53 INFO  ExtentManager:159 - Response received from Server : MS00;06/10/17 UPI/727901 2.00 D#06/10/17 UPI/727901 10.00 C#06/10/17 UPI/727901 10.00 C#06/10/17 UPI/727901 10.00 D#05/10/17 IMPS/72781 1.00 D#05/10/17 TO/3125010 1.00 D#05/10/17 ATMD C OTBANKINGSRVR#1.0005/10/17 - D IMPS/72781;0.25;TXNID:808019138474;BID:C454545
2018-03-21 19:06:53 INFO  ExtentManager:170 - ******************************END********************************

2018-03-21 19:06:53 INFO  ExtentManager:138 - ******************************START******************************
2018-03-21 19:06:53 INFO  ExtentManager:139 - Request : Transaction History
2018-03-21 19:06:53 INFO  ExtentManager:145 - Hmaced Request : b7de51b713d5d74835d68f7b6a8ac6be00142fb5d5f184a06b333d5b66fcbbc3*!9894060407APTH;Y;57560065011725370936685646717511860633;001;454545;123457;4.0.5;584327598432758;149278777579312075870030009070363621418
2018-03-21 19:06:56 INFO  ExtentManager:159 - Response received from Server : TH00;M2M*21/03/18 09:50*F*20*MOB#NEFT*21/03/18 09:49*F*-*MOB;1;Y;TXNID:808019138475;BID:C454545
2018-03-21 19:06:56 INFO  ExtentManager:170 - ******************************END********************************

2018-03-21 19:06:56 INFO  ExtentManager:138 - ******************************START******************************
2018-03-21 19:06:56 INFO  ExtentManager:139 - Request : Generate MMID
2018-03-21 19:06:56 INFO  ExtentManager:145 - Hmaced Request : eea359014dcd5cc68da6ab9a855ffc8accb2dabdfcd8ba1b7e13bd03b5364744*!9894060407APIM;Y;57560065011725370936685646717511860633;001;454545;123457;4.0.5;584327598432758;44446637432861648148531668130683143467
2018-03-21 19:06:57 INFO  ExtentManager:159 - Response received from Server : IM00;2758*9029683;1;N;21/03/2018 19:08;TXNID:808019138476;BID:C454545
2018-03-21 19:06:57 INFO  ExtentManager:170 - ******************************END********************************

2018-03-21 19:06:57 INFO  ExtentManager:138 - ******************************START******************************
2018-03-21 19:06:57 INFO  ExtentManager:139 - Request : Retrieve MMID
2018-03-21 19:06:57 INFO  ExtentManager:145 - Hmaced Request : f008cab7436b4dce96bfd7f1e9cbff77d4209945b856aca2539e8cae5977fd89*!9894060407APS6;Y;57560065011725370936685646717511860633;584327598432758;454545;123457;4.0.5;584327598432758;163670461180689784304954059552603430871
2018-03-21 19:07:00 INFO  ExtentManager:159 - Response received from Server : S600;Your MMID allotted for the A/C No. XXXXXXXX2758 is 9029683.You can Send and Receive Money through IMPS option in Mobile Banking.;21/03/2018 19:08;TXNID:808019138477;BID:C454545
2018-03-21 19:07:00 INFO  ExtentManager:170 - ******************************END********************************

2018-03-21 19:07:00 INFO  ExtentManager:138 - ******************************START******************************
2018-03-21 19:07:00 INFO  ExtentManager:139 - Request : Generate MMID
2018-03-21 19:07:00 INFO  ExtentManager:145 - Hmaced Request : a25d1d4edf612a0f0f6f6d31c6946731f8a9ac9e8fa743e17ec6d762af03b4af*!9894060407APIM;Y;57560065011725370936685646717511860633;001;454545;123457;4.0.5;584327598432758;135877820378132100841635875407860955886
2018-03-21 19:07:01 INFO  ExtentManager:159 - Response received from Server : IM00;2758*9029683;1;N;21/03/2018 19:08;TXNID:808019138478;BID:C454545
2018-03-21 19:07:01 INFO  ExtentManager:170 - ******************************END********************************

2018-03-21 19:07:01 INFO  ExtentManager:138 - ******************************START******************************
2018-03-21 19:07:01 INFO  ExtentManager:139 - Request : Cancel MMID All
2018-03-21 19:07:01 INFO  ExtentManager:145 - Hmaced Request : 67d33154322bdfaf75c2ba92d53790d4eefa2c56bcc5a1d131b28ee7f2a52fca*!9894060407APRC;Y;57560065011725370936685646717511860633;ALL;454545;123457;4.0.5;584327598432758;91911120495415232581400847266173572191
2018-03-21 19:07:02 INFO  ExtentManager:159 - Response received from Server : RC00;IMPS Cancelled successfully;21/03/2018 19:08;TXNID:808019138479;BID:C454545
2018-03-21 19:07:02 INFO  ExtentManager:170 - ******************************END********************************

2018-03-21 19:07:02 INFO  ExtentManager:138 - ******************************START******************************
2018-03-21 19:07:02 INFO  ExtentManager:139 - Request : Generate MMID
2018-03-21 19:07:02 INFO  ExtentManager:145 - Hmaced Request : cbca2d55e9581a2b6cc10b59f3b4e2b12f7284bd72af9242ce9375ab446db804*!9894060407APIM;Y;57560065011725370936685646717511860633;001;454545;123457;4.0.5;584327598432758;27959997528804539758613451441463291757
2018-03-21 19:07:04 INFO  ExtentManager:159 - Response received from Server : IM00;2758*9029053;1;N;21/03/2018 19:08;TXNID:808019138480;BID:C454545
2018-03-21 19:07:04 INFO  ExtentManager:170 - ******************************END********************************

2018-03-21 19:07:04 INFO  ExtentManager:138 - ******************************START******************************
2018-03-21 19:07:04 INFO  ExtentManager:139 - Request : Cancel MMID Single
2018-03-21 19:07:04 INFO  ExtentManager:145 - Hmaced Request : a7a21d853a6ab876f33c83af96fcf91df795149f8110a73eb7536654205cf6e0*!9894060407APRC;Y;57560065011725370936685646717511860633;584327598432758;454545;123457;4.0.5;584327598432758;1937625294147959509878188886303081294
2018-03-21 19:07:06 INFO  ExtentManager:159 - Response received from Server : RC00;Your MMID 9029053 allotted for the A/C No. XXXXXXXX2758 is cancelled.;21/03/2018 19:08;TXNID:808019138481;BID:C454545
2018-03-21 19:07:06 INFO  ExtentManager:170 - ******************************END********************************

2018-03-21 19:07:06 INFO  ExtentManager:138 - ******************************START******************************
2018-03-21 19:07:06 INFO  ExtentManager:139 - Request : Email ID fetch
2018-03-21 19:07:06 INFO  ExtentManager:145 - Hmaced Request : b348627a29e4fc33205cca64364d16500dbd9eba79b43bd633d8d58b6b810a54*!9894060407APZ6;Y;57560065011725370936685646717511860633;454545;123457;4.0.5;584327598432758;96460070434091971477386814947866316047
2018-03-21 19:07:07 INFO  ExtentManager:159 - Response received from Server : Z600;abc@fss.com;21/03/2018 19:08;TXNID:808019138482;BID:C454545
2018-03-21 19:07:07 INFO  ExtentManager:170 - ******************************END********************************

2018-03-21 19:07:07 INFO  ExtentManager:138 - ******************************START******************************
2018-03-21 19:07:07 INFO  ExtentManager:139 - Request : Email ID Fetch
2018-03-21 19:07:07 INFO  ExtentManager:145 - Hmaced Request : cc6520f2eaafda5e6c4cef387810674916cf564d144b123885b8eb882633d98d*!9894060407APZ3;Y;57560065011725370936685646717511860633;abc@fss.com;454545;123457;4.0.5;584327598432758;170086505573245618691764225070187439086
2018-03-21 19:07:08 INFO  ExtentManager:159 - Response received from Server : Z300;Your E-mail ID configured successfully;21/03/2018 19:08;TXNID:808019138483;BID:C454545
2018-03-21 19:07:08 INFO  ExtentManager:170 - ******************************END********************************

2018-03-21 19:07:08 INFO  ExtentManager:138 - ******************************START******************************
2018-03-21 19:07:08 INFO  ExtentManager:139 - Request : Cheque status
2018-03-21 19:07:08 INFO  ExtentManager:145 - Hmaced Request : 58c62c24ce5e14b85a9872f78c56a0378f43f3f08f86bc5c0c85ac44615d943f*!9894060407APLW;Y;57560065011725370936685646717511860633;123456;454545;123457;4.0.5;584327598432758;110107378738021763989861307471137045507
2018-03-21 19:07:11 INFO  ExtentManager:159 - Response received from Server : LW00;Your cheque (123456) has been paid;21/03/2018 19:08;TXNID:808019138484;BID:C454545
2018-03-21 19:07:11 INFO  ExtentManager:170 - ******************************END********************************

2018-03-21 19:07:11 INFO  ExtentManager:138 - ******************************START******************************
2018-03-21 19:07:11 INFO  ExtentManager:139 - Request : Account Fetch
2018-03-21 19:07:11 INFO  ExtentManager:145 - Hmaced Request : 90a24d354f78e04d8191a26ada83bffc9e9e67c7147f24569d46996ddbe7a287*!9894060407APSY;0001;454545;123457;4.0.5;11739930780640818129348150589503247636
2018-03-21 19:07:11 INFO  ExtentManager:159 - Response received from Server : null
2018-03-21 19:07:11 INFO  ExtentManager:170 - ******************************END********************************

2018-03-21 19:07:11 INFO  ExtentManager:138 - ******************************START******************************
2018-03-21 19:07:11 INFO  ExtentManager:139 - Request : Stop Cheque
2018-03-21 19:07:11 INFO  ExtentManager:145 - Hmaced Request : c47842cfa3114b1409e325fd96dd1ff076e21eba95fb211d7188a2b7b225c2c0*!9894060407APL4;Y;57560065011725370936685646717511860633;123456;454545;123457;4.0.5;584327598432758;17648486207118981713375761725870291163
2018-03-21 19:07:14 INFO  ExtentManager:159 - Response received from Server : L400;Stop Payment request issued for Cheque no. 123456 (a/c no. XXXXXXXX2758) has been executed successfully.;21/03/2018 19:08;TXNID:808019138485;BID:C454545
2018-03-21 19:07:14 INFO  ExtentManager:170 - ******************************END********************************

2018-03-21 19:07:14 INFO  ExtentManager:138 - ******************************START******************************
2018-03-21 19:07:14 INFO  ExtentManager:139 - Request : Change Login Password
2018-03-21 19:07:14 INFO  ExtentManager:145 - Hmaced Request : ed70a3e47923f643cfb7936b561285dc773506d811cfe315be936ad68948a656*!9894060407APP5;;454545;123457;4.0.5;50885834032756740445372697395300032281
2018-03-21 19:07:14 INFO  ExtentManager:159 - Response received from Server : null
2018-03-21 19:07:14 INFO  ExtentManager:170 - ******************************END********************************

[INFO] 2018-03-21 19:11:28,428 ExtentManager setUp - Running Mobile banking API Automation testing on mPAY 4.0

[INFO] 2018-03-21 19:11:28,578 ExtentManager sendReq - ******************************START******************************
[INFO] 2018-03-21 19:11:28,579 ExtentManager sendReq - Request : App Login
[INFO] 2018-03-21 19:11:29,246 ExtentManager sendReq - Hmaced Request : d07f678c4ffc3bea6993f2ec4d08a0fdcb5452872bf3fb88ecec1282d941288e*!9894060407APSY;0001;454545;123457;4.0.5;0;88347156896160031278948607774683358626
[INFO] 2018-03-21 19:11:30,687 ExtentManager sendReq - Response received from Server : SY00;N;DAVOS SEAWORTH;1;1;584327598432758*  ;N;TXNID:808019138500;BID:C454545
[INFO] 2018-03-21 19:11:30,695 ExtentManager sendReq - ******************************END********************************

[INFO] 2018-03-21 19:11:30,711 ExtentManager sendReq - ******************************START******************************
[INFO] 2018-03-21 19:11:30,712 ExtentManager sendReq - Request : Balance Enquiry
[INFO] 2018-03-21 19:11:30,713 ExtentManager sendReq - Hmaced Request : 908a8656b79c57ed8937d14a21a56f0e803b6faf41da8dcb5db9a577a9b15926*!9894060407APBE;Y;57560065011725370936685646717511860633;454545;123457;4.0.5;584327598432758;64979929955811018233653626342882657300
[INFO] 2018-03-21 19:11:32,732 ExtentManager sendReq - Response received from Server : BE00;0.20;0.20; ;21/03/2018 19:12;TXNID:808019138501;BID:C454545
[INFO] 2018-03-21 19:11:32,732 ExtentManager sendReq - ******************************END********************************

[INFO] 2018-03-21 19:11:32,736 ExtentManager sendReq - ******************************START******************************
[INFO] 2018-03-21 19:11:32,736 ExtentManager sendReq - Request : Mini statement
[INFO] 2018-03-21 19:11:32,738 ExtentManager sendReq - Hmaced Request : 03370d2e4234a459674e73fa328263123b203df4bfc970bae33a579e7ae36a92*!9894060407APMS;Y;57560065011725370936685646717511860633;454545;123457;4.0.5;584327598432758;137059595788320085448675445504993211107
[INFO] 2018-03-21 19:11:35,064 ExtentManager sendReq - Response received from Server : MS00;06/10/17 UPI/727901 2.00 D#06/10/17 UPI/727901 10.00 C#06/10/17 UPI/727901 10.00 C#06/10/17 UPI/727901 10.00 D#05/10/17 IMPS/72781 1.00 D#05/10/17 TO/3125010 1.00 D#05/10/17 ATMD C OTBANKINGSRVR#1.0005/10/17 - D IMPS/72781;0.25;TXNID:808019138502;BID:C454545
[INFO] 2018-03-21 19:11:35,065 ExtentManager sendReq - ******************************END********************************

[INFO] 2018-03-21 19:11:35,074 ExtentManager sendReq - ******************************START******************************
[INFO] 2018-03-21 19:11:35,075 ExtentManager sendReq - Request : Transaction History
[INFO] 2018-03-21 19:11:35,078 ExtentManager sendReq - Hmaced Request : 171d345ca73c3aebd3fc903dc7f4bc579cddd22f8e3c0dc2cece9bfed194389f*!9894060407APTH;Y;57560065011725370936685646717511860633;001;454545;123457;4.0.5;584327598432758;192838908932948839819594385151175016632
[INFO] 2018-03-21 19:11:37,011 ExtentManager sendReq - Response received from Server : TH00;M2M*21/03/18 09:50*F*20*MOB#NEFT*21/03/18 09:49*F*-*MOB;1;Y;TXNID:808019138503;BID:C454545
[INFO] 2018-03-21 19:11:37,012 ExtentManager sendReq - ******************************END********************************

[INFO] 2018-03-21 19:11:37,015 ExtentManager sendReq - ******************************START******************************
[INFO] 2018-03-21 19:11:37,015 ExtentManager sendReq - Request : Generate MMID
[INFO] 2018-03-21 19:11:37,017 ExtentManager sendReq - Hmaced Request : 4be863c7ab9990af7a8cc0a2fd274c32b29fe03d761054f76bd45ae753872165*!9894060407APIM;Y;57560065011725370936685646717511860633;001;454545;123457;4.0.5;584327598432758;152472098271380911550201418555834917704
[INFO] 2018-03-21 19:11:38,233 ExtentManager sendReq - Response received from Server : IM00;2758*9029950;1;N;21/03/2018 19:12;TXNID:808019138504;BID:C454545
[INFO] 2018-03-21 19:11:38,233 ExtentManager sendReq - ******************************END********************************

[INFO] 2018-03-21 19:11:38,235 ExtentManager sendReq - ******************************START******************************
[INFO] 2018-03-21 19:11:38,235 ExtentManager sendReq - Request : Retrieve MMID
[INFO] 2018-03-21 19:11:38,236 ExtentManager sendReq - Hmaced Request : e4dedcda1b6e9fa980ffffeae3baaf900868453072ce76a72e12580383f0ebe9*!9894060407APS6;Y;57560065011725370936685646717511860633;584327598432758;454545;123457;4.0.5;584327598432758;196088103632060656927586594125202464075
[INFO] 2018-03-21 19:11:39,507 ExtentManager sendReq - Response received from Server : S600;Your MMID allotted for the A/C No. XXXXXXXX2758 is 9029950.You can Send and Receive Money through IMPS option in Mobile Banking.;21/03/2018 19:12;TXNID:808019138505;BID:C454545
[INFO] 2018-03-21 19:11:39,507 ExtentManager sendReq - ******************************END********************************

[INFO] 2018-03-21 19:11:39,509 ExtentManager sendReq - ******************************START******************************
[INFO] 2018-03-21 19:11:39,509 ExtentManager sendReq - Request : Generate MMID
[INFO] 2018-03-21 19:11:39,510 ExtentManager sendReq - Hmaced Request : 975d5158fab39ec1ef0164831f560e2a96b7a9d6e1e0b281ba575fc3c065d183*!9894060407APIM;Y;57560065011725370936685646717511860633;001;454545;123457;4.0.5;584327598432758;164450712184655689640938556782198719627
[INFO] 2018-03-21 19:11:40,952 ExtentManager sendReq - Response received from Server : IM00;2758*9029950;1;N;21/03/2018 19:12;TXNID:808019138506;BID:C454545
[INFO] 2018-03-21 19:11:40,953 ExtentManager sendReq - ******************************END********************************

[INFO] 2018-03-21 19:11:40,953 ExtentManager sendReq - ******************************START******************************
[INFO] 2018-03-21 19:11:40,953 ExtentManager sendReq - Request : Cancel MMID All
[INFO] 2018-03-21 19:11:40,954 ExtentManager sendReq - Hmaced Request : 8257a8a40dc39242f7f63e5263d73ae6c7cf8e6681d43d19c83d2ea107339468*!9894060407APRC;Y;57560065011725370936685646717511860633;ALL;454545;123457;4.0.5;584327598432758;128851844988409764090818022183412269015
[INFO] 2018-03-21 19:11:42,320 ExtentManager sendReq - Response received from Server : RC00;IMPS Cancelled successfully;21/03/2018 19:12;TXNID:808019138507;BID:C454545
[INFO] 2018-03-21 19:11:42,321 ExtentManager sendReq - ******************************END********************************

[INFO] 2018-03-21 19:11:42,324 ExtentManager sendReq - ******************************START******************************
[INFO] 2018-03-21 19:11:42,324 ExtentManager sendReq - Request : Generate MMID
[INFO] 2018-03-21 19:11:42,326 ExtentManager sendReq - Hmaced Request : b2ec50838108612778b1649857b2b1e9e86bc2a54d1329181d55330caa08dc02*!9894060407APIM;Y;57560065011725370936685646717511860633;001;454545;123457;4.0.5;584327598432758;135373897798498592109354778687464938845
[INFO] 2018-03-21 19:11:43,847 ExtentManager sendReq - Response received from Server : IM00;2758*9029613;1;N;21/03/2018 19:12;TXNID:808019138508;BID:C454545
[INFO] 2018-03-21 19:11:43,848 ExtentManager sendReq - ******************************END********************************

[INFO] 2018-03-21 19:11:43,848 ExtentManager sendReq - ******************************START******************************
[INFO] 2018-03-21 19:11:43,848 ExtentManager sendReq - Request : Cancel MMID Single
[INFO] 2018-03-21 19:11:43,853 ExtentManager sendReq - Hmaced Request : f5a367301c8d3de7d7b114a364ba2b9c6e00f3b4fc97b17f3ce9a6fdd9b6a21d*!9894060407APRC;Y;57560065011725370936685646717511860633;584327598432758;454545;123457;4.0.5;584327598432758;159437647971439661196995419854228509025
[INFO] 2018-03-21 19:11:45,231 ExtentManager sendReq - Response received from Server : RC00;Your MMID 9029613 allotted for the A/C No. XXXXXXXX2758 is cancelled.;21/03/2018 19:12;TXNID:808019138509;BID:C454545
[INFO] 2018-03-21 19:11:45,231 ExtentManager sendReq - ******************************END********************************

[INFO] 2018-03-21 19:11:45,235 ExtentManager sendReq - ******************************START******************************
[INFO] 2018-03-21 19:11:45,236 ExtentManager sendReq - Request : Email ID fetch
[INFO] 2018-03-21 19:11:45,237 ExtentManager sendReq - Hmaced Request : 1657e0961f551271fe5cbba8bd2be0efa30956a9ea3cf75c12b228165bd6f64f*!9894060407APZ6;Y;57560065011725370936685646717511860633;454545;123457;4.0.5;584327598432758;95870486882572473555556151541888792941
[INFO] 2018-03-21 19:11:46,671 ExtentManager sendReq - Response received from Server : Z600;abc@fss.com;21/03/2018 19:12;TXNID:808019138510;BID:C454545
[INFO] 2018-03-21 19:11:46,671 ExtentManager sendReq - ******************************END********************************

[INFO] 2018-03-21 19:11:46,674 ExtentManager sendReq - ******************************START******************************
[INFO] 2018-03-21 19:11:46,675 ExtentManager sendReq - Request : Email ID Fetch
[INFO] 2018-03-21 19:11:46,676 ExtentManager sendReq - Hmaced Request : 7976b870664b19a40a99cfbbe30e7636cd6d320a40d71c6929081bb2e74305db*!9894060407APZ3;Y;57560065011725370936685646717511860633;abc@fss.com;454545;123457;4.0.5;584327598432758;43764179954875246085329601629057731146
[INFO] 2018-03-21 19:11:47,898 ExtentManager sendReq - Response received from Server : Z300;Your E-mail ID configured successfully;21/03/2018 19:12;TXNID:808019138511;BID:C454545
[INFO] 2018-03-21 19:11:47,898 ExtentManager sendReq - ******************************END********************************

[INFO] 2018-03-21 19:11:47,900 ExtentManager sendReq - ******************************START******************************
[INFO] 2018-03-21 19:11:47,900 ExtentManager sendReq - Request : Cheque status
[INFO] 2018-03-21 19:11:47,901 ExtentManager sendReq - Hmaced Request : 55de9f222e811d245fb808b504750d17326896130f3c457a94b157e60e5c193c*!9894060407APLW;Y;57560065011725370936685646717511860633;123456;454545;123457;4.0.5;584327598432758;159071760743462359118493778164704991044
[INFO] 2018-03-21 19:11:50,587 ExtentManager sendReq - Response received from Server : LW00;Your cheque (123456) has been paid;21/03/2018 19:12;TXNID:808019138512;BID:C454545
[INFO] 2018-03-21 19:11:50,587 ExtentManager sendReq - ******************************END********************************

[INFO] 2018-03-21 19:11:50,590 ExtentManager sendReq - ******************************START******************************
[INFO] 2018-03-21 19:11:50,591 ExtentManager sendReq - Request : Account Fetch
[INFO] 2018-03-21 19:11:50,592 ExtentManager sendReq - Hmaced Request : 9a710b3ab2b9002a3c261181db2560dc7a7fe3e92740111c54838a2eb629b183*!9894060407APSY;0001;454545;123457;4.0.5;60535554593996163813105225556912990878
[INFO] 2018-03-21 19:11:50,855 ExtentManager sendReq - Response received from Server : null
[INFO] 2018-03-21 19:11:50,856 ExtentManager sendReq - ******************************END********************************

[INFO] 2018-03-21 19:11:50,860 ExtentManager sendReq - ******************************START******************************
[INFO] 2018-03-21 19:11:50,861 ExtentManager sendReq - Request : Stop Cheque
[INFO] 2018-03-21 19:11:50,862 ExtentManager sendReq - Hmaced Request : 5b03a4f1169b670deab1018b0e6fcedbbb9ec27f83f6c69175f5bb174350a5af*!9894060407APL4;Y;57560065011725370936685646717511860633;123456;454545;123457;4.0.5;584327598432758;137559116569337480877373305038573804012
[INFO] 2018-03-21 19:11:53,647 ExtentManager sendReq - Response received from Server : L400;Stop Payment request issued for Cheque no. 123456 (a/c no. XXXXXXXX2758) has been executed successfully.;21/03/2018 19:12;TXNID:808019138513;BID:C454545
[INFO] 2018-03-21 19:11:53,647 ExtentManager sendReq - ******************************END********************************

[INFO] 2018-03-21 19:11:53,649 ExtentManager sendReq - ******************************START******************************
[INFO] 2018-03-21 19:11:53,649 ExtentManager sendReq - Request : Change Login Password
[INFO] 2018-03-21 19:11:53,650 ExtentManager sendReq - Hmaced Request : 23660d8439434f5c1010d987e117f514adb807f6152acd7dee8f779b6bfca9f0*!9894060407APP5;;454545;123457;4.0.5;195692701544546605145509331364786810678
[INFO] 2018-03-21 19:11:53,660 ExtentManager sendReq - Response received from Server : null
[INFO] 2018-03-21 19:11:53,661 ExtentManager sendReq - ******************************END********************************

[INFO] 2018-03-21 19:12:12,043 ExtentManager setUp - Running Mobile banking API Automation testing on mPAY 4.0

[INFO] 2018-03-21 19:12:12,190 ExtentManager sendReq - ******************************START******************************
[INFO] 2018-03-21 19:12:12,191 ExtentManager sendReq - Request : App Login
[INFO] 2018-03-21 19:12:12,857 ExtentManager sendReq - Hmaced Request : 0efad21c89765d3355da54196cc43351119b35aaca7195ee1e36395b5715fb7a*!9894060407APSY;0001;454545;123457;4.0.5;0;190759889355736882535419761016897537232
[INFO] 2018-03-21 19:12:13,851 ExtentManager sendReq - Response received from Server : SY00;N;DAVOS SEAWORTH;1;1;584327598432758*  ;N;TXNID:808019138514;BID:C454545
[INFO] 2018-03-21 19:12:13,858 ExtentManager sendReq - ******************************END********************************

[INFO] 2018-03-21 19:12:13,871 ExtentManager sendReq - ******************************START******************************
[INFO] 2018-03-21 19:12:13,872 ExtentManager sendReq - Request : Balance Enquiry
[INFO] 2018-03-21 19:12:13,874 ExtentManager sendReq - Hmaced Request : 6f29523ea5282a7a065c802f3e90897598dca7a142677fb175aa76dfb92fa944*!9894060407APBE;Y;57560065011725370936685646717511860633;454545;123457;4.0.5;584327598432758;5620017612993982237863447829438065186
[INFO] 2018-03-21 19:12:16,065 ExtentManager sendReq - Response received from Server : BE00;0.20;0.20; ;21/03/2018 19:13;TXNID:808019138515;BID:C454545
[INFO] 2018-03-21 19:12:16,065 ExtentManager sendReq - ******************************END********************************

[INFO] 2018-03-21 19:12:16,071 ExtentManager sendReq - ******************************START******************************
[INFO] 2018-03-21 19:12:16,071 ExtentManager sendReq - Request : Mini statement
[INFO] 2018-03-21 19:12:16,073 ExtentManager sendReq - Hmaced Request : dbf385302f31af9ab45c8f13e7951e6a199975592c94528715ede3f8d30ab321*!9894060407APMS;Y;57560065011725370936685646717511860633;454545;123457;4.0.5;584327598432758;159469465175107717603064282628963727036
[INFO] 2018-03-21 19:12:17,960 ExtentManager sendReq - Response received from Server : MS00;06/10/17 UPI/727901 2.00 D#06/10/17 UPI/727901 10.00 C#06/10/17 UPI/727901 10.00 C#06/10/17 UPI/727901 10.00 D#05/10/17 IMPS/72781 1.00 D#05/10/17 TO/3125010 1.00 D#05/10/17 ATMD C OTBANKINGSRVR#1.0005/10/17 - D IMPS/72781;0.25;TXNID:808019138516;BID:C454545
[INFO] 2018-03-21 19:12:17,960 ExtentManager sendReq - ******************************END********************************

[INFO] 2018-03-21 19:12:17,964 ExtentManager sendReq - ******************************START******************************
[INFO] 2018-03-21 19:12:17,964 ExtentManager sendReq - Request : Transaction History
[INFO] 2018-03-21 19:12:17,966 ExtentManager sendReq - Hmaced Request : f428fcc1dc1fbd53fd9b5dfd2c021482568eef2782258700572d08b03c2980f9*!9894060407APTH;Y;57560065011725370936685646717511860633;001;454545;123457;4.0.5;584327598432758;35501136143339279325214569845400403382
[INFO] 2018-03-21 19:12:20,581 ExtentManager sendReq - Response received from Server : TH00;M2M*21/03/18 09:50*F*20*MOB#NEFT*21/03/18 09:49*F*-*MOB;1;Y;TXNID:808019138517;BID:C454545
[INFO] 2018-03-21 19:12:20,582 ExtentManager sendReq - ******************************END********************************

[INFO] 2018-03-21 19:12:20,584 ExtentManager sendReq - ******************************START******************************
[INFO] 2018-03-21 19:12:20,584 ExtentManager sendReq - Request : Generate MMID
[INFO] 2018-03-21 19:12:20,585 ExtentManager sendReq - Hmaced Request : 3b3dde0840e2bc02eed800512868cf1dbef9b5bc6d01fb59ea06a515440832e0*!9894060407APIM;Y;57560065011725370936685646717511860633;001;454545;123457;4.0.5;584327598432758;177282328388701950091002741623302104856
[INFO] 2018-03-21 19:12:22,038 ExtentManager sendReq - Response received from Server : IM00;2758*9029714;1;N;21/03/2018 19:13;TXNID:808019138518;BID:C454545
[INFO] 2018-03-21 19:12:22,039 ExtentManager sendReq - ******************************END********************************

[INFO] 2018-03-21 19:12:22,042 ExtentManager sendReq - ******************************START******************************
[INFO] 2018-03-21 19:12:22,043 ExtentManager sendReq - Request : Retrieve MMID
[INFO] 2018-03-21 19:12:22,044 ExtentManager sendReq - Hmaced Request : 28f8182cad6a490a4367516436a0c5a48fea512320f3c7306a96e1e3e57ffb2c*!9894060407APS6;Y;57560065011725370936685646717511860633;584327598432758;454545;123457;4.0.5;584327598432758;117317793989803688968223986993812994612
[INFO] 2018-03-21 19:12:23,006 ExtentManager sendReq - Response received from Server : S600;Your MMID allotted for the A/C No. XXXXXXXX2758 is 9029714.You can Send and Receive Money through IMPS option in Mobile Banking.;21/03/2018 19:13;TXNID:808019138519;BID:C454545
[INFO] 2018-03-21 19:12:23,007 ExtentManager sendReq - ******************************END********************************

[INFO] 2018-03-21 19:12:23,009 ExtentManager sendReq - ******************************START******************************
[INFO] 2018-03-21 19:12:23,009 ExtentManager sendReq - Request : Generate MMID
[INFO] 2018-03-21 19:12:23,010 ExtentManager sendReq - Hmaced Request : 6563d8821efb19490f2b9415536a38d0d7f56827af1d32fa745c0dbb297906a8*!9894060407APIM;Y;57560065011725370936685646717511860633;001;454545;123457;4.0.5;584327598432758;130261902890431637188564791355025586926
[INFO] 2018-03-21 19:12:24,076 ExtentManager sendReq - Response received from Server : IM00;2758*9029714;1;N;21/03/2018 19:13;TXNID:808019138520;BID:C454545
[INFO] 2018-03-21 19:12:24,076 ExtentManager sendReq - ******************************END********************************

[INFO] 2018-03-21 19:12:24,076 ExtentManager sendReq - ******************************START******************************
[INFO] 2018-03-21 19:12:24,077 ExtentManager sendReq - Request : Cancel MMID All
[INFO] 2018-03-21 19:12:24,078 ExtentManager sendReq - Hmaced Request : c4b2cb2e0e85f7ad4abf13ac180db3dbc79cc29958fe0fdafa1b2bbce87bf190*!9894060407APRC;Y;57560065011725370936685646717511860633;ALL;454545;123457;4.0.5;584327598432758;92929160287637220756974346326484601492
[INFO] 2018-03-21 19:12:25,701 ExtentManager sendReq - Response received from Server : RC00;IMPS Cancelled successfully;21/03/2018 19:13;TXNID:808019138521;BID:C454545
[INFO] 2018-03-21 19:12:25,701 ExtentManager sendReq - ******************************END********************************

[INFO] 2018-03-21 19:12:25,707 ExtentManager sendReq - ******************************START******************************
[INFO] 2018-03-21 19:12:25,708 ExtentManager sendReq - Request : Generate MMID
[INFO] 2018-03-21 19:12:25,711 ExtentManager sendReq - Hmaced Request : 6f8ca47cbc84dfb8f83e91ade23311433e04bedbbfe1a87ed07bead65fb2585a*!9894060407APIM;Y;57560065011725370936685646717511860633;001;454545;123457;4.0.5;584327598432758;91841371667391302608586486793721740461
[INFO] 2018-03-21 19:12:27,708 ExtentManager sendReq - Response received from Server : IM00;2758*9029399;1;N;21/03/2018 19:13;TXNID:808019138522;BID:C454545
[INFO] 2018-03-21 19:12:27,708 ExtentManager sendReq - ******************************END********************************

[INFO] 2018-03-21 19:12:27,709 ExtentManager sendReq - ******************************START******************************
[INFO] 2018-03-21 19:12:27,709 ExtentManager sendReq - Request : Cancel MMID Single
[INFO] 2018-03-21 19:12:27,710 ExtentManager sendReq - Hmaced Request : 62c42f29e327f5db7603ff62556d820a88f3bd4f40ec72de8c7c1c3db17e4a94*!9894060407APRC;Y;57560065011725370936685646717511860633;584327598432758;454545;123457;4.0.5;584327598432758;93510985928616072213791644417018931485
[INFO] 2018-03-21 19:12:31,106 ExtentManager sendReq - Response received from Server : RC00;Your MMID 9029399 allotted for the A/C No. XXXXXXXX2758 is cancelled.;21/03/2018 19:13;TXNID:808019138523;BID:C454545
[INFO] 2018-03-21 19:12:31,107 ExtentManager sendReq - ******************************END********************************

[INFO] 2018-03-21 19:12:31,109 ExtentManager sendReq - ******************************START******************************
[INFO] 2018-03-21 19:12:31,109 ExtentManager sendReq - Request : Email ID fetch
[INFO] 2018-03-21 19:12:31,110 ExtentManager sendReq - Hmaced Request : c0bd5e5f6582311614e233a96e7778cf7fabb37d4563c02e7b1627766b6c9329*!9894060407APZ6;Y;57560065011725370936685646717511860633;454545;123457;4.0.5;584327598432758;146929448395071762514582307407810073091
[INFO] 2018-03-21 19:12:32,204 ExtentManager sendReq - Response received from Server : Z600;abc@fss.com;21/03/2018 19:13;TXNID:808019138524;BID:C454545
[INFO] 2018-03-21 19:12:32,205 ExtentManager sendReq - ******************************END********************************

[INFO] 2018-03-21 19:12:32,208 ExtentManager sendReq - ******************************START******************************
[INFO] 2018-03-21 19:12:32,208 ExtentManager sendReq - Request : Email ID Fetch
[INFO] 2018-03-21 19:12:32,209 ExtentManager sendReq - Hmaced Request : 01a06bceeb0ac1b40cafa4fee5cf957484b2f6ba4df5aceb18a88472ccd7aa09*!9894060407APZ3;Y;57560065011725370936685646717511860633;abc@fss.com;454545;123457;4.0.5;584327598432758;76731757585630902753186701303854429085
[INFO] 2018-03-21 19:12:33,182 ExtentManager sendReq - Response received from Server : Z300;Your E-mail ID configured successfully;21/03/2018 19:13;TXNID:808019138525;BID:C454545
[INFO] 2018-03-21 19:12:33,183 ExtentManager sendReq - ******************************END********************************

[INFO] 2018-03-21 19:12:33,185 ExtentManager sendReq - ******************************START******************************
[INFO] 2018-03-21 19:12:33,186 ExtentManager sendReq - Request : Cheque status
[INFO] 2018-03-21 19:12:33,187 ExtentManager sendReq - Hmaced Request : 2924156a73f21dd6e8f545029a69d29ba29e633771161c94739db6568f3fadc5*!9894060407APLW;Y;57560065011725370936685646717511860633;123456;454545;123457;4.0.5;584327598432758;197621589827970094353210500134920003636
[INFO] 2018-03-21 19:12:35,636 ExtentManager sendReq - Response received from Server : LW00;Your cheque (123456) has been paid;21/03/2018 19:13;TXNID:808019138526;BID:C454545
[INFO] 2018-03-21 19:12:35,637 ExtentManager sendReq - ******************************END********************************

[INFO] 2018-03-21 19:12:35,639 ExtentManager sendReq - ******************************START******************************
[INFO] 2018-03-21 19:12:35,640 ExtentManager sendReq - Request : Account Fetch
[INFO] 2018-03-21 19:12:35,640 ExtentManager sendReq - Hmaced Request : 5588d1bfce9fc7b674cc5144a8ee513c9d80d4a49a51534f0f898c11aa55034c*!9894060407APSY;0001;454545;123457;4.0.5;31900460443302238993713014278961398468
[INFO] 2018-03-21 19:12:35,651 ExtentManager sendReq - Response received from Server : null
[INFO] 2018-03-21 19:12:35,651 ExtentManager sendReq - ******************************END********************************

[INFO] 2018-03-21 19:12:35,654 ExtentManager sendReq - ******************************START******************************
[INFO] 2018-03-21 19:12:35,654 ExtentManager sendReq - Request : Stop Cheque
[INFO] 2018-03-21 19:12:35,655 ExtentManager sendReq - Hmaced Request : d4d553f1d31aa4157f6840e43358760b932f8841164a7206d8f37c92a50ddaae*!9894060407APL4;Y;57560065011725370936685646717511860633;123456;454545;123457;4.0.5;584327598432758;135205095092021482606312443254509564865
[INFO] 2018-03-21 19:12:37,756 ExtentManager sendReq - Response received from Server : L400;Stop Payment request issued for Cheque no. 123456 (a/c no. XXXXXXXX2758) has been executed successfully.;21/03/2018 19:13;TXNID:808019138527;BID:C454545
[INFO] 2018-03-21 19:12:37,757 ExtentManager sendReq - ******************************END********************************

[INFO] 2018-03-21 19:12:37,759 ExtentManager sendReq - ******************************START******************************
[INFO] 2018-03-21 19:12:37,760 ExtentManager sendReq - Request : Change Login Password
[INFO] 2018-03-21 19:12:37,761 ExtentManager sendReq - Hmaced Request : a6940ea2aad2311d012be92cf0bcac362f42d2d75656fe3b385e16f9704fcc82*!9894060407APP5;;454545;123457;4.0.5;66078131376608931102405001844162166386
[INFO] 2018-03-21 19:12:37,773 ExtentManager sendReq - Response received from Server : null
[INFO] 2018-03-21 19:12:37,774 ExtentManager sendReq - ******************************END********************************

[INFO] 2018-03-21 19:18:26,111 ExtentManager sendReq - ******************************START******************************
[INFO] 2018-03-21 19:18:26,113 ExtentManager sendReq - Request : App Login
[INFO] 2018-03-21 19:18:26,817 ExtentManager sendReq - Hmaced Request : 02163f32ab7a131d1abd41343ee9fdddf345928d504a4bc5cc25f831b7f15dfe*!9894060407APGC;BVD;4.0.9#ANDROID7.1.1#H1920W1080#LENOVO Lenovo K8 Plus#10.175.117.48#12.8354858,80.2235916;454545;123457;4.0.5;0;9894060407150613203148610235182592241140219297446
[INFO] 2018-03-21 19:18:27,119 ExtentManager sendReq - Response received from Server : null
[INFO] 2018-03-21 19:18:27,120 ExtentManager sendReq - ******************************END********************************

[INFO] 2018-03-21 19:19:13,659 ExtentManager sendReq - ******************************START******************************
[INFO] 2018-03-21 19:19:13,661 ExtentManager sendReq - Request : App Login
[INFO] 2018-03-21 19:19:14,343 ExtentManager sendReq - Hmaced Request : 4e8a64d34c4445b4a3c56da925e712a14d846ff1325a83b6661ffd1ff577ce78*!9894060407APGC;BVD;4.0.9#ANDROID7.1.1#H1920W1080#LENOVO Lenovo K8 Plus#10.175.117.48#12.8354858,80.2235916;454545;123457;4.0.5;0;9894060407;85789732733250258932141517193623474834
[INFO] 2018-03-21 19:19:14,400 ExtentManager sendReq - Response received from Server : null
[INFO] 2018-03-21 19:19:14,400 ExtentManager sendReq - ******************************END********************************

[INFO] 2018-03-21 19:21:20,867 ExtentManager sendReq - ******************************START******************************
[INFO] 2018-03-21 19:21:20,869 ExtentManager sendReq - Request : App Login
[INFO] 2018-03-21 19:21:21,550 ExtentManager sendReq - Hmaced Request : ac231f14118fde2879836cc5367cbcff02abe8ad399400219faa32a6133672af*!9894060407APGC;BVD;%3A4.0.9%23ANDROID7.1.1%23H1920W1080%23LENOVO+Lenovo+K8+Plus%2310.175.117.48%2312.8354858%2C80.2235916%3B;454545;123457;4.0.5;0;9894060407;164593659853445969825606388314195761147
[INFO] 2018-03-21 19:21:21,601 ExtentManager sendReq - Response received from Server : null
[INFO] 2018-03-21 19:21:21,602 ExtentManager sendReq - ******************************END********************************

[INFO] 2018-03-21 19:22:46,408 ExtentManager sendReq - ******************************START******************************
[INFO] 2018-03-21 19:22:46,410 ExtentManager sendReq - Request : App Login
[INFO] 2018-03-21 19:22:47,076 ExtentManager sendReq - Hmaced Request : fb65ce4fb2c1e606fa043d617caae7720ac03c8634c5e1747ff570280325bad1*!9894060407APGC;BVD;4.0.9%23ANDROID7.1.1%23H1920W1080%23LENOVO+Lenovo+K8+Plus%2310.175.117.48%2312.8354858%2C80.2235916%3B454545;123457;4.0.5;0;9894060407;40393011868240537861555113966864972140
[INFO] 2018-03-21 19:22:47,127 ExtentManager sendReq - Response received from Server : null
[INFO] 2018-03-21 19:22:47,127 ExtentManager sendReq - ******************************END********************************

[INFO] 2018-03-21 19:25:29,411 ExtentManager sendReq - ******************************START******************************
[INFO] 2018-03-21 19:25:29,413 ExtentManager sendReq - Request : App Login
[INFO] 2018-03-21 19:25:30,111 ExtentManager sendReq - Hmaced Request : b8dbeaca97e20204dd1b7f5c3ba644960bd4849d46c05ec748004015a7c38eb9*!9894060407APGC;BVD:4.0.9%23ANDROID7.1.1%23H1920W1080%23LENOVO+Lenovo+K8+Plus%2310.175.117.48%2312.8354858%2C80.2235916%3B454545;123457;4.0.5;0;9894060407;195095996050726114676842477388287804629
[INFO] 2018-03-21 19:25:30,151 ExtentManager sendReq - Response received from Server : null
[INFO] 2018-03-21 19:25:30,151 ExtentManager sendReq - ******************************END********************************

[INFO] 2018-03-21 19:27:37,744 ExtentManager sendReq - ******************************START******************************
[INFO] 2018-03-21 19:27:37,746 ExtentManager sendReq - Request : App Login
[INFO] 2018-03-21 19:27:38,444 ExtentManager sendReq - Hmaced Request : 0ad99fa21c92d1ba26a75a22e2370d487ee95975dfc8611b3d166a57fcbbcd94*!9894060407APGC;BVD:4.0.9%23ANDROID7.1.1%23H1920W1080%23LENOVO+Lenovo+K8+Plus%2310.175.117.48%2312.8354858%2C80.2235916%3B454545;123457;4.0.5;0;127682881966160670107098926747440390206
[ERROR] 2018-03-21 19:27:38,520 HttpConnect Post - java.io.IOException: Server returned HTTP response code: 401 for URL: http://mobileprd.fssnet.co.in:80/vijayampayportal/servlet/MQSender?request=0ad99fa21c92d1ba26a75a22e2370d487ee95975dfc8611b3d166a57fcbbcd94*!9894060407APGC;BVD:4.0.9%23ANDROID7.1.1%23H1920W1080%23LENOVO+Lenovo+K8+Plus%2310.175.117.48%2312.8354858%2C80.2235916%3B454545;123457;4.0.5;0;127682881966160670107098926747440390206
[INFO] 2018-03-21 19:27:38,520 ExtentManager sendReq - Response received from Server : null
[INFO] 2018-03-21 19:27:38,520 ExtentManager sendReq - ******************************END********************************

[INFO] 2018-03-21 19:29:56,727 ExtentManager sendReq - ******************************START******************************
[INFO] 2018-03-21 19:29:56,729 ExtentManager sendReq - Request : App Login
[INFO] 2018-03-21 19:29:57,420 ExtentManager sendReq - Hmaced Request : 04aca72a6ce0acd9cf97f8de939427ce9dc00e123371414bc3216fd306fa5f7f*!9894060407APGC;BVD:4.0.9%23ANDROID7.1.1%23H1920W1080%23LENOVO+Lenovo+K8+Plus%2310.175.117.48%2312.8354858%2C80.2235916%3B454545;123457;4.0.5;0;80361597472411565940871565772777635557
[ERROR] 2018-03-21 19:29:57,474 HttpConnect Post - java.io.IOException: Server returned HTTP response code: 401 for URL: http://mobileprd.fssnet.co.in:80/vijayampayportal/servlet/MQSender?request=04aca72a6ce0acd9cf97f8de939427ce9dc00e123371414bc3216fd306fa5f7f*!9894060407APGC;BVD:4.0.9%23ANDROID7.1.1%23H1920W1080%23LENOVO+Lenovo+K8+Plus%2310.175.117.48%2312.8354858%2C80.2235916%3B454545;123457;4.0.5;0;80361597472411565940871565772777635557
[INFO] 2018-03-21 19:29:57,474 ExtentManager sendReq - Response received from Server : null
[INFO] 2018-03-21 19:29:57,474 ExtentManager sendReq - ******************************END********************************

[INFO] 2018-03-21 19:40:21,656 ExtentManager sendReqAppLogin - ******************************START******************************
[INFO] 2018-03-21 19:40:21,659 ExtentManager sendReqAppLogin - Request : App Login
[INFO] 2018-03-21 19:40:22,343 ExtentManager sendReqAppLogin - Hmaced Request : 448d9c46f6b05b2bb963ab019491530f47ac2a7abf72a1aba927e2ed7f352316*!9894060407APGC;BVD:4.0.9#ANDROID7.1.1#H1920W1080#LENOVO Lenovo K8 Plus#10.175.117.48#12.8354858,80.2235916;454545;123457;4.0.5;0;98882783078628827268092428210082065755
[INFO] 2018-03-21 19:40:22,396 ExtentManager sendReqAppLogin - Response received from Server : null
[INFO] 2018-03-21 19:40:52,365 ExtentManager sendReqAppLogin - ******************************START******************************
[INFO] 2018-03-21 19:40:52,367 ExtentManager sendReqAppLogin - Request : App Login
[INFO] 2018-03-21 19:40:53,049 ExtentManager sendReqAppLogin - Hmaced Request : 7975d8a40bad2e5dd7edede8e6153faf0eca77bcf54b6da7344dea821083b071*!9894060407APGC;BVD:4.0.9#ANDROID7.1.1#H1920W1080#LENOVO Lenovo K8 Plus#10.175.117.48#12.8354858,80.2235916;454545;123457;4.0.5;0;167416104560827609501744486774114621402
[INFO] 2018-03-21 19:40:53,089 ExtentManager sendReqAppLogin - Response received from Server : null
[INFO] 2018-03-21 19:41:37,288 ExtentManager sendReqAppLogin - ******************************START******************************
[INFO] 2018-03-21 19:41:37,290 ExtentManager sendReqAppLogin - Request : App Login
[INFO] 2018-03-21 19:41:37,974 ExtentManager sendReqAppLogin - Hmaced Request : a70bca0ff5f4df95f7128731d1c0558e3c837b67d14efa07dad3731c1aa15147*!9894060407APGC;BVD:4.0.9%23ANDROID7.1.1%23H1920W1080%23LENOVO+Lenovo+K8+Plus%2310.175.117.48%2312.8354858%2C80.2235916%3B454545;123457;4.0.5;0;172883001273193605529833427653700965640
[INFO] 2018-03-21 19:41:39,379 ExtentManager sendReqAppLogin - Response received from Server : GC00;N; ; ;N; ; ;Y;ffffe0000000f000;003fffffffffffff;ffffffffffffffff;N;N;N;0606;http://mobileprd.fssnet.co.in:80/mpayweb/streamingURL.htm?bankid=454545&file=Android.png;BID:C454545
[INFO] 2018-03-21 19:41:39,380 ExtentManager sendReqAppLogin - ******************************END********************************

[INFO] 2018-03-21 19:44:23,272 ExtentManager sendReq - ******************************START******************************
[INFO] 2018-03-21 19:44:23,274 ExtentManager sendReq - Request : Change Login Password
[INFO] 2018-03-21 19:44:23,961 ExtentManager sendReq - Hmaced Request : 3a606d8877af07853cd44b35d230778213df9a9d12ac58fd4315ea83529f015f*!9894060407APP5;8609547570776098518502128580812621291;454545;123457;4.0.5;182058368413177886340199749077473758504
[INFO] 2018-03-21 19:44:24,012 ExtentManager sendReq - Response received from Server : null
[INFO] 2018-03-21 19:47:08,512 ExtentManager sendReq - ******************************START******************************
[INFO] 2018-03-21 19:47:08,514 ExtentManager sendReq - Request : Change Login Password
[INFO] 2018-03-21 19:47:09,205 ExtentManager sendReq - Hmaced Request : 0a93ff14d7a55a636a507a73f059ebc45d890429d5c19f247d39dbda186464dc*!9894060407APP5;8609547570776098518502128580812621291;454545;123457;4.0.5;28053644121896076657093662288569901769
[INFO] 2018-03-21 19:47:09,255 ExtentManager sendReq - Response received from Server : null
[INFO] 2018-03-21 19:49:49,623 ExtentManager sendReq - ******************************START******************************
[INFO] 2018-03-21 19:49:49,625 ExtentManager sendReq - Request : Change Login Password
[INFO] 2018-03-21 19:49:50,299 ExtentManager sendReq - Hmaced Request : 92d628c45f3bf61c970902878c0e8afeadf6e5bc411a9a2fa04cf7a2e454f9cb*!9894060407APP5;8609547570776098518502128580812621291;454545;123457;4.0.5;0;22201187633317729984787477092323160512
[INFO] 2018-03-21 19:49:51,197 ExtentManager sendReq - Response received from Server : P500;Login password has been changed successfully;1234;21/03/2018 19:50;TXNID:808019138534;BID:C454545
[INFO] 2018-03-21 19:49:51,198 ExtentManager sendReq - Transaction ID : 808019138534
[INFO] 2018-03-21 19:49:51,198 ExtentManager sendReq - ******************************END********************************

[INFO] 2018-03-21 19:50:35,696 ExtentManager sendReq - ******************************START******************************
[INFO] 2018-03-21 19:50:35,699 ExtentManager sendReq - Request : Change Login Password
[INFO] 2018-03-21 19:50:36,385 ExtentManager sendReq - Hmaced Request : 2ab442dbecf51d0bedd312d86502829a5cc1badb5e18937fd10677c090f5d175*!9894060407APP5;8609547570776098518502128580812621291;454545;123457;4.0.5;0;127877907448873568641260964036169712392
[INFO] 2018-03-21 19:50:37,384 ExtentManager sendReq - Response received from Server : P500;Login password has been changed successfully;1234;21/03/2018 19:51;TXNID:808019138535;BID:C454545
[INFO] 2018-03-21 19:50:37,384 ExtentManager sendReq - Transaction ID : 808019138535
[INFO] 2018-03-21 19:50:37,385 ExtentManager sendReq - ******************************END********************************

[INFO] 2018-03-21 19:50:56,587 ExtentManager setUp - Running Mobile banking API Automation testing on mPAY 4.0

[INFO] 2018-03-21 19:50:56,731 ExtentManager sendReqAppLogin - ******************************START******************************
[INFO] 2018-03-21 19:50:56,731 ExtentManager sendReqAppLogin - Request : App Login
[INFO] 2018-03-21 19:50:57,427 ExtentManager sendReqAppLogin - Hmaced Request : 8c497f8e8043aa70c9bb61bd9a4421b7bd10b49a04fa94952b6941b84e916f69*!9894060407APGC;BVD:4.0.9%23ANDROID7.1.1%23H1920W1080%23LENOVO+Lenovo+K8+Plus%2310.175.117.48%2312.8354858%2C80.2235916%3B454545;123457;4.0.5;0;105706240523004987169176473810780045549
[INFO] 2018-03-21 19:50:58,942 ExtentManager sendReqAppLogin - Response received from Server : GC00;N; ; ;N; ; ;Y;ffffe0000000f000;003fffffffffffff;ffffffffffffffff;N;N;N;0606;http://mobileprd.fssnet.co.in:80/mpayweb/streamingURL.htm?bankid=454545&file=Android.png;BID:C454545
[INFO] 2018-03-21 19:50:58,944 ExtentManager sendReqAppLogin - ******************************END********************************

[INFO] 2018-03-21 19:50:58,965 ExtentManager sendReq - ******************************START******************************
[INFO] 2018-03-21 19:50:58,966 ExtentManager sendReq - Request : Balance Enquiry
[INFO] 2018-03-21 19:50:58,969 ExtentManager sendReq - Hmaced Request : 78a601cce589096ad0e9210a1abc9d6f4968b06c973e7a5d48c2c8c6d4861837*!9894060407APBE;Y;57560065011725370936685646717511860633;454545;123457;4.0.5;584327598432758;5273655487022099725672436481875632720
[INFO] 2018-03-21 19:51:02,915 ExtentManager sendReq - Response received from Server : BE00;0.20;0.20; ;21/03/2018 19:52;TXNID:808019138537;BID:C454545
[INFO] 2018-03-21 19:51:02,917 ExtentManager sendReq - Transaction ID : 808019138537
[INFO] 2018-03-21 19:51:02,918 ExtentManager sendReq - ******************************END********************************

[INFO] 2018-03-21 19:51:02,925 ExtentManager sendReq - ******************************START******************************
[INFO] 2018-03-21 19:51:02,926 ExtentManager sendReq - Request : Mini statement
[INFO] 2018-03-21 19:51:02,929 ExtentManager sendReq - Hmaced Request : 3b478f2c433ae26cea14d4a8cc2caca0159df22d85760d73464bda01f0ae8663*!9894060407APMS;Y;57560065011725370936685646717511860633;454545;123457;4.0.5;584327598432758;151809726612567328704984536095849541045
[INFO] 2018-03-21 19:51:05,612 ExtentManager sendReq - Response received from Server : MS00;06/10/17 UPI/727901 2.00 D#06/10/17 UPI/727901 10.00 C#06/10/17 UPI/727901 10.00 C#06/10/17 UPI/727901 10.00 D#05/10/17 IMPS/72781 1.00 D#05/10/17 TO/3125010 1.00 D#05/10/17 ATMD C OTBANKINGSRVR#1.0005/10/17 - D IMPS/72781;0.25;TXNID:808019138538;BID:C454545
[INFO] 2018-03-21 19:51:05,613 ExtentManager sendReq - Transaction ID : 808019138538
[INFO] 2018-03-21 19:51:05,613 ExtentManager sendReq - ******************************END********************************

[INFO] 2018-03-21 19:51:05,620 ExtentManager sendReq - ******************************START******************************
[INFO] 2018-03-21 19:51:05,621 ExtentManager sendReq - Request : Transaction History
[INFO] 2018-03-21 19:51:05,624 ExtentManager sendReq - Hmaced Request : 620c47a6acd87fc8c1a58df9e1aed36fa3f4b858c4f5bc7b433b03ee9107a90c*!9894060407APTH;Y;57560065011725370936685646717511860633;001;454545;123457;4.0.5;584327598432758;112200052586018839743284669332587139488
[INFO] 2018-03-21 19:51:07,501 ExtentManager sendReq - Response received from Server : TH00;M2M*21/03/18 09:50*F*20*MOB#NEFT*21/03/18 09:49*F*-*MOB;1;Y;TXNID:808019138539;BID:C454545
[INFO] 2018-03-21 19:51:07,502 ExtentManager sendReq - Transaction ID : 808019138539
[INFO] 2018-03-21 19:51:07,503 ExtentManager sendReq - ******************************END********************************

[INFO] 2018-03-21 19:51:07,507 ExtentManager sendReq - ******************************START******************************
[INFO] 2018-03-21 19:51:07,508 ExtentManager sendReq - Request : Generate MMID
[INFO] 2018-03-21 19:51:07,510 ExtentManager sendReq - Hmaced Request : 0d1733f08dd68977dc64ff6799c3250182c289627806b47519db14873013c048*!9894060407APIM;Y;57560065011725370936685646717511860633;001;454545;123457;4.0.5;584327598432758;189619601238275399733973439599560175593
[INFO] 2018-03-21 19:51:08,766 ExtentManager sendReq - Response received from Server : IM00;2758*9029935;1;N;21/03/2018 19:52;TXNID:808019138540;BID:C454545
[INFO] 2018-03-21 19:51:08,766 ExtentManager sendReq - Transaction ID : 808019138540
[INFO] 2018-03-21 19:51:08,767 ExtentManager sendReq - ******************************END********************************

[INFO] 2018-03-21 19:51:08,770 ExtentManager sendReq - ******************************START******************************
[INFO] 2018-03-21 19:51:08,770 ExtentManager sendReq - Request : Retrieve MMID
[INFO] 2018-03-21 19:51:08,771 ExtentManager sendReq - Hmaced Request : d10b0f9dae18a5ff6432b105927fda33eea1fa732e30482abff83e7b19727d87*!9894060407APS6;Y;57560065011725370936685646717511860633;584327598432758;454545;123457;4.0.5;584327598432758;24373930696439792615723424248187795891
[INFO] 2018-03-21 19:51:10,048 ExtentManager sendReq - Response received from Server : S600;Your MMID allotted for the A/C No. XXXXXXXX2758 is 9029935.You can Send and Receive Money through IMPS option in Mobile Banking.;21/03/2018 19:52;TXNID:808019138541;BID:C454545
[INFO] 2018-03-21 19:51:10,049 ExtentManager sendReq - Transaction ID : 808019138541
[INFO] 2018-03-21 19:51:10,049 ExtentManager sendReq - ******************************END********************************

[INFO] 2018-03-21 19:51:10,052 ExtentManager sendReq - ******************************START******************************
[INFO] 2018-03-21 19:51:10,052 ExtentManager sendReq - Request : Generate MMID
[INFO] 2018-03-21 19:51:10,053 ExtentManager sendReq - Hmaced Request : 26e9145a0868cd5fe21609f24ddb5468fb1e7cecb20fa1db31630a528e63ae87*!9894060407APIM;Y;57560065011725370936685646717511860633;001;454545;123457;4.0.5;584327598432758;72064569639279255803984459058299139022
[INFO] 2018-03-21 19:51:11,206 ExtentManager sendReq - Response received from Server : IM00;2758*9029935;1;N;21/03/2018 19:52;TXNID:808019138542;BID:C454545
[INFO] 2018-03-21 19:51:11,206 ExtentManager sendReq - Transaction ID : 808019138542
[INFO] 2018-03-21 19:51:11,207 ExtentManager sendReq - ******************************END********************************

[INFO] 2018-03-21 19:51:11,207 ExtentManager sendReq - ******************************START******************************
[INFO] 2018-03-21 19:51:11,207 ExtentManager sendReq - Request : Cancel MMID All
[INFO] 2018-03-21 19:51:11,208 ExtentManager sendReq - Hmaced Request : e41333a223d588540b16f0650e5481bd8e04c65058cb17960fd0c5609b2f58c1*!9894060407APRC;Y;57560065011725370936685646717511860633;ALL;454545;123457;4.0.5;584327598432758;73870708019755575441419084825510637046
[INFO] 2018-03-21 19:51:12,457 ExtentManager sendReq - Response received from Server : RC00;IMPS Cancelled successfully;21/03/2018 19:52;TXNID:808019138543;BID:C454545
[INFO] 2018-03-21 19:51:12,457 ExtentManager sendReq - Transaction ID : 808019138543
[INFO] 2018-03-21 19:51:12,457 ExtentManager sendReq - ******************************END********************************

[INFO] 2018-03-21 19:51:12,459 ExtentManager sendReq - ******************************START******************************
[INFO] 2018-03-21 19:51:12,459 ExtentManager sendReq - Request : Generate MMID
[INFO] 2018-03-21 19:51:12,462 ExtentManager sendReq - Hmaced Request : 6765107fbecbd24974b15e3118e6a5a5872b635676836b7fd443df8cbac13a6b*!9894060407APIM;Y;57560065011725370936685646717511860633;001;454545;123457;4.0.5;584327598432758;148396631248365508352987409343151367156
[INFO] 2018-03-21 19:51:13,737 ExtentManager sendReq - Response received from Server : IM00;2758*9029670;1;N;21/03/2018 19:52;TXNID:808019138544;BID:C454545
[INFO] 2018-03-21 19:51:13,737 ExtentManager sendReq - Transaction ID : 808019138544
[INFO] 2018-03-21 19:51:13,737 ExtentManager sendReq - ******************************END********************************

[INFO] 2018-03-21 19:51:13,738 ExtentManager sendReq - ******************************START******************************
[INFO] 2018-03-21 19:51:13,738 ExtentManager sendReq - Request : Cancel MMID Single
[INFO] 2018-03-21 19:51:13,738 ExtentManager sendReq - Hmaced Request : ae26bb6dec4d25e441eac4826ff037f561657dc2691d16276a91e4f9d6a320f4*!9894060407APRC;Y;57560065011725370936685646717511860633;584327598432758;454545;123457;4.0.5;584327598432758;80496913462210210946847208129621719148
[INFO] 2018-03-21 19:51:15,101 ExtentManager sendReq - Response received from Server : RC00;Your MMID 9029670 allotted for the A/C No. XXXXXXXX2758 is cancelled.;21/03/2018 19:52;TXNID:808019138545;BID:C454545
[INFO] 2018-03-21 19:51:15,102 ExtentManager sendReq - Transaction ID : 808019138545
[INFO] 2018-03-21 19:51:15,102 ExtentManager sendReq - ******************************END********************************

[INFO] 2018-03-21 19:51:15,104 ExtentManager sendReq - ******************************START******************************
[INFO] 2018-03-21 19:51:15,104 ExtentManager sendReq - Request : Email ID fetch
[INFO] 2018-03-21 19:51:15,104 ExtentManager sendReq - Hmaced Request : 11729263c342295b94ccc93fa3a2ed3c6d63436e850154d2233e9611bf00fa51*!9894060407APZ6;Y;57560065011725370936685646717511860633;454545;123457;4.0.5;584327598432758;56052053302478351756461568127941847578
[INFO] 2018-03-21 19:51:16,674 ExtentManager sendReq - Response received from Server : Z600;abc@fss.com;21/03/2018 19:52;TXNID:808019138546;BID:C454545
[INFO] 2018-03-21 19:51:16,674 ExtentManager sendReq - Transaction ID : 808019138546
[INFO] 2018-03-21 19:51:16,675 ExtentManager sendReq - ******************************END********************************

[INFO] 2018-03-21 19:51:16,676 ExtentManager sendReq - ******************************START******************************
[INFO] 2018-03-21 19:51:16,678 ExtentManager sendReq - Request : Email ID Fetch
[INFO] 2018-03-21 19:51:16,678 ExtentManager sendReq - Hmaced Request : 7afccfc52c5a71f548b9ebf52bb0f00ddbc91def61bc9f3c2e73333d5ff419d5*!9894060407APZ3;Y;57560065011725370936685646717511860633;abc@fss.com;454545;123457;4.0.5;584327598432758;26843544537952189475587297287112859300
[INFO] 2018-03-21 19:51:17,722 ExtentManager sendReq - Response received from Server : Z300;Your E-mail ID configured successfully;21/03/2018 19:52;TXNID:808019138547;BID:C454545
[INFO] 2018-03-21 19:51:17,722 ExtentManager sendReq - Transaction ID : 808019138547
[INFO] 2018-03-21 19:51:17,722 ExtentManager sendReq - ******************************END********************************

[INFO] 2018-03-21 19:51:17,724 ExtentManager sendReq - ******************************START******************************
[INFO] 2018-03-21 19:51:17,724 ExtentManager sendReq - Request : Cheque status
[INFO] 2018-03-21 19:51:17,725 ExtentManager sendReq - Hmaced Request : a45380f22af303876211450d47c9a16e82bc951e67301ff24f62624c4653a206*!9894060407APLW;Y;57560065011725370936685646717511860633;123456;454545;123457;4.0.5;584327598432758;50334132940819585099887560412411205941
[INFO] 2018-03-21 19:51:20,186 ExtentManager sendReq - Response received from Server : LW00;Your cheque (123456) has been paid;21/03/2018 19:52;TXNID:808019138548;BID:C454545
[INFO] 2018-03-21 19:51:20,187 ExtentManager sendReq - Transaction ID : 808019138548
[INFO] 2018-03-21 19:51:20,188 ExtentManager sendReq - ******************************END********************************

[INFO] 2018-03-21 19:51:20,194 ExtentManager sendReq - ******************************START******************************
[INFO] 2018-03-21 19:51:20,195 ExtentManager sendReq - Request : Account Fetch
[INFO] 2018-03-21 19:51:20,197 ExtentManager sendReq - Hmaced Request : 33d6cd7535769fbb7b934284c6b96f19afe3d2e4ab0b30c9f1c8d6503858dabe*!9894060407APSY;0001;454545;123457;4.0.5;0;135067333689182374506335018608714648334
[INFO] 2018-03-21 19:51:21,267 ExtentManager sendReq - Response received from Server : SY00;N;DAVOS SEAWORTH;1;1;584327598432758*  ;N;TXNID:808019138549;BID:C454545
[INFO] 2018-03-21 19:51:21,268 ExtentManager sendReq - Transaction ID : 808019138549
[INFO] 2018-03-21 19:51:21,269 ExtentManager sendReq - ******************************END********************************

[INFO] 2018-03-21 19:51:21,273 ExtentManager sendReq - ******************************START******************************
[INFO] 2018-03-21 19:51:21,273 ExtentManager sendReq - Request : Stop Cheque
[INFO] 2018-03-21 19:51:21,275 ExtentManager sendReq - Hmaced Request : c2de6c6e4b6196e050fbb3abfc47dc25eb13b8813dee53275afa56349808cbeb*!9894060407APL4;Y;57560065011725370936685646717511860633;123456;454545;123457;4.0.5;584327598432758;137214263534134509746557936242394002956
[INFO] 2018-03-21 19:51:23,931 ExtentManager sendReq - Response received from Server : L400;Stop Payment request issued for Cheque no. 123456 (a/c no. XXXXXXXX2758) has been executed successfully.;21/03/2018 19:52;TXNID:808019138550;BID:C454545
[INFO] 2018-03-21 19:51:23,932 ExtentManager sendReq - Transaction ID : 808019138550
[INFO] 2018-03-21 19:51:23,933 ExtentManager sendReq - ******************************END********************************

[INFO] 2018-03-21 19:51:23,937 ExtentManager sendReq - ******************************START******************************
[INFO] 2018-03-21 19:51:23,938 ExtentManager sendReq - Request : Change Login Password
[INFO] 2018-03-21 19:51:23,940 ExtentManager sendReq - Hmaced Request : 682d10d6e0d69d5fefe40441e85f77b2e847a7c889204ffc6c5c939cb50e03e5*!9894060407APP5;8609547570776098518502128580812621291;454545;123457;4.0.5;0;41553563085542094111697609452188628585
[INFO] 2018-03-21 19:51:25,012 ExtentManager sendReq - Response received from Server : P500;Login password has been changed successfully;1234;21/03/2018 19:52;TXNID:808019138551;BID:C454545
[INFO] 2018-03-21 19:51:25,013 ExtentManager sendReq - Transaction ID : 808019138551
[INFO] 2018-03-21 19:51:25,013 ExtentManager sendReq - ******************************END********************************

