[INFO] 2018-03-26 17:57:07,366 ExtentManager setUp - Running Mobile banking API Automation testing on mPAY 4.0

[INFO] 2018-03-26 17:57:07,516 ExtentManager sendReqAppLogin - ******************************START******************************
[INFO] 2018-03-26 17:57:07,516 ExtentManager sendReqAppLogin - Request : App Login
[INFO] 2018-03-26 17:57:08,180 ExtentManager sendReqAppLogin - Hmaced Request : 55232517177fa29303419dc8a58cd459fdc3c125f0db3f5ae9dbd33c2a511a7d*!9894060407APGC;BVD:4.0.9%23ANDROID7.1.1%23H1920W1080%23LENOVO+Lenovo+K8+Plus%2310.175.117.48%2312.8354858%2C80.2235916%3B463795;123457;4.0;0;56054610204336198471330979548103398213
[INFO] 2018-03-26 17:57:09,192 ExtentManager sendReq - ******************************START******************************
[INFO] 2018-03-26 17:57:09,193 ExtentManager sendReq - Request : Balance Enquiry
[INFO] 2018-03-26 17:57:09,193 ExtentManager sendReq - Hmaced Request : 78539df1e09248a5e93d3145fe846afb2774c9ecc00f6efc790e352075f0fac3*!9894060407APBE;Y;15316170605690416310253121025515855714;463795;123457;4.0;2478623864983269;13931908958703888168866031996030495967
[INFO] 2018-03-26 17:57:10,203 ExtentManager sendReq - ******************************START******************************
[INFO] 2018-03-26 17:57:10,205 ExtentManager sendReq - Request : Mini statement
[INFO] 2018-03-26 17:57:10,208 ExtentManager sendReq - Hmaced Request : 2e29b5086b5e786bb1c39314ab8b50c73c26c812f6527ee9c7d28e8b3e7dacd1*!9894060407APMS;Y;15316170605690416310253121025515855714;463795;123457;4.0;2478623864983269;167778575192289992277990498286525111028
[INFO] 2018-03-26 17:57:11,226 ExtentManager sendReq - ******************************START******************************
[INFO] 2018-03-26 17:57:11,227 ExtentManager sendReq - Request : Transaction History
[INFO] 2018-03-26 17:57:11,230 ExtentManager sendReq - Hmaced Request : 298fd5a7b5442f75ab5c1aff7aad88f062a18cfaf1a52b17f6770933202fa802*!9894060407APTH;Y;15316170605690416310253121025515855714;001;463795;123457;4.0;2478623864983269;142378868188643535063704636925490950790
[INFO] 2018-03-26 17:57:12,237 ExtentManager sendReq - ******************************START******************************
[INFO] 2018-03-26 17:57:12,237 ExtentManager sendReq - Request : Generate MMID
[INFO] 2018-03-26 17:57:12,239 ExtentManager sendReq - Hmaced Request : f4f15605f6f1a778a58a1d16bc65e81ceff225b72e01e4a8998a5952b0d8f78f*!9894060407APIM;Y;15316170605690416310253121025515855714;001;463795;123457;4.0;2478623864983269;169665747639965926043265133272059724292
[INFO] 2018-03-26 17:57:13,261 ExtentManager sendReq - ******************************START******************************
[INFO] 2018-03-26 17:57:13,262 ExtentManager sendReq - Request : Retrieve MMID
[INFO] 2018-03-26 17:57:13,265 ExtentManager sendReq - Hmaced Request : 9ba74c5a16662789fa82f67cafddfbd39184046b56c47aee79c250c4bfd25fc5*!9894060407APS6;Y;15316170605690416310253121025515855714;2478623864983269;463795;123457;4.0;2478623864983269;118715889121904156661742656048387122756
[INFO] 2018-03-26 17:57:14,276 ExtentManager sendReq - ******************************START******************************
[INFO] 2018-03-26 17:57:14,277 ExtentManager sendReq - Request : Generate MMID
[INFO] 2018-03-26 17:57:14,280 ExtentManager sendReq - Hmaced Request : 4323ce9d37a1d3a0eea4c059c63fa13d564e743141e39f60907a6e6c07034bd8*!9894060407APIM;Y;15316170605690416310253121025515855714;001;463795;123457;4.0;2478623864983269;151582304258311486675025403638781088757
[INFO] 2018-03-26 17:57:15,302 ExtentManager sendReq - ******************************START******************************
[INFO] 2018-03-26 17:57:15,303 ExtentManager sendReq - Request : Generate MMID
[INFO] 2018-03-26 17:57:15,305 ExtentManager sendReq - Hmaced Request : 1b22c47007e225a1d47e4486f0ad99b657792e57ace8793d4ea875110a6d30ca*!9894060407APIM;Y;15316170605690416310253121025515855714;001;463795;123457;4.0;2478623864983269;107260886908865876888429678148035597067
[INFO] 2018-03-26 17:57:16,315 ExtentManager sendReq - ******************************START******************************
[INFO] 2018-03-26 17:57:16,316 ExtentManager sendReq - Request : Email ID fetch
[INFO] 2018-03-26 17:57:16,319 ExtentManager sendReq - Hmaced Request : 66975a1c88226f9a15001473caa0898e5d7e8a676a83a8fa5e1c9a7c1c8de669*!9894060407APZ6;Y;15316170605690416310253121025515855714;463795;123457;4.0;2478623864983269;192572742717036668581757235901694918687
[INFO] 2018-03-26 17:57:17,337 ExtentManager sendReq - ******************************START******************************
[INFO] 2018-03-26 17:57:17,339 ExtentManager sendReq - Request : Email ID Fetch
[INFO] 2018-03-26 17:57:17,342 ExtentManager sendReq - Hmaced Request : 65ede81c45c9e8812e7e3aa1f58337a8b7c2e48c000fbff5bb8bed4a5862c593*!9894060407APZ3;Y;15316170605690416310253121025515855714;abc@fss.com;463795;123457;4.0;2478623864983269;185721834511122006600706191445412972541
[INFO] 2018-03-26 17:57:18,352 ExtentManager sendReq - ******************************START******************************
[INFO] 2018-03-26 17:57:18,353 ExtentManager sendReq - Request : Cheque status
[INFO] 2018-03-26 17:57:18,355 ExtentManager sendReq - Hmaced Request : beaa11d67ac87d25a4883779054ee76daa2d1f1e6ca2649b2b86054d5c4a779b*!9894060407APLW;Y;15316170605690416310253121025515855714;123456;463795;123457;4.0;2478623864983269;26927255794760239955916892356681359769
[INFO] 2018-03-26 17:57:19,361 ExtentManager sendReq - ******************************START******************************
[INFO] 2018-03-26 17:57:19,361 ExtentManager sendReq - Request : Account Fetch
[INFO] 2018-03-26 17:57:19,362 ExtentManager sendReq - Hmaced Request : fe0246a07193a8bc09540cf0e4d625abeee56f5a4597cb62059a1644e720eea6*!9894060407APSY;2;463795;123457;4.0;0;200127219485229575662495353069245256728
[INFO] 2018-03-26 17:57:20,374 ExtentManager sendReq - ******************************START******************************
[INFO] 2018-03-26 17:57:20,374 ExtentManager sendReq - Request : Stop Cheque
[INFO] 2018-03-26 17:57:20,375 ExtentManager sendReq - Hmaced Request : 13eccf438936af59e9042611fb55a83c9b325e475be73cb4ac55cfef52c71026*!9894060407APL4;Y;15316170605690416310253121025515855714;123456;463795;123457;4.0;2478623864983269;63273813355603000184980897965478572388
[INFO] 2018-03-26 17:57:21,377 ExtentManager sendReq - ******************************START******************************
[INFO] 2018-03-26 17:57:21,378 ExtentManager sendReq - Request : Change Login Password
[INFO] 2018-03-26 17:57:21,381 ExtentManager sendReq - Hmaced Request : 03c0fb8f32c2b4e06dc936aefcbbbc7d07f4c80fe8fa223ca759d64d223c12ac*!9894060407APP5;8609547570776098518502128580812621291;463795;123457;4.0;0;189682275262906961526908275138652265664
